Launching Playwright for Montana UCC (biz.sosmt.gov)...
Successfully loaded Montana SOS portal.
[*] Hunting Lender Keyword: Financial
  [!] SQL Error: database is locked
  [!] SQL Error: database is locked
  [!] SQL Error: database is locked
  [+] Inserted Montana Lead: VALLEY FINANCIAL CREDIT UNION - BILLINGS, MT | Lender: 
  [+] Inserted Montana Lead: HIGH PLAINS FINANCIAL, INC - GREAT FALLS, MT | Lender: UNITED STATES OF AMERICA, ACTING THROUGH THE U.S. DEPARTMENT OF AGRICULTURE - BOZEMAN, MT
  [+] Inserted Montana Lead: CREDIT CARE FINANCIAL, INC. - BELGRADE, MT | Lender: FIRST INTERSTATE BANK - BOZEMAN, MT
  [+] Inserted Montana Lead: AMERICAN AGRI FINANCIAL SERVICES - SIKESTON, MO | Lender: FARMERS ELEVATOR A DIV. OF CHS - CIRCLE, MT
  [+] Inserted Montana Lead: AMERICAN AGRI FINANCIAL SERVICES - SIKESTON, MO | Lender: FARMERS ELEVATOR A DIV. OF CHS - CIRCLE, MT
  [+] Inserted Montana Lead: AMERICAN AGRI FINANCIAL SERVICES - SIKESTON, MO | Lender: FARMERS ELEVATOR A DIV. OF CHS - CIRCLE, MT
  [+] Inserted Montana Lead: STOCKMAN FINANCIAL CORP. - MILES CITY, MT | Lender: JPMORGAN CHASE BANK, N.A. - CHICAGO, IL
  [+] Inserted Montana Lead: PARK SIDE FINANCIAL CREDIT UNION - WHITEFISH, MT | Lender: 
  [+] Inserted Montana Lead: VALLEY FINANCIAL CREDIT UNION - BILLINGS, MT | Lender: 
  [+] Inserted Montana Lead: FORREST FINANCIAL LLC - BILLINGS, MT | Lender: MONTVILLE FUNDING - THORNWOOD, NY
  [+] Inserted Montana Lead: NACDC FINANCIAL SERVICES, INC. - BROWNING, MT | Lender: UNITED STATES OF AMERICA ACTING THROUGH THE U. S. DEPARTMENT OF AGRICULTURE - BOZEMAN, MT
  [+] Inserted Montana Lead: EQUITABLE FINANCIAL LIFE INSURANCE COMPANY - NEW YORK, NY | Lender: 
  [+] Inserted Montana Lead: ASPEN FINANCIAL, INC. - BILLINGS, MT | Lender: TEXAS CAPITAL BANK, NATIONAL ASSOCIATION - RICHARDSON, TX
  [+] Inserted Montana Lead: BIG SKY FINANCIAL, INC. - BILLINGS, MT | Lender: TEXAS CAPITAL BANK, NATIONAL ASSOCIATION - RICHARDSON, TX
  [+] Inserted Montana Lead: BIG SKY FINANCIAL OF HELENA, INC. - HELENA, MT | Lender: TEXAS CAPITAL BANK, NATIONAL ASSOCIATION - RICHARDSON, TX
  [+] Inserted Montana Lead: CASCADE FINANCIAL OF GREAT FALLS, INC. - GREAT FALLS, MT | Lender: TEXAS CAPITAL BANK, NATIONAL ASSOCIATION - RICHARDSON, TX
  [+] Inserted Montana Lead: PEAK FINANCIAL OF KALISPELL, INC. - KALISPELL, MT | Lender: TEXAS CAPITAL BANK, NATIONAL ASSOCIATION - RICHARDSON, TX
  [+] Inserted Montana Lead: ROCK CREEK FINANCIAL, INC. - MISSOULA, MT | Lender: TEXAS CAPITAL BANK, NATIONAL ASSOCIATION - RICHARDSON, TX
  [+] Inserted Montana Lead: B.A.S.E. FINANCIAL, INC. - LAUREL, MT | Lender: KOMATSU FINANCIAL LIMITED PARTNERSHIP - ROLLING MEADOWS, IL
  [+] Inserted Montana Lead: SUNRISE FINANCIAL GROUP, LLC - GREAT FALLS, MT | Lender: FIRST INTERSTATE BANK - GREAT FALLS, MT
  [+] Inserted Montana Lead: MSB FINANCIAL INC - MANHATTAN, MT | Lender: FIRST INTERSTATE BANK - BILLINGS, MT
  [+] Inserted Montana Lead: FINANCIAL FUTURE, INC. - NEW YORK, NY | Lender: FIRST HOME BANK, A FLORIDA BANKING CORPORATION - SEMINOLE, FL
  [+] Inserted Montana Lead: RUDY STRNAD INSURANCE AND FINANCIAL SERVICES, LLC - LEWISTOWN, MT | Lender: 
  [+] Inserted Montana Lead: BANNA FINANCIAL ADVISORS, INC. - MISSOULA, MT | Lender: C T CORPORATION SYSTEM, AS REPRESENTATIVE - GLENDALE, CA
  [+] Inserted Montana Lead: TEDLUND FINANCIAL SERVICES INC - BILLINGS, MT | Lender: US INTERNAL REVENUE SERVICE - HELENA, MT
  [+] Inserted Montana Lead: COCREATE FINANCIAL LLC - BOZEMAN, MT | Lender: U.S. SMALL BUSINESS ADMINISTRATION - EL PASO, TX
  [+] Inserted Montana Lead: BRANDT HAMERNICK FINANCIAL - MISSOULA, MT | Lender: U.S. SMALL BUSINESS ADMINISTRATION - EL PASO, TX
  [+] Inserted Montana Lead: WESTERN AGRI FINANCIAL, INC. - ROBERTS, MT | Lender: U.S. SMALL BUSINESS ADMINISTRATION - EL PASO, TX
  [+] Inserted Montana Lead: S. G. LONG FINANCIAL SERVICE CORP. - MISSOULA, MT | Lender: FIRST INTERSTATE BANK - BILLINGS, MT
  [+] Inserted Montana Lead: FALLS FINANCIAL GROUP, LLC - GREAT FALLS, MT | Lender: U.S. SMALL BUSINESS ADMINISTRATION - EL PASO, TX
  [+] Inserted Montana Lead: FLOURISH FINANCIAL LLC - LIVINGSTON, MT | Lender: U.S. SMALL BUSINESS ADMINISTRATION - EL PASO, TX
  [+] Inserted Montana Lead: SKILLESTAD FINANCIAL SERVICES, INC. - BILLINGS, MT | Lender: U.S. SMALL BUSINESS ADMINISTRATION - EL PASO, TX
  [+] Inserted Montana Lead: FINANCIAL GROWTH INC - GREAT FALLS, MT | Lender: U.S. SMALL BUSINESS ADMINISTRATION - EL PASO, TX
  [+] Inserted Montana Lead: KOINONIA FINANCIAL SERVICES, INC. - GREAT FALLS, MT | Lender: LIVE OAK BANKING COMPANY - WILMINGTON, NC
  [+] Inserted Montana Lead: TURLEY FINANCIAL, INC - BILLINGS, MT | Lender: FIRST INTERSTATE BANK - BILLINGS, MT
  [+] Inserted Montana Lead: PALISADE FINANCIAL, PLLC - BOZEMAN, MT | Lender: MADISON VALLEY BANK - BOZEMAN, MT
  [+] Inserted Montana Lead: PURE FLEET FINANCIAL LLC - HAMILTON, MT | Lender: BACKLOTCARS, INC. - KANSAS CITY, MO
  [+] Inserted Montana Lead: FINANCIAL FUTURE, INC. - NEW YORK, NY | Lender: FIRST HOME BANK, A FLORIDA BANKING CORPORATION - SEMINOLE, FL
  [+] Inserted Montana Lead: BIG SKY FINANCIAL PLANNING CORP - MILES CITY, MT | Lender: U.S. BANK NATIONAL ASSOCIATION - OSHKOSH, WI
  [+] Inserted Montana Lead: CASTRONOVO FINANCIAL GROUP, INC. - BOZEMAN, MT | Lender: THE NORTHWESTERN MUTUAL LIFE INSUANCE COMPANY - MILWAUKEE, WI
  [+] Inserted Montana Lead: ENDEAVOR FINANCIAL INSIGHTS LLC - MISSOULA, MT | Lender: FUNDTHROUGH USA INC. - HOUSTON, TX
  [+] Inserted Montana Lead: ENDEAVOR FINANCIAL INSIGHTS LLC - MISSOULA, MT | Lender: CHANGE CAPITAL HOLDINGS I, LLC - NEW YORK, NY
  [+] Inserted Montana Lead: BIGHORN FINANCIAL, INC. - BILLINGS, MT | Lender: TEXAS CAPITAL BANK, NATIONAL ASSOCIATION - RICHARDSON, TX
  [+] Inserted Montana Lead: CREDOVA FINANCIAL LLC - BOZEMAN, MT | Lender: MONTEREY RECEIVABLES FUNDING, LLC - OCEANSIDE, CA
  [+] Inserted Montana Lead: CREDOVA FINANCIAL LLC - BOZEMAN, MT | Lender: MONTEREY FINANCIAL SERVICES, LLC PROFIT SHARING PLAN AND TRUST - OCEANSIDE, CA
  [+] Inserted Montana Lead: CREDOVA FINANCIAL LLC - BOZEMAN, MT | Lender: MONTEREY FINANCIAL SERVICES, LLC - OCEANSIDE, CA
  [+] Inserted Montana Lead: FINANCIAL FUTURE, INC. - NEW YORK, NY | Lender: NEXGEN FINANCIAL, INC. - MALIBU, CA
  [+] Inserted Montana Lead: WESTERN AGRI FINANCIAL, INC - ROBERTS, MT | Lender: 
  [+] Inserted Montana Lead: GML FINANCIAL - BILLINGS, MT | Lender: NEXTGEAR CAPITAL, INC. - CARMEL, IN
  [+] Inserted Montana Lead: GML FINANCIAL - BILLINGS, MT | Lender: AUTOMOTIVE FINANCE CORPORATION - CARMEL, IN
  [+] Inserted Montana Lead: PNC FINANCIAL SERVICES GROUP, INC. - PITTSBURGH, PA | Lender: ROBERT, KORN, BRENT - FOUNTAIN HILLS, AZ
  [+] Inserted Montana Lead: TITLE FINANCIAL CORPORATION - BLACKFOOT, ID | Lender: FLEMING, ROBIN - LEWISTOWN, MT
  [+] Inserted Montana Lead: NEW PERSPECTIVE FINANCIAL LLC - CHESTERFIELD, MT | Lender: BAYFIRST NATIONAL BANK, A NATIONAL BANKING ASSOCIATION - ST. PETERSBURG, FL
  [+] Inserted Montana Lead: LARSON FINANCIAL LEASING, LLC - BOZEMAN, MT | Lender: CATERPILLAR FINANCIAL SERVICES CORPORATION - NASHVILLE, TN
  [+] Inserted Montana Lead: LARSON FINANCIAL LEASING, LLC - BOZEMAN, MT | Lender: CATERPILLAR FINANCIAL SERVICES CORPORATION - NASHVILLE, TN
  [+] Inserted Montana Lead: UNITED HERITAGE FINANCIAL SERVICES, INC.; - BILLINGS, MT | Lender: THE LCF GROUP, INC. - LAKE SUCCESS, NY
  [+] Inserted Montana Lead: FARMERS STATE FINANCIAL CORP. - VICTOR, MT | Lender: BELL BANK - FARGO, ND
  [+] Inserted Montana Lead: UNITED HERITAGE FINANCIAL SERVICES, INC. - BILLINGS, MT | Lender: MCA SERVICING COMPANY - NEW YORK, NY
  [+] Inserted Montana Lead: ENDEAVOR FINANCIAL INSIGHTS - MISSOULA, MT | Lender: FORMULA 5 CAPITAL INC DBA FORMULA FUNDING - SAN DIEGO, CA
  [+] Inserted Montana Lead: LARSON FINANCIAL LEASING, LLC - BOZEMAN, MT | Lender: UMB BANK, N.A. - KANSAS CITY, MO
  [+] Inserted Montana Lead: BONENBERGER FINANCIALS, INC - BILLINGS, MT | Lender: WELLS FARGO VENDOR FINANCIAL SERVICES, LLC - BILLINGS, MT
  [+] Inserted Montana Lead: LARSON FINANCIAL LEASING, LLC - BOZEMAN, MT | Lender: UMB BANK, N.A. - KANSAS CITY, MO
  [+] Inserted Montana Lead: ASPEN FINANCIAL, INC. - BATON ROUGE, LA | Lender: INVESTAR BANK, NATIONAL ASSOCIATION - BATON ROUGE, LA
  [+] Inserted Montana Lead: CASCADE FINANCIAL OF GREAT FALLS, INC. - BATON ROUGE, LA | Lender: INVESTAR BANK, NATIONAL ASSOCIATION - BATON ROUGE, LA
  [+] Inserted Montana Lead: PEAK FINANCIAL OF KALISPELL, INC. - BATON ROUGE, LA | Lender: INVESTAR BANK, NATIONAL ASSOCIATION - BATON ROUGE, LA
  [+] Inserted Montana Lead: BIG SKY FINANCIAL OF HELENA, INC. - BATON ROUGE, LA | Lender: INVESTAR BANK, NATIONAL ASSOCIATION - BATON ROUGE, LA
  [+] Inserted Montana Lead: BIGHORN FINANCIAL, INC. - BATON ROUGE, LA | Lender: INVESTAR BANK, NATIONAL ASSOCIATION - BATON ROUGE, LA
  [+] Inserted Montana Lead: REGAN FINANCIAL SERVICES, INC. DBA ROCKY MOUNTAIN INSURANCE AGENCY - BUTTE, MT | Lender: MONTANA AGENCY ALLIANCE LLC - GREAT FALLS, MT
  [+] Inserted Montana Lead: BIG SKY FINANCIAL PARTNERS, LLC - BILLINGS, MT | Lender: READYCAP LENDING, LLC - BERKELEY HEIGHTS, NJ
  [+] Inserted Montana Lead: LARSON FINANCIAL LEASING, LLC - BOZEMAN, MT | Lender: FIFTH THIRD BANK, AS AGENT - EVANSVILLE, IN
  [+] Inserted Montana Lead: BIG SKY FINANCIAL PARTNERS, LLC - BILLINGS, MT | Lender: WEST TOWN BANK & TRUST - RALEIGH, NC
  [+] Inserted Montana Lead: CREDIT CARE FINANCIAL, INC. - BOZEMAN, MT | Lender: FIRST INTERSTATE BANK - BILLINGS, MT
  [+] Inserted Montana Lead: TURLEY FINANCIAL, INC. - BILLINGS, MT | Lender: WEST TOWN BANK & TRUST - RALEIGH, NC
  [+] Inserted Montana Lead: VONDAL FINANCIAL, INC. - BISMARCK, ND | Lender: WEST TOWN BANK & TRUST - RALEIGH, NC
  [+] Inserted Montana Lead: VONDAL FINANCIAL, INC. - BISMARCK, ND | Lender: WEST TOWN BANK & TRUST - RALEIGH, NC
  [+] Inserted Montana Lead: LARSON FINANCIAL LEASING, LLC - BOZEMAN, MT | Lender: FIRST NATIONAL BANK OF WATERLOO - COLUMBIA, IL
  [+] Inserted Montana Lead: AYLESWORTH FINANCIAL, P.C. - RONAN, MT | Lender: DEERE & COMPANY - JOHNSTON, IA
  [+] Inserted Montana Lead: VALLEY FINANCIAL CREDIT UNION - BILLINGS, MT | Lender: CATALYST CORPORATE FEDERAL CREDIT UNION - PLANO, TX
  [+] Inserted Montana Lead: FINANCIAL FUTURE, INC - NEW YORK, NY | Lender: NEXTGEN FINANCIAL - MALIBU, CA
  [+] Inserted Montana Lead: BIG SKY FINANCIAL PARTNERS, LLC - BILLINGS, MT | Lender: WEST TOWN BANK & TRUST - RALEIGH, NC
  [+] Inserted Montana Lead: VONDAL FINANCIAL, INC. - BISMARCK, ND | Lender: WEST TOWN BANK & TRUST - RALEIGH, NC
  [+] Inserted Montana Lead: TURLEY FINANCIAL, INC. - BILLINGS, MT | Lender: WEST TOWN BANK & TRUST - RALEIGH, NC
  [+] Inserted Montana Lead: MERCEDES-BENZ FINANCIAL SERVICES USA LLC - SACRAMENTO, CA | Lender: VEER BHADRA AND KAAL BHAIRAV TRUST - MISSOULA, MT
  [+] Inserted Montana Lead: B.A.S.E. FINANCIAL, INC. - LAUREL, MT | Lender: FIRST FEDERAL BANK & TRUST - SHERIDAN, WY
  [+] Inserted Montana Lead: CADILLAC FINANCIAL - ARLINGTON, TX | Lender: OUMA, JOY - HURST, TX
  [+] Inserted Montana Lead: L & R FINANCIAL CONSULTING, LLC - BUFORD, GA | Lender: THE LCF GROUP, INC. - LAKE SUCCESS, NY
  [+] Inserted Montana Lead: TITLE FINANCIAL CORPORATION - BLACKFOOT, ID | Lender: FROHNER BASIN HOLDING COMPANY - HELENA, MT
  [+] Inserted Montana Lead: LARSON FINANCIAL LEASING, LLC - BOZEMAN, MT | Lender: STAR CAPITAL GROUP, L.P. - BERWYN, PA
  [+] Inserted Montana Lead: RUDY STRNAD INSURANCE AND FINANCIAL SERVICES, LLC - LEWISTOWN, MT | Lender: US BANK, N.A. - SAN DIEGO, CA
  [+] Inserted Montana Lead: LARSON FINANCIAL LEASING, LLC - CHESTERFIELD, MO | Lender: SOUTHERN BANK - ARNOLD, MO
  [~] Human delay: resting for 7.1s...
  [>] Clicking Next Page...
  [!] SQL Error: database is locked
  [!] SQL Error: database is locked
  [!] SQL Error: database is locked
  [~] Human delay: resting for 6.6s...
  [>] Clicking Next Page...
  [+] Inserted Montana Lead: MELLON FINANCIAL SERVICES CORPORATION #3 - PITTSBURGH, PA | Lender: THE MONTANA POWER COMPANY - BUTTE, MT
  [+] Inserted Montana Lead: MELLON FINANCIAL SERVICES CORPORATION #3 - PITTSBURGH, PA | Lender: BANKERS TRUST COMPANY - NEW YORK, NY
  [+] Inserted Montana Lead: FINANCIAL NEWS NETWORK, INC. - LOS ANGELES, CA | Lender: USX CREDIT CORPORATION - PITTSBURGH, PA
  [~] Human delay: resting for 10.6s...
  [>] Clicking Next Page...
  [~] Human delay: resting for 6.7s...
  [>] Clicking Next Page...
  [~] Human delay: resting for 10.1s...
  [>] Clicking Next Page...
  [~] Human delay: resting for 10.7s...
  [>] Clicking Next Page...
  [!] SQL Error: database is locked
  [!] SQL Error: database is locked
  [~] Human delay: resting for 7.6s...
  [>] Clicking Next Page...
  [!] SQL Error: database is locked
  [!] SQL Error: database is locked
  [~] Human delay: resting for 10.1s...
  [>] Clicking Next Page...
  [!] SQL Error: database is locked
  [!] SQL Error: database is locked
  [~] Human delay: resting for 6.8s...
  [>] Clicking Next Page...
  [~] Human delay: resting for 6.7s...
  [>] Clicking Next Page...
  [~] Human delay: resting for 10.8s...
  [>] Clicking Next Page...
  [!] SQL Error: database is locked
  [!] SQL Error: database is locked
  [~] Human delay: resting for 8.7s...
  [>] Clicking Next Page...
  [~] Human delay: resting for 8.2s...
  [>] Clicking Next Page...
  [~] Human delay: resting for 10.9s...
  [>] Clicking Next Page...
  [!] SQL Error: database is locked
  [~] Human delay: resting for 9.3s...
  [>] Clicking Next Page...
  [!] SQL Error: database is locked
  [~] Human delay: resting for 7.9s...
  [>] Clicking Next Page...
  [!] SQL Error: database is locked
  [!] SQL Error: database is locked
  [~] Human delay: resting for 8.7s...
  [>] Clicking Next Page...
  [!] SQL Error: database is locked
  [!] SQL Error: database is locked
  [~] Human delay: resting for 10.9s...
  [>] Clicking Next Page...
  [!] SQL Error: database is locked
  [~] Human delay: resting for 5.5s...
  [>] Clicking Next Page...
  [~] Human delay: resting for 10.8s...
  [>] Clicking Next Page...
  [~] Human delay: resting for 6.5s...
  [>] Clicking Next Page...
  [~] Human delay: resting for 9.2s...
  [>] Clicking Next Page...
  [~] Human delay: resting for 9.6s...
  [>] Clicking Next Page...
  [!] SQL Error: database is locked
  [!] SQL Error: database is locked
  [~] Human delay: resting for 6.1s...
  [>] Clicking Next Page...
  [!] SQL Error: database is locked
  [!] SQL Error: database is locked
  [~] Human delay: resting for 9.4s...
  [>] Clicking Next Page...
  [!] SQL Error: database is locked
  [!] SQL Error: database is locked
  [!] SQL Error: database is locked
  [!] SQL Error: database is locked
  [!] SQL Error: database is locked
  [!] SQL Error: database is locked
  [~] Human delay: resting for 10.4s...
  [>] Clicking Next Page...
  [!] SQL Error: database is locked
  [!] SQL Error: database is locked
  [!] SQL Error: database is locked
  [~] Human delay: resting for 8.6s...
  [>] Clicking Next Page...
  [!] SQL Error: database is locked
  [!] SQL Error: database is locked
  [~] Human delay: resting for 10.2s...
  [>] Clicking Next Page...
  [!] SQL Error: database is locked
  [!] SQL Error: database is locked
  [~] Human delay: resting for 10.8s...
  [>] Clicking Next Page...
  [!] SQL Error: database is locked
  [!] SQL Error: database is locked
  [~] Human delay: resting for 6.6s...
  [>] Clicking Next Page...
  [!] SQL Error: database is locked
  [!] SQL Error: database is locked
  [~] Human delay: resting for 9.1s...
  [>] Clicking Next Page...
  [!] SQL Error: database is locked
  [!] SQL Error: database is locked
  [~] Human delay: resting for 8.0s...
  [>] Clicking Next Page...
  [~] Human delay: resting for 9.2s...
  [>] Clicking Next Page...
  [~] Human delay: resting for 10.6s...
  [>] Clicking Next Page...
  [!] SQL Error: database is locked
  [!] SQL Error: database is locked
  [~] Human delay: resting for 7.9s...
  [>] Clicking Next Page...
  [!] SQL Error: database is locked
  [!] SQL Error: database is locked
  [~] Human delay: resting for 6.0s...
  [>] Clicking Next Page...
  [~] Human delay: resting for 10.4s...
  [>] Clicking Next Page...
  [~] Human delay: resting for 10.4s...
  [>] Clicking Next Page...
  [!] SQL Error: database is locked
  [!] SQL Error: database is locked
  [~] Human delay: resting for 9.1s...
  [>] Clicking Next Page...
  [!] SQL Error: database is locked
  [!] SQL Error: database is locked
  [~] Human delay: resting for 6.2s...
  [>] Clicking Next Page...
  [~] Human delay: resting for 6.6s...
  [>] Clicking Next Page...
  [~] Human delay: resting for 10.7s...
  [>] Clicking Next Page...
  [!] SQL Error: database is locked
  [~] Human delay: resting for 10.1s...
  [>] Clicking Next Page...
  [!] SQL Error: database is locked
  [~] Human delay: resting for 7.3s...
  [>] Clicking Next Page...
  [!] SQL Error: database is locked
  [!] SQL Error: database is locked
  [~] Human delay: resting for 10.4s...
  [>] Clicking Next Page...
  [!] SQL Error: database is locked
  [!] SQL Error: database is locked
  [~] Human delay: resting for 8.5s...
  [>] Clicking Next Page...
  [!] SQL Error: database is locked
  [!] SQL Error: database is locked
  [~] Human delay: resting for 6.1s...
  [>] Clicking Next Page...
  [!] SQL Error: database is locked
  [!] SQL Error: database is locked
  [!] SQL Error: database is locked
  [~] Human delay: resting for 8.5s...
  [>] Clicking Next Page...
  [!] SQL Error: database is locked
  [!] SQL Error: database is locked
  [~] Human delay: resting for 8.8s...
  [>] Clicking Next Page...
  [!] SQL Error: database is locked
  [!] SQL Error: database is locked
  [!] SQL Error: database is locked
  [~] Human delay: resting for 10.5s...
  [>] Clicking Next Page...
  [!] SQL Error: database is locked
  [!] SQL Error: database is locked
  [!] SQL Error: database is locked
  [~] Human delay: resting for 8.2s...
  [>] Clicking Next Page...
  [~] Human delay: resting for 7.8s...
  [>] Clicking Next Page...
  [~] Human delay: resting for 6.4s...
  [>] Clicking Next Page...
  [!] SQL Error: database is locked
  [!] SQL Error: database is locked
  [~] Human delay: resting for 8.5s...
  [>] Clicking Next Page...
  [!] SQL Error: database is locked
  [!] SQL Error: database is locked
  [~] Human delay: resting for 9.7s...
  [>] Clicking Next Page...
  [!] SQL Error: database is locked
  [!] SQL Error: database is locked
  [~] Human delay: resting for 7.0s...
  [>] Clicking Next Page...
  [!] SQL Error: database is locked
  [!] SQL Error: database is locked
  [!] SQL Error: database is locked
  [~] Human delay: resting for 5.9s...
  [>] Clicking Next Page...
  [!] SQL Error: database is locked
  [!] SQL Error: database is locked
  [!] SQL Error: database is locked
  [~] Human delay: resting for 8.2s...
  [>] Clicking Next Page...
  [!] SQL Error: database is locked
  [!] SQL Error: database is locked
  [~] Human delay: resting for 10.3s...
  [>] Clicking Next Page...
  [!] SQL Error: database is locked
  [!] SQL Error: database is locked
  [~] Human delay: resting for 10.2s...
  [>] Clicking Next Page...
  [!] SQL Error: database is locked
  [!] SQL Error: database is locked
  [~] Human delay: resting for 8.0s...
  [>] Clicking Next Page...
  [~] Human delay: resting for 6.6s...
  [>] Clicking Next Page...
  [~] Human delay: resting for 9.7s...
  [>] Clicking Next Page...
  [!] SQL Error: database is locked
  [!] SQL Error: database is locked
  [~] Human delay: resting for 6.9s...
  [>] Clicking Next Page...
  [~] Human delay: resting for 5.8s...
  [>] Clicking Next Page...
  [!] SQL Error: database is locked
  [~] Human delay: resting for 11.0s...
  [>] Clicking Next Page...
  [!] SQL Error: database is locked
  [!] SQL Error: database is locked
  [~] Human delay: resting for 9.4s...
  [>] Clicking Next Page...
  [!] SQL Error: database is locked
  [!] SQL Error: database is locked
  [~] Human delay: resting for 6.1s...
  [>] Clicking Next Page...
  [~] Human delay: resting for 6.8s...
  [>] Clicking Next Page...
  [~] Human delay: resting for 8.5s...
  [>] Clicking Next Page...
  [!] SQL Error: database is locked
  [!] SQL Error: database is locked
  [~] Human delay: resting for 5.8s...
  [>] Clicking Next Page...
  [~] Human delay: resting for 6.5s...
  [>] Clicking Next Page...
  [~] Human delay: resting for 8.0s...
  [>] Clicking Next Page...
  [!] SQL Error: database is locked
  [!] SQL Error: database is locked
  [!] SQL Error: database is locked
  [~] Human delay: resting for 7.4s...
  [>] Clicking Next Page...
  [~] Human delay: resting for 9.0s...
  [>] Clicking Next Page...
  [~] Human delay: resting for 8.2s...
  [>] Clicking Next Page...
  [~] Human delay: resting for 9.9s...
  [>] Clicking Next Page...
  [~] Human delay: resting for 9.9s...
  [>] Clicking Next Page...
  [!] SQL Error: database is locked
  [!] SQL Error: database is locked
  [~] Human delay: resting for 9.0s...
  [>] Clicking Next Page...
  [!] SQL Error: database is locked
  [!] SQL Error: database is locked
  [~] Human delay: resting for 7.3s...
  [>] Clicking Next Page...
  [!] SQL Error: database is locked
  [!] SQL Error: database is locked
  [!] SQL Error: database is locked
  [~] Human delay: resting for 6.1s...
  [>] Clicking Next Page...
  [!] SQL Error: database is locked
  [!] SQL Error: database is locked
  [~] Human delay: resting for 6.6s...
  [>] Clicking Next Page...
  [~] Human delay: resting for 9.8s...
  [>] Clicking Next Page...
  [~] Human delay: resting for 8.7s...
  [>] Clicking Next Page...
  [!] SQL Error: database is locked
  [!] SQL Error: database is locked
  [!] SQL Error: database is locked
  [~] Human delay: resting for 7.3s...
  [>] Clicking Next Page...
  [~] Human delay: resting for 11.2s...
  [>] Clicking Next Page...
  [~] Human delay: resting for 9.1s...
  [>] Clicking Next Page...
  [!] SQL Error: database is locked
  [!] SQL Error: database is locked
  [!] SQL Error: database is locked
  [~] Human delay: resting for 7.2s...
  [>] Clicking Next Page...
  [!] SQL Error: database is locked
  [!] SQL Error: database is locked
  [!] SQL Error: database is locked
  [~] Human delay: resting for 7.3s...
  [>] Clicking Next Page...
  [!] SQL Error: database is locked
  [!] SQL Error: database is locked
  [~] Human delay: resting for 7.3s...
  [>] Clicking Next Page...
  [~] Human delay: resting for 7.2s...
  [>] Clicking Next Page...
  [~] Human delay: resting for 6.1s...
  [>] Clicking Next Page...
  [~] Human delay: resting for 7.0s...
  [>] Clicking Next Page...
  [!] SQL Error: database is locked
  [!] SQL Error: database is locked
  [~] Human delay: resting for 8.3s...
  [>] Clicking Next Page...
  [~] Human delay: resting for 11.0s...
  [>] Clicking Next Page...
  [!] SQL Error: database is locked
  [~] Human delay: resting for 9.6s...
  [>] Clicking Next Page...
  [!] SQL Error: database is locked
  [!] SQL Error: database is locked
  [!] SQL Error: database is locked
  [~] Human delay: resting for 7.5s...
  [>] Clicking Next Page...
  [~] Human delay: resting for 9.4s...
  [>] Clicking Next Page...
  [!] SQL Error: database is locked
  [~] Human delay: resting for 7.4s...
  [>] Clicking Next Page...
  [!] SQL Error: database is locked
  [!] SQL Error: database is locked
  [~] Human delay: resting for 5.5s...
  [>] Clicking Next Page...
  [~] Human delay: resting for 9.1s...
  [>] Clicking Next Page...
  [~] Human delay: resting for 7.4s...
  [>] Clicking Next Page...
  [~] Human delay: resting for 10.3s...
  [>] Clicking Next Page...
  [~] Human delay: resting for 8.5s...
  [>] Clicking Next Page...
  [!] SQL Error: database is locked
  [!] SQL Error: database is locked
  [~] Human delay: resting for 8.5s...
  [>] Clicking Next Page...
  [!] SQL Error: database is locked
  [!] SQL Error: database is locked
  [~] Human delay: resting for 7.7s...
  [>] Clicking Next Page...
  [~] Human delay: resting for 9.7s...
  [>] Clicking Next Page...
  [~] Human delay: resting for 7.7s...
  [>] Clicking Next Page...
  [!] SQL Error: database is locked
  [!] SQL Error: database is locked
  [!] SQL Error: database is locked
  [~] Human delay: resting for 5.7s...
  [>] Clicking Next Page...
  [~] Human delay: resting for 11.0s...
  [>] Clicking Next Page...
  [~] Human delay: resting for 7.4s...
  [>] Clicking Next Page...
  [~] Human delay: resting for 7.2s...
  [>] Clicking Next Page...
  [~] Human delay: resting for 10.8s...
  [>] Clicking Next Page...
  [!] SQL Error: database is locked
  [!] SQL Error: database is locked
  [~] Human delay: resting for 9.9s...
  [>] Clicking Next Page...
  [!] SQL Error: database is locked
  [!] SQL Error: database is locked
  [!] SQL Error: database is locked
  [~] Human delay: resting for 6.2s...
  [>] Clicking Next Page...
  [!] SQL Error: database is locked
  [!] SQL Error: database is locked
  [!] SQL Error: database is locked
  [~] Human delay: resting for 7.4s...
  [>] Clicking Next Page...
  [~] Human delay: resting for 8.1s...
  [>] Clicking Next Page...
  [~] Human delay: resting for 7.7s...
  [>] Clicking Next Page...
  [~] Human delay: resting for 8.5s...
  [>] Clicking Next Page...
  [~] Human delay: resting for 9.1s...
  [>] Clicking Next Page...
  [!] SQL Error: database is locked
  [!] SQL Error: database is locked
  [!] SQL Error: database is locked
  [~] Human delay: resting for 6.4s...
  [>] Clicking Next Page...
  [~] Human delay: resting for 5.8s...
  [>] Clicking Next Page...
  [!] SQL Error: database is locked
  [~] Human delay: resting for 6.9s...
  [>] Clicking Next Page...
  [!] SQL Error: database is locked
  [!] SQL Error: database is locked
  [!] SQL Error: database is locked
  [~] Human delay: resting for 8.3s...
  [>] Clicking Next Page...
  [!] SQL Error: database is locked
  [!] SQL Error: database is locked
  [!] SQL Error: database is locked
  [~] Human delay: resting for 11.1s...
  [>] Clicking Next Page...
  [!] SQL Error: database is locked
  [!] SQL Error: database is locked
  [~] Human delay: resting for 7.7s...
  [>] Clicking Next Page...
  [~] Human delay: resting for 7.2s...
  [>] Clicking Next Page...
  [!] SQL Error: database is locked
  [~] Human delay: resting for 5.9s...
  [>] Clicking Next Page...
  [~] Human delay: resting for 9.9s...
  [>] Clicking Next Page...
  [~] Human delay: resting for 9.7s...
  [>] Clicking Next Page...
  [!] SQL Error: database is locked
  [!] SQL Error: database is locked
  [~] Human delay: resting for 6.5s...
  [>] Clicking Next Page...
  [~] Human delay: resting for 7.4s...
  [>] Clicking Next Page...
  [~] Human delay: resting for 7.0s...
  [>] Clicking Next Page...
  [~] Human delay: resting for 10.7s...
  [>] Clicking Next Page...
  [~] Human delay: resting for 8.1s...
  [>] Clicking Next Page...
  [~] Human delay: resting for 7.4s...
  [>] Clicking Next Page...
  [~] Human delay: resting for 7.4s...
  [>] Clicking Next Page...
  [!] SQL Error: database is locked
  [!] SQL Error: database is locked
  [!] SQL Error: database is locked
  [~] Human delay: resting for 9.2s...
  [>] Clicking Next Page...
  [~] Human delay: resting for 5.7s...
  [>] Clicking Next Page...
  [~] Human delay: resting for 9.2s...
  [>] Clicking Next Page...
  [!] SQL Error: database is locked
  [!] SQL Error: database is locked
  [~] Human delay: resting for 7.2s...
  [>] Clicking Next Page...
  [!] SQL Error: database is locked
  [!] SQL Error: database is locked
  [!] SQL Error: database is locked
  [~] Human delay: resting for 10.7s...
  [>] Clicking Next Page...
  [!] SQL Error: database is locked
  [!] SQL Error: database is locked
  [~] Human delay: resting for 7.3s...
  [>] Clicking Next Page...
  [~] Human delay: resting for 7.6s...
  [>] Clicking Next Page...
  [~] Human delay: resting for 6.8s...
  [>] Clicking Next Page...
  [~] Human delay: resting for 6.7s...
  [>] Clicking Next Page...
  [!] SQL Error: database is locked
  [!] SQL Error: database is locked
  [~] Human delay: resting for 10.1s...
  [>] Clicking Next Page...
  [!] SQL Error: database is locked
  [!] SQL Error: database is locked
  [!] SQL Error: database is locked
  [~] Human delay: resting for 8.7s...
  [>] Clicking Next Page...
  [!] SQL Error: database is locked
  [!] SQL Error: database is locked
  [!] SQL Error: database is locked
  [!] SQL Error: database is locked
  [~] Human delay: resting for 5.8s...
  [>] Clicking Next Page...
  [~] Human delay: resting for 6.7s...
  [>] Clicking Next Page...
  [~] Human delay: resting for 9.3s...
  [>] Clicking Next Page...
  [!] SQL Error: database is locked
  [!] SQL Error: database is locked
  [~] Human delay: resting for 8.3s...
  [>] Clicking Next Page...
  [!] SQL Error: database is locked
  [!] SQL Error: database is locked
  [!] SQL Error: database is locked
  [~] Human delay: resting for 8.0s...
  [>] Clicking Next Page...
  [!] SQL Error: database is locked
  [!] SQL Error: database is locked
  [~] Human delay: resting for 10.4s...
  [>] Clicking Next Page...
  [!] SQL Error: database is locked
  [!] SQL Error: database is locked
  [~] Human delay: resting for 9.0s...
  [>] Clicking Next Page...
  [!] SQL Error: database is locked
  [!] SQL Error: database is locked
  [!] SQL Error: database is locked
  [~] Human delay: resting for 6.1s...
  [>] Clicking Next Page...
  [~] Human delay: resting for 9.0s...
  [>] Clicking Next Page...
  [~] Human delay: resting for 6.3s...
  [>] Clicking Next Page...
  [~] Human delay: resting for 9.5s...
  [>] Clicking Next Page...
  [~] Human delay: resting for 8.0s...
  [>] Clicking Next Page...
  [~] Human delay: resting for 8.9s...
  [>] Clicking Next Page...
  [~] Human delay: resting for 9.0s...
  [>] Clicking Next Page...
  [!] SQL Error: database is locked
  [!] SQL Error: database is locked
  [~] Human delay: resting for 7.9s...
  [>] Clicking Next Page...
  [~] Human delay: resting for 9.8s...
  [>] Clicking Next Page...
  [~] Human delay: resting for 7.6s...
  [>] Clicking Next Page...
  [!] SQL Error: database is locked
  [!] SQL Error: database is locked
  [~] Human delay: resting for 6.4s...
  [>] Clicking Next Page...
  [~] Human delay: resting for 11.0s...
  [>] Clicking Next Page...
  [~] Human delay: resting for 7.4s...
  [>] Clicking Next Page...
  [!] SQL Error: database is locked
  [!] SQL Error: database is locked
  [!] SQL Error: database is locked
  [~] Human delay: resting for 6.8s...
  [>] Clicking Next Page...
  [~] Human delay: resting for 10.8s...
  [>] Clicking Next Page...
  [!] SQL Error: database is locked
  [!] SQL Error: database is locked
  [!] SQL Error: database is locked
  [!] SQL Error: database is locked
  [~] Human delay: resting for 10.2s...
  [>] Clicking Next Page...
  [!] SQL Error: database is locked
  [!] SQL Error: database is locked
  [!] SQL Error: database is locked
  [~] Human delay: resting for 10.3s...
  [>] Clicking Next Page...
  [!] SQL Error: database is locked
  [!] SQL Error: database is locked
  [~] Human delay: resting for 6.2s...
  [>] Clicking Next Page...
  [!] SQL Error: database is locked
  [!] SQL Error: database is locked
  [!] SQL Error: database is locked
  [~] Human delay: resting for 7.8s...
  [>] Clicking Next Page...
  [~] Human delay: resting for 9.1s...
  [>] Clicking Next Page...
  [~] Human delay: resting for 8.6s...
  [>] Clicking Next Page...
  [~] Human delay: resting for 8.5s...
  [>] Clicking Next Page...
  [~] Human delay: resting for 8.4s...
  [>] Clicking Next Page...
  [!] SQL Error: database is locked
  [!] SQL Error: database is locked
  [~] Human delay: resting for 9.9s...
  [>] Clicking Next Page...
  [!] SQL Error: database is locked
  [!] SQL Error: database is locked
  [!] SQL Error: database is locked
  [~] Human delay: resting for 7.1s...
  [>] Clicking Next Page...
  [~] Human delay: resting for 9.5s...
  [>] Clicking Next Page...
  [~] Human delay: resting for 6.7s...
  [>] Clicking Next Page...
  [~] Human delay: resting for 10.5s...
  [>] Clicking Next Page...
  [~] Human delay: resting for 5.9s...
  [>] Clicking Next Page...
  [~] Human delay: resting for 7.5s...
  [>] Clicking Next Page...
  [!] SQL Error: database is locked
  [~] Human delay: resting for 8.1s...
  [>] Clicking Next Page...
  [!] SQL Error: database is locked
  [!] SQL Error: database is locked
  [~] Human delay: resting for 6.9s...
  [>] Clicking Next Page...
  [~] Human delay: resting for 10.1s...
  [>] Clicking Next Page...
  [~] Human delay: resting for 9.5s...
  [>] Clicking Next Page...
  [!] SQL Error: database is locked
  [!] SQL Error: database is locked
  [!] SQL Error: database is locked
  [~] Human delay: resting for 9.0s...
  [>] Clicking Next Page...
  [!] SQL Error: database is locked
  [!] SQL Error: database is locked
  [~] Human delay: resting for 10.8s...
  [>] Clicking Next Page...
  [!] SQL Error: database is locked
  [!] SQL Error: database is locked
  [~] Human delay: resting for 8.1s...
  [>] Clicking Next Page...
  [~] Human delay: resting for 7.7s...
  [>] Clicking Next Page...
  [~] Human delay: resting for 6.1s...
  [>] Clicking Next Page...
  [~] Human delay: resting for 8.9s...
  [>] Clicking Next Page...
  [~] Human delay: resting for 7.0s...
  [>] Clicking Next Page...
  [~] Human delay: resting for 10.8s...
  [>] Clicking Next Page...
  [~] Human delay: resting for 6.7s...
  [>] Clicking Next Page...
  [~] Human delay: resting for 8.9s...
  [>] Clicking Next Page...
  [~] Human delay: resting for 10.6s...
  [>] Clicking Next Page...
  [!] SQL Error: database is locked
  [!] SQL Error: database is locked
  [~] Human delay: resting for 7.4s...
  [>] Clicking Next Page...
  [~] Human delay: resting for 5.9s...
  [>] Clicking Next Page...
  [~] Human delay: resting for 8.8s...
  [>] Clicking Next Page...
  [!] SQL Error: database is locked
  [!] SQL Error: database is locked
  [!] SQL Error: database is locked
  [~] Human delay: resting for 8.4s...
  [>] Clicking Next Page...
  [~] Human delay: resting for 8.8s...
  [>] Clicking Next Page...
  [~] Human delay: resting for 8.2s...
  [>] Clicking Next Page...
  [~] Human delay: resting for 6.8s...
  [>] Clicking Next Page...
  [~] Human delay: resting for 10.5s...
  [>] Clicking Next Page...
  [~] Human delay: resting for 6.8s...
  [>] Clicking Next Page...
  [~] Human delay: resting for 7.1s...
  [>] Clicking Next Page...
  [!] SQL Error: database is locked
  [!] SQL Error: database is locked
  [!] SQL Error: database is locked
  [~] Human delay: resting for 9.4s...
  [>] Clicking Next Page...
  [~] Human delay: resting for 9.4s...
  [>] Clicking Next Page...
  [~] Human delay: resting for 8.9s...
  [>] Clicking Next Page...
  [~] Human delay: resting for 10.0s...
  [>] Clicking Next Page...
  [~] Human delay: resting for 6.9s...
  [>] Clicking Next Page...
  [!] SQL Error: database is locked
  [!] SQL Error: database is locked
  [!] SQL Error: database is locked
  [~] Human delay: resting for 11.1s...
  [>] Clicking Next Page...
  [!] SQL Error: database is locked
  [!] SQL Error: database is locked
  [~] Human delay: resting for 8.0s...
  [>] Clicking Next Page...
  [~] Human delay: resting for 9.7s...
  [>] Clicking Next Page...
  [~] Human delay: resting for 7.5s...
  [>] Clicking Next Page...
  [~] Human delay: resting for 8.2s...
  [>] Clicking Next Page...
  [~] Human delay: resting for 7.4s...
  [>] Clicking Next Page...
  [~] Human delay: resting for 10.1s...
  [>] Clicking Next Page...
  [~] Human delay: resting for 10.0s...
  [>] Clicking Next Page...
  [!] SQL Error: database is locked
  [!] SQL Error: database is locked
  [~] Human delay: resting for 10.0s...
  [>] Clicking Next Page...
  [!] SQL Error: database is locked
  [!] SQL Error: database is locked
  [~] Human delay: resting for 6.8s...
  [>] Clicking Next Page...
  [~] Human delay: resting for 11.2s...
  [>] Clicking Next Page...
  [~] Human delay: resting for 7.6s...
  [>] Clicking Next Page...
  [~] Human delay: resting for 7.9s...
  [>] Clicking Next Page...
  [~] Human delay: resting for 6.7s...
  [>] Clicking Next Page...
  [~] Human delay: resting for 7.6s...
  [>] Clicking Next Page...
  [~] Human delay: resting for 10.6s...
  [>] Clicking Next Page...
  [!] SQL Error: database is locked
  [!] SQL Error: database is locked
  [~] Human delay: resting for 8.2s...
  [>] Clicking Next Page...
  [~] Human delay: resting for 10.7s...
  [>] Clicking Next Page...
  [~] Human delay: resting for 7.6s...
  [>] Clicking Next Page...
  [!] SQL Error: database is locked
  [!] SQL Error: database is locked
  [~] Human delay: resting for 8.4s...
  [>] Clicking Next Page...
  [~] Human delay: resting for 6.4s...
  [>] Clicking Next Page...
  [~] Human delay: resting for 9.3s...
  [>] Clicking Next Page...
  [~] Human delay: resting for 8.8s...
  [>] Clicking Next Page...
  [~] Human delay: resting for 7.6s...
  [>] Clicking Next Page...
  [~] Human delay: resting for 9.3s...
  [>] Clicking Next Page...
  [~] Human delay: resting for 6.5s...
  [>] Clicking Next Page...
  [~] Human delay: resting for 7.6s...
  [>] Clicking Next Page...
  [~] Human delay: resting for 8.5s...
  [>] Clicking Next Page...
  [~] Human delay: resting for 8.6s...
  [>] Clicking Next Page...
  [~] Human delay: resting for 10.6s...
  [>] Clicking Next Page...
  [!] SQL Error: database is locked
  [!] SQL Error: database is locked
  [~] Human delay: resting for 8.0s...
  [>] Clicking Next Page...
  [!] SQL Error: database is locked
  [!] SQL Error: database is locked
  [~] Human delay: resting for 7.0s...
  [>] Clicking Next Page...
  [!] SQL Error: database is locked
  [!] SQL Error: database is locked
  [~] Human delay: resting for 8.2s...
  [>] Clicking Next Page...
  [~] Human delay: resting for 5.7s...
  [>] Clicking Next Page...
  [!] SQL Error: database is locked
  [~] Human delay: resting for 6.7s...
  [>] Clicking Next Page...
  [~] Human delay: resting for 10.4s...
  [>] Clicking Next Page...
  [~] Human delay: resting for 10.6s...
  [>] Clicking Next Page...
  [!] SQL Error: database is locked
  [!] SQL Error: database is locked
  [~] Human delay: resting for 10.2s...
  [>] Clicking Next Page...
  [!] SQL Error: database is locked
  [!] SQL Error: database is locked
  [~] Human delay: resting for 6.4s...
  [>] Clicking Next Page...
  [~] Human delay: resting for 11.0s...
  [>] Clicking Next Page...
  [~] Human delay: resting for 6.3s...
  [>] Clicking Next Page...
  [~] Human delay: resting for 10.2s...
  [>] Clicking Next Page...
  [~] Human delay: resting for 7.4s...
  [>] Clicking Next Page...
  [~] Human delay: resting for 9.5s...
  [>] Clicking Next Page...
  [~] Human delay: resting for 9.5s...
  [>] Clicking Next Page...
  [!] SQL Error: database is locked
  [!] SQL Error: database is locked
  [~] Human delay: resting for 7.6s...
  [>] Clicking Next Page...
  [!] SQL Error: database is locked
  [!] SQL Error: database is locked
  [!] SQL Error: database is locked
  [~] Human delay: resting for 6.0s...
  [>] Clicking Next Page...
  [~] Human delay: resting for 7.2s...
  [>] Clicking Next Page...
  [!] SQL Error: database is locked
  [~] Human delay: resting for 5.7s...
  [>] Clicking Next Page...
  [~] Human delay: resting for 7.6s...
  [>] Clicking Next Page...
  [!] SQL Error: database is locked
  [~] Human delay: resting for 10.7s...
  [>] Clicking Next Page...
  [!] SQL Error: database is locked
  [!] SQL Error: database is locked
  [!] SQL Error: database is locked
  [~] Human delay: resting for 7.9s...
  [>] Clicking Next Page...
  [!] SQL Error: database is locked
  [!] SQL Error: database is locked
  [!] SQL Error: database is locked
  [~] Human delay: resting for 5.5s...
  [>] Clicking Next Page...
  [~] Human delay: resting for 6.7s...
  [>] Clicking Next Page...
  [~] Human delay: resting for 7.5s...
  [>] Clicking Next Page...
  [~] Human delay: resting for 8.2s...
  [>] Clicking Next Page...
  [~] Human delay: resting for 9.5s...
  [>] Clicking Next Page...
  [!] SQL Error: database is locked
  [!] SQL Error: database is locked
  [~] Human delay: resting for 8.2s...
  [>] Clicking Next Page...
  [~] Human delay: resting for 7.6s...
  [>] Clicking Next Page...
  [~] Human delay: resting for 5.9s...
  [>] Clicking Next Page...
  [~] Human delay: resting for 8.3s...
  [>] Clicking Next Page...
  [!] SQL Error: database is locked
  [~] Human delay: resting for 8.6s...
  [>] Clicking Next Page...
  [!] SQL Error: database is locked
  [!] SQL Error: database is locked
  [!] SQL Error: database is locked
  [~] Human delay: resting for 9.4s...
  [>] Clicking Next Page...
  [~] Human delay: resting for 10.5s...
  [>] Clicking Next Page...
  [~] Human delay: resting for 8.4s...
  [>] Clicking Next Page...
  [~] Human delay: resting for 8.6s...
  [>] Clicking Next Page...
  [~] Human delay: resting for 6.4s...
  [>] Clicking Next Page...
  [~] Human delay: resting for 7.3s...
  [>] Clicking Next Page...
  [!] SQL Error: database is locked
  [~] Human delay: resting for 9.9s...
  [>] Clicking Next Page...
  [!] SQL Error: database is locked
  [!] SQL Error: database is locked
  [~] Human delay: resting for 11.0s...
  [>] Clicking Next Page...
  [!] SQL Error: database is locked
  [!] SQL Error: database is locked
  [~] Human delay: resting for 6.3s...
  [>] Clicking Next Page...
  [~] Human delay: resting for 8.1s...
  [>] Clicking Next Page...
  [~] Human delay: resting for 7.9s...
  [>] Clicking Next Page...
  [~] Human delay: resting for 8.1s...
  [>] Clicking Next Page...
  [~] Human delay: resting for 5.7s...
  [>] Clicking Next Page...
  [~] Human delay: resting for 10.9s...
  [>] Clicking Next Page...
  [~] Human delay: resting for 5.7s...
  [>] Clicking Next Page...
  [~] Human delay: resting for 8.7s...
  [>] Clicking Next Page...
  [~] Human delay: resting for 7.2s...
  [>] Clicking Next Page...
  [~] Human delay: resting for 6.1s...
  [>] Clicking Next Page...
  [~] Human delay: resting for 8.6s...
  [>] Clicking Next Page...
  [!] SQL Error: database is locked
  [!] SQL Error: database is locked
  [~] Human delay: resting for 8.1s...
  [>] Clicking Next Page...
  [~] Human delay: resting for 8.8s...
  [>] Clicking Next Page...
  [~] Human delay: resting for 5.9s...
  [>] Clicking Next Page...
  [~] Human delay: resting for 7.9s...
  [>] Clicking Next Page...
  [~] Human delay: resting for 10.6s...
  [>] Clicking Next Page...
  [!] SQL Error: database is locked
  [!] SQL Error: database is locked
  [~] Human delay: resting for 6.5s...
  [>] Clicking Next Page...
  [~] Human delay: resting for 10.3s...
  [>] Clicking Next Page...
  [~] Human delay: resting for 8.3s...
  [>] Clicking Next Page...
  [!] SQL Error: database is locked
  [!] SQL Error: database is locked
  [~] Human delay: resting for 10.2s...
  [>] Clicking Next Page...
  [!] SQL Error: database is locked
  [!] SQL Error: database is locked
  [~] Human delay: resting for 9.7s...
  [>] Clicking Next Page...
  [~] Human delay: resting for 8.4s...
  [>] Clicking Next Page...
  [~] Human delay: resting for 7.4s...
  [>] Clicking Next Page...
  [~] Human delay: resting for 9.9s...
  [>] Clicking Next Page...
  [~] Human delay: resting for 6.9s...
  [>] Clicking Next Page...
  [~] Human delay: resting for 9.6s...
  [>] Clicking Next Page...
  [~] Human delay: resting for 10.3s...
  [>] Clicking Next Page...
  [~] Human delay: resting for 10.1s...
  [>] Clicking Next Page...
  [~] Human delay: resting for 6.7s...
  [>] Clicking Next Page...
  [~] Human delay: resting for 6.0s...
  [>] Clicking Next Page...
  [~] Human delay: resting for 9.8s...
  [>] Clicking Next Page...
  [~] Human delay: resting for 5.7s...
  [>] Clicking Next Page...
  [~] Human delay: resting for 8.1s...
  [>] Clicking Next Page...
  [~] Human delay: resting for 7.9s...
  [>] Clicking Next Page...
  [~] Human delay: resting for 5.7s...
  [>] Clicking Next Page...
  [~] Human delay: resting for 8.3s...
  [>] Clicking Next Page...
  [~] Human delay: resting for 8.7s...
  [>] Clicking Next Page...
  [~] Human delay: resting for 7.7s...
  [>] Clicking Next Page...
  [!] SQL Error: database is locked
  [~] Human delay: resting for 8.7s...
  [>] Clicking Next Page...
  [~] Human delay: resting for 8.7s...
  [>] Clicking Next Page...
  [~] Human delay: resting for 8.9s...
  [>] Clicking Next Page...
  [~] Human delay: resting for 10.3s...
  [>] Clicking Next Page...
  [~] Human delay: resting for 8.8s...
  [>] Clicking Next Page...
  [~] Human delay: resting for 7.2s...
  [>] Clicking Next Page...
  [~] Human delay: resting for 7.0s...
  [>] Clicking Next Page...
  [~] Human delay: resting for 8.0s...
  [>] Clicking Next Page...
  [~] Human delay: resting for 10.6s...
  [>] Clicking Next Page...
  [!] SQL Error: database is locked
  [!] SQL Error: database is locked
  [~] Human delay: resting for 9.5s...
  [>] Clicking Next Page...
  [!] SQL Error: database is locked
  [!] SQL Error: database is locked
  [~] Human delay: resting for 10.4s...
  [>] Clicking Next Page...
  [~] Human delay: resting for 8.1s...
  [>] Clicking Next Page...
  [!] SQL Error: database is locked
  [~] Human delay: resting for 7.7s...
  [>] Clicking Next Page...
  [~] Human delay: resting for 10.0s...
  [>] Clicking Next Page...
  [~] Human delay: resting for 5.7s...
  [>] Clicking Next Page...
  [~] Human delay: resting for 8.2s...
  [>] Clicking Next Page...
  [~] Human delay: resting for 8.6s...
  [>] Clicking Next Page...
  [!] SQL Error: database is locked
  [!] SQL Error: database is locked
  [~] Human delay: resting for 8.2s...
  [>] Clicking Next Page...
  [~] Human delay: resting for 6.1s...
  [>] Clicking Next Page...
  [!] SQL Error: database is locked
  [~] Human delay: resting for 10.9s...
  [>] Clicking Next Page...
  [~] Human delay: resting for 10.0s...
  [>] Clicking Next Page...
  [~] Human delay: resting for 9.8s...
  [>] Clicking Next Page...
  [!] SQL Error: database is locked
  [~] Human delay: resting for 7.9s...
  [>] Clicking Next Page...
  [~] Human delay: resting for 10.0s...
  [>] Clicking Next Page...
  [~] Human delay: resting for 9.7s...
  [>] Clicking Next Page...
  [!] SQL Error: database is locked
  [!] SQL Error: database is locked
  [~] Human delay: resting for 9.7s...
  [>] Clicking Next Page...
  [~] Human delay: resting for 6.1s...
  [>] Clicking Next Page...
  [~] Human delay: resting for 10.9s...
  [>] Clicking Next Page...
  [!] SQL Error: database is locked
  [!] SQL Error: database is locked
  [~] Human delay: resting for 9.6s...
  [>] Clicking Next Page...
  [~] Human delay: resting for 8.5s...
  [>] Clicking Next Page...
  [~] Human delay: resting for 5.8s...
  [>] Clicking Next Page...
  [~] Human delay: resting for 8.5s...
  [>] Clicking Next Page...
  [~] Human delay: resting for 10.3s...
  [>] Clicking Next Page...
  [!] SQL Error: database is locked
  [!] SQL Error: database is locked
  [~] Human delay: resting for 6.8s...
  [>] Clicking Next Page...
  [~] Human delay: resting for 8.9s...
  [>] Clicking Next Page...
  [~] Human delay: resting for 9.1s...
  [>] Clicking Next Page...
  [~] Human delay: resting for 10.4s...
  [>] Clicking Next Page...
  [~] Human delay: resting for 5.6s...
  [>] Clicking Next Page...
  [!] SQL Error: database is locked
  [!] SQL Error: database is locked
  [~] Human delay: resting for 10.6s...
  [>] Clicking Next Page...
  [!] SQL Error: database is locked
  [~] Human delay: resting for 8.0s...
  [>] Clicking Next Page...
  [!] SQL Error: database is locked
  [!] SQL Error: database is locked
  [!] SQL Error: database is locked
  [~] Human delay: resting for 10.4s...
  [>] Clicking Next Page...
  [!] SQL Error: database is locked
  [!] SQL Error: database is locked
  [~] Human delay: resting for 8.9s...
  [>] Clicking Next Page...
  [!] SQL Error: database is locked
  [!] SQL Error: database is locked
  [~] Human delay: resting for 8.0s...
  [>] Clicking Next Page...
  [~] Human delay: resting for 8.4s...
  [>] Clicking Next Page...
  [~] Human delay: resting for 6.0s...
  [>] Clicking Next Page...
  [~] Human delay: resting for 9.3s...
  [>] Clicking Next Page...
  [~] Human delay: resting for 6.4s...
  [>] Clicking Next Page...
  [~] Human delay: resting for 6.8s...
  [>] Clicking Next Page...
  [~] Human delay: resting for 11.0s...
  [>] Clicking Next Page...
  [~] Human delay: resting for 10.6s...
  [>] Clicking Next Page...
  [~] Human delay: resting for 8.0s...
  [>] Clicking Next Page...
  [~] Human delay: resting for 7.0s...
  [>] Clicking Next Page...
  [~] Human delay: resting for 10.0s...
  [>] Clicking Next Page...
  [~] Human delay: resting for 6.3s...
  [>] Clicking Next Page...
  [~] Human delay: resting for 10.9s...
  [>] Clicking Next Page...
  [~] Human delay: resting for 10.3s...
  [>] Clicking Next Page...
  [~] Human delay: resting for 10.1s...
  [>] Clicking Next Page...
  [!] SQL Error: database is locked
  [!] SQL Error: database is locked
  [~] Human delay: resting for 5.8s...
  [>] Clicking Next Page...
  [~] Human delay: resting for 6.9s...
  [>] Clicking Next Page...
  [~] Human delay: resting for 9.0s...
  [>] Clicking Next Page...
  [~] Human delay: resting for 10.7s...
  [>] Clicking Next Page...
  [~] Human delay: resting for 9.2s...
  [>] Clicking Next Page...
  [~] Human delay: resting for 5.6s...
  [>] Clicking Next Page...
  [~] Human delay: resting for 9.1s...
  [>] Clicking Next Page...
  [~] Human delay: resting for 5.5s...
  [>] Clicking Next Page...
  [~] Human delay: resting for 7.5s...
  [>] Clicking Next Page...
  [!] SQL Error: database is locked
  [!] SQL Error: database is locked
  [~] Human delay: resting for 7.7s...
  [>] Clicking Next Page...
  [~] Human delay: resting for 10.1s...
  [>] Clicking Next Page...
  [~] Human delay: resting for 5.7s...
  [>] Clicking Next Page...
  [~] Human delay: resting for 6.0s...
  [>] Clicking Next Page...
  [!] SQL Error: database is locked
  [~] Human delay: resting for 11.0s...
  [>] Clicking Next Page...
  [!] SQL Error: database is locked
  [!] SQL Error: database is locked
  [~] Human delay: resting for 9.8s...
  [>] Clicking Next Page...
  [!] SQL Error: database is locked
  [!] SQL Error: database is locked
  [~] Human delay: resting for 5.7s...
  [>] Clicking Next Page...
  [~] Human delay: resting for 10.1s...
  [>] Clicking Next Page...
  [~] Human delay: resting for 8.3s...
  [>] Clicking Next Page...
  [!] SQL Error: database is locked
  [!] SQL Error: database is locked
  [~] Human delay: resting for 6.9s...
  [>] Clicking Next Page...
  [~] Human delay: resting for 9.2s...
  [>] Clicking Next Page...
  [~] Human delay: resting for 5.9s...
  [>] Clicking Next Page...
  [~] Human delay: resting for 10.8s...
  [>] Clicking Next Page...
  [~] Human delay: resting for 11.0s...
  [>] Clicking Next Page...
  [!] SQL Error: database is locked
  [!] SQL Error: database is locked
  [~] Human delay: resting for 6.5s...
  [>] Clicking Next Page...
  [~] Human delay: resting for 10.8s...
  [>] Clicking Next Page...
  [~] Human delay: resting for 10.5s...
  [>] Clicking Next Page...
  [!] SQL Error: database is locked
  [~] Human delay: resting for 9.3s...
  [>] Clicking Next Page...
  [!] SQL Error: database is locked
  [!] SQL Error: database is locked
  [~] Human delay: resting for 6.4s...
  [>] Clicking Next Page...
  [~] Human delay: resting for 6.8s...
  [>] Clicking Next Page...
  [~] Human delay: resting for 9.6s...
  [>] Clicking Next Page...
  [~] Human delay: resting for 7.6s...
  [>] Clicking Next Page...
  [~] Human delay: resting for 8.6s...
  [>] Clicking Next Page...
  [~] Human delay: resting for 7.1s...
  [>] Clicking Next Page...
  [~] Human delay: resting for 8.2s...
  [>] Clicking Next Page...
  [!] SQL Error: database is locked
  [!] SQL Error: database is locked
  [~] Human delay: resting for 5.8s...
  [>] Clicking Next Page...
  [~] Human delay: resting for 7.5s...
  [>] Clicking Next Page...
  [~] Human delay: resting for 10.0s...
  [>] Clicking Next Page...
  [!] SQL Error: database is locked
  [!] SQL Error: database is locked
  [~] Human delay: resting for 7.7s...
  [>] Clicking Next Page...
  [~] Human delay: resting for 6.0s...
  [>] Clicking Next Page...
  [~] Human delay: resting for 7.4s...
  [>] Clicking Next Page...
  [~] Human delay: resting for 7.7s...
  [>] Clicking Next Page...
  [~] Human delay: resting for 11.1s...
  [>] Clicking Next Page...
  [!] SQL Error: database is locked
  [!] SQL Error: database is locked
  [~] Human delay: resting for 7.5s...
  [>] Clicking Next Page...
  [~] Human delay: resting for 10.0s...
  [>] Clicking Next Page...
  [~] Human delay: resting for 10.8s...
  [>] Clicking Next Page...
  [~] Human delay: resting for 8.8s...
  [>] Clicking Next Page...
  [~] Human delay: resting for 8.9s...
  [>] Clicking Next Page...
  [~] Human delay: resting for 9.0s...
  [>] Clicking Next Page...
  [~] Human delay: resting for 5.7s...
  [>] Clicking Next Page...
  [~] Human delay: resting for 5.5s...
  [>] Clicking Next Page...
  [~] Human delay: resting for 8.9s...
  [>] Clicking Next Page...
  [~] Human delay: resting for 9.3s...
  [>] Clicking Next Page...
  [~] Human delay: resting for 9.1s...
  [>] Clicking Next Page...
  [!] SQL Error: database is locked
  [!] SQL Error: database is locked
  [~] Human delay: resting for 10.9s...
  [>] Clicking Next Page...
  [!] SQL Error: database is locked
  [!] SQL Error: database is locked
  [~] Human delay: resting for 5.7s...
  [>] Clicking Next Page...
  [~] Human delay: resting for 7.3s...
  [>] Clicking Next Page...
  [~] Human delay: resting for 6.5s...
  [>] Clicking Next Page...
  [~] Human delay: resting for 10.9s...
  [>] Clicking Next Page...
  [~] Human delay: resting for 9.6s...
  [>] Clicking Next Page...
  [~] Human delay: resting for 9.3s...
  [>] Clicking Next Page...
  [~] Human delay: resting for 5.5s...
  [>] Clicking Next Page...
  [~] Human delay: resting for 10.7s...
  [>] Clicking Next Page...
  [~] Human delay: resting for 9.4s...
  [>] Clicking Next Page...
  [~] Human delay: resting for 10.4s...
  [>] Clicking Next Page...
  [~] Human delay: resting for 6.9s...
  [>] Clicking Next Page...
  [~] Human delay: resting for 9.5s...
  [>] Clicking Next Page...
  [~] Human delay: resting for 6.4s...
  [>] Clicking Next Page...
  [~] Human delay: resting for 6.8s...
  [>] Clicking Next Page...
  [!] SQL Error: database is locked
  [~] Human delay: resting for 10.6s...
  [>] Clicking Next Page...
  [!] SQL Error: database is locked
  [!] SQL Error: database is locked
  [!] SQL Error: database is locked
  [~] Human delay: resting for 9.7s...
  [>] Clicking Next Page...
  [~] Human delay: resting for 5.7s...
  [>] Clicking Next Page...
  [~] Human delay: resting for 6.3s...
  [>] Clicking Next Page...
  [~] Human delay: resting for 9.7s...
  [>] Clicking Next Page...
  [~] Human delay: resting for 8.7s...
  [>] Clicking Next Page...
  [~] Human delay: resting for 6.6s...
  [>] Clicking Next Page...
  [~] Human delay: resting for 7.2s...
  [>] Clicking Next Page...
  [~] Human delay: resting for 8.1s...
  [>] Clicking Next Page...
  [~] Human delay: resting for 6.9s...
  [>] Clicking Next Page...
  [~] Human delay: resting for 8.3s...
  [>] Clicking Next Page...
  [!] SQL Error: database is locked
  [~] Human delay: resting for 6.0s...
  [>] Clicking Next Page...
  [~] Human delay: resting for 9.5s...
  [>] Clicking Next Page...
  [~] Human delay: resting for 9.5s...
  [>] Clicking Next Page...
  [~] Human delay: resting for 6.8s...
  [>] Clicking Next Page...
  [!] SQL Error: database is locked
  [~] Human delay: resting for 8.6s...
  [>] Clicking Next Page...
  [~] Human delay: resting for 8.5s...
  [>] Clicking Next Page...
  [~] Human delay: resting for 9.9s...
  [>] Clicking Next Page...
  [~] Human delay: resting for 7.3s...
  [>] Clicking Next Page...
  [~] Human delay: resting for 10.9s...
  [>] Clicking Next Page...
  [!] SQL Error: database is locked
  [!] SQL Error: database is locked
  [~] Human delay: resting for 7.4s...
  [>] Clicking Next Page...
  [~] Human delay: resting for 6.0s...
  [>] Clicking Next Page...
  [~] Human delay: resting for 10.6s...
  [>] Clicking Next Page...
  [!] SQL Error: database is locked
  [!] SQL Error: database is locked
  [~] Human delay: resting for 6.9s...
  [>] Clicking Next Page...
  [~] Human delay: resting for 7.2s...
  [>] Clicking Next Page...
  [~] Human delay: resting for 10.2s...
  [>] Clicking Next Page...
  [~] Human delay: resting for 7.0s...
  [>] Clicking Next Page...
  [~] Human delay: resting for 8.0s...
  [>] Clicking Next Page...
  [~] Human delay: resting for 10.7s...
  [>] Clicking Next Page...
  [~] Human delay: resting for 8.5s...
  [>] Clicking Next Page...
  [~] Human delay: resting for 9.1s...
  [>] Clicking Next Page...
  [~] Human delay: resting for 6.0s...
  [>] Clicking Next Page...
  [~] Human delay: resting for 6.4s...
  [>] Clicking Next Page...
  [!] SQL Error: database is locked
  [~] Human delay: resting for 9.3s...
  [>] Clicking Next Page...
  [~] Human delay: resting for 10.3s...
  [>] Clicking Next Page...
  [~] Human delay: resting for 10.2s...
  [>] Clicking Next Page...
  [!] SQL Error: database is locked
  [~] Human delay: resting for 10.9s...
  [>] Clicking Next Page...
  [~] Human delay: resting for 7.0s...
  [>] Clicking Next Page...
  [~] Human delay: resting for 7.4s...
  [>] Clicking Next Page...
  [~] Human delay: resting for 11.0s...
  [>] Clicking Next Page...
  [~] Human delay: resting for 8.1s...
  [>] Clicking Next Page...
  [~] Human delay: resting for 10.2s...
  [>] Clicking Next Page...
  [~] Human delay: resting for 7.0s...
  [>] Clicking Next Page...
  [!] SQL Error: database is locked
  [!] SQL Error: database is locked
  [~] Human delay: resting for 11.0s...
  [>] Clicking Next Page...
  [~] Human delay: resting for 10.7s...
  [>] Clicking Next Page...
  [~] Human delay: resting for 6.0s...
  [>] Clicking Next Page...
  [~] Human delay: resting for 7.7s...
  [>] Clicking Next Page...
  [~] Human delay: resting for 10.3s...
  [>] Clicking Next Page...
  [~] Human delay: resting for 8.6s...
  [>] Clicking Next Page...
  [~] Human delay: resting for 6.0s...
  [>] Clicking Next Page...
  [~] Human delay: resting for 7.6s...
  [>] Clicking Next Page...
  [~] Human delay: resting for 10.8s...
  [>] Clicking Next Page...
  [~] Human delay: resting for 6.4s...
  [>] Clicking Next Page...
  [~] Human delay: resting for 7.4s...
  [>] Clicking Next Page...
  [~] Human delay: resting for 8.7s...
  [>] Clicking Next Page...
  [~] Human delay: resting for 10.1s...
  [>] Clicking Next Page...
  [!] SQL Error: database is locked
  [!] SQL Error: database is locked
  [~] Human delay: resting for 5.6s...
  [>] Clicking Next Page...
  [~] Human delay: resting for 8.3s...
  [>] Clicking Next Page...
  [~] Human delay: resting for 7.0s...
  [>] Clicking Next Page...
  [~] Human delay: resting for 6.5s...
  [>] Clicking Next Page...
  [!] SQL Error: database is locked
  [~] Human delay: resting for 8.0s...
  [>] Clicking Next Page...
  [~] Human delay: resting for 7.3s...
  [>] Clicking Next Page...
  [~] Human delay: resting for 7.8s...
  [>] Clicking Next Page...
  [~] Human delay: resting for 7.2s...
  [>] Clicking Next Page...
  [~] Human delay: resting for 8.4s...
  [>] Clicking Next Page...
  [~] Human delay: resting for 5.6s...
  [>] Clicking Next Page...
  [!] SQL Error: database is locked
  [~] Human delay: resting for 5.7s...
  [>] Clicking Next Page...
  [~] Human delay: resting for 8.5s...
  [>] Clicking Next Page...
  [~] Human delay: resting for 9.6s...
  [>] Clicking Next Page...
  [~] Human delay: resting for 6.8s...
  [>] Clicking Next Page...
  [~] Human delay: resting for 10.7s...
  [>] Clicking Next Page...
  [!] SQL Error: database is locked
  [!] SQL Error: database is locked
  [~] Human delay: resting for 9.7s...
  [>] Clicking Next Page...
  [~] Human delay: resting for 8.7s...
  [>] Clicking Next Page...
  [~] Human delay: resting for 10.5s...
  [>] Clicking Next Page...
  [~] Human delay: resting for 10.6s...
  [>] Clicking Next Page...
  [~] Human delay: resting for 6.4s...
  [>] Clicking Next Page...
  [!] SQL Error: database is locked
  [!] SQL Error: database is locked
  [~] Human delay: resting for 6.0s...
  [>] Clicking Next Page...
  [~] Human delay: resting for 6.0s...
  [>] Clicking Next Page...
  [!] SQL Error: database is locked
  [~] Human delay: resting for 6.3s...
  [>] Clicking Next Page...
  [~] Human delay: resting for 6.6s...
  [>] Clicking Next Page...
  [!] SQL Error: database is locked
  [~] Human delay: resting for 8.0s...
  [>] Clicking Next Page...
  [~] Human delay: resting for 6.3s...
  [>] Clicking Next Page...
  [~] Human delay: resting for 8.7s...
  [>] Clicking Next Page...
  [~] Human delay: resting for 5.7s...
  [>] Clicking Next Page...
  [!] SQL Error: database is locked
  [~] Human delay: resting for 9.3s...
  [>] Clicking Next Page...
  [~] Human delay: resting for 7.4s...
  [>] Clicking Next Page...
  [~] Human delay: resting for 8.6s...
  [>] Clicking Next Page...
  [~] Human delay: resting for 5.6s...
  [>] Clicking Next Page...
  [~] Human delay: resting for 5.8s...
  [>] Clicking Next Page...
  [~] Human delay: resting for 6.3s...
  [>] Clicking Next Page...
  [~] Human delay: resting for 11.1s...
  [>] Clicking Next Page...
  [~] Human delay: resting for 5.8s...
  [>] Clicking Next Page...
  [~] Human delay: resting for 7.3s...
  [>] Clicking Next Page...
  [~] Human delay: resting for 8.4s...
  [>] Clicking Next Page...
  [~] Human delay: resting for 9.7s...
  [>] Clicking Next Page...
  [~] Human delay: resting for 7.4s...
  [>] Clicking Next Page...
  [~] Human delay: resting for 6.7s...
  [>] Clicking Next Page...
  [~] Human delay: resting for 7.0s...
  [>] Clicking Next Page...
  [~] Human delay: resting for 9.7s...
  [>] Clicking Next Page...
  [~] Human delay: resting for 10.0s...
  [>] Clicking Next Page...
  [~] Human delay: resting for 9.8s...
  [>] Clicking Next Page...
  [~] Human delay: resting for 11.2s...
  [>] Clicking Next Page...
  [~] Human delay: resting for 9.0s...
  [>] Clicking Next Page...
  [~] Human delay: resting for 11.1s...
  [>] Clicking Next Page...
  [~] Human delay: resting for 10.3s...
  [>] Clicking Next Page...
  [!] SQL Error: database is locked
  [~] Human delay: resting for 7.3s...
  [>] Clicking Next Page...
  [~] Human delay: resting for 7.4s...
  [>] Clicking Next Page...
  [!] SQL Error: database is locked
  [~] Human delay: resting for 11.1s...
  [>] Clicking Next Page...
  [!] SQL Error: database is locked
  [!] SQL Error: database is locked
  [~] Human delay: resting for 9.6s...
  [>] Clicking Next Page...
  [!] SQL Error: database is locked
  [!] SQL Error: database is locked
  [~] Human delay: resting for 10.6s...
  [>] Clicking Next Page...
  [~] Human delay: resting for 9.4s...
  [>] Clicking Next Page...
  [~] Human delay: resting for 9.6s...
  [>] Clicking Next Page...
  [~] Human delay: resting for 6.1s...
  [>] Clicking Next Page...
  [~] Human delay: resting for 11.1s...
  [>] Clicking Next Page...
  [!] SQL Error: database is locked
  [!] SQL Error: database is locked
  [~] Human delay: resting for 8.5s...
  [>] Clicking Next Page...
  [~] Human delay: resting for 11.1s...
  [>] Clicking Next Page...
  [~] Human delay: resting for 9.4s...
  [>] Clicking Next Page...
  [!] SQL Error: database is locked
  [!] SQL Error: database is locked
  [~] Human delay: resting for 7.6s...
  [>] Clicking Next Page...
  [~] Human delay: resting for 10.3s...
  [>] Clicking Next Page...
  [~] Human delay: resting for 7.5s...
  [>] Clicking Next Page...
  [~] Human delay: resting for 11.0s...
  [>] Clicking Next Page...
  [~] Human delay: resting for 9.8s...
  [>] Clicking Next Page...
  [!] SQL Error: database is locked
  [!] SQL Error: database is locked
  [~] Human delay: resting for 10.1s...
  [>] Clicking Next Page...
  [~] Human delay: resting for 9.2s...
  [>] Clicking Next Page...
  [~] Human delay: resting for 6.5s...
  [>] Clicking Next Page...
  [~] Human delay: resting for 7.0s...
  [>] Clicking Next Page...
  [~] Human delay: resting for 7.1s...
  [>] Clicking Next Page...
  [~] Human delay: resting for 8.7s...
  [>] Clicking Next Page...
  [~] Human delay: resting for 7.0s...
  [>] Clicking Next Page...
  [~] Human delay: resting for 6.7s...
  [>] Clicking Next Page...
  [~] Human delay: resting for 11.0s...
  [>] Clicking Next Page...
  [!] SQL Error: database is locked
  [!] SQL Error: database is locked
  [~] Human delay: resting for 7.3s...
  [>] Clicking Next Page...
  [~] Human delay: resting for 9.8s...
  [>] Clicking Next Page...
  [~] Human delay: resting for 6.9s...
  [>] Clicking Next Page...
  [~] Human delay: resting for 8.9s...
  [>] Clicking Next Page...
  [~] Human delay: resting for 7.2s...
  [>] Clicking Next Page...
  [~] Human delay: resting for 9.6s...
  [>] Clicking Next Page...
  [~] Human delay: resting for 8.3s...
  [>] Clicking Next Page...
  [~] Human delay: resting for 10.9s...
  [>] Clicking Next Page...
  [~] Human delay: resting for 9.0s...
  [>] Clicking Next Page...
  [!] SQL Error: database is locked
  [!] SQL Error: database is locked
  [~] Human delay: resting for 5.7s...
  [>] Clicking Next Page...
  [~] Human delay: resting for 10.3s...
  [>] Clicking Next Page...
  [~] Human delay: resting for 5.9s...
  [>] Clicking Next Page...
  [~] Human delay: resting for 9.9s...
  [>] Clicking Next Page...
  [~] Human delay: resting for 9.3s...
  [>] Clicking Next Page...
  [~] Human delay: resting for 8.2s...
  [>] Clicking Next Page...
  [~] Human delay: resting for 10.5s...
  [>] Clicking Next Page...
  [!] SQL Error: database is locked
  [!] SQL Error: database is locked
  [~] Human delay: resting for 8.6s...
  [>] Clicking Next Page...
  [~] Human delay: resting for 8.7s...
  [>] Clicking Next Page...
  [~] Human delay: resting for 7.8s...
  [>] Clicking Next Page...
  [~] Human delay: resting for 6.4s...
  [>] Clicking Next Page...
  [~] Human delay: resting for 9.0s...
  [>] Clicking Next Page...
  [!] SQL Error: database is locked
  [!] SQL Error: database is locked
  [~] Human delay: resting for 6.8s...
  [>] Clicking Next Page...
  [~] Human delay: resting for 6.2s...
  [>] Clicking Next Page...
  [~] Human delay: resting for 10.0s...
  [>] Clicking Next Page...
  [~] Human delay: resting for 6.5s...
  [>] Clicking Next Page...
  [~] Human delay: resting for 8.3s...
  [>] Clicking Next Page...
  [~] Human delay: resting for 10.9s...
  [>] Clicking Next Page...
  [~] Human delay: resting for 9.3s...
  [>] Clicking Next Page...
  [!] SQL Error: database is locked
  [!] SQL Error: database is locked
  [~] Human delay: resting for 7.7s...
  [>] Clicking Next Page...
  [~] Human delay: resting for 7.5s...
  [>] Clicking Next Page...
  [~] Human delay: resting for 7.6s...
  [>] Clicking Next Page...
  [~] Human delay: resting for 11.1s...
  [>] Clicking Next Page...
  [~] Human delay: resting for 8.0s...
  [>] Clicking Next Page...
  [!] SQL Error: database is locked
  [!] SQL Error: database is locked
  [~] Human delay: resting for 9.2s...
  [>] Clicking Next Page...
  [~] Human delay: resting for 9.8s...
  [>] Clicking Next Page...
  [~] Human delay: resting for 6.7s...
  [>] Clicking Next Page...
  [~] Human delay: resting for 6.3s...
  [>] Clicking Next Page...
  [!] SQL Error: database is locked
  [~] Human delay: resting for 8.6s...
  [>] Clicking Next Page...
  [~] Human delay: resting for 6.1s...
  [>] Clicking Next Page...
  [~] Human delay: resting for 10.3s...
  [>] Clicking Next Page...
  [!] SQL Error: database is locked
  [!] SQL Error: database is locked
  [~] Human delay: resting for 5.9s...
  [>] Clicking Next Page...
  [~] Human delay: resting for 9.0s...
  [>] Clicking Next Page...
  [~] Human delay: resting for 9.5s...
  [>] Clicking Next Page...
  [~] Human delay: resting for 11.1s...
  [>] Clicking Next Page...
  [~] Human delay: resting for 8.5s...
  [>] Clicking Next Page...
  [!] SQL Error: database is locked
  [!] SQL Error: database is locked
  [~] Human delay: resting for 11.1s...
  [>] Clicking Next Page...
  [~] Human delay: resting for 6.6s...
  [>] Clicking Next Page...
  [~] Human delay: resting for 7.8s...
  [>] Clicking Next Page...
  [~] Human delay: resting for 8.3s...
  [>] Clicking Next Page...
  [~] Human delay: resting for 9.3s...
  [>] Clicking Next Page...
  [~] Human delay: resting for 5.5s...
  [>] Clicking Next Page...
  [~] Human delay: resting for 5.8s...
  [>] Clicking Next Page...
  [~] Human delay: resting for 6.0s...
  [>] Clicking Next Page...
  [!] SQL Error: database is locked
  [~] Human delay: resting for 10.3s...
  [>] Clicking Next Page...
  [~] Human delay: resting for 10.8s...
  [>] Clicking Next Page...
  [~] Human delay: resting for 6.0s...
  [>] Clicking Next Page...
  [~] Human delay: resting for 6.6s...
  [>] Clicking Next Page...
  [!] SQL Error: database is locked
  [~] Human delay: resting for 5.9s...
  [>] Clicking Next Page...
  [~] Human delay: resting for 6.3s...
  [>] Clicking Next Page...
  [!] SQL Error: database is locked
  [~] Human delay: resting for 9.2s...
  [>] Clicking Next Page...
  [~] Human delay: resting for 7.2s...
  [>] Clicking Next Page...
  [!] SQL Error: database is locked
  [~] Human delay: resting for 10.7s...
  [>] Clicking Next Page...
  [!] SQL Error: database is locked
  [!] SQL Error: database is locked
  [~] Human delay: resting for 7.9s...
  [>] Clicking Next Page...
  [~] Human delay: resting for 7.5s...
  [>] Clicking Next Page...
  [~] Human delay: resting for 9.5s...
  [>] Clicking Next Page...
  [~] Human delay: resting for 7.2s...
  [>] Clicking Next Page...
  [~] Human delay: resting for 5.7s...
  [>] Clicking Next Page...
  [~] Human delay: resting for 7.5s...
  [>] Clicking Next Page...
  [~] Human delay: resting for 8.8s...
  [>] Clicking Next Page...
  [~] Human delay: resting for 6.6s...
  [>] Clicking Next Page...
  [~] Human delay: resting for 8.9s...
  [>] Clicking Next Page...
  [~] Human delay: resting for 6.6s...
  [>] Clicking Next Page...
  [~] Human delay: resting for 7.1s...
  [>] Clicking Next Page...
  [~] Human delay: resting for 10.2s...
  [>] Clicking Next Page...
  [~] Human delay: resting for 10.9s...
  [>] Clicking Next Page...
  [!] SQL Error: database is locked
  [!] SQL Error: database is locked
  [~] Human delay: resting for 8.8s...
  [>] Clicking Next Page...
  [~] Human delay: resting for 5.5s...
  [>] Clicking Next Page...
  [~] Human delay: resting for 10.0s...
  [>] Clicking Next Page...
  [~] Human delay: resting for 8.3s...
  [>] Clicking Next Page...
  [~] Human delay: resting for 8.9s...
  [>] Clicking Next Page...
  [~] Human delay: resting for 9.1s...
  [>] Clicking Next Page...
  [~] Human delay: resting for 5.6s...
  [>] Clicking Next Page...
  [~] Human delay: resting for 7.2s...
  [>] Clicking Next Page...
  [~] Human delay: resting for 6.9s...
  [>] Clicking Next Page...
  [~] Human delay: resting for 10.2s...
  [>] Clicking Next Page...
  [~] Human delay: resting for 6.0s...
  [>] Clicking Next Page...
  [~] Human delay: resting for 8.6s...
  [>] Clicking Next Page...
  [~] Human delay: resting for 10.9s...
  [>] Clicking Next Page...
  [~] Human delay: resting for 10.5s...
  [>] Clicking Next Page...
  [~] Human delay: resting for 11.1s...
  [>] Clicking Next Page...
  [!] SQL Error: database is locked
  [!] SQL Error: database is locked
  [~] Human delay: resting for 10.3s...
  [>] Clicking Next Page...
  [~] Human delay: resting for 6.6s...
  [>] Clicking Next Page...
  [~] Human delay: resting for 9.0s...
  [>] Clicking Next Page...
  [~] Human delay: resting for 6.9s...
  [>] Clicking Next Page...
  [~] Human delay: resting for 8.0s...
  [>] Clicking Next Page...
  [~] Human delay: resting for 10.7s...
  [>] Clicking Next Page...
  [~] Human delay: resting for 11.2s...
  [>] Clicking Next Page...
  [!] SQL Error: database is locked
  [!] SQL Error: database is locked
  [~] Human delay: resting for 8.7s...
  [>] Clicking Next Page...
  [~] Human delay: resting for 6.8s...
  [>] Clicking Next Page...
  [~] Human delay: resting for 7.8s...
  [>] Clicking Next Page...
  [~] Human delay: resting for 10.7s...
  [>] Clicking Next Page...
  [~] Human delay: resting for 9.5s...
  [>] Clicking Next Page...
  [!] SQL Error: database is locked
  [!] SQL Error: database is locked
  [~] Human delay: resting for 7.7s...
  [>] Clicking Next Page...
  [~] Human delay: resting for 7.9s...
  [>] Clicking Next Page...
  [~] Human delay: resting for 8.3s...
  [>] Clicking Next Page...
  [~] Human delay: resting for 10.3s...
  [>] Clicking Next Page...
  [~] Human delay: resting for 9.1s...
  [>] Clicking Next Page...
  [~] Human delay: resting for 10.9s...
  [>] Clicking Next Page...
  [~] Human delay: resting for 8.1s...
  [>] Clicking Next Page...
  [!] SQL Error: database is locked
  [!] SQL Error: database is locked
  [~] Human delay: resting for 10.6s...
  [>] Clicking Next Page...
  [!] SQL Error: database is locked
  [!] SQL Error: database is locked
  [~] Human delay: resting for 9.9s...
  [>] Clicking Next Page...
  [~] Human delay: resting for 7.0s...
  [>] Clicking Next Page...
  [~] Human delay: resting for 5.9s...
  [>] Clicking Next Page...
  [~] Human delay: resting for 10.5s...
  [>] Clicking Next Page...
  [~] Human delay: resting for 10.8s...
  [>] Clicking Next Page...
  [~] Human delay: resting for 9.6s...
  [>] Clicking Next Page...
  [~] Human delay: resting for 5.6s...
  [>] Clicking Next Page...
  [~] Human delay: resting for 8.4s...
  [>] Clicking Next Page...
  [~] Human delay: resting for 6.3s...
  [>] Clicking Next Page...
  [~] Human delay: resting for 8.4s...
  [>] Clicking Next Page...
  [!] SQL Error: database is locked
  [~] Human delay: resting for 5.8s...
  [>] Clicking Next Page...
  [~] Human delay: resting for 6.7s...
  [>] Clicking Next Page...
  [!] SQL Error: database is locked
  [~] Human delay: resting for 10.3s...
  [>] Clicking Next Page...
  [!] SQL Error: database is locked
  [!] SQL Error: database is locked
  [!] SQL Error: database is locked
  [~] Human delay: resting for 6.1s...
  [>] Clicking Next Page...
  [~] Human delay: resting for 8.7s...
  [>] Clicking Next Page...
  [!] SQL Error: database is locked
  [~] Human delay: resting for 8.1s...
  [>] Clicking Next Page...
  [~] Human delay: resting for 9.0s...
  [>] Clicking Next Page...
  [~] Human delay: resting for 5.7s...
  [>] Clicking Next Page...
  [~] Human delay: resting for 9.5s...
  [>] Clicking Next Page...
  [~] Human delay: resting for 5.6s...
  [>] Clicking Next Page...
  [~] Human delay: resting for 8.0s...
  [>] Clicking Next Page...
  [~] Human delay: resting for 10.7s...
  [>] Clicking Next Page...
  [~] Human delay: resting for 10.8s...
  [>] Clicking Next Page...
  [~] Human delay: resting for 8.8s...
  [>] Clicking Next Page...
  [~] Human delay: resting for 10.7s...
  [>] Clicking Next Page...
  [~] Human delay: resting for 6.0s...
  [>] Clicking Next Page...
  [~] Human delay: resting for 7.6s...
  [>] Clicking Next Page...
  [!] SQL Error: database is locked
  [~] Human delay: resting for 9.3s...
  [>] Clicking Next Page...
  [~] Human delay: resting for 8.7s...
  [>] Clicking Next Page...
  [~] Human delay: resting for 7.4s...
  [>] Clicking Next Page...
  [~] Human delay: resting for 7.1s...
  [>] Clicking Next Page...
  [~] Human delay: resting for 7.5s...
  [>] Clicking Next Page...
  [~] Human delay: resting for 9.2s...
  [>] Clicking Next Page...
  [~] Human delay: resting for 7.9s...
  [>] Clicking Next Page...
  [~] Human delay: resting for 6.1s...
  [>] Clicking Next Page...
  [!] SQL Error: database is locked
  [~] Human delay: resting for 8.9s...
  [>] Clicking Next Page...
  [~] Human delay: resting for 10.1s...
  [>] Clicking Next Page...
  [~] Human delay: resting for 9.0s...
  [>] Clicking Next Page...
  [~] Human delay: resting for 6.1s...
  [>] Clicking Next Page...
  [~] Human delay: resting for 6.7s...
  [>] Clicking Next Page...
  [~] Human delay: resting for 8.5s...
  [>] Clicking Next Page...
  [~] Human delay: resting for 9.6s...
  [>] Clicking Next Page...
  [~] Human delay: resting for 10.3s...
  [>] Clicking Next Page...
  [~] Human delay: resting for 8.4s...
  [>] Clicking Next Page...
  [~] Human delay: resting for 5.8s...
  [>] Clicking Next Page...
  [~] Human delay: resting for 7.5s...
  [>] Clicking Next Page...
  [~] Human delay: resting for 10.8s...
  [>] Clicking Next Page...
  [!] SQL Error: database is locked
  [~] Human delay: resting for 9.7s...
  [>] Clicking Next Page...
  [~] Human delay: resting for 7.6s...
  [>] Clicking Next Page...
  [~] Human delay: resting for 9.3s...
  [>] Clicking Next Page...
  [~] Human delay: resting for 6.1s...
  [>] Clicking Next Page...
  [~] Human delay: resting for 6.1s...
  [>] Clicking Next Page...
  [~] Human delay: resting for 10.5s...
  [>] Clicking Next Page...
  [~] Human delay: resting for 6.0s...
  [>] Clicking Next Page...
  [~] Human delay: resting for 8.5s...
  [>] Clicking Next Page...
  [~] Human delay: resting for 9.9s...
  [>] Clicking Next Page...
  [~] Human delay: resting for 5.9s...
  [>] Clicking Next Page...
  [~] Human delay: resting for 7.2s...
  [>] Clicking Next Page...
  [~] Human delay: resting for 9.0s...
  [>] Clicking Next Page...
  [~] Human delay: resting for 11.0s...
  [>] Clicking Next Page...
  [~] Human delay: resting for 11.0s...
  [>] Clicking Next Page...
  [~] Human delay: resting for 9.2s...
  [>] Clicking Next Page...
  [~] Human delay: resting for 7.2s...
  [>] Clicking Next Page...
  [~] Human delay: resting for 6.3s...
  [>] Clicking Next Page...
  [~] Human delay: resting for 7.3s...
  [>] Clicking Next Page...
  [~] Human delay: resting for 10.2s...
  [>] Clicking Next Page...
  [~] Human delay: resting for 8.1s...
  [>] Clicking Next Page...
  [~] Human delay: resting for 5.5s...
  [>] Clicking Next Page...
  [~] Human delay: resting for 7.6s...
  [>] Clicking Next Page...
  [~] Human delay: resting for 10.1s...
  [>] Clicking Next Page...
  [~] Human delay: resting for 9.3s...
  [>] Clicking Next Page...
  [~] Human delay: resting for 7.4s...
  [>] Clicking Next Page...
  [~] Human delay: resting for 11.1s...
  [>] Clicking Next Page...
  [~] Human delay: resting for 7.8s...
  [>] Clicking Next Page...
  [~] Human delay: resting for 7.9s...
  [>] Clicking Next Page...
  [~] Human delay: resting for 7.4s...
  [>] Clicking Next Page...
  [~] Human delay: resting for 10.1s...
  [>] Clicking Next Page...
  [~] Human delay: resting for 7.9s...
  [>] Clicking Next Page...
  [~] Human delay: resting for 5.5s...
  [>] Clicking Next Page...
  [~] Human delay: resting for 7.3s...
  [>] Clicking Next Page...
  [~] Human delay: resting for 7.4s...
  [>] Clicking Next Page...
  [~] Human delay: resting for 11.0s...
  [>] Clicking Next Page...
  [~] Human delay: resting for 6.4s...
  [>] Clicking Next Page...
  [~] Human delay: resting for 9.5s...
  [>] Clicking Next Page...
  [~] Human delay: resting for 9.5s...
  [>] Clicking Next Page...
  [~] Human delay: resting for 9.8s...
  [>] Clicking Next Page...
  [~] Human delay: resting for 10.4s...
  [>] Clicking Next Page...
  [~] Human delay: resting for 7.0s...
  [>] Clicking Next Page...
  [~] Human delay: resting for 10.2s...
  [>] Clicking Next Page...
  [~] Human delay: resting for 7.0s...
  [>] Clicking Next Page...
  [~] Human delay: resting for 7.9s...
  [>] Clicking Next Page...
  [~] Human delay: resting for 9.5s...
  [>] Clicking Next Page...
  [!] SQL Error: database is locked
  [!] SQL Error: database is locked
  [~] Human delay: resting for 8.7s...
  [>] Clicking Next Page...
  [~] Human delay: resting for 6.2s...
  [>] Clicking Next Page...
  [~] Human delay: resting for 8.6s...
  [>] Clicking Next Page...
  [~] Human delay: resting for 9.5s...
  [>] Clicking Next Page...
  [~] Human delay: resting for 7.0s...
  [>] Clicking Next Page...
  [~] Human delay: resting for 5.9s...
  [>] Clicking Next Page...
  [!] SQL Error: database is locked
  [~] Human delay: resting for 7.3s...
  [>] Clicking Next Page...
  [~] Human delay: resting for 6.0s...
  [>] Clicking Next Page...
  [~] Human delay: resting for 6.9s...
  [>] Clicking Next Page...
  [~] Human delay: resting for 9.8s...
  [>] Clicking Next Page...
  [~] Human delay: resting for 6.4s...
  [>] Clicking Next Page...
  [~] Human delay: resting for 5.8s...
  [>] Clicking Next Page...
  [~] Human delay: resting for 6.1s...
  [>] Clicking Next Page...
  [~] Human delay: resting for 10.1s...
  [>] Clicking Next Page...
  [~] Human delay: resting for 6.8s...
  [>] Clicking Next Page...
  [~] Human delay: resting for 5.9s...
  [>] Clicking Next Page...
  [!] SQL Error: database is locked
  [~] Human delay: resting for 8.3s...
  [>] Clicking Next Page...
  [~] Human delay: resting for 8.3s...
  [>] Clicking Next Page...
  [~] Human delay: resting for 9.6s...
  [>] Clicking Next Page...
  [~] Human delay: resting for 8.4s...
  [>] Clicking Next Page...
  [~] Human delay: resting for 6.9s...
  [>] Clicking Next Page...
  [~] Human delay: resting for 9.3s...
  [>] Clicking Next Page...
  [~] Human delay: resting for 5.7s...
  [>] Clicking Next Page...
  [~] Human delay: resting for 10.3s...
  [>] Clicking Next Page...
  [~] Human delay: resting for 9.3s...
  [>] Clicking Next Page...
  [~] Human delay: resting for 7.8s...
  [>] Clicking Next Page...
  [~] Human delay: resting for 7.3s...
  [>] Clicking Next Page...
  [~] Human delay: resting for 10.1s...
  [>] Clicking Next Page...
  [~] Human delay: resting for 10.6s...
  [>] Clicking Next Page...
  [~] Human delay: resting for 8.0s...
  [>] Clicking Next Page...
  [~] Human delay: resting for 7.8s...
  [>] Clicking Next Page...
  [~] Human delay: resting for 9.5s...
  [>] Clicking Next Page...
  [!] SQL Error: database is locked
  [~] Human delay: resting for 7.1s...
  [>] Clicking Next Page...
  [~] Human delay: resting for 9.5s...
  [>] Clicking Next Page...