Starting automated Tomcat Vault backup...
✅ Capex DB backed up to /Users/robertle/tomcat_capex/backups/tomcat_capex_20260512_020000.db
✅ MCA DB backed up to /Users/robertle/tomcat_capex/backups/tomcat_mca_20260512_020000.db
🧹 Cleaning up old backups (>7 days)...
Backup complete.
Starting automated Tomcat Vault backup...
✅ Capex DB backed up to /Users/robertle/tomcat_capex/backups/tomcat_capex_20260513_020000.db
✅ MCA DB backed up to /Users/robertle/tomcat_capex/backups/tomcat_mca_20260513_020000.db
🧹 Cleaning up old backups (>7 days)...
Backup complete.
Starting automated Tomcat Vault backup...
✅ Capex DB backed up to /Users/robertle/tomcat_capex/backups/tomcat_capex_20260514_020000.db
✅ MCA DB backed up to /Users/robertle/tomcat_capex/backups/tomcat_mca_20260514_020000.db
🧹 Cleaning up old backups (>7 days)...
Backup complete.
Starting automated Tomcat Vault backup...
✅ Capex DB backed up to /Users/robertle/tomcat_capex/backups/tomcat_capex_20260515_020008.db
✅ MCA DB backed up to /Users/robertle/tomcat_capex/backups/tomcat_mca_20260515_020008.db
🧹 Cleaning up old backups (>7 days)...
Backup complete.
Starting automated Tomcat Vault backup...
✅ Capex DB backed up to /Users/robertle/tomcat_capex/backups/tomcat_capex_20260516_020000.db
✅ MCA DB backed up to /Users/robertle/tomcat_capex/backups/tomcat_mca_20260516_020000.db
🧹 Cleaning up old backups (>7 days)...
Backup complete.
Starting automated Tomcat Vault backup...
✅ Capex DB backed up to /Users/robertle/tomcat_capex/backups/tomcat_capex_20260517_020000.db
✅ MCA DB backed up to /Users/robertle/tomcat_capex/backups/tomcat_mca_20260517_020000.db
🧹 Cleaning up old backups (>7 days)...
Backup complete.
Starting automated Tomcat Vault backup...
✅ Capex DB backed up to /Users/robertle/tomcat_capex/backups/tomcat_capex_20260518_020000.db
✅ MCA DB backed up to /Users/robertle/tomcat_capex/backups/tomcat_mca_20260518_020000.db
🧹 Cleaning up old backups (>7 days)...
Backup complete.
Starting automated Tomcat Vault backup...
✅ Capex DB backed up to /Users/robertle/tomcat_capex/backups/tomcat_capex_20260519_020000.db
✅ MCA DB backed up to /Users/robertle/tomcat_capex/backups/tomcat_mca_20260519_020000.db
🧹 Cleaning up old backups (>7 days)...
Removed old backup: tomcat_mca_20260511_103718.db
Removed old backup: tomcat_capex_20260512_020000.db
Removed old backup: tomcat_capex_20260511_103718.db
Removed old backup: tomcat_mca_20260512_020000.db
Backup complete.
Starting automated Tomcat Vault backup...
✅ Capex DB backed up to /Users/robertle/tomcat_capex/backups/tomcat_capex_20260520_020000.db
✅ MCA DB backed up to /Users/robertle/tomcat_capex/backups/tomcat_mca_20260520_020000.db
🧹 Cleaning up old backups (>7 days)...
Removed old backup: tomcat_mca_20260513_020000.db
Removed old backup: tomcat_capex_20260513_020000.db
Backup complete.
Starting automated Tomcat Vault backup...
✅ Capex DB backed up to /Users/robertle/tomcat_capex/backups/tomcat_capex_20260521_020000.db
✅ MCA DB backed up to /Users/robertle/tomcat_capex/backups/tomcat_mca_20260521_020000.db
🧹 Cleaning up old backups (>7 days)...
Removed old backup: tomcat_capex_20260514_020000.db
Removed old backup: tomcat_mca_20260514_020000.db
Backup complete.
