2026-04-27 18:35:47,031 [EDGAR] INFO - Running EDGAR signal check on 300 leads
2026-04-27 18:35:47,031 [EDGAR] INFO - [1/300] ACCELERATED AUTO SPECIALISTS INC (CO) — 0d
2026-04-27 18:35:52,495 [EDGAR] INFO -   ⚪ No EDGAR signal
2026-04-27 18:35:54,128 [EDGAR] INFO - [2/300] SPR GOLF, LLC (CT) — 0d
2026-04-27 18:35:57,801 [EDGAR] INFO -   ⚪ No EDGAR signal
2026-04-27 18:36:00,058 [EDGAR] INFO - [3/300] BUFFALO PEAKS B&B LLC (CO) — 1d
2026-04-27 18:36:02,623 [EDGAR] INFO -   ⚪ No EDGAR signal
2026-04-27 18:36:04,526 [EDGAR] INFO - [4/300] FENCE POST LLC (CO) — 1d
2026-04-27 18:36:08,623 [EDGAR] INFO -   ⚪ No EDGAR signal
2026-04-27 18:36:10,795 [EDGAR] INFO - [5/300] SPOKES INC (CO) — 1d
2026-04-27 18:36:14,636 [EDGAR] INFO -   ⚪ No EDGAR signal
2026-04-27 18:36:16,491 [EDGAR] INFO - [6/300] CME ASSOCIATES, INC. (CT) — 1d
2026-04-27 18:36:18,895 [EDGAR] INFO -   ⚪ No EDGAR signal
2026-04-27 18:36:20,937 [EDGAR] INFO - [7/300] C&M EXTERIOR RENOVATIONS LLC (CT) — 1d
2026-04-27 18:36:24,070 [EDGAR] INFO -   ⚪ No EDGAR signal
2026-04-27 18:36:25,949 [EDGAR] INFO - [8/300] FRANK BROTHERS PARTNERSHIP (CO) — 2d
2026-04-27 18:36:29,516 [EDGAR] INFO -   ⚪ No EDGAR signal
2026-04-27 18:36:31,552 [EDGAR] INFO - [9/300] SULLIVAN PAVING COMPANY, INC. (CT) — 2d
2026-04-27 18:36:34,167 [EDGAR] INFO -   ⚪ No EDGAR signal
2026-04-27 18:36:35,901 [EDGAR] INFO - [10/300] TOP LINE SERVICES LLC (CT) — 2d
2026-04-27 18:36:39,690 [EDGAR] INFO -   ⚪ No EDGAR signal
2026-04-27 18:36:42,171 [EDGAR] INFO - [11/300] CITY OF MIDDLETOWN (CT) — 2d
2026-04-27 18:36:46,044 [EDGAR] INFO -   ⚪ No EDGAR signal
2026-04-27 18:36:48,295 [EDGAR] INFO - [12/300] SOMERSET CAPITAL GROUP. LTD. (CT) — 2d
2026-04-27 18:36:51,405 [EDGAR] INFO -   ⚪ No EDGAR signal
2026-04-27 18:36:53,042 [EDGAR] INFO - [13/300] ALL PHASE ENTERPRISES, INC. (CT) — 2d
2026-04-27 18:36:56,388 [EDGAR] INFO -   ⚪ No EDGAR signal
2026-04-27 18:36:58,008 [EDGAR] INFO - [14/300] DURANT'S LLC (NY) — 2d
2026-04-27 18:37:01,945 [EDGAR] INFO -   ⚪ No EDGAR signal
2026-04-27 18:37:03,713 [EDGAR] INFO - [15/300] EPS TECHNOLOGY, INC. (MO) — 2d
2026-04-27 18:37:08,737 [EDGAR] INFO -   ⚪ No EDGAR signal
2026-04-27 18:37:11,065 [EDGAR] INFO - [16/300] CR SAYBROOK LIMITED PARTNERSHIP (CT) — 2d
2026-04-27 18:37:18,644 [EDGAR] INFO -   ⚪ No EDGAR signal
2026-04-27 18:37:20,566 [EDGAR] INFO - [17/300] CR SUMMER HILL LIMITED PARTNERSHIP (CT) — 2d
2026-04-27 18:37:24,702 [EDGAR] INFO -   ⚪ No EDGAR signal
2026-04-27 18:37:26,641 [EDGAR] INFO - [18/300] COASTLINE CONSTRUCTION CORP. (CT) — 2d
2026-04-27 18:37:29,522 [EDGAR] INFO -   ⚪ No EDGAR signal
2026-04-27 18:37:31,988 [EDGAR] INFO - [19/300] LOMBARDO ENTERPRISE, L.L.C. (CT) — 2d
2026-04-27 18:37:36,757 [EDGAR] INFO -   ⚪ No EDGAR signal
2026-04-27 18:37:38,825 [EDGAR] INFO - [20/300] SGS 196 TRUMBULL STREET HOLDINGS, LLC (CT) — 2d
2026-04-27 18:37:43,630 [EDGAR] INFO -   ⚪ No EDGAR signal
2026-04-27 18:37:46,052 [EDGAR] INFO - [21/300] JPEC PROPERTIES LLP (CT) — 2d
2026-04-27 18:37:49,953 [EDGAR] INFO -   ⚪ No EDGAR signal
2026-04-27 18:37:52,131 [EDGAR] INFO - [22/300] SGS 99 PRATT STREET HOLDINGS, LLC (CT) — 2d
2026-04-27 18:37:55,425 [EDGAR] INFO -   ⚪ No EDGAR signal
2026-04-27 18:37:57,738 [EDGAR] INFO - [23/300] SLR INTERNATIONAL CORPORATION (CT) — 2d
2026-04-27 18:38:01,345 [EDGAR] INFO -   ⚪ No EDGAR signal
2026-04-27 18:38:03,081 [EDGAR] INFO - [24/300] HUBBELL LIGHTING, INC. (SC) — 2d
2026-04-27 18:38:06,167 [EDGAR] INFO -   ⚪ No EDGAR signal
2026-04-27 18:38:07,733 [EDGAR] INFO - [25/300] LOMBARDO ENTERPRISE, L.L.C. (CT) — 2d
2026-04-27 18:38:11,050 [EDGAR] INFO -   ⚪ No EDGAR signal
2026-04-27 18:38:13,195 [EDGAR] INFO - [26/300] LLC (CT) — 3d
2026-04-27 18:38:15,981 [EDGAR] INFO -   ⚪ No EDGAR signal
2026-04-27 18:38:18,123 [EDGAR] INFO - [27/300] BRAVERMAN BRISTOL, LLC (CT) — 3d
2026-04-27 18:38:20,640 [EDGAR] INFO -   ⚪ No EDGAR signal
2026-04-27 18:38:22,581 [EDGAR] INFO - [28/300] THE LANE CONSTRUCTION CORPORATION (CT) — 3d
2026-04-27 18:38:26,101 [EDGAR] INFO -   ⚪ No EDGAR signal
2026-04-27 18:38:28,379 [EDGAR] INFO - [29/300] STANDING STONES LLC (CT) — 3d
2026-04-27 18:38:32,567 [EDGAR] INFO -   ⚪ No EDGAR signal
2026-04-27 18:38:34,156 [EDGAR] INFO - [30/300] CONNECTICUT CARPENTRY GROUP, LLC (CT) — 3d
2026-04-27 18:38:36,787 [EDGAR] INFO -   ⚪ No EDGAR signal
2026-04-27 18:38:38,446 [EDGAR] INFO - [31/300] LANDIVAR LANDSCAPING INC. (CT) — 3d
2026-04-27 18:38:40,742 [EDGAR] INFO -   ⚪ No EDGAR signal
2026-04-27 18:38:42,483 [EDGAR] INFO - [32/300] MICHAEL HAURY ENTERPRISES, LLC (CT) — 3d
2026-04-27 18:38:48,410 [EDGAR] INFO -   ⚪ No EDGAR signal
2026-04-27 18:38:50,285 [EDGAR] INFO - [33/300] TOWN OF FARMINGTON (CT) — 4d
2026-04-27 18:38:54,932 [EDGAR] INFO -   ⚪ No EDGAR signal
2026-04-27 18:38:56,753 [EDGAR] INFO - [34/300] SPICER PLUS, INC. (CT) — 4d
2026-04-27 18:39:00,123 [EDGAR] INFO -   ⚪ No EDGAR signal
2026-04-27 18:39:02,614 [EDGAR] INFO - [35/300] IN 2 BLUE DESIGN LLC (CT) — 4d
2026-04-27 18:39:05,444 [EDGAR] INFO -   ⚪ No EDGAR signal
2026-04-27 18:39:07,157 [EDGAR] INFO - [36/300] GAGNON ELECTRICAL CONTRACTING, LLC (CT) — 4d
2026-04-27 18:39:12,362 [EDGAR] INFO -   ⚪ No EDGAR signal
2026-04-27 18:39:14,731 [EDGAR] INFO - [37/300] MARK'S LANDSCAPING, LLC (CT) — 4d
2026-04-27 18:39:17,483 [EDGAR] INFO -   ⚪ No EDGAR signal
2026-04-27 18:39:19,792 [EDGAR] INFO - [38/300] ENVIRO CONSULTANTS AND RECYCLERS, INC. (CT) — 4d
2026-04-27 18:39:22,706 [EDGAR] INFO -   ⚪ No EDGAR signal
2026-04-27 18:39:24,756 [EDGAR] INFO - [39/300] MONGILLO CONSTRUCTION, LLC (CT) — 4d
2026-04-27 18:39:28,288 [EDGAR] INFO -   ⚪ No EDGAR signal
2026-04-27 18:39:30,021 [EDGAR] INFO - [40/300] POWERSCREEN CONNECTICUT INC. (CT) — 4d
2026-04-27 18:39:33,459 [EDGAR] INFO -   ⚪ No EDGAR signal
2026-04-27 18:39:35,740 [EDGAR] INFO - [41/300] BBR PROPERTIES LLC (CT) — 4d
2026-04-27 18:39:39,565 [EDGAR] INFO -   ⚪ No EDGAR signal
2026-04-27 18:39:41,515 [EDGAR] INFO - [42/300] LANDWORKS FENCE LLC (CT) — 4d
2026-04-27 18:39:44,462 [EDGAR] INFO -   ⚪ No EDGAR signal
2026-04-27 18:39:46,785 [EDGAR] INFO - [43/300] PREMIER PAIN CARE & WELLNESS INC. (CT) — 4d
2026-04-27 18:39:49,859 [EDGAR] INFO -   ⚪ No EDGAR signal
2026-04-27 18:39:51,788 [EDGAR] INFO - [44/300] LIFEBRIDGE COMMUNITY SERVICES, INC. (CT) — 4d
2026-04-27 18:39:54,970 [EDGAR] INFO -   ⚪ No EDGAR signal
2026-04-27 18:39:57,059 [EDGAR] INFO - [45/300] UNITED PETROLEUM LLC (CT) — 4d
2026-04-27 18:40:00,508 [EDGAR] INFO -   ⚪ No EDGAR signal
2026-04-27 18:40:02,871 [EDGAR] INFO - [46/300] BREWERY SQUARE LIMITED PARTNERSHIP (MA) — 5d
2026-04-27 18:40:07,213 [EDGAR] INFO -   ⚪ No EDGAR signal
2026-04-27 18:40:09,035 [EDGAR] INFO - [47/300] FLETCHER DEVELOPMENT LLC (CT) — 5d
2026-04-27 18:40:12,164 [EDGAR] INFO -   ⚪ No EDGAR signal
2026-04-27 18:40:14,104 [EDGAR] INFO - [48/300] PHELPSCAPE LLC (CT) — 5d
2026-04-27 18:40:16,599 [EDGAR] INFO -   ⚪ No EDGAR signal
2026-04-27 18:40:18,161 [EDGAR] INFO - [49/300] UNIVERSITY OF BRIDGEPORT (CT) — 5d
2026-04-27 18:40:21,227 [EDGAR] INFO -   ⚪ No EDGAR signal
2026-04-27 18:40:23,726 [EDGAR] INFO - [50/300] ABLE TOOL & EQUIPMENT, LLC (CT) — 5d
2026-04-27 18:40:27,217 [EDGAR] INFO -   ⚪ No EDGAR signal
2026-04-27 18:40:29,295 [EDGAR] INFO - [51/300] STARWOOD CAPITAL GROUP, L.L.C. (CT) — 5d
2026-04-27 18:40:32,193 [EDGAR] INFO -   ⚪ No EDGAR signal
2026-04-27 18:40:34,059 [EDGAR] INFO - [52/300] DURHAM PROPERTY SERVICES LLC (CT) — 5d
2026-04-27 18:40:37,803 [EDGAR] INFO -   ⚪ No EDGAR signal
2026-04-27 18:40:40,129 [EDGAR] INFO - [53/300] AAA RUTHER CONSTRUCTION (CO) — 6d
2026-04-27 18:40:43,602 [EDGAR] INFO -   ⚪ No EDGAR signal
2026-04-27 18:40:45,849 [EDGAR] INFO - [54/300] BROPHY, ALFRED E. (CO) — 6d
2026-04-27 18:40:50,131 [EDGAR] INFO -   ⚪ No EDGAR signal
2026-04-27 18:40:52,284 [EDGAR] INFO - [55/300] AAA RUTHER CONSTRUCTION (CO) — 6d
2026-04-27 18:40:55,110 [EDGAR] INFO -   ⚪ No EDGAR signal
2026-04-27 18:40:57,499 [EDGAR] INFO - [56/300] SLL ENGRAVING LLC (CT) — 6d
2026-04-27 18:41:00,335 [EDGAR] INFO -   ⚪ No EDGAR signal
2026-04-27 18:41:02,117 [EDGAR] INFO - [57/300] CENTER FOR HOLISTIC HEALTHCARE, PLLC (CT) — 6d
2026-04-27 18:41:04,946 [EDGAR] INFO -   ⚪ No EDGAR signal
2026-04-27 18:41:07,288 [EDGAR] INFO - [58/300] DJD MILFORD CAFE, LLC (CT) — 6d
2026-04-27 18:41:10,786 [EDGAR] INFO -   ⚪ No EDGAR signal
2026-04-27 18:41:12,506 [EDGAR] INFO - [59/300] GOAT IN BOOTS, LLC (CT) — 6d
2026-04-27 18:41:15,456 [EDGAR] INFO -   ⚪ No EDGAR signal
2026-04-27 18:41:17,199 [EDGAR] INFO - [60/300] ADVANCED TREE SOLUTIONS OF CONNECTICUT, LLC (CT) — 6d
2026-04-27 18:41:20,418 [EDGAR] INFO -   ⚪ No EDGAR signal
2026-04-27 18:41:22,867 [EDGAR] INFO - [61/300] BERGEVIN PRECISION LLC (CT) — 6d
2026-04-27 18:41:26,233 [EDGAR] INFO -   ⚪ No EDGAR signal
2026-04-27 18:41:28,708 [EDGAR] INFO - [62/300] P & H CONSTRUCTION AND SEPTIC SERVICE, LLC (CT) — 6d
2026-04-27 18:41:34,539 [EDGAR] INFO -   ⚪ No EDGAR signal
2026-04-27 18:41:36,712 [EDGAR] INFO - [63/300] SVL LLC (CT) — 6d
2026-04-27 18:41:39,007 [EDGAR] INFO -   ⚪ No EDGAR signal
2026-04-27 18:41:40,863 [EDGAR] INFO - [64/300] DARIEN LAWN & TREE CARE, INC. (CT) — 6d
2026-04-27 18:41:47,222 [EDGAR] INFO -   ⚪ No EDGAR signal
2026-04-27 18:41:49,456 [EDGAR] INFO - [65/300] RW REMODELING SERVICES, LLC (CT) — 6d
2026-04-27 18:41:54,281 [EDGAR] INFO -   ⚪ No EDGAR signal
2026-04-27 18:41:55,845 [EDGAR] INFO - [66/300] THE CENTER FOR GASTROINTESTINAL MEDICINE, P.C. (CT) — 7d
2026-04-27 18:42:00,036 [EDGAR] INFO -   ⚪ No EDGAR signal
2026-04-27 18:42:02,522 [EDGAR] INFO - [67/300] VIP ON 6 LLC (CT) — 7d
2026-04-27 18:42:06,779 [EDGAR] INFO -   ⚪ No EDGAR signal
2026-04-27 18:42:09,190 [EDGAR] INFO - [68/300] ROYAL ELECTRICAL SERVICES, INC. (CO) — 8d
2026-04-27 18:42:14,333 [EDGAR] INFO -   ⚪ No EDGAR signal
2026-04-27 18:42:16,120 [EDGAR] INFO - [69/300] AJ WASTE SYSTEMS, LLC (CT) — 8d
2026-04-27 18:42:20,463 [EDGAR] INFO -   ⚪ No EDGAR signal
2026-04-27 18:42:22,752 [EDGAR] INFO - [70/300] CAMM METALS, INC. (CT) — 8d
2026-04-27 18:42:25,909 [EDGAR] INFO -   ⚪ No EDGAR signal
2026-04-27 18:42:27,651 [EDGAR] INFO - [71/300] LOMBARDO ENTERPRISE, L.L.C. (CT) — 9d
2026-04-27 18:42:30,735 [EDGAR] INFO -   ⚪ No EDGAR signal
2026-04-27 18:42:32,437 [EDGAR] INFO - [72/300] RICHARD MARK STEVENS (CT) — 9d
2026-04-27 18:42:35,737 [EDGAR] INFO -   ⚪ No EDGAR signal
2026-04-27 18:42:38,123 [EDGAR] INFO - [73/300] THE CHARLES J. ANGELO MANUFACTURING GROUP, LLC (CT) — 9d
2026-04-27 18:42:41,367 [EDGAR] INFO -   ⚪ No EDGAR signal
2026-04-27 18:42:43,751 [EDGAR] INFO - [74/300] AFFINITY BEVERAGES, INC. (CT) — 9d
2026-04-27 18:42:47,383 [EDGAR] INFO -   ⚪ No EDGAR signal
2026-04-27 18:42:49,089 [EDGAR] INFO - [75/300] CAPASSO LANDSCAPING, LLC (CT) — 9d
2026-04-27 18:42:53,871 [EDGAR] INFO -   ⚪ No EDGAR signal
2026-04-27 18:42:56,204 [EDGAR] INFO - [76/300] STELRAY PLASTIC PRODUCTS, INCORPORATED (CT) — 9d
2026-04-27 18:43:01,103 [EDGAR] INFO -   ⚪ No EDGAR signal
2026-04-27 18:43:03,090 [EDGAR] INFO - [77/300] NEXUS GOLF, LLC (CT) — 9d
2026-04-27 18:43:05,761 [EDGAR] INFO -   ⚪ No EDGAR signal
2026-04-27 18:43:07,465 [EDGAR] INFO - [78/300] B AND B TRANSPORTATION, INC. (CT) — 9d
2026-04-27 18:43:16,099 [EDGAR] INFO -   ⚪ No EDGAR signal
2026-04-27 18:43:17,807 [EDGAR] INFO - [79/300] SQUIRREL ENTERPRISES, INC. (CT) — 9d
2026-04-27 18:43:20,193 [EDGAR] INFO -   ⚪ No EDGAR signal
2026-04-27 18:43:22,222 [EDGAR] INFO - [80/300] LIBERTY AUTO AND ELECTRIC COMPANY THE (CT) — 9d
2026-04-27 18:43:27,261 [EDGAR] INFO -   ⚪ No EDGAR signal
2026-04-27 18:43:29,184 [EDGAR] INFO - [81/300] TODDS TREE SERVICE LLC (CT) — 9d
2026-04-27 18:43:32,000 [EDGAR] INFO -   ⚪ No EDGAR signal
2026-04-27 18:43:33,856 [EDGAR] INFO - [82/300] FC DEVELOPMENT, CORP. (CT) — 9d
2026-04-27 18:43:39,923 [EDGAR] INFO -   ⚪ No EDGAR signal
2026-04-27 18:43:41,452 [EDGAR] INFO - [83/300] MCVAC ENVIRONMENTAL SERVICES, INC. (CT) — 9d
2026-04-27 18:43:46,407 [EDGAR] INFO -   ⚪ No EDGAR signal
2026-04-27 18:43:48,152 [EDGAR] INFO - [84/300] COLGLAZIER LIVESTOCK, INC. (CO) — 10d
2026-04-27 18:43:50,772 [EDGAR] INFO -   ⚪ No EDGAR signal
2026-04-27 18:43:52,809 [EDGAR] INFO - [85/300] SAFETYGEAR CORPORATION (CO) — 10d
2026-04-27 18:43:56,026 [EDGAR] INFO -   ⚪ No EDGAR signal
2026-04-27 18:43:58,144 [EDGAR] INFO - [86/300] AXIS ELECTRICAL SERVICES LLC (CO) — 10d
2026-04-27 18:44:01,435 [EDGAR] INFO -   ⚪ No EDGAR signal
2026-04-27 18:44:03,773 [EDGAR] INFO - [87/300] EML MASONRY & LANDSCAPING SERVICES LLC (CT) — 10d
2026-04-27 18:44:07,068 [EDGAR] INFO -   ⚪ No EDGAR signal
2026-04-27 18:44:08,926 [EDGAR] INFO - [88/300] NELSON'S AUTOMOTIVE SERVICE CENTER, LLC (CT) — 10d
2026-04-27 18:44:13,711 [EDGAR] INFO -   ⚪ No EDGAR signal
2026-04-27 18:44:15,932 [EDGAR] INFO - [89/300] INLINE PLASTICS CORP. (CT) — 10d
2026-04-27 18:44:18,695 [EDGAR] INFO -   ⚪ No EDGAR signal
2026-04-27 18:44:20,691 [EDGAR] INFO - [90/300] POWERSCREEN CONNECTICUT INC. (CT) — 10d
2026-04-27 18:44:24,685 [EDGAR] INFO -   ⚪ No EDGAR signal
2026-04-27 18:44:26,864 [EDGAR] INFO - [91/300] FOX INSTITUTE OF BUSINESS, INC. (NJ) — 10d
2026-04-27 18:44:30,339 [EDGAR] INFO -   ⚪ No EDGAR signal
2026-04-27 18:44:32,107 [EDGAR] INFO - [92/300] RT. 44 AUTO SALES AND REPAIRS, LLC (CT) — 10d
2026-04-27 18:44:35,004 [EDGAR] INFO -   ⚪ No EDGAR signal
2026-04-27 18:44:37,135 [EDGAR] INFO - [93/300] J.C.S. CONSTRUCTION, LLC (CT) — 10d
2026-04-27 18:44:41,348 [EDGAR] INFO -   ⚪ No EDGAR signal
2026-04-27 18:44:43,593 [EDGAR] INFO - [94/300] DARIEN LAWN & TREE CARE, INC. (CT) — 10d
2026-04-27 18:44:48,330 [EDGAR] INFO -   ⚪ No EDGAR signal
2026-04-27 18:44:50,632 [EDGAR] INFO - [95/300] RT. 44 AUTO SALES AND REPAIR, LLC (CT) — 10d
2026-04-27 18:44:55,555 [EDGAR] INFO -   ⚪ No EDGAR signal
2026-04-27 18:44:57,596 [EDGAR] INFO - [96/300] ABLE TOOL & EQUIPMENT, LLC (CT) — 10d
2026-04-27 18:45:01,193 [EDGAR] INFO -   ⚪ No EDGAR signal
2026-04-27 18:45:03,575 [EDGAR] INFO - [97/300] RAGOZZINO FOODS, INC. (CT) — 10d
2026-04-27 18:45:08,103 [EDGAR] INFO -   ⚪ No EDGAR signal
2026-04-27 18:45:10,145 [EDGAR] INFO - [98/300] TALLWOOD COUNTRY CLUB (CT) — 10d
2026-04-27 18:45:14,360 [EDGAR] INFO -   ⚪ No EDGAR signal
2026-04-27 18:45:16,697 [EDGAR] INFO - [99/300] BLOCK 235 DEVELOPMENT ASSOCIATES, LLC (CT) — 11d
2026-04-27 18:45:19,979 [EDGAR] INFO -   ⚪ No EDGAR signal
2026-04-27 18:45:21,899 [EDGAR] INFO - [100/300] MEAT KING LLC (NH) — 11d
2026-04-27 18:45:25,370 [EDGAR] INFO -   ⚪ No EDGAR signal
2026-04-27 18:45:27,645 [EDGAR] INFO - [101/300] AMEC REFUSE, LLC (CT) — 11d
2026-04-27 18:45:31,275 [EDGAR] INFO -   ⚪ No EDGAR signal
2026-04-27 18:45:33,019 [EDGAR] INFO - [102/300] STONINGTON MARINE TRANSPORT, LLC (CT) — 11d
2026-04-27 18:45:36,130 [EDGAR] INFO -   ⚪ No EDGAR signal
2026-04-27 18:45:37,923 [EDGAR] INFO - [103/300] CREATIVE EXTERIORS, LLC (CT) — 11d
2026-04-27 18:45:41,538 [EDGAR] INFO -   ⚪ No EDGAR signal
2026-04-27 18:45:43,490 [EDGAR] INFO - [104/300] CONNECTICUT PIE INC. (MA) — 11d
2026-04-27 18:45:46,032 [EDGAR] INFO -   ⚪ No EDGAR signal
2026-04-27 18:45:47,897 [EDGAR] INFO - [105/300] NATIONAL CHURCH RESIDENCES OF STAMFORD, CT., INC. (OH) — 11d
2026-04-27 18:45:50,608 [EDGAR] INFO -   ⚪ No EDGAR signal
2026-04-27 18:45:52,591 [EDGAR] INFO - [106/300] HARTFORD PRESS, INC. THE (CT) — 11d
2026-04-27 18:45:55,379 [EDGAR] INFO -   ⚪ No EDGAR signal
2026-04-27 18:45:57,342 [EDGAR] INFO - [107/300] PHARMSCRIPT OF CT LLC (NJ) — 11d
2026-04-27 18:46:01,279 [EDGAR] INFO -   ⚪ No EDGAR signal
2026-04-27 18:46:03,434 [EDGAR] INFO - [108/300] THE LANE CONSTRUCTION CORPORATION (WA) — 12d
2026-04-27 18:46:07,023 [EDGAR] INFO -   ⚪ No EDGAR signal
2026-04-27 18:46:08,756 [EDGAR] INFO - [109/300] SUNWEALTH PROJECT POOL 14 LLC (MA) — 12d
2026-04-27 18:46:12,379 [EDGAR] INFO -   ⚪ No EDGAR signal
2026-04-27 18:46:14,360 [EDGAR] INFO - [110/300] THE WINTON BUILDING LLC (CT) — 12d
2026-04-27 18:46:17,468 [EDGAR] INFO -   ⚪ No EDGAR signal
2026-04-27 18:46:19,427 [EDGAR] INFO - [111/300] CONNECTICUT GOLF CLUB, INCORPORATED THE (CT) — 12d
2026-04-27 18:46:23,594 [EDGAR] INFO -   ⚪ No EDGAR signal
2026-04-27 18:46:25,326 [EDGAR] INFO - [112/300] AMEC CARTING, LLC (CT) — 12d
2026-04-27 18:46:29,887 [EDGAR] INFO -   ⚪ No EDGAR signal
2026-04-27 18:46:32,067 [EDGAR] INFO - [113/300] JM TIROLLO INC (CT) — 12d
2026-04-27 18:46:35,705 [EDGAR] INFO -   ⚪ No EDGAR signal
2026-04-27 18:46:37,980 [EDGAR] INFO - [114/300] TSMINOR ENTERPRISES LLC (CT) — 12d
2026-04-27 18:46:41,541 [EDGAR] INFO -   ⚪ No EDGAR signal
2026-04-27 18:46:43,751 [EDGAR] INFO - [115/300] EAST COAST PRECISION MANUFACTURING, LLC (CT) — 12d
2026-04-27 18:46:46,863 [EDGAR] INFO -   ⚪ No EDGAR signal
2026-04-27 18:46:48,493 [EDGAR] INFO - [116/300] RCL THOMPSON LLC (CT) — 12d
2026-04-27 18:46:51,423 [EDGAR] INFO -   ⚪ No EDGAR signal
2026-04-27 18:46:53,758 [EDGAR] INFO - [117/300] KELLER BROTHERS TREE CARE, LLC (CT) — 12d
2026-04-27 18:46:56,737 [EDGAR] INFO -   ⚪ No EDGAR signal
2026-04-27 18:46:58,278 [EDGAR] INFO - [118/300] INCORPORATED INDUSTRIES, LLC (CT) — 12d
2026-04-27 18:47:01,745 [EDGAR] INFO -   ⚪ No EDGAR signal
2026-04-27 18:47:04,153 [EDGAR] INFO - [119/300] RICHARDS CORPORATION (CT) — 13d
2026-04-27 18:47:08,144 [EDGAR] INFO -   ⚪ No EDGAR signal
2026-04-27 18:47:10,266 [EDGAR] INFO - [120/300] NEW YORK VASCULAR GROUP, PLLC (NY) — 13d
2026-04-27 18:47:13,021 [EDGAR] INFO -   ⚪ No EDGAR signal
2026-04-27 18:47:15,496 [EDGAR] INFO - [121/300] BEGLEY LANDSCAPING, INC. (CT) — 13d
2026-04-27 18:47:21,413 [EDGAR] INFO -   ⚪ No EDGAR signal
2026-04-27 18:47:23,329 [EDGAR] INFO - [122/300] TOWN OF SOUTH WINDSOR (CT) — 13d
2026-04-27 18:47:26,455 [EDGAR] INFO -   ⚪ No EDGAR signal
2026-04-27 18:47:28,604 [EDGAR] INFO - [123/300] CITY OF DANBURY, CT (CT) — 15d
2026-04-27 18:47:34,033 [EDGAR] INFO -   ⚪ No EDGAR signal
2026-04-27 18:47:36,069 [EDGAR] INFO - [124/300] CLIMATE ENGINEERING TRUCK & TRAILER REFRIGERATION, INC. (MA) — 15d
2026-04-27 18:47:40,260 [EDGAR] INFO -   ⚪ No EDGAR signal
2026-04-27 18:47:41,904 [EDGAR] INFO - [125/300] ROBINSON & COLE LLP (CT) — 15d
2026-04-27 18:47:47,827 [EDGAR] INFO -   ⚪ No EDGAR signal
2026-04-27 18:47:49,840 [EDGAR] INFO - [126/300] SOMERSET CAPITAL GROUP, LTD. (CT) — 16d
2026-04-27 18:47:54,572 [EDGAR] INFO -   ⚪ No EDGAR signal
2026-04-27 18:47:56,491 [EDGAR] INFO - [127/300] M AND E TRANSPORTATION, LLC (CT) — 16d
2026-04-27 18:48:04,701 [EDGAR] INFO -   ⚪ No EDGAR signal
2026-04-27 18:48:07,036 [EDGAR] INFO - [128/300] ACHIEVEMENT FIRST, LLC (CT) — 16d
2026-04-27 18:48:10,256 [EDGAR] INFO -   ⚪ No EDGAR signal
2026-04-27 18:48:11,869 [EDGAR] INFO - [129/300] HUBBELL INCORPORATED (CT) — 16d
2026-04-27 18:48:14,432 [EDGAR] INFO -   ⚪ No EDGAR signal
2026-04-27 18:48:16,322 [EDGAR] INFO - [130/300] BROOKFIELD INDUSTRIES, INC. (CT) — 16d
2026-04-27 18:48:22,959 [EDGAR] INFO -   ⚪ No EDGAR signal
2026-04-27 18:48:24,567 [EDGAR] INFO - [131/300] STRATEGIC COMMERCIAL REALTY, INC. (CT) — 16d
2026-04-27 18:48:28,013 [EDGAR] INFO -   ⚪ No EDGAR signal
2026-04-27 18:48:29,593 [EDGAR] INFO - [132/300] BRUCE PARK EMBROIDERY, LLC (CT) — 16d
2026-04-27 18:48:32,630 [EDGAR] INFO -   ⚪ No EDGAR signal
2026-04-27 18:48:34,691 [EDGAR] INFO - [133/300] SQUIRREL ENTERPRISES, INC. (CT) — 16d
2026-04-27 18:48:37,653 [EDGAR] INFO -   ⚪ No EDGAR signal
2026-04-27 18:48:40,119 [EDGAR] INFO - [134/300] TOMZ CORPORATION (CT) — 16d
2026-04-27 18:48:42,844 [EDGAR] INFO -   ⚪ No EDGAR signal
2026-04-27 18:48:44,694 [EDGAR] INFO - [135/300] PRIME ENERGY, LLC (CT) — 16d
2026-04-27 18:48:48,112 [EDGAR] INFO -   ⚪ No EDGAR signal
2026-04-27 18:48:49,991 [EDGAR] INFO - [136/300] SMITTY'S TRUCKING, LLC (CT) — 16d
2026-04-27 18:48:53,488 [EDGAR] INFO -   ⚪ No EDGAR signal
2026-04-27 18:48:55,504 [EDGAR] INFO - [137/300] CATO CORNER FARM, LLC (CT) — 16d
2026-04-27 18:48:59,628 [EDGAR] INFO -   ⚪ No EDGAR signal
2026-04-27 18:49:01,633 [EDGAR] INFO - [138/300] SPACE OPTIMIZATION SOLUTIONS LLC (CT) — 16d
2026-04-27 18:49:04,925 [EDGAR] INFO -   ⚪ No EDGAR signal
2026-04-27 18:49:06,651 [EDGAR] INFO - [139/300] SOMERSET CAPITAL GROUP, LTD. (CT) — 16d
2026-04-27 18:49:10,078 [EDGAR] INFO -   ⚪ No EDGAR signal
2026-04-27 18:49:12,092 [EDGAR] INFO - [140/300] NEW DAY REFUSE AND RECYCLING LLC (CT) — 16d
2026-04-27 18:49:16,173 [EDGAR] INFO -   ⚪ No EDGAR signal
2026-04-27 18:49:18,521 [EDGAR] INFO - [141/300] PIERCE BUILDERS, INC. (CT) — 16d
2026-04-27 18:49:22,189 [EDGAR] INFO -   ⚪ No EDGAR signal
2026-04-27 18:49:23,791 [EDGAR] INFO - [142/300] O&C ENTERPRISES LLC (CT) — 16d
2026-04-27 18:49:31,307 [EDGAR] INFO -   ⚪ No EDGAR signal
2026-04-27 18:49:33,067 [EDGAR] INFO - [143/300] H & H HOLDINGS, LLC (CT) — 16d
2026-04-27 18:49:39,365 [EDGAR] INFO -   ⚪ No EDGAR signal
2026-04-27 18:49:41,825 [EDGAR] INFO - [144/300] GRANBY DENTAL CENTER LLC (CT) — 16d
2026-04-27 18:49:45,900 [EDGAR] INFO -   ⚪ No EDGAR signal
2026-04-27 18:49:47,711 [EDGAR] INFO - [145/300] WASHINGTON BUILDERS LLC (CT) — 16d
2026-04-27 18:49:52,014 [EDGAR] INFO -   ⚪ No EDGAR signal
2026-04-27 18:49:53,914 [EDGAR] INFO - [146/300] BAJA ZEN LLC (CT) — 16d
2026-04-27 18:49:57,670 [EDGAR] INFO -   ⚪ No EDGAR signal
2026-04-27 18:49:59,613 [EDGAR] INFO - [147/300] HOBSON ASSOCIATES (CT) — 16d
2026-04-27 18:50:04,388 [EDGAR] INFO -   ⚪ No EDGAR signal
2026-04-27 18:50:06,707 [EDGAR] INFO - [148/300] STRATEGIC COMMERCIAL REALTY, INC. (CT) — 16d
2026-04-27 18:50:09,964 [EDGAR] INFO -   ⚪ No EDGAR signal
2026-04-27 18:50:12,068 [EDGAR] INFO - [149/300] SCG CAPITAL CORPORATION (CT) — 16d
2026-04-27 18:50:15,481 [EDGAR] INFO -   ⚪ No EDGAR signal
2026-04-27 18:50:17,101 [EDGAR] INFO - [150/300] MOTHER LAND MARKET, LLC (CT) — 16d
2026-04-27 18:50:20,890 [EDGAR] INFO -   ⚪ No EDGAR signal
2026-04-27 18:50:23,141 [EDGAR] INFO - [151/300] RAY BROTHERS CONSTRUCTION LLC (CT) — 16d
2026-04-27 18:50:27,648 [EDGAR] INFO -   ⚪ No EDGAR signal
2026-04-27 18:50:29,937 [EDGAR] INFO - [152/300] PUTNAM LEASING COMPANY I, LLC (CT) — 17d
2026-04-27 18:50:33,181 [EDGAR] INFO -   ⚪ No EDGAR signal
2026-04-27 18:50:35,147 [EDGAR] INFO - [153/300] PUTNAM LEASING COMPANY I, LLC (CT) — 17d
2026-04-27 18:50:38,268 [EDGAR] INFO -   ⚪ No EDGAR signal
2026-04-27 18:50:40,220 [EDGAR] INFO - [154/300] SKUNGAMAUG CLUBS, INC (CT) — 17d
2026-04-27 18:50:44,355 [EDGAR] INFO -   ⚪ No EDGAR signal
2026-04-27 18:50:46,543 [EDGAR] INFO - [155/300] GUILTEC DEVELOPMENT, LLC (CT) — 17d
2026-04-27 18:50:50,476 [EDGAR] INFO -   ⚪ No EDGAR signal
2026-04-27 18:50:52,966 [EDGAR] INFO - [156/300] DARCARS OF RAILROAD AVENUE, INC. (CT) — 17d
2026-04-27 18:50:56,261 [EDGAR] INFO -   ⚪ No EDGAR signal
2026-04-27 18:50:58,013 [EDGAR] INFO - [157/300] SUPERIOR, INC. (CT) — 17d
2026-04-27 18:51:08,702 [EDGAR] INFO -   ⚪ No EDGAR signal
2026-04-27 18:51:10,978 [EDGAR] INFO - [158/300] ALLIANCE STAFFING OF CT, LLC (CT) — 17d
2026-04-27 18:51:18,007 [EDGAR] INFO -   ⚪ No EDGAR signal
2026-04-27 18:51:19,719 [EDGAR] INFO - [159/300] PUTNAM LEASING COMPANY I, LLC (CT) — 17d
2026-04-27 18:51:22,814 [EDGAR] INFO -   ⚪ No EDGAR signal
2026-04-27 18:51:24,657 [EDGAR] INFO - [160/300] CEDAR RIDGE CONSTRUCTION, LLC (CT) — 17d
2026-04-27 18:51:27,288 [EDGAR] INFO -   ⚪ No EDGAR signal
2026-04-27 18:51:29,468 [EDGAR] INFO - [161/300] DARCARS OF RAILROAD AVENUE, INC. (CT) — 17d
2026-04-27 18:51:32,499 [EDGAR] INFO -   ⚪ No EDGAR signal
2026-04-27 18:51:34,491 [EDGAR] INFO - [162/300] W.M. DAVIS CONSTRUCTION, LLC (CO) — 18d
2026-04-27 18:51:37,532 [EDGAR] INFO -   ⚪ No EDGAR signal
2026-04-27 18:51:39,290 [EDGAR] INFO - [163/300] AREA COOPERATIVE EDUCATIONAL SERVICES CORPORATION (CT) — 18d
2026-04-27 18:51:42,850 [EDGAR] INFO -   ⚪ No EDGAR signal
2026-04-27 18:51:45,206 [EDGAR] INFO - [164/300] ASPETUCK TREE & LANDSCAPE, LLC (CT) — 18d
2026-04-27 18:51:48,567 [EDGAR] INFO -   ⚪ No EDGAR signal
2026-04-27 18:51:50,977 [EDGAR] INFO - [165/300] SHADMIT, LLC (CT) — 18d
2026-04-27 18:51:54,588 [EDGAR] INFO -   ⚪ No EDGAR signal
2026-04-27 18:51:56,459 [EDGAR] INFO - [166/300] CMMD, LLC (CT) — 18d
2026-04-27 18:52:00,189 [EDGAR] INFO -   ⚪ No EDGAR signal
2026-04-27 18:52:02,313 [EDGAR] INFO - [167/300] OCEAN 90 DELAWARE LLC (CT) — 18d
2026-04-27 18:52:05,625 [EDGAR] INFO -   ⚪ No EDGAR signal
2026-04-27 18:52:08,031 [EDGAR] INFO - [168/300] FLEXO CONVERTERS MERIDEN, INC. (CT) — 18d
2026-04-27 18:52:11,376 [EDGAR] INFO -   ⚪ No EDGAR signal
2026-04-27 18:52:13,426 [EDGAR] INFO - [169/300] BOZZUTO ASSOCIATES, INC. (CT) — 18d
2026-04-27 18:52:17,332 [EDGAR] INFO -   ⚪ No EDGAR signal
2026-04-27 18:52:18,954 [EDGAR] INFO - [170/300] ALCAIDE, INC. (CT) — 18d
2026-04-27 18:52:23,334 [EDGAR] INFO -   ⚪ No EDGAR signal
2026-04-27 18:52:25,206 [EDGAR] INFO - [171/300] MED-CAIRE, INC. (CT) — 18d
2026-04-27 18:52:29,511 [EDGAR] INFO -   ⚪ No EDGAR signal
2026-04-27 18:52:31,306 [EDGAR] INFO - [172/300] EASTERN TRANSFER STATION LLC (CT) — 18d
2026-04-27 18:52:35,158 [EDGAR] INFO -   ⚪ No EDGAR signal
2026-04-27 18:52:37,552 [EDGAR] INFO - [173/300] DISTINCTIVE GARDENS & TREE CARE LLC (CT) — 18d
2026-04-27 18:52:41,742 [EDGAR] INFO -   ⚪ No EDGAR signal
2026-04-27 18:52:43,570 [EDGAR] INFO - [174/300] BUDGET TREE AND STUMP REMOVAL LLC (CT) — 18d
2026-04-27 18:52:47,815 [EDGAR] INFO -   ⚪ No EDGAR signal
2026-04-27 18:52:49,785 [EDGAR] INFO - [175/300] MICHAEL'S ONE STOP VARIETY STORE, LLC (CT) — 18d
2026-04-27 18:52:52,731 [EDGAR] INFO -   ⚪ No EDGAR signal
2026-04-27 18:52:54,308 [EDGAR] INFO - [176/300] CENTRAL CONNECTICUT RESOURCE RECOVERY, LLC (CT) — 18d
2026-04-27 18:52:58,194 [EDGAR] INFO -   ⚪ No EDGAR signal
2026-04-27 18:53:00,671 [EDGAR] INFO - [177/300] ELITE EQUITY REALTY LLC (CT) — 18d
2026-04-27 18:53:04,250 [EDGAR] INFO -   ⚪ No EDGAR signal
2026-04-27 18:53:06,327 [EDGAR] INFO - [178/300] CIGNA HEALTH AND LIFE INSURANCE COMPANY (CT) — 18d
2026-04-27 18:53:09,055 [EDGAR] INFO -   ⚪ No EDGAR signal
2026-04-27 18:53:10,893 [EDGAR] INFO - [179/300] CLEAN CUT LANDSCAPING, L.L.C. (CT) — 18d
2026-04-27 18:53:13,740 [EDGAR] INFO -   ⚪ No EDGAR signal
2026-04-27 18:53:15,372 [EDGAR] INFO - [180/300] TAUCHE CAPITAL, LLC (CT) — 18d
2026-04-27 18:53:18,661 [EDGAR] INFO -   ⚪ No EDGAR signal
2026-04-27 18:53:20,180 [EDGAR] INFO - [181/300] MANCINI REALTY LLC (CT) — 18d
2026-04-27 18:53:23,805 [EDGAR] INFO -   ⚪ No EDGAR signal
2026-04-27 18:53:25,383 [EDGAR] INFO - [182/300] FERRARILAWN & LANDSCAPE, LLC (CT) — 18d
2026-04-27 18:53:28,572 [EDGAR] INFO -   ⚪ No EDGAR signal
2026-04-27 18:53:30,424 [EDGAR] INFO - [183/300] NUMBERS LOGISTICS LTD LIABILITY CO (CT) — 18d
2026-04-27 18:53:34,850 [EDGAR] INFO -   ⚪ No EDGAR signal
2026-04-27 18:53:36,938 [EDGAR] INFO - [184/300] QUALEY LANDSCAPE AND TREE SERVICE INC. (CT) — 18d
2026-04-27 18:53:40,014 [EDGAR] INFO -   ⚪ No EDGAR signal
2026-04-27 18:53:42,031 [EDGAR] INFO - [185/300] "BIG ONE TRANSPORTATION LLC" (CT) — 18d
2026-04-27 18:53:45,271 [EDGAR] INFO -   ⚪ No EDGAR signal
2026-04-27 18:53:47,721 [EDGAR] INFO - [186/300] HARKENS GARDEN CENTER & LANDSCAPE SUPPLY, LLC (CT) — 18d
2026-04-27 18:53:50,650 [EDGAR] INFO -   ⚪ No EDGAR signal
2026-04-27 18:53:52,301 [EDGAR] INFO - [187/300] SCG CAPITAL CORPORATION (CT) — 18d
2026-04-27 18:53:56,302 [EDGAR] INFO -   ⚪ No EDGAR signal
2026-04-27 18:53:58,351 [EDGAR] INFO - [188/300] HQ DUMPSTERS & RECYCLING, LLC (CT) — 18d
2026-04-27 18:54:01,851 [EDGAR] INFO -   ⚪ No EDGAR signal
2026-04-27 18:54:04,163 [EDGAR] INFO - [189/300] PARKER KIPP A (CO) — 19d
2026-04-27 18:54:08,103 [EDGAR] INFO -   ⚪ No EDGAR signal
2026-04-27 18:54:09,695 [EDGAR] INFO - [190/300] CENTRAL PROPERTY SERVICES, LLC (CT) — 19d
2026-04-27 18:54:13,648 [EDGAR] INFO -   ⚪ No EDGAR signal
2026-04-27 18:54:15,814 [EDGAR] INFO - [191/300] DREW MARINE USA, INC (CT) — 19d
2026-04-27 18:54:18,757 [EDGAR] INFO -   ⚪ No EDGAR signal
2026-04-27 18:54:20,616 [EDGAR] INFO - [192/300] A.R.M.E.S. FARM, LLC (CT) — 19d
2026-04-27 18:54:23,734 [EDGAR] INFO -   ⚪ No EDGAR signal
2026-04-27 18:54:25,997 [EDGAR] INFO - [193/300] MOORE TOOL COMPANY, INC. (CT) — 19d
2026-04-27 18:54:29,554 [EDGAR] INFO -   ⚪ No EDGAR signal
2026-04-27 18:54:31,863 [EDGAR] INFO - [194/300] GUILIN CONSTRUCTION LLC (CT) — 20d
2026-04-27 18:54:35,489 [EDGAR] INFO -   ⚪ No EDGAR signal
2026-04-27 18:54:37,790 [EDGAR] INFO - [195/300] PUTNAM LEASING COMPANY I, LLC (CT) — 20d
2026-04-27 18:54:40,601 [EDGAR] INFO -   ⚪ No EDGAR signal
2026-04-27 18:54:42,624 [EDGAR] INFO - [196/300] ATLAS RESIDENTIAL AND COMMERCIAL SERVICES, LLC (CT) — 20d
2026-04-27 18:54:48,049 [EDGAR] INFO -   ⚪ No EDGAR signal
2026-04-27 18:54:49,804 [EDGAR] INFO - [197/300] POWERSCREEN CONNECTICUT INC. (CT) — 20d
2026-04-27 18:54:54,991 [EDGAR] INFO -   ⚪ No EDGAR signal
2026-04-27 18:54:57,146 [EDGAR] INFO - [198/300] URGENT CARE MEDICAL ASSOCIATES, LLC (CT) — 20d
2026-04-27 18:55:00,496 [EDGAR] INFO -   ⚪ No EDGAR signal
2026-04-27 18:55:02,417 [EDGAR] INFO - [199/300] PINEWOOD LANDSCAPING LLC (CT) — 20d
2026-04-27 18:55:05,409 [EDGAR] INFO -   ⚪ No EDGAR signal
2026-04-27 18:55:07,872 [EDGAR] INFO - [200/300] CHERENZIA EXCAVATING INC (CT) — 20d
2026-04-27 18:55:12,005 [EDGAR] INFO -   ⚪ No EDGAR signal
2026-04-27 18:55:13,526 [EDGAR] INFO - [201/300] ELM CITY WRECKING, INC. (CT) — 20d
2026-04-27 18:55:19,809 [EDGAR] INFO -   ⚪ No EDGAR signal
2026-04-27 18:55:21,440 [EDGAR] INFO - [202/300] PERCO, INC. (CT) — 20d
2026-04-27 18:55:27,378 [EDGAR] INFO -   ⚪ No EDGAR signal
2026-04-27 18:55:28,908 [EDGAR] INFO - [203/300] ALL STAR FUELS LLC (CT) — 20d
2026-04-27 18:55:31,377 [EDGAR] INFO -   ⚪ No EDGAR signal
2026-04-27 18:55:33,188 [EDGAR] INFO - [204/300] GFELLER LAURIE LLP (CT) — 20d
2026-04-27 18:55:37,028 [EDGAR] INFO -   ⚪ No EDGAR signal
2026-04-27 18:55:39,290 [EDGAR] INFO - [205/300] PRISCILLA LACY PRESENTS WOODYS 007 WINGS LLC (CT) — 20d
2026-04-27 18:55:43,380 [EDGAR] INFO -   ⚪ No EDGAR signal
2026-04-27 18:55:45,654 [EDGAR] INFO - [206/300] KJR TRUCKING LLC (CT) — 20d
2026-04-27 18:55:48,874 [EDGAR] INFO -   ⚪ No EDGAR signal
2026-04-27 18:55:50,448 [EDGAR] INFO - [207/300] ROAD SERVICE LLC (CT) — 20d
2026-04-27 18:55:53,921 [EDGAR] INFO -   ⚪ No EDGAR signal
2026-04-27 18:55:55,496 [EDGAR] INFO - [208/300] LLC (CT) — 20d
2026-04-27 18:55:57,525 [EDGAR] INFO -   ⚪ No EDGAR signal
2026-04-27 18:55:59,699 [EDGAR] INFO - [209/300] FALCON PHYSICAL THERAPY AND FITNESS, PLLC (CO) — 21d
2026-04-27 18:56:04,564 [EDGAR] INFO -   ⚪ No EDGAR signal
2026-04-27 18:56:06,446 [EDGAR] INFO - [210/300] ECARS (CA) — 21d
2026-04-27 18:56:10,538 [EDGAR] INFO -   ⚪ No EDGAR signal
2026-04-27 18:56:12,460 [EDGAR] INFO - [211/300] VIESELMEYER, DALE A (CO) — 22d
2026-04-27 18:56:16,104 [EDGAR] INFO -   ⚪ No EDGAR signal
2026-04-27 18:56:18,180 [EDGAR] INFO - [212/300] SCOTT BALING SERVICES, LLC (CO) — 22d
2026-04-27 18:56:22,445 [EDGAR] INFO -   ⚪ No EDGAR signal
2026-04-27 18:56:24,423 [EDGAR] INFO - [213/300] JOSLIN QUINN AND CO. LLC (CT) — 22d
2026-04-27 18:56:29,985 [EDGAR] INFO -   ⚪ No EDGAR signal
2026-04-27 18:56:32,357 [EDGAR] INFO - [214/300] BERKSHIRE AUTO SALES AND SERVICE, INC. (CT) — 22d
2026-04-27 18:56:36,467 [EDGAR] INFO -   ⚪ No EDGAR signal
2026-04-27 18:56:38,919 [EDGAR] INFO - [215/300] TURBINE TECHNOLOGIES, INC. (CT) — 22d
2026-04-27 18:56:42,663 [EDGAR] INFO -   ⚪ No EDGAR signal
2026-04-27 18:56:44,722 [EDGAR] INFO - [216/300] RAMPART PLUMBING & HEATING SUPPLY (CO) — 23d
2026-04-27 18:56:50,314 [EDGAR] INFO -   ⚪ No EDGAR signal
2026-04-27 18:56:52,629 [EDGAR] INFO - [217/300] CHATFIELD POWER EQUIPMENT CO., INC. (CT) — 23d
2026-04-27 18:56:57,206 [EDGAR] INFO -   ⚪ No EDGAR signal
2026-04-27 18:56:59,290 [EDGAR] INFO - [218/300] PLAZA REALTY AND MANAGEMENT CORPORATION (CT) — 23d
2026-04-27 18:57:05,080 [EDGAR] INFO -   ⚪ No EDGAR signal
2026-04-27 18:57:07,260 [EDGAR] INFO - [219/300] DUBOSAR IRRIGATION, LLC (CT) — 23d
2026-04-27 18:57:12,618 [EDGAR] INFO -   ⚪ No EDGAR signal
2026-04-27 18:57:14,929 [EDGAR] INFO - [220/300] NEW CANAAN ORAL AND MAXILLOFACIAL SURGERY, P.C. (CT) — 23d
2026-04-27 18:57:20,641 [EDGAR] INFO -   ⚪ No EDGAR signal
2026-04-27 18:57:22,550 [EDGAR] INFO - [221/300] MEDVET CONNECTICUT, PLLC (OH) — 23d
2026-04-27 18:57:26,345 [EDGAR] INFO -   ⚪ No EDGAR signal
2026-04-27 18:57:28,356 [EDGAR] INFO - [222/300] JANSKY'S RUBBISH REMOVAL COMPANY (CT) — 23d
2026-04-27 18:57:31,456 [EDGAR] INFO -   ⚪ No EDGAR signal
2026-04-27 18:57:33,851 [EDGAR] INFO - [223/300] DAVID M. KOCH, LLC (CT) — 23d
2026-04-27 18:57:37,051 [EDGAR] INFO -   ⚪ No EDGAR signal
2026-04-27 18:57:39,159 [EDGAR] INFO - [224/300] MARK BREINER, DDS, LLC (CT) — 24d
2026-04-27 18:57:41,913 [EDGAR] INFO -   ⚪ No EDGAR signal
2026-04-27 18:57:44,229 [EDGAR] INFO - [225/300] GARYS HILLTOP AUTO REPAIR (CT) — 24d
2026-04-27 18:57:47,777 [EDGAR] INFO -   ⚪ No EDGAR signal
2026-04-27 18:57:49,847 [EDGAR] INFO - [226/300] PUTNAM LEASING COMPANY I, LLC (CT) — 24d
2026-04-27 18:57:53,165 [EDGAR] INFO -   ⚪ No EDGAR signal
2026-04-27 18:57:55,221 [EDGAR] INFO - [227/300] PROEYE, INC. (CT) — 24d
2026-04-27 18:58:00,817 [EDGAR] INFO -   ⚪ No EDGAR signal
2026-04-27 18:58:02,636 [EDGAR] INFO - [228/300] KENYON INTERNATIONAL INC. (CT) — 24d
2026-04-27 18:58:05,336 [EDGAR] INFO -   ⚪ No EDGAR signal
2026-04-27 18:58:07,101 [EDGAR] INFO - [229/300] WILCOX TREE EXPERTS, LLC (CT) — 24d
2026-04-27 18:58:10,186 [EDGAR] INFO -   ⚪ No EDGAR signal
2026-04-27 18:58:12,522 [EDGAR] INFO - [230/300] SKYTOP MOTORS LLC (CT) — 24d
2026-04-27 18:58:17,865 [EDGAR] INFO -   ⚪ No EDGAR signal
2026-04-27 18:58:19,533 [EDGAR] INFO - [231/300] CONVAL, INC (CT) — 24d
2026-04-27 18:58:25,194 [EDGAR] INFO -   ⚪ No EDGAR signal
2026-04-27 18:58:27,152 [EDGAR] INFO - [232/300] SOUTHBURY TREE SERVICE, INC. (CT) — 24d
2026-04-27 18:58:32,926 [EDGAR] INFO -   ⚪ No EDGAR signal
2026-04-27 18:58:34,966 [EDGAR] INFO - [233/300] REAL ART WAYS, INC. (CT) — 24d
2026-04-27 18:58:39,537 [EDGAR] INFO -   ⚪ No EDGAR signal
2026-04-27 18:58:41,530 [EDGAR] INFO - [234/300] STARWOOD CAPITAL GROUP, L.L.C. (CT) — 24d
2026-04-27 18:58:45,346 [EDGAR] INFO -   ⚪ No EDGAR signal
2026-04-27 18:58:47,843 [EDGAR] INFO - [235/300] ENVIRONMENTAL DESIGNS, INC. (CT) — 25d
2026-04-27 18:58:51,019 [EDGAR] INFO -   ⚪ No EDGAR signal
2026-04-27 18:58:53,232 [EDGAR] INFO - [236/300] AMERICAN RETAINING WALL, LLC (CT) — 25d
2026-04-27 18:58:57,472 [EDGAR] INFO -   ⚪ No EDGAR signal
2026-04-27 18:58:59,690 [EDGAR] INFO - [237/300] PUTNAM LEASING COMPANY I, LLC (CT) — 25d
2026-04-27 18:59:02,400 [EDGAR] INFO -   ⚪ No EDGAR signal
2026-04-27 18:59:04,705 [EDGAR] INFO - [238/300] ENVIRONMENTAL DESIGNS, INC. (CT) — 25d
2026-04-27 18:59:07,578 [EDGAR] INFO -   ⚪ No EDGAR signal
2026-04-27 18:59:09,136 [EDGAR] INFO - [239/300] PUTNAM LEASING COMPANY I, LLC (CT) — 25d
2026-04-27 18:59:11,966 [EDGAR] INFO -   ⚪ No EDGAR signal
2026-04-27 18:59:14,180 [EDGAR] INFO - [240/300] BURNS CONSTRUCTION CO., INC. (CT) — 25d
2026-04-27 18:59:17,232 [EDGAR] INFO -   ⚪ No EDGAR signal
2026-04-27 18:59:19,403 [EDGAR] INFO - [241/300] WENCONN OF PUTNAM AVENUE GREENWICH, INCORPORATED (CT) — 25d
2026-04-27 18:59:22,409 [EDGAR] INFO -   ⚪ No EDGAR signal
2026-04-27 18:59:24,035 [EDGAR] INFO - [242/300] WENCONN OF NEW CANAAN AVENUE NORWALK, INC. (CT) — 25d
2026-04-27 18:59:26,855 [EDGAR] INFO -   ⚪ No EDGAR signal
2026-04-27 18:59:28,937 [EDGAR] INFO - [243/300] THE ROLUMCO CORPORATION (CT) — 25d
2026-04-27 18:59:33,437 [EDGAR] INFO -   ⚪ No EDGAR signal
2026-04-27 18:59:35,416 [EDGAR] INFO - [244/300] CENTRAL PROPERTY SERVICES, LLC. (CT) — 25d
2026-04-27 18:59:38,807 [EDGAR] INFO -   ⚪ No EDGAR signal
2026-04-27 18:59:40,503 [EDGAR] INFO - [245/300] WENCONN OF STRATFORD, INCORPORATED (CT) — 25d
2026-04-27 18:59:44,446 [EDGAR] INFO -   ⚪ No EDGAR signal
2026-04-27 18:59:46,610 [EDGAR] INFO - [246/300] TOP LINE SERVICES LLC (CT) — 25d
2026-04-27 18:59:50,415 [EDGAR] INFO -   ⚪ No EDGAR signal
2026-04-27 18:59:52,677 [EDGAR] INFO - [247/300] MARK BREINER, DDS, LLC (CT) — 25d
2026-04-27 18:59:55,606 [EDGAR] INFO -   ⚪ No EDGAR signal
2026-04-27 18:59:57,122 [EDGAR] INFO - [248/300] SCS DIRECT, INC. (CT) — 25d
2026-04-27 19:00:02,728 [EDGAR] INFO -   ⚪ No EDGAR signal
2026-04-27 19:00:04,621 [EDGAR] INFO - [249/300] RUBYS AUTO BODY INC (CO) — 26d
2026-04-27 19:00:07,644 [EDGAR] INFO -   ⚪ No EDGAR signal
2026-04-27 19:00:09,622 [EDGAR] INFO - [250/300] ASPEN GROVE MECHANICAL, INC (CO) — 26d
2026-04-27 19:00:13,228 [EDGAR] INFO -   ⚪ No EDGAR signal
2026-04-27 19:00:15,031 [EDGAR] INFO - [251/300] NISSAN OF MIDDLETOWN CT LLC (CT) — 26d
2026-04-27 19:00:18,296 [EDGAR] INFO -   ⚪ No EDGAR signal
2026-04-27 19:00:19,932 [EDGAR] INFO - [252/300] INLINE PLASTICS CORP. (CT) — 26d
2026-04-27 19:00:24,369 [EDGAR] INFO -   ⚪ No EDGAR signal
2026-04-27 19:00:26,855 [EDGAR] INFO - [253/300] PUTNAM LEASING COMPANY I, LLC (CT) — 26d
2026-04-27 19:00:30,753 [EDGAR] INFO -   ⚪ No EDGAR signal
2026-04-27 19:00:32,555 [EDGAR] INFO - [254/300] THE LIFE PLANNING RETIREMENT GROUP LLC (CT) — 26d
2026-04-27 19:00:39,575 [EDGAR] INFO -   ⚪ No EDGAR signal
2026-04-27 19:00:41,801 [EDGAR] INFO - [255/300] DARCARS OF RAILROAD AVENUE, INC. (CT) — 26d
2026-04-27 19:00:47,568 [EDGAR] INFO -   ⚪ No EDGAR signal
2026-04-27 19:00:49,598 [EDGAR] INFO - [256/300] BUDNEY INDUSTRIES, INC. (CT) — 26d
2026-04-27 19:00:54,135 [EDGAR] INFO -   ⚪ No EDGAR signal
2026-04-27 19:00:55,654 [EDGAR] INFO - [257/300] PRECISION CUTTING SERVICES, LLC (CT) — 26d
2026-04-27 19:00:59,208 [EDGAR] INFO -   ⚪ No EDGAR signal
2026-04-27 19:01:00,839 [EDGAR] INFO - [258/300] DARCARS OF RAILROAD AVENUE, INC. (CT) — 26d
2026-04-27 19:01:05,178 [EDGAR] INFO -   ⚪ No EDGAR signal
2026-04-27 19:01:06,878 [EDGAR] INFO - [259/300] DARCARS OF MILBANK AVENUE, INC (CT) — 26d
2026-04-27 19:01:11,074 [EDGAR] INFO -   ⚪ No EDGAR signal
2026-04-27 19:01:12,842 [EDGAR] INFO - [260/300] URBANI LAWN & LANDSCAPING, LLC (CT) — 26d
2026-04-27 19:01:15,764 [EDGAR] INFO -   ⚪ No EDGAR signal
2026-04-27 19:01:17,456 [EDGAR] INFO - [261/300] PALLADINO REAL ESTATE MANAGEMENT & SERVICES, LLC (CT) — 26d
2026-04-27 19:01:20,501 [EDGAR] INFO -   ⚪ No EDGAR signal
2026-04-27 19:01:22,346 [EDGAR] INFO - [262/300] BLUE FOX RUN GOLF COURSE, LLC (CT) — 26d
2026-04-27 19:01:28,116 [EDGAR] INFO -   ⚪ No EDGAR signal
2026-04-27 19:01:30,374 [EDGAR] INFO - [263/300] APPLE HILL ENTERPRISES, L.L.C. (CT) — 27d
2026-04-27 19:01:33,699 [EDGAR] INFO -   ⚪ No EDGAR signal
2026-04-27 19:01:36,168 [EDGAR] INFO - [264/300] INSURED RETIREMENT INSTITUTE, INC. (DC) — 27d
2026-04-27 19:01:38,839 [EDGAR] INFO -   ⚪ No EDGAR signal
2026-04-27 19:01:41,223 [EDGAR] INFO - [265/300] REGIONAL SCHOOL DISTRICT 16 (CT) — 27d
2026-04-27 19:01:46,273 [EDGAR] INFO -   ⚪ No EDGAR signal
2026-04-27 19:01:48,759 [EDGAR] INFO - [266/300] CONSTITUTION SURGERY CENTER EAST, LLC (CT) — 27d
2026-04-27 19:01:53,472 [EDGAR] INFO -   ⚪ No EDGAR signal
2026-04-27 19:01:55,141 [EDGAR] INFO - [267/300] S. CARPENTER, LLC (CT) — 27d
2026-04-27 19:02:00,107 [EDGAR] INFO -   ⚪ No EDGAR signal
2026-04-27 19:02:02,410 [EDGAR] INFO - [268/300] RANDALL D. HARRIS DDS, P.C. (CT) — 27d
2026-04-27 19:02:05,558 [EDGAR] INFO -   ⚪ No EDGAR signal
2026-04-27 19:02:07,087 [EDGAR] INFO - [269/300] SHARON FAMILY FARM LLC (CT) — 27d
2026-04-27 19:02:11,241 [EDGAR] INFO -   ⚪ No EDGAR signal
2026-04-27 19:02:13,681 [EDGAR] INFO - [270/300] FOSDICK FULFILLMENT CORPORATION (CT) — 27d
2026-04-27 19:02:17,821 [EDGAR] INFO -   ⚪ No EDGAR signal
2026-04-27 19:02:19,798 [EDGAR] INFO - [271/300] FAIRFIELD STONE & LANDSCAPE SUPPLY LLC (CT) — 27d
2026-04-27 19:02:22,947 [EDGAR] INFO -   ⚪ No EDGAR signal
2026-04-27 19:02:24,789 [EDGAR] INFO - [272/300] IBASE OF FAIRFIELD COUNTY, LLC (CT) — 27d
2026-04-27 19:02:28,490 [EDGAR] INFO -   ⚪ No EDGAR signal
2026-04-27 19:02:30,744 [EDGAR] INFO - [273/300] GRILLO ORGANIC INC. (CT) — 27d
2026-04-27 19:02:33,296 [EDGAR] INFO -   ⚪ No EDGAR signal
2026-04-27 19:02:35,267 [EDGAR] INFO - [274/300] RI-CHE LLC (CT) — 27d
2026-04-27 19:02:38,944 [EDGAR] INFO -   ⚪ No EDGAR signal
2026-04-27 19:02:40,544 [EDGAR] INFO - [275/300] THE BULL'S BRIDGE GOLF CLUB, INC. (CT) — 27d
2026-04-27 19:02:46,139 [EDGAR] INFO -   ⚪ No EDGAR signal
2026-04-27 19:02:48,478 [EDGAR] INFO - [276/300] PLAINFIELD VISION CARE CENTER, INC. (CT) — 27d
2026-04-27 19:02:50,676 [EDGAR] INFO -   ⚪ No EDGAR signal
2026-04-27 19:02:53,178 [EDGAR] INFO - [277/300] STONEWORKS MASONRY, LLC (CT) — 28d
2026-04-27 19:02:56,407 [EDGAR] INFO -   ⚪ No EDGAR signal
2026-04-27 19:02:58,891 [EDGAR] INFO - [278/300] HOFFMAN LANDSCAPES, INC. (CT) — 28d
2026-04-27 19:03:01,689 [EDGAR] INFO -   ⚪ No EDGAR signal
2026-04-27 19:03:03,568 [EDGAR] INFO - [279/300] HOFFMAN LANDSCAPES, INC. (CT) — 28d
2026-04-27 19:03:10,077 [EDGAR] INFO -   ⚪ No EDGAR signal
2026-04-27 19:03:11,817 [EDGAR] INFO - [280/300] PHILLIPS, DOUGLAS R (CO) — 29d
2026-04-27 19:03:16,637 [EDGAR] INFO -   ⚪ No EDGAR signal
2026-04-27 19:03:18,741 [EDGAR] INFO - [281/300] CREATIVE STAR REALTY LLC (CT) — 29d
2026-04-27 19:03:22,749 [EDGAR] INFO -   ⚪ No EDGAR signal
2026-04-27 19:03:24,813 [EDGAR] INFO - [282/300] STEVE STOCK & ASSOCIATES INC (CO) — 30d
2026-04-27 19:03:28,966 [EDGAR] INFO -   ⚪ No EDGAR signal
2026-04-27 19:03:30,779 [EDGAR] INFO - [283/300] A & M LABS INC (CO) — 30d
2026-04-27 19:03:35,477 [EDGAR] INFO -   ⚪ No EDGAR signal
2026-04-27 19:03:37,459 [EDGAR] INFO - [284/300] CREEKSIDE TAVERN LLC (CO) — 30d
2026-04-27 19:03:40,601 [EDGAR] INFO -   ⚪ No EDGAR signal
2026-04-27 19:03:42,818 [EDGAR] INFO - [285/300] MDZ HOLDINGS LLC (CT) — 30d
2026-04-27 19:03:45,944 [EDGAR] INFO -   ⚪ No EDGAR signal
2026-04-27 19:03:47,909 [EDGAR] INFO - [286/300] AVON EYE CARE, LLC (CT) — 30d
2026-04-27 19:03:50,830 [EDGAR] INFO -   ⚪ No EDGAR signal
2026-04-27 19:03:52,642 [EDGAR] INFO - [287/300] D. W. TRANSPORT & LEASING, INC. (CT) — 30d
2026-04-27 19:03:56,090 [EDGAR] INFO -   ⚪ No EDGAR signal
2026-04-27 19:03:58,525 [EDGAR] INFO - [288/300] Z&L CAPITAL LLC (CT) — 30d
2026-04-27 19:04:04,139 [EDGAR] INFO -   ⚪ No EDGAR signal
2026-04-27 19:04:05,699 [EDGAR] INFO - [289/300] GREENWICH AUTOMOTIVE ENTERPRISES LTD (CT) — 30d
2026-04-27 19:04:08,678 [EDGAR] INFO -   ⚪ No EDGAR signal
2026-04-27 19:04:10,728 [EDGAR] INFO - [290/300] PERCO, INC. (CT) — 30d
2026-04-27 19:04:16,680 [EDGAR] INFO -   ⚪ No EDGAR signal
2026-04-27 19:04:18,881 [EDGAR] INFO - [291/300] SVL LLC (CT) — 30d
2026-04-27 19:04:21,098 [EDGAR] INFO -   ⚪ No EDGAR signal
2026-04-27 19:04:23,582 [EDGAR] INFO - [292/300] BAS OUTDOOR SERVICES LLC (CT) — 30d
2026-04-27 19:04:29,234 [EDGAR] INFO -   ⚪ No EDGAR signal
2026-04-27 19:04:30,799 [EDGAR] INFO - [293/300] SIMPLY LANDSCAPING, LLC (CT) — 30d
2026-04-27 19:04:34,462 [EDGAR] INFO -   ⚪ No EDGAR signal
2026-04-27 19:04:36,166 [EDGAR] INFO - [294/300] MDZ HOLDINGS LLC (CT) — 30d
2026-04-27 19:04:38,582 [EDGAR] INFO -   ⚪ No EDGAR signal
2026-04-27 19:04:40,153 [EDGAR] INFO - [295/300] BLOOMFIELD ASC, LLC (CT) — 30d
2026-04-27 19:04:44,206 [EDGAR] INFO -   ⚪ No EDGAR signal
2026-04-27 19:04:45,739 [EDGAR] INFO - [296/300] VASQUEZ TREE SERVICES LLC (CT) — 30d
2026-04-27 19:04:49,691 [EDGAR] INFO -   ⚪ No EDGAR signal
2026-04-27 19:04:51,724 [EDGAR] INFO - [297/300] BANE PROPERTY MANAGEMENT LLC (CT) — 30d
2026-04-27 19:04:54,448 [EDGAR] INFO -   ⚪ No EDGAR signal
2026-04-27 19:04:56,052 [EDGAR] INFO - [298/300] M & R MASONRY LLC (CT) — 30d
2026-04-27 19:04:58,923 [EDGAR] INFO -   ⚪ No EDGAR signal
2026-04-27 19:05:01,108 [EDGAR] INFO - [299/300] TAUNTON HILL LANDSCAPE CO., INC. (CT) — 30d
2026-04-27 19:05:03,925 [EDGAR] INFO -   ⚪ No EDGAR signal
2026-04-27 19:05:05,454 [EDGAR] INFO - [300/300] ROMANCZUK LANDSCAPING, LLC (CT) — 30d
2026-04-27 19:05:09,241 [EDGAR] INFO -   ⚪ No EDGAR signal
2026-04-27 19:05:10,808 [EDGAR] INFO - 
=======================================================
2026-04-27 19:05:10,808 [EDGAR] INFO -   EDGAR Signal Run Complete
2026-04-27 19:05:10,808 [EDGAR] INFO -   Processed : 300
2026-04-27 19:05:10,809 [EDGAR] INFO -   Hits      : 0 (0%)
