2026-04-28 12:27:53,892 [Enricher] INFO - Enriching 360 leads — Mode: HOT ONLY (≤30d)
2026-04-28 12:27:53,893 [Enricher] INFO - [1/360] M.C. SOUTHWEST, INC. (Colorado) — -1d to lapse
2026-04-28 12:27:58,827 [Enricher] INFO -   ✅ Contact: president CEOSuggestions
2026-04-28 12:28:02,159 [Enricher] INFO - [2/360] Cheyenne Mountain Dental Center, LLC (Colorado) — -1d to lapse
2026-04-28 12:28:05,569 [Enricher] INFO -   ⚪ No contact data found
2026-04-28 12:28:08,780 [Enricher] INFO - [3/360] ALPHA MOTORSPORTS, LLC (Colorado) — -1d to lapse
2026-04-28 12:28:12,197 [Enricher] INFO -   ⚪ No contact data found
2026-04-28 12:28:14,763 [Enricher] INFO - [4/360] Aichholz Excavation Corp. (Colorado) — 0d to lapse
2026-04-28 12:28:18,239 [Enricher] INFO -   ⚪ No contact data found
2026-04-28 12:28:21,115 [Enricher] INFO - [5/360] HALL & EVANS, L.L.C. (Colorado) — 0d to lapse
2026-04-28 12:28:25,223 [Enricher] INFO -   ⚪ No contact data found
2026-04-28 12:28:28,541 [Enricher] INFO - [6/360] THE TRAVELERS INDEMNITY COMPANY (Connecticut) — 1d to lapse
2026-04-28 12:28:32,093 [Enricher] INFO -   ⚪ No contact data found
2026-04-28 12:28:35,511 [Enricher] INFO - [7/360] AURORA COMPREHENSIVE COMMUNITY MENTAL HEALTH CENTER, INC. (Colorado) — 1d to lapse
2026-04-28 12:28:40,126 [Enricher] INFO -   ⚪ No contact data found
2026-04-28 12:28:43,589 [Enricher] INFO - [8/360] JD Enterprises Inc. (Colorado) — 1d to lapse
2026-04-28 12:28:47,566 [Enricher] INFO -   ⚪ No contact data found
2026-04-28 12:28:50,006 [Enricher] INFO - [9/360] ADVANCED DIRECT MARKETING INC (Colorado) — 4d to lapse
2026-04-28 12:28:54,117 [Enricher] INFO -   ⚪ No contact data found
2026-04-28 12:28:57,247 [Enricher] INFO - [10/360] DATALEX (USA), INC. (Colorado) — 5d to lapse
2026-04-28 12:29:01,456 [Enricher] INFO -   ⚪ No contact data found
2026-04-28 12:29:03,800 [Enricher] INFO - [11/360] ADK ELECTRIC CORPORATION (Colorado) — 6d to lapse
2026-04-28 12:29:08,154 [Enricher] INFO -   ⚪ No contact data found
2026-04-28 12:29:10,722 [Enricher] INFO - [12/360] Lexi Cortes LLC (Colorado) — 6d to lapse
2026-04-28 12:29:14,463 [Enricher] INFO -   ⚪ No contact data found
2026-04-28 12:29:17,120 [Enricher] INFO - [13/360] LINCOLN COMMUNITY HOSPITAL AND NURSING HOME (Colorado) — 7d to lapse
2026-04-28 12:29:20,596 [Enricher] INFO -   ⚪ No contact data found
2026-04-28 12:29:22,733 [Enricher] INFO - [14/360] metro landscaping inc (Colorado) — 7d to lapse
2026-04-28 12:29:26,558 [Enricher] INFO -   ⚪ No contact data found
2026-04-28 12:29:29,692 [Enricher] INFO - [15/360] H R REALTY, LLC (Colorado) — 8d to lapse
2026-04-28 12:29:33,955 [Enricher] INFO -   ⚪ No contact data found
2026-04-28 12:29:36,812 [Enricher] INFO - [16/360] GLOCUSENT CO., LTD (Colorado) — 8d to lapse
2026-04-28 12:29:40,680 [Enricher] INFO -   ⚪ No contact data found
2026-04-28 12:29:42,802 [Enricher] INFO - [17/360] BLOCK 235 DEVELOPMENT ASSOCIATES, LLC (Connecticut) — 11d to lapse
