2026-04-28 12:30:59,073 [Enricher] INFO - Enriching 359 leads — Mode: HOT ONLY (≤30d)
2026-04-28 12:30:59,073 [Enricher] INFO - [1/359] Cheyenne Mountain Dental Center, LLC (Colorado) — -1d to lapse
2026-04-28 12:31:03,221 [Enricher] INFO -   ⚪ No contact data found
2026-04-28 12:31:05,680 [Enricher] INFO - [2/359] ALPHA MOTORSPORTS, LLC (Colorado) — -1d to lapse
2026-04-28 12:31:08,996 [Enricher] INFO -   ⚪ No contact data found
2026-04-28 12:31:12,495 [Enricher] INFO - [3/359] Aichholz Excavation Corp. (Colorado) — 0d to lapse
2026-04-28 12:31:16,560 [Enricher] INFO -   ⚪ No contact data found
2026-04-28 12:31:18,974 [Enricher] INFO - [4/359] HALL & EVANS, L.L.C. (Colorado) — 0d to lapse
2026-04-28 12:31:22,611 [Enricher] INFO -   ⚪ No contact data found
2026-04-28 12:31:25,020 [Enricher] INFO - [5/359] THE TRAVELERS INDEMNITY COMPANY (Connecticut) — 1d to lapse
2026-04-28 12:31:29,003 [Enricher] INFO -   ⚪ No contact data found
2026-04-28 12:31:31,171 [Enricher] INFO - [6/359] AURORA COMPREHENSIVE COMMUNITY MENTAL HEALTH CENTER, INC. (Colorado) — 1d to lapse
2026-04-28 12:31:35,438 [Enricher] INFO -   ⚪ No contact data found
2026-04-28 12:31:37,848 [Enricher] INFO - [7/359] JD Enterprises Inc. (Colorado) — 1d to lapse
2026-04-28 12:31:41,750 [Enricher] INFO -   ⚪ No contact data found
2026-04-28 12:31:44,652 [Enricher] INFO - [8/359] ADVANCED DIRECT MARKETING INC (Colorado) — 4d to lapse
2026-04-28 12:31:47,719 [Enricher] INFO -   ⚪ No contact data found
2026-04-28 12:31:51,044 [Enricher] INFO - [9/359] DATALEX (USA), INC. (Colorado) — 5d to lapse
2026-04-28 12:31:55,198 [Enricher] INFO -   ⚪ No contact data found
2026-04-28 12:31:57,286 [Enricher] INFO - [10/359] ADK ELECTRIC CORPORATION (Colorado) — 6d to lapse
2026-04-28 12:32:01,058 [Enricher] INFO -   ⚪ No contact data found
2026-04-28 12:32:03,556 [Enricher] INFO - [11/359] Lexi Cortes LLC (Colorado) — 6d to lapse
2026-04-28 12:32:09,008 [Enricher] INFO -   ⚪ No contact data found
2026-04-28 12:32:11,592 [Enricher] INFO - [12/359] LINCOLN COMMUNITY HOSPITAL AND NURSING HOME (Colorado) — 7d to lapse
2026-04-28 12:32:16,527 [Enricher] INFO -   ⚪ No contact data found
2026-04-28 12:32:19,328 [Enricher] INFO - [13/359] metro landscaping inc (Colorado) — 7d to lapse
2026-04-28 12:32:23,731 [Enricher] INFO -   ⚪ No contact data found
2026-04-28 12:32:26,267 [Enricher] INFO - [14/359] H R REALTY, LLC (Colorado) — 8d to lapse
