2026-05-08 12:13:09,259 [GA-MCA] INFO - GA MCA Scraper
2026-05-08 12:13:09,259 [GA-MCA] INFO - MCA DB: /Users/robertle/tomcat_mca/leads/tomcat_mca.db
2026-05-08 12:13:09,259 [GA-MCA] INFO - Logging in...
2026-05-08 12:13:12,002 [GA-MCA] INFO - ✅ Authenticated
2026-05-08 12:13:12,002 [GA-MCA] INFO - 
────────────────────────────────────────────────────────────
2026-05-08 12:13:12,002 [GA-MCA] INFO - 💰 LCF (MCA)
2026-05-08 12:13:12,002 [GA-MCA] INFO -   → 11/07/2025 – 05/08/2026
2026-05-08 12:13:13,620 [GA-MCA] INFO -   No results
2026-05-08 12:13:13,620 [GA-MCA] INFO -   → 05/09/2025 – 11/07/2025
2026-05-08 12:13:15,239 [GA-MCA] INFO -   No results
2026-05-08 12:13:15,239 [GA-MCA] INFO -   → 11/08/2024 – 05/09/2025
2026-05-08 12:13:16,862 [GA-MCA] INFO -   No results
2026-05-08 12:13:16,862 [GA-MCA] INFO -   → 05/10/2024 – 11/08/2024
2026-05-08 12:13:18,465 [GA-MCA] INFO -   No results
2026-05-08 12:13:18,465 [GA-MCA] INFO -   Lender total: 0 found, 0 new
2026-05-08 12:13:18,466 [GA-MCA] INFO - 
────────────────────────────────────────────────────────────
2026-05-08 12:13:18,466 [GA-MCA] INFO - 💰 LAST CHANCE FUNDING (MCA)
2026-05-08 12:13:18,466 [GA-MCA] INFO -   → 11/07/2025 – 05/08/2026
2026-05-08 12:13:20,074 [GA-MCA] INFO -   No results
2026-05-08 12:13:20,074 [GA-MCA] INFO -   → 05/09/2025 – 11/07/2025
2026-05-08 12:13:21,680 [GA-MCA] INFO -   No results
2026-05-08 12:13:21,680 [GA-MCA] INFO -   → 11/08/2024 – 05/09/2025
2026-05-08 12:13:23,280 [GA-MCA] INFO -   No results
2026-05-08 12:13:23,280 [GA-MCA] INFO -   → 05/10/2024 – 11/08/2024
2026-05-08 12:13:24,881 [GA-MCA] INFO -   No results
2026-05-08 12:13:24,881 [GA-MCA] INFO -   Lender total: 0 found, 0 new
2026-05-08 12:13:24,881 [GA-MCA] INFO - 
────────────────────────────────────────────────────────────
2026-05-08 12:13:24,881 [GA-MCA] INFO - 💰 FORWARD FINANCING (MCA)
2026-05-08 12:13:24,881 [GA-MCA] INFO -   → 11/07/2025 – 05/08/2026
2026-05-08 12:13:26,489 [GA-MCA] INFO -   No results
2026-05-08 12:13:26,489 [GA-MCA] INFO -   → 05/09/2025 – 11/07/2025
2026-05-08 12:13:28,092 [GA-MCA] INFO -   No results
2026-05-08 12:13:28,093 [GA-MCA] INFO -   → 11/08/2024 – 05/09/2025
2026-05-08 12:13:29,696 [GA-MCA] INFO -   No results
2026-05-08 12:13:29,697 [GA-MCA] INFO -   → 05/10/2024 – 11/08/2024
2026-05-08 12:13:31,298 [GA-MCA] INFO -   No results
2026-05-08 12:13:31,298 [GA-MCA] INFO -   Lender total: 0 found, 0 new
2026-05-08 12:13:31,298 [GA-MCA] INFO - 
────────────────────────────────────────────────────────────
2026-05-08 12:13:31,299 [GA-MCA] INFO - 💰 APP FUNDING (MCA)
2026-05-08 12:13:31,299 [GA-MCA] INFO -   → 11/07/2025 – 05/08/2026
2026-05-08 12:13:32,907 [GA-MCA] INFO -   No results
2026-05-08 12:13:32,908 [GA-MCA] INFO -   → 05/09/2025 – 11/07/2025
2026-05-08 12:13:34,518 [GA-MCA] INFO -   No results
2026-05-08 12:13:34,518 [GA-MCA] INFO -   → 11/08/2024 – 05/09/2025
2026-05-08 12:13:36,136 [GA-MCA] INFO -   No results
2026-05-08 12:13:36,137 [GA-MCA] INFO -   → 05/10/2024 – 11/08/2024
2026-05-08 12:13:37,747 [GA-MCA] INFO -   No results
2026-05-08 12:13:37,747 [GA-MCA] INFO -   Lender total: 0 found, 0 new
2026-05-08 12:13:37,747 [GA-MCA] INFO - 
────────────────────────────────────────────────────────────
2026-05-08 12:13:37,747 [GA-MCA] INFO - 💰 MEGED (MCA)
2026-05-08 12:13:37,747 [GA-MCA] INFO -   → 11/07/2025 – 05/08/2026
