2026-05-08 12:16:46,827 [GA-MCA] INFO - GA MCA Scraper
2026-05-08 12:16:46,827 [GA-MCA] INFO - MCA DB: /Users/robertle/tomcat_mca/leads/tomcat_mca.db
2026-05-08 12:16:46,827 [GA-MCA] INFO - Logging in...
2026-05-08 12:16:49,512 [GA-MCA] INFO - ✅ Authenticated
2026-05-08 12:16:49,512 [GA-MCA] INFO - 
────────────────────────────────────────────────────────────
2026-05-08 12:16:49,512 [GA-MCA] INFO - 💰 LCF (MCA)
2026-05-08 12:16:49,513 [GA-MCA] INFO -   → 11/07/2025 – 05/08/2026
2026-05-08 12:16:51,411 [GA-MCA] INFO -   No results
2026-05-08 12:16:51,411 [GA-MCA] INFO -   → 05/09/2025 – 11/07/2025
2026-05-08 12:16:53,283 [GA-MCA] INFO -   No results
2026-05-08 12:16:53,283 [GA-MCA] INFO -   → 11/08/2024 – 05/09/2025
2026-05-08 12:16:55,172 [GA-MCA] INFO -   No results
2026-05-08 12:16:55,172 [GA-MCA] INFO -   → 05/10/2024 – 11/08/2024
2026-05-08 12:16:57,039 [GA-MCA] INFO -   No results
2026-05-08 12:16:57,039 [GA-MCA] INFO -   → 11/10/2023 – 05/10/2024
2026-05-08 12:16:58,887 [GA-MCA] INFO -   No results
2026-05-08 12:16:58,887 [GA-MCA] INFO -   → 05/12/2023 – 11/10/2023
2026-05-08 12:17:00,828 [GA-MCA] INFO -   No results
2026-05-08 12:17:00,829 [GA-MCA] INFO -   → 11/11/2022 – 05/12/2023
2026-05-08 12:17:02,710 [GA-MCA] INFO -   No results
2026-05-08 12:17:02,710 [GA-MCA] INFO -   → 05/13/2022 – 11/11/2022
2026-05-08 12:17:04,588 [GA-MCA] INFO -   No results
2026-05-08 12:17:04,588 [GA-MCA] INFO -   → 11/12/2021 – 05/13/2022
2026-05-08 12:17:06,554 [GA-MCA] INFO -   No results
2026-05-08 12:17:06,554 [GA-MCA] INFO -   → 05/14/2021 – 11/12/2021
2026-05-08 12:17:08,467 [GA-MCA] INFO -   No results
2026-05-08 12:17:08,467 [GA-MCA] INFO -   Lender total: 0 found, 0 new
2026-05-08 12:17:08,467 [GA-MCA] INFO - 
────────────────────────────────────────────────────────────
2026-05-08 12:17:08,467 [GA-MCA] INFO - 💰 LAST CHANCE FUNDING (MCA)
2026-05-08 12:17:08,467 [GA-MCA] INFO -   → 11/07/2025 – 05/08/2026
2026-05-08 12:17:10,360 [GA-MCA] INFO -   No results
2026-05-08 12:17:10,360 [GA-MCA] INFO -   → 05/09/2025 – 11/07/2025
2026-05-08 12:17:12,361 [GA-MCA] INFO -   No results
2026-05-08 12:17:12,361 [GA-MCA] INFO -   → 11/08/2024 – 05/09/2025
2026-05-08 12:17:14,240 [GA-MCA] INFO -   No results
2026-05-08 12:17:14,241 [GA-MCA] INFO -   → 05/10/2024 – 11/08/2024
2026-05-08 12:17:16,194 [GA-MCA] INFO -   No results
2026-05-08 12:17:16,195 [GA-MCA] INFO -   → 11/10/2023 – 05/10/2024
2026-05-08 12:17:18,074 [GA-MCA] INFO -   No results
2026-05-08 12:17:18,075 [GA-MCA] INFO -   → 05/12/2023 – 11/10/2023
2026-05-08 12:17:19,942 [GA-MCA] INFO -   No results
2026-05-08 12:17:19,942 [GA-MCA] INFO -   → 11/11/2022 – 05/12/2023
2026-05-08 12:17:21,883 [GA-MCA] INFO -   No results
2026-05-08 12:17:21,884 [GA-MCA] INFO -   → 05/13/2022 – 11/11/2022
2026-05-08 12:17:23,735 [GA-MCA] INFO -   No results
2026-05-08 12:17:23,735 [GA-MCA] INFO -   → 11/12/2021 – 05/13/2022
2026-05-08 12:17:25,668 [GA-MCA] INFO -   No results
2026-05-08 12:17:25,668 [GA-MCA] INFO -   → 05/14/2021 – 11/12/2021
2026-05-08 12:17:27,522 [GA-MCA] INFO -   No results
2026-05-08 12:17:27,524 [GA-MCA] INFO -   Lender total: 0 found, 0 new
2026-05-08 12:17:27,524 [GA-MCA] INFO - 
────────────────────────────────────────────────────────────
2026-05-08 12:17:27,524 [GA-MCA] INFO - 💰 FORWARD FINANCING (MCA)
2026-05-08 12:17:27,524 [GA-MCA] INFO -   → 11/07/2025 – 05/08/2026
2026-05-08 12:17:29,409 [GA-MCA] INFO -   No results
2026-05-08 12:17:29,409 [GA-MCA] INFO -   → 05/09/2025 – 11/07/2025
2026-05-08 12:17:31,290 [GA-MCA] INFO -   No results
2026-05-08 12:17:31,291 [GA-MCA] INFO -   → 11/08/2024 – 05/09/2025
2026-05-08 12:17:33,226 [GA-MCA] INFO -   No results
2026-05-08 12:17:33,226 [GA-MCA] INFO -   → 05/10/2024 – 11/08/2024
2026-05-08 12:17:35,131 [GA-MCA] INFO -   No results
2026-05-08 12:17:35,131 [GA-MCA] INFO -   → 11/10/2023 – 05/10/2024
2026-05-08 12:17:36,993 [GA-MCA] INFO -   No results
2026-05-08 12:17:36,994 [GA-MCA] INFO -   → 05/12/2023 – 11/10/2023
2026-05-08 12:17:38,870 [GA-MCA] INFO -   No results
2026-05-08 12:17:38,871 [GA-MCA] INFO -   → 11/11/2022 – 05/12/2023
2026-05-08 12:17:41,815 [GA-MCA] INFO -   No results
2026-05-08 12:17:41,815 [GA-MCA] INFO -   → 05/13/2022 – 11/11/2022
2026-05-08 12:17:43,742 [GA-MCA] INFO -   No results
2026-05-08 12:17:43,742 [GA-MCA] INFO -   → 11/12/2021 – 05/13/2022
2026-05-08 12:17:45,640 [GA-MCA] INFO -   No results
2026-05-08 12:17:45,640 [GA-MCA] INFO -   → 05/14/2021 – 11/12/2021
2026-05-08 12:17:47,687 [GA-MCA] INFO -   No results
2026-05-08 12:17:47,688 [GA-MCA] INFO -   Lender total: 0 found, 0 new
2026-05-08 12:17:47,688 [GA-MCA] INFO - 
────────────────────────────────────────────────────────────
2026-05-08 12:17:47,688 [GA-MCA] INFO - 💰 APP FUNDING (MCA)
2026-05-08 12:17:47,688 [GA-MCA] INFO -   → 11/07/2025 – 05/08/2026
2026-05-08 12:17:49,547 [GA-MCA] INFO -   No results
2026-05-08 12:17:49,547 [GA-MCA] INFO -   → 05/09/2025 – 11/07/2025
2026-05-08 12:17:51,456 [GA-MCA] INFO -   No results
2026-05-08 12:17:51,456 [GA-MCA] INFO -   → 11/08/2024 – 05/09/2025
2026-05-08 12:17:53,610 [GA-MCA] INFO -   No results
2026-05-08 12:17:53,610 [GA-MCA] INFO -   → 05/10/2024 – 11/08/2024
2026-05-08 12:17:55,560 [GA-MCA] INFO -   No results
2026-05-08 12:17:55,560 [GA-MCA] INFO -   → 11/10/2023 – 05/10/2024
2026-05-08 12:17:57,473 [GA-MCA] INFO -   No results
2026-05-08 12:17:57,473 [GA-MCA] INFO -   → 05/12/2023 – 11/10/2023
2026-05-08 12:17:59,489 [GA-MCA] INFO -   No results
2026-05-08 12:17:59,490 [GA-MCA] INFO -   → 11/11/2022 – 05/12/2023
2026-05-08 12:18:01,564 [GA-MCA] INFO -   No results
2026-05-08 12:18:01,565 [GA-MCA] INFO -   → 05/13/2022 – 11/11/2022
2026-05-08 12:18:03,604 [GA-MCA] INFO -   No results
2026-05-08 12:18:03,605 [GA-MCA] INFO -   → 11/12/2021 – 05/13/2022
2026-05-08 12:18:05,584 [GA-MCA] INFO -   No results
2026-05-08 12:18:05,584 [GA-MCA] INFO -   → 05/14/2021 – 11/12/2021
2026-05-08 12:18:07,652 [GA-MCA] INFO -   No results
2026-05-08 12:18:07,652 [GA-MCA] INFO -   Lender total: 0 found, 0 new
2026-05-08 12:18:07,652 [GA-MCA] INFO - 
────────────────────────────────────────────────────────────
2026-05-08 12:18:07,652 [GA-MCA] INFO - 💰 MEGED (MCA)
2026-05-08 12:18:07,652 [GA-MCA] INFO -   → 11/07/2025 – 05/08/2026
2026-05-08 12:18:09,695 [GA-MCA] INFO -   No results
2026-05-08 12:18:09,695 [GA-MCA] INFO -   → 05/09/2025 – 11/07/2025
2026-05-08 12:18:11,521 [GA-MCA] INFO -   No results
2026-05-08 12:18:11,521 [GA-MCA] INFO -   → 11/08/2024 – 05/09/2025
2026-05-08 12:18:13,451 [GA-MCA] INFO -   No results
2026-05-08 12:18:13,452 [GA-MCA] INFO -   → 05/10/2024 – 11/08/2024
2026-05-08 12:18:15,298 [GA-MCA] INFO -   No results
2026-05-08 12:18:15,298 [GA-MCA] INFO -   → 11/10/2023 – 05/10/2024
2026-05-08 12:18:17,194 [GA-MCA] INFO -   No results
2026-05-08 12:18:17,195 [GA-MCA] INFO -   → 05/12/2023 – 11/10/2023
2026-05-08 12:18:19,135 [GA-MCA] INFO -   No results
2026-05-08 12:18:19,135 [GA-MCA] INFO -   → 11/11/2022 – 05/12/2023
2026-05-08 12:18:21,052 [GA-MCA] INFO -   No results
2026-05-08 12:18:21,053 [GA-MCA] INFO -   → 05/13/2022 – 11/11/2022
2026-05-08 12:18:22,927 [GA-MCA] INFO -   No results
2026-05-08 12:18:22,928 [GA-MCA] INFO -   → 11/12/2021 – 05/13/2022
2026-05-08 12:18:24,876 [GA-MCA] INFO -   No results
2026-05-08 12:18:24,876 [GA-MCA] INFO -   → 05/14/2021 – 11/12/2021
2026-05-08 12:18:26,796 [GA-MCA] INFO -   No results
2026-05-08 12:18:26,796 [GA-MCA] INFO -   Lender total: 0 found, 0 new
2026-05-08 12:18:26,796 [GA-MCA] INFO - 
────────────────────────────────────────────────────────────
2026-05-08 12:18:26,796 [GA-MCA] INFO - 💰 CAN CAPITAL (MCA)
2026-05-08 12:18:26,796 [GA-MCA] INFO -   → 11/07/2025 – 05/08/2026
2026-05-08 12:18:28,849 [GA-MCA] INFO -   No results
2026-05-08 12:18:28,849 [GA-MCA] INFO -   → 05/09/2025 – 11/07/2025
2026-05-08 12:18:30,726 [GA-MCA] INFO -   No results
2026-05-08 12:18:30,726 [GA-MCA] INFO -   → 11/08/2024 – 05/09/2025
2026-05-08 12:18:32,740 [GA-MCA] INFO -   No results
2026-05-08 12:18:32,740 [GA-MCA] INFO -   → 05/10/2024 – 11/08/2024
2026-05-08 12:18:34,785 [GA-MCA] INFO -   No results
2026-05-08 12:18:34,786 [GA-MCA] INFO -   → 11/10/2023 – 05/10/2024
2026-05-08 12:18:36,839 [GA-MCA] INFO -   No results
2026-05-08 12:18:36,839 [GA-MCA] INFO -   → 05/12/2023 – 11/10/2023
2026-05-08 12:18:38,708 [GA-MCA] INFO -   No results
2026-05-08 12:18:38,708 [GA-MCA] INFO -   → 11/11/2022 – 05/12/2023
2026-05-08 12:18:40,902 [GA-MCA] INFO -   No results
2026-05-08 12:18:40,902 [GA-MCA] INFO -   → 05/13/2022 – 11/11/2022
2026-05-08 12:18:42,894 [GA-MCA] INFO -   No results
2026-05-08 12:18:42,895 [GA-MCA] INFO -   → 11/12/2021 – 05/13/2022
2026-05-08 12:18:44,744 [GA-MCA] INFO -   No results
2026-05-08 12:18:44,744 [GA-MCA] INFO -   → 05/14/2021 – 11/12/2021
2026-05-08 12:18:46,669 [GA-MCA] INFO -   No results
2026-05-08 12:18:46,670 [GA-MCA] INFO -   Lender total: 0 found, 0 new
2026-05-08 12:18:46,670 [GA-MCA] INFO - 
────────────────────────────────────────────────────────────
2026-05-08 12:18:46,670 [GA-MCA] INFO - 💰 CREDIBLY (MCA)
2026-05-08 12:18:46,670 [GA-MCA] INFO -   → 11/07/2025 – 05/08/2026
2026-05-08 12:18:48,614 [GA-MCA] INFO -   No results
2026-05-08 12:18:48,614 [GA-MCA] INFO -   → 05/09/2025 – 11/07/2025
2026-05-08 12:18:50,465 [GA-MCA] INFO -   No results
2026-05-08 12:18:50,466 [GA-MCA] INFO -   → 11/08/2024 – 05/09/2025
2026-05-08 12:18:52,392 [GA-MCA] INFO -   No results
2026-05-08 12:18:52,393 [GA-MCA] INFO -   → 05/10/2024 – 11/08/2024
2026-05-08 12:18:54,315 [GA-MCA] INFO -   No results
2026-05-08 12:18:54,315 [GA-MCA] INFO -   → 11/10/2023 – 05/10/2024
2026-05-08 12:18:56,207 [GA-MCA] INFO -   No results
2026-05-08 12:18:56,207 [GA-MCA] INFO -   → 05/12/2023 – 11/10/2023
2026-05-08 12:18:58,113 [GA-MCA] INFO -   No results
2026-05-08 12:18:58,114 [GA-MCA] INFO -   → 11/11/2022 – 05/12/2023
2026-05-08 12:19:00,077 [GA-MCA] INFO -   No results
2026-05-08 12:19:00,077 [GA-MCA] INFO -   → 05/13/2022 – 11/11/2022
2026-05-08 12:19:01,942 [GA-MCA] INFO -   No results
2026-05-08 12:19:01,942 [GA-MCA] INFO -   → 11/12/2021 – 05/13/2022
2026-05-08 12:19:03,906 [GA-MCA] INFO -   No results
2026-05-08 12:19:03,908 [GA-MCA] INFO -   → 05/14/2021 – 11/12/2021
2026-05-08 12:19:05,761 [GA-MCA] INFO -   No results
2026-05-08 12:19:05,761 [GA-MCA] INFO -   Lender total: 0 found, 0 new
2026-05-08 12:19:05,761 [GA-MCA] INFO - 
────────────────────────────────────────────────────────────
2026-05-08 12:19:05,761 [GA-MCA] INFO - 💰 KAPITUS (MCA)
2026-05-08 12:19:05,761 [GA-MCA] INFO -   → 11/07/2025 – 05/08/2026
2026-05-08 12:19:07,607 [GA-MCA] INFO -   No results
2026-05-08 12:19:07,607 [GA-MCA] INFO -   → 05/09/2025 – 11/07/2025
2026-05-08 12:19:09,540 [GA-MCA] INFO -   No results
2026-05-08 12:19:09,540 [GA-MCA] INFO -   → 11/08/2024 – 05/09/2025
2026-05-08 12:19:11,352 [GA-MCA] INFO -   No results
2026-05-08 12:19:11,353 [GA-MCA] INFO -   → 05/10/2024 – 11/08/2024
2026-05-08 12:19:13,214 [GA-MCA] INFO -   No results
2026-05-08 12:19:13,214 [GA-MCA] INFO -   → 11/10/2023 – 05/10/2024
2026-05-08 12:19:15,137 [GA-MCA] INFO -   No results
2026-05-08 12:19:15,137 [GA-MCA] INFO -   → 05/12/2023 – 11/10/2023
2026-05-08 12:19:16,990 [GA-MCA] INFO -   No results
2026-05-08 12:19:16,990 [GA-MCA] INFO -   → 11/11/2022 – 05/12/2023
2026-05-08 12:19:18,918 [GA-MCA] INFO -   No results
2026-05-08 12:19:18,918 [GA-MCA] INFO -   → 05/13/2022 – 11/11/2022
2026-05-08 12:19:22,071 [GA-MCA] INFO -   No results
2026-05-08 12:19:22,071 [GA-MCA] INFO -   → 11/12/2021 – 05/13/2022
2026-05-08 12:19:23,936 [GA-MCA] INFO -   No results
2026-05-08 12:19:23,936 [GA-MCA] INFO -   → 05/14/2021 – 11/12/2021
2026-05-08 12:19:25,843 [GA-MCA] INFO -   No results
2026-05-08 12:19:25,843 [GA-MCA] INFO -   Lender total: 0 found, 0 new
2026-05-08 12:19:25,844 [GA-MCA] INFO - 
────────────────────────────────────────────────────────────
2026-05-08 12:19:25,844 [GA-MCA] INFO - 💰 YELLOWSTONE (MCA)
2026-05-08 12:19:25,844 [GA-MCA] INFO -   → 11/07/2025 – 05/08/2026
2026-05-08 12:19:27,716 [GA-MCA] INFO -   No results
2026-05-08 12:19:27,717 [GA-MCA] INFO -   → 05/09/2025 – 11/07/2025
2026-05-08 12:19:29,565 [GA-MCA] INFO -   No results
2026-05-08 12:19:29,565 [GA-MCA] INFO -   → 11/08/2024 – 05/09/2025
2026-05-08 12:19:31,455 [GA-MCA] INFO -   No results
2026-05-08 12:19:31,455 [GA-MCA] INFO -   → 05/10/2024 – 11/08/2024
2026-05-08 12:19:33,306 [GA-MCA] INFO -   No results
2026-05-08 12:19:33,306 [GA-MCA] INFO -   → 11/10/2023 – 05/10/2024
2026-05-08 12:19:35,209 [GA-MCA] INFO -   No results
2026-05-08 12:19:35,210 [GA-MCA] INFO -   → 05/12/2023 – 11/10/2023
2026-05-08 12:19:37,170 [GA-MCA] INFO -   No results
2026-05-08 12:19:37,174 [GA-MCA] INFO -   → 11/11/2022 – 05/12/2023
2026-05-08 12:19:39,100 [GA-MCA] INFO -   No results
2026-05-08 12:19:39,100 [GA-MCA] INFO -   → 05/13/2022 – 11/11/2022
2026-05-08 12:19:40,972 [GA-MCA] INFO -   No results
2026-05-08 12:19:40,972 [GA-MCA] INFO -   → 11/12/2021 – 05/13/2022
2026-05-08 12:19:42,877 [GA-MCA] INFO -   No results
2026-05-08 12:19:42,877 [GA-MCA] INFO -   → 05/14/2021 – 11/12/2021
2026-05-08 12:19:44,727 [GA-MCA] INFO -   No results
2026-05-08 12:19:44,727 [GA-MCA] INFO -   Lender total: 0 found, 0 new
2026-05-08 12:19:44,727 [GA-MCA] INFO - 
============================================================
2026-05-08 12:19:44,727 [GA-MCA] INFO - GA MCA COMPLETE: 0 found, 0 new
2026-05-08 12:19:44,727 [GA-MCA] INFO - ============================================================
