2026-05-08 11:49:19,457 [GA-MCA] INFO - GA MCA Scraper
2026-05-08 11:49:19,457 [GA-MCA] INFO - MCA DB: /Users/robertle/tomcat_mca/leads/tomcat_mca.db
2026-05-08 11:49:19,457 [GA-MCA] INFO - Logging in...
2026-05-08 11:49:23,095 [GA-MCA] INFO - ✅ Authenticated
2026-05-08 11:49:23,095 [GA-MCA] INFO - 
────────────────────────────────────────────────────────────
2026-05-08 11:49:23,095 [GA-MCA] INFO - 💰 ONDECK CAPITAL (MCA)
2026-05-08 11:49:23,095 [GA-MCA] INFO -   → 11/07/2025 – 05/08/2026
2026-05-08 11:49:24,939 [GA-MCA] INFO -   No results
2026-05-08 11:49:24,939 [GA-MCA] INFO -   → 05/09/2025 – 11/07/2025
2026-05-08 11:49:26,889 [GA-MCA] INFO -   No results
2026-05-08 11:49:26,889 [GA-MCA] INFO -   → 11/08/2024 – 05/09/2025
2026-05-08 11:49:28,701 [GA-MCA] INFO -   No results
2026-05-08 11:49:28,701 [GA-MCA] INFO -   → 05/10/2024 – 11/08/2024
2026-05-08 11:49:30,522 [GA-MCA] INFO -   No results
2026-05-08 11:49:30,522 [GA-MCA] INFO -   Lender total: 0 found, 0 new
2026-05-08 11:49:30,523 [GA-MCA] INFO - 
────────────────────────────────────────────────────────────
2026-05-08 11:49:30,523 [GA-MCA] INFO - 💰 ON DECK CAPITAL (MCA)
2026-05-08 11:49:30,523 [GA-MCA] INFO -   → 11/07/2025 – 05/08/2026
2026-05-08 11:49:32,390 [GA-MCA] INFO -   No results
2026-05-08 11:49:32,390 [GA-MCA] INFO -   → 05/09/2025 – 11/07/2025
2026-05-08 11:49:34,263 [GA-MCA] INFO -   No results
2026-05-08 11:49:34,263 [GA-MCA] INFO -   → 11/08/2024 – 05/09/2025
2026-05-08 11:49:36,136 [GA-MCA] INFO -   No results
2026-05-08 11:49:36,136 [GA-MCA] INFO -   → 05/10/2024 – 11/08/2024
2026-05-08 11:49:38,021 [GA-MCA] INFO -   No results
2026-05-08 11:49:38,021 [GA-MCA] INFO -   Lender total: 0 found, 0 new
2026-05-08 11:49:38,022 [GA-MCA] INFO - 
────────────────────────────────────────────────────────────
2026-05-08 11:49:38,022 [GA-MCA] INFO - 💰 RAPID ADVANCE (MCA)
2026-05-08 11:49:38,022 [GA-MCA] INFO -   → 11/07/2025 – 05/08/2026
2026-05-08 11:49:40,000 [GA-MCA] INFO -   No results
2026-05-08 11:49:40,001 [GA-MCA] INFO -   → 05/09/2025 – 11/07/2025
2026-05-08 11:49:41,817 [GA-MCA] INFO -   No results
2026-05-08 11:49:41,818 [GA-MCA] INFO -   → 11/08/2024 – 05/09/2025
2026-05-08 11:49:43,651 [GA-MCA] INFO -   No results
2026-05-08 11:49:43,652 [GA-MCA] INFO -   → 05/10/2024 – 11/08/2024
2026-05-08 11:49:45,486 [GA-MCA] INFO -   No results
2026-05-08 11:49:45,487 [GA-MCA] INFO -   Lender total: 0 found, 0 new
2026-05-08 11:49:45,487 [GA-MCA] INFO - 
────────────────────────────────────────────────────────────
2026-05-08 11:49:45,487 [GA-MCA] INFO - 💰 RAPID FINANCE (MCA)
2026-05-08 11:49:45,487 [GA-MCA] INFO -   → 11/07/2025 – 05/08/2026
2026-05-08 11:49:47,343 [GA-MCA] INFO -   No results
2026-05-08 11:49:47,353 [GA-MCA] INFO -   → 05/09/2025 – 11/07/2025
2026-05-08 11:49:49,198 [GA-MCA] INFO -   No results
2026-05-08 11:49:49,198 [GA-MCA] INFO -   → 11/08/2024 – 05/09/2025
2026-05-08 11:49:51,024 [GA-MCA] INFO -   No results
2026-05-08 11:49:51,024 [GA-MCA] INFO -   → 05/10/2024 – 11/08/2024
2026-05-08 11:49:52,846 [GA-MCA] INFO -   No results
2026-05-08 11:49:52,846 [GA-MCA] INFO -   Lender total: 0 found, 0 new
2026-05-08 11:49:52,847 [GA-MCA] INFO - 
────────────────────────────────────────────────────────────
2026-05-08 11:49:52,847 [GA-MCA] INFO - 💰 LIBERTAS FUNDING (MCA)
2026-05-08 11:49:52,847 [GA-MCA] INFO -   → 11/07/2025 – 05/08/2026
2026-05-08 11:49:54,787 [GA-MCA] INFO -   No results
2026-05-08 11:49:54,788 [GA-MCA] INFO -   → 05/09/2025 – 11/07/2025
2026-05-08 11:49:56,615 [GA-MCA] INFO -   No results
2026-05-08 11:49:56,615 [GA-MCA] INFO -   → 11/08/2024 – 05/09/2025
2026-05-08 11:49:58,438 [GA-MCA] INFO -   No results
2026-05-08 11:49:58,438 [GA-MCA] INFO -   → 05/10/2024 – 11/08/2024
2026-05-08 11:50:00,290 [GA-MCA] INFO -   No results
2026-05-08 11:50:00,290 [GA-MCA] INFO -   Lender total: 0 found, 0 new
2026-05-08 11:50:00,290 [GA-MCA] INFO - 
────────────────────────────────────────────────────────────
2026-05-08 11:50:00,290 [GA-MCA] INFO - 💰 FORWARD FINANCING (MCA)
2026-05-08 11:50:00,290 [GA-MCA] INFO -   → 11/07/2025 – 05/08/2026
2026-05-08 11:50:02,777 [GA-MCA] INFO -   No results
2026-05-08 11:50:02,777 [GA-MCA] INFO -   → 05/09/2025 – 11/07/2025
2026-05-08 11:50:04,695 [GA-MCA] INFO -   No results
2026-05-08 11:50:04,695 [GA-MCA] INFO -   → 11/08/2024 – 05/09/2025
2026-05-08 11:50:06,590 [GA-MCA] INFO -   No results
2026-05-08 11:50:06,590 [GA-MCA] INFO -   → 05/10/2024 – 11/08/2024
2026-05-08 11:50:08,502 [GA-MCA] INFO -   No results
2026-05-08 11:50:08,502 [GA-MCA] INFO -   Lender total: 0 found, 0 new
2026-05-08 11:50:08,503 [GA-MCA] INFO - 
────────────────────────────────────────────────────────────
2026-05-08 11:50:08,503 [GA-MCA] INFO - 💰 KAPITUS (MCA)
2026-05-08 11:50:08,503 [GA-MCA] INFO -   → 11/07/2025 – 05/08/2026
2026-05-08 11:50:10,375 [GA-MCA] INFO -   No results
2026-05-08 11:50:10,375 [GA-MCA] INFO -   → 05/09/2025 – 11/07/2025
2026-05-08 11:50:12,310 [GA-MCA] INFO -   No results
2026-05-08 11:50:12,310 [GA-MCA] INFO -   → 11/08/2024 – 05/09/2025
2026-05-08 11:50:14,155 [GA-MCA] INFO -   No results
2026-05-08 11:50:14,155 [GA-MCA] INFO -   → 05/10/2024 – 11/08/2024
2026-05-08 11:50:16,112 [GA-MCA] INFO -   No results
2026-05-08 11:50:16,112 [GA-MCA] INFO -   Lender total: 0 found, 0 new
2026-05-08 11:50:16,112 [GA-MCA] INFO - 
────────────────────────────────────────────────────────────
2026-05-08 11:50:16,112 [GA-MCA] INFO - 💰 NATIONAL FUNDING (MCA)
2026-05-08 11:50:16,112 [GA-MCA] INFO -   → 11/07/2025 – 05/08/2026
2026-05-08 11:50:18,094 [GA-MCA] INFO -   No results
2026-05-08 11:50:18,094 [GA-MCA] INFO -   → 05/09/2025 – 11/07/2025
2026-05-08 11:50:20,011 [GA-MCA] INFO -   No results
2026-05-08 11:50:20,011 [GA-MCA] INFO -   → 11/08/2024 – 05/09/2025
2026-05-08 11:50:21,906 [GA-MCA] INFO -   No results
2026-05-08 11:50:21,906 [GA-MCA] INFO -   → 05/10/2024 – 11/08/2024
2026-05-08 11:50:23,825 [GA-MCA] INFO -   No results
2026-05-08 11:50:23,826 [GA-MCA] INFO -   Lender total: 0 found, 0 new
2026-05-08 11:50:23,826 [GA-MCA] INFO - 
────────────────────────────────────────────────────────────
2026-05-08 11:50:23,826 [GA-MCA] INFO - 💰 YELLOWSTONE CAPITAL (MCA)
2026-05-08 11:50:23,827 [GA-MCA] INFO -   → 11/07/2025 – 05/08/2026
2026-05-08 11:50:25,668 [GA-MCA] INFO -   No results
2026-05-08 11:50:25,668 [GA-MCA] INFO -   → 05/09/2025 – 11/07/2025
2026-05-08 11:50:27,533 [GA-MCA] INFO -   No results
2026-05-08 11:50:27,533 [GA-MCA] INFO -   → 11/08/2024 – 05/09/2025
2026-05-08 11:50:29,390 [GA-MCA] INFO -   No results
2026-05-08 11:50:29,391 [GA-MCA] INFO -   → 05/10/2024 – 11/08/2024
2026-05-08 11:50:31,236 [GA-MCA] INFO -   No results
2026-05-08 11:50:31,236 [GA-MCA] INFO -   Lender total: 0 found, 0 new
2026-05-08 11:50:31,237 [GA-MCA] INFO - 
────────────────────────────────────────────────────────────
2026-05-08 11:50:31,237 [GA-MCA] INFO - 💰 KALAMATA CAPITAL (MCA)
2026-05-08 11:50:31,237 [GA-MCA] INFO -   → 11/07/2025 – 05/08/2026
2026-05-08 11:50:33,068 [GA-MCA] INFO -   No results
2026-05-08 11:50:33,068 [GA-MCA] INFO -   → 05/09/2025 – 11/07/2025
2026-05-08 11:50:34,895 [GA-MCA] INFO -   No results
2026-05-08 11:50:34,895 [GA-MCA] INFO -   → 11/08/2024 – 05/09/2025
2026-05-08 11:50:36,743 [GA-MCA] INFO -   No results
2026-05-08 11:50:36,743 [GA-MCA] INFO -   → 05/10/2024 – 11/08/2024
2026-05-08 11:50:38,591 [GA-MCA] INFO -   No results
2026-05-08 11:50:38,591 [GA-MCA] INFO -   Lender total: 0 found, 0 new
2026-05-08 11:50:38,591 [GA-MCA] INFO - 
────────────────────────────────────────────────────────────
2026-05-08 11:50:38,591 [GA-MCA] INFO - 💰 CREDIBLY (MCA)
2026-05-08 11:50:38,591 [GA-MCA] INFO -   → 11/07/2025 – 05/08/2026
2026-05-08 11:50:40,468 [GA-MCA] INFO -   No results
2026-05-08 11:50:40,468 [GA-MCA] INFO -   → 05/09/2025 – 11/07/2025
2026-05-08 11:50:42,431 [GA-MCA] INFO -   No results
2026-05-08 11:50:42,431 [GA-MCA] INFO -   → 11/08/2024 – 05/09/2025
2026-05-08 11:50:44,296 [GA-MCA] INFO -   No results
2026-05-08 11:50:44,296 [GA-MCA] INFO -   → 05/10/2024 – 11/08/2024
2026-05-08 11:50:46,162 [GA-MCA] INFO -   No results
2026-05-08 11:50:46,162 [GA-MCA] INFO -   Lender total: 0 found, 0 new
2026-05-08 11:50:46,162 [GA-MCA] INFO - 
────────────────────────────────────────────────────────────
2026-05-08 11:50:46,162 [GA-MCA] INFO - 💰 RETAIL CAPITAL (MCA)
2026-05-08 11:50:46,163 [GA-MCA] INFO -   → 11/07/2025 – 05/08/2026
2026-05-08 11:50:48,091 [GA-MCA] INFO -   No results
2026-05-08 11:50:48,091 [GA-MCA] INFO -   → 05/09/2025 – 11/07/2025
2026-05-08 11:50:50,144 [GA-MCA] INFO -   No results
2026-05-08 11:50:50,145 [GA-MCA] INFO -   → 11/08/2024 – 05/09/2025
2026-05-08 11:50:52,003 [GA-MCA] INFO -   No results
2026-05-08 11:50:52,003 [GA-MCA] INFO -   → 05/10/2024 – 11/08/2024
2026-05-08 11:50:53,941 [GA-MCA] INFO -   No results
2026-05-08 11:50:53,941 [GA-MCA] INFO -   Lender total: 0 found, 0 new
2026-05-08 11:50:53,941 [GA-MCA] INFO - 
────────────────────────────────────────────────────────────
2026-05-08 11:50:53,941 [GA-MCA] INFO - 💰 CAN CAPITAL (MCA)
2026-05-08 11:50:53,941 [GA-MCA] INFO -   → 11/07/2025 – 05/08/2026
2026-05-08 11:50:55,934 [GA-MCA] INFO -   No results
2026-05-08 11:50:55,935 [GA-MCA] INFO -   → 05/09/2025 – 11/07/2025
2026-05-08 11:50:57,884 [GA-MCA] INFO -   No results
2026-05-08 11:50:57,884 [GA-MCA] INFO -   → 11/08/2024 – 05/09/2025
2026-05-08 11:50:59,775 [GA-MCA] INFO -   No results
2026-05-08 11:50:59,775 [GA-MCA] INFO -   → 05/10/2024 – 11/08/2024
2026-05-08 11:51:01,714 [GA-MCA] INFO -   No results
2026-05-08 11:51:01,714 [GA-MCA] INFO -   Lender total: 0 found, 0 new
2026-05-08 11:51:01,714 [GA-MCA] INFO - 
────────────────────────────────────────────────────────────
2026-05-08 11:51:01,714 [GA-MCA] INFO - 💰 IOU FINANCIAL (MCA)
2026-05-08 11:51:01,714 [GA-MCA] INFO -   → 11/07/2025 – 05/08/2026
2026-05-08 11:51:03,609 [GA-MCA] INFO -   No results
2026-05-08 11:51:03,609 [GA-MCA] INFO -   → 05/09/2025 – 11/07/2025
2026-05-08 11:51:05,446 [GA-MCA] INFO -   No results
2026-05-08 11:51:05,446 [GA-MCA] INFO -   → 11/08/2024 – 05/09/2025
2026-05-08 11:51:07,346 [GA-MCA] INFO -   No results
2026-05-08 11:51:07,346 [GA-MCA] INFO -   → 05/10/2024 – 11/08/2024
2026-05-08 11:51:09,184 [GA-MCA] INFO -   No results
2026-05-08 11:51:09,184 [GA-MCA] INFO -   Lender total: 0 found, 0 new
2026-05-08 11:51:09,184 [GA-MCA] INFO - 
────────────────────────────────────────────────────────────
2026-05-08 11:51:09,184 [GA-MCA] INFO - 💰 RELIANT FUNDING (MCA)
2026-05-08 11:51:09,184 [GA-MCA] INFO -   → 11/07/2025 – 05/08/2026
2026-05-08 11:51:11,046 [GA-MCA] INFO -   No results
2026-05-08 11:51:11,046 [GA-MCA] INFO -   → 05/09/2025 – 11/07/2025
2026-05-08 11:51:12,906 [GA-MCA] INFO -   No results
2026-05-08 11:51:12,906 [GA-MCA] INFO -   → 11/08/2024 – 05/09/2025
2026-05-08 11:51:14,814 [GA-MCA] INFO -   No results
2026-05-08 11:51:14,814 [GA-MCA] INFO -   → 05/10/2024 – 11/08/2024
2026-05-08 11:51:16,664 [GA-MCA] INFO -   No results
2026-05-08 11:51:16,664 [GA-MCA] INFO -   Lender total: 0 found, 0 new
2026-05-08 11:51:16,664 [GA-MCA] INFO - 
────────────────────────────────────────────────────────────
2026-05-08 11:51:16,664 [GA-MCA] INFO - 💰 SAMSON MCA (MCA)
2026-05-08 11:51:16,665 [GA-MCA] INFO -   → 11/07/2025 – 05/08/2026
2026-05-08 11:51:18,515 [GA-MCA] INFO -   No results
2026-05-08 11:51:18,516 [GA-MCA] INFO -   → 05/09/2025 – 11/07/2025
2026-05-08 11:51:20,459 [GA-MCA] INFO -   No results
2026-05-08 11:51:20,459 [GA-MCA] INFO -   → 11/08/2024 – 05/09/2025
2026-05-08 11:51:22,470 [GA-MCA] INFO -   No results
2026-05-08 11:51:22,470 [GA-MCA] INFO -   → 05/10/2024 – 11/08/2024
2026-05-08 11:51:24,359 [GA-MCA] INFO -   No results
2026-05-08 11:51:24,360 [GA-MCA] INFO -   Lender total: 0 found, 0 new
2026-05-08 11:51:24,360 [GA-MCA] INFO - 
────────────────────────────────────────────────────────────
2026-05-08 11:51:24,360 [GA-MCA] INFO - 💰 ITRIA VENTURES (MCA)
2026-05-08 11:51:24,360 [GA-MCA] INFO -   → 11/07/2025 – 05/08/2026
2026-05-08 11:51:26,267 [GA-MCA] INFO -   No results
2026-05-08 11:51:26,267 [GA-MCA] INFO -   → 05/09/2025 – 11/07/2025
2026-05-08 11:51:28,127 [GA-MCA] INFO -   No results
2026-05-08 11:51:28,127 [GA-MCA] INFO -   → 11/08/2024 – 05/09/2025
2026-05-08 11:51:29,963 [GA-MCA] INFO -   No results
2026-05-08 11:51:29,963 [GA-MCA] INFO -   → 05/10/2024 – 11/08/2024
2026-05-08 11:51:32,020 [GA-MCA] INFO -   No results
2026-05-08 11:51:32,020 [GA-MCA] INFO -   Lender total: 0 found, 0 new
2026-05-08 11:51:32,020 [GA-MCA] INFO - 
────────────────────────────────────────────────────────────
2026-05-08 11:51:32,020 [GA-MCA] INFO - 💰 BUSINESS BACKER (MCA)
2026-05-08 11:51:32,020 [GA-MCA] INFO -   → 11/07/2025 – 05/08/2026
2026-05-08 11:51:33,865 [GA-MCA] INFO -   No results
2026-05-08 11:51:33,865 [GA-MCA] INFO -   → 05/09/2025 – 11/07/2025
2026-05-08 11:51:35,707 [GA-MCA] INFO -   No results
2026-05-08 11:51:35,707 [GA-MCA] INFO -   → 11/08/2024 – 05/09/2025
2026-05-08 11:51:37,664 [GA-MCA] INFO -   No results
2026-05-08 11:51:37,664 [GA-MCA] INFO -   → 05/10/2024 – 11/08/2024
2026-05-08 11:51:39,513 [GA-MCA] INFO -   No results
2026-05-08 11:51:39,513 [GA-MCA] INFO -   Lender total: 0 found, 0 new
2026-05-08 11:51:39,513 [GA-MCA] INFO - 
────────────────────────────────────────────────────────────
2026-05-08 11:51:39,514 [GA-MCA] INFO - 💰 CURRENCY CAPITAL (MCA)
2026-05-08 11:51:39,514 [GA-MCA] INFO -   → 11/07/2025 – 05/08/2026
2026-05-08 11:51:41,361 [GA-MCA] INFO -   No results
2026-05-08 11:51:41,361 [GA-MCA] INFO -   → 05/09/2025 – 11/07/2025
2026-05-08 11:51:43,206 [GA-MCA] INFO -   No results
2026-05-08 11:51:43,206 [GA-MCA] INFO -   → 11/08/2024 – 05/09/2025
2026-05-08 11:51:45,331 [GA-MCA] INFO -   No results
2026-05-08 11:51:45,331 [GA-MCA] INFO -   → 05/10/2024 – 11/08/2024
2026-05-08 11:51:47,192 [GA-MCA] INFO -   No results
2026-05-08 11:51:47,192 [GA-MCA] INFO -   Lender total: 0 found, 0 new
2026-05-08 11:51:47,192 [GA-MCA] INFO - 
────────────────────────────────────────────────────────────
2026-05-08 11:51:47,192 [GA-MCA] INFO - 💰 NEWTEK BUSINESS (MCA)
2026-05-08 11:51:47,192 [GA-MCA] INFO -   → 11/07/2025 – 05/08/2026
2026-05-08 11:51:49,301 [GA-MCA] INFO -   No results
2026-05-08 11:51:49,301 [GA-MCA] INFO -   → 05/09/2025 – 11/07/2025
2026-05-08 11:51:51,244 [GA-MCA] INFO -   No results
2026-05-08 11:51:51,244 [GA-MCA] INFO -   → 11/08/2024 – 05/09/2025
2026-05-08 11:51:53,126 [GA-MCA] INFO -   No results
2026-05-08 11:51:53,126 [GA-MCA] INFO -   → 05/10/2024 – 11/08/2024
2026-05-08 11:51:55,006 [GA-MCA] INFO -   No results
2026-05-08 11:51:55,006 [GA-MCA] INFO -   Lender total: 0 found, 0 new
2026-05-08 11:51:55,006 [GA-MCA] INFO - 
────────────────────────────────────────────────────────────
2026-05-08 11:51:55,006 [GA-MCA] INFO - 💰 QUARTERSPOT (MCA)
2026-05-08 11:51:55,007 [GA-MCA] INFO -   → 11/07/2025 – 05/08/2026
2026-05-08 11:51:56,834 [GA-MCA] INFO -   No results
2026-05-08 11:51:56,834 [GA-MCA] INFO -   → 05/09/2025 – 11/07/2025
2026-05-08 11:51:58,689 [GA-MCA] INFO -   No results
2026-05-08 11:51:58,689 [GA-MCA] INFO -   → 11/08/2024 – 05/09/2025
2026-05-08 11:52:00,563 [GA-MCA] INFO -   No results
2026-05-08 11:52:00,563 [GA-MCA] INFO -   → 05/10/2024 – 11/08/2024
2026-05-08 11:52:02,501 [GA-MCA] INFO -   No results
2026-05-08 11:52:02,501 [GA-MCA] INFO -   Lender total: 0 found, 0 new
2026-05-08 11:52:02,501 [GA-MCA] INFO - 
────────────────────────────────────────────────────────────
2026-05-08 11:52:02,501 [GA-MCA] INFO - 💰 WELLEN CAPITAL (MCA)
2026-05-08 11:52:02,501 [GA-MCA] INFO -   → 11/07/2025 – 05/08/2026
2026-05-08 11:52:04,378 [GA-MCA] INFO -   No results
2026-05-08 11:52:04,378 [GA-MCA] INFO -   → 05/09/2025 – 11/07/2025
2026-05-08 11:52:06,278 [GA-MCA] INFO -   No results
2026-05-08 11:52:06,278 [GA-MCA] INFO -   → 11/08/2024 – 05/09/2025
2026-05-08 11:52:08,134 [GA-MCA] INFO -   No results
2026-05-08 11:52:08,134 [GA-MCA] INFO -   → 05/10/2024 – 11/08/2024
2026-05-08 11:52:10,099 [GA-MCA] INFO -   No results
2026-05-08 11:52:10,099 [GA-MCA] INFO -   Lender total: 0 found, 0 new
2026-05-08 11:52:10,099 [GA-MCA] INFO - 
────────────────────────────────────────────────────────────
2026-05-08 11:52:10,099 [GA-MCA] INFO - 💰 KABBAGE (FINTECH)
2026-05-08 11:52:10,100 [GA-MCA] INFO -   → 11/07/2025 – 05/08/2026
2026-05-08 11:52:11,956 [GA-MCA] INFO -   No results
2026-05-08 11:52:11,956 [GA-MCA] INFO -   → 05/09/2025 – 11/07/2025
2026-05-08 11:52:13,791 [GA-MCA] INFO -   No results
2026-05-08 11:52:13,791 [GA-MCA] INFO -   → 11/08/2024 – 05/09/2025
2026-05-08 11:52:15,663 [GA-MCA] INFO -   No results
2026-05-08 11:52:15,663 [GA-MCA] INFO -   → 05/10/2024 – 11/08/2024
2026-05-08 11:52:17,491 [GA-MCA] INFO -   No results
2026-05-08 11:52:17,491 [GA-MCA] INFO -   Lender total: 0 found, 0 new
2026-05-08 11:52:17,491 [GA-MCA] INFO - 
────────────────────────────────────────────────────────────
2026-05-08 11:52:17,491 [GA-MCA] INFO - 💰 FUNDBOX (FINTECH)
2026-05-08 11:52:17,491 [GA-MCA] INFO -   → 11/07/2025 – 05/08/2026
2026-05-08 11:52:47,186 [GA-MCA] INFO -   No results
2026-05-08 11:52:47,186 [GA-MCA] INFO -   → 05/09/2025 – 11/07/2025
2026-05-08 11:52:49,137 [GA-MCA] INFO -   No results
2026-05-08 11:52:49,137 [GA-MCA] INFO -   → 11/08/2024 – 05/09/2025
2026-05-08 11:52:51,088 [GA-MCA] INFO -   No results
2026-05-08 11:52:51,088 [GA-MCA] INFO -   → 05/10/2024 – 11/08/2024
2026-05-08 11:52:53,030 [GA-MCA] INFO -   No results
2026-05-08 11:52:53,030 [GA-MCA] INFO -   Lender total: 0 found, 0 new
2026-05-08 11:52:53,030 [GA-MCA] INFO - 
────────────────────────────────────────────────────────────
2026-05-08 11:52:53,030 [GA-MCA] INFO - 💰 BLUEVINE CAPITAL (FINTECH)
2026-05-08 11:52:53,030 [GA-MCA] INFO -   → 11/07/2025 – 05/08/2026
2026-05-08 11:52:54,866 [GA-MCA] INFO -   No results
2026-05-08 11:52:54,867 [GA-MCA] INFO -   → 05/09/2025 – 11/07/2025
2026-05-08 11:52:56,761 [GA-MCA] INFO -   No results
2026-05-08 11:52:56,761 [GA-MCA] INFO -   → 11/08/2024 – 05/09/2025
2026-05-08 11:52:58,585 [GA-MCA] INFO -   No results
2026-05-08 11:52:58,587 [GA-MCA] INFO -   → 05/10/2024 – 11/08/2024
2026-05-08 11:53:00,426 [GA-MCA] INFO -   No results
2026-05-08 11:53:00,426 [GA-MCA] INFO -   Lender total: 0 found, 0 new
2026-05-08 11:53:00,427 [GA-MCA] INFO - 
────────────────────────────────────────────────────────────
2026-05-08 11:53:00,427 [GA-MCA] INFO - 💰 CLEARCO (FINTECH)
2026-05-08 11:53:00,427 [GA-MCA] INFO -   → 11/07/2025 – 05/08/2026
2026-05-08 11:53:02,293 [GA-MCA] INFO -   No results
2026-05-08 11:53:02,293 [GA-MCA] INFO -   → 05/09/2025 – 11/07/2025
2026-05-08 11:53:04,135 [GA-MCA] INFO -   No results
2026-05-08 11:53:04,136 [GA-MCA] INFO -   → 11/08/2024 – 05/09/2025
2026-05-08 11:53:05,995 [GA-MCA] INFO -   No results
2026-05-08 11:53:05,996 [GA-MCA] INFO -   → 05/10/2024 – 11/08/2024
2026-05-08 11:53:07,909 [GA-MCA] INFO -   No results
2026-05-08 11:53:07,909 [GA-MCA] INFO -   Lender total: 0 found, 0 new
2026-05-08 11:53:07,909 [GA-MCA] INFO - 
────────────────────────────────────────────────────────────
2026-05-08 11:53:07,909 [GA-MCA] INFO - 💰 PIPE TECHNOLOGIES (FINTECH)
2026-05-08 11:53:07,909 [GA-MCA] INFO -   → 11/07/2025 – 05/08/2026
2026-05-08 11:53:09,766 [GA-MCA] INFO -   No results
2026-05-08 11:53:09,766 [GA-MCA] INFO -   → 05/09/2025 – 11/07/2025
2026-05-08 11:53:11,614 [GA-MCA] INFO -   No results
2026-05-08 11:53:11,614 [GA-MCA] INFO -   → 11/08/2024 – 05/09/2025
2026-05-08 11:53:13,566 [GA-MCA] INFO -   No results
2026-05-08 11:53:13,566 [GA-MCA] INFO -   → 05/10/2024 – 11/08/2024
2026-05-08 11:53:15,400 [GA-MCA] INFO -   No results
2026-05-08 11:53:15,401 [GA-MCA] INFO -   Lender total: 0 found, 0 new
2026-05-08 11:53:15,401 [GA-MCA] INFO - 
────────────────────────────────────────────────────────────
2026-05-08 11:53:15,401 [GA-MCA] INFO - 💰 YARDLINE (FINTECH)
2026-05-08 11:53:15,401 [GA-MCA] INFO -   → 11/07/2025 – 05/08/2026
2026-05-08 11:53:17,241 [GA-MCA] INFO -   No results
2026-05-08 11:53:17,241 [GA-MCA] INFO -   → 05/09/2025 – 11/07/2025
2026-05-08 11:53:19,092 [GA-MCA] INFO -   No results
2026-05-08 11:53:19,092 [GA-MCA] INFO -   → 11/08/2024 – 05/09/2025
2026-05-08 11:53:20,911 [GA-MCA] INFO -   No results
2026-05-08 11:53:20,912 [GA-MCA] INFO -   → 05/10/2024 – 11/08/2024
2026-05-08 11:53:22,746 [GA-MCA] INFO -   No results
2026-05-08 11:53:22,746 [GA-MCA] INFO -   Lender total: 0 found, 0 new
2026-05-08 11:53:22,746 [GA-MCA] INFO - 
────────────────────────────────────────────────────────────
2026-05-08 11:53:22,746 [GA-MCA] INFO - 💰 CAPCHASE (FINTECH)
2026-05-08 11:53:22,746 [GA-MCA] INFO -   → 11/07/2025 – 05/08/2026
2026-05-08 11:53:24,662 [GA-MCA] INFO -   No results
2026-05-08 11:53:24,662 [GA-MCA] INFO -   → 05/09/2025 – 11/07/2025
2026-05-08 11:53:26,555 [GA-MCA] INFO -   No results
2026-05-08 11:53:26,555 [GA-MCA] INFO -   → 11/08/2024 – 05/09/2025
2026-05-08 11:53:29,059 [GA-MCA] INFO -   No results
2026-05-08 11:53:29,060 [GA-MCA] INFO -   → 05/10/2024 – 11/08/2024
2026-05-08 11:53:30,888 [GA-MCA] INFO -   No results
2026-05-08 11:53:30,888 [GA-MCA] INFO -   Lender total: 0 found, 0 new
2026-05-08 11:53:30,889 [GA-MCA] INFO - 
────────────────────────────────────────────────────────────
2026-05-08 11:53:30,889 [GA-MCA] INFO - 💰 AMERICAN EXPRESS BUSINESS (BANK_ALT)
2026-05-08 11:53:30,889 [GA-MCA] INFO -   → 11/07/2025 – 05/08/2026
2026-05-08 11:53:33,063 [GA-MCA] INFO -   No results
2026-05-08 11:53:33,063 [GA-MCA] INFO -   → 05/09/2025 – 11/07/2025
2026-05-08 11:53:35,229 [GA-MCA] INFO -   No results
2026-05-08 11:53:35,229 [GA-MCA] INFO -   → 11/08/2024 – 05/09/2025
2026-05-08 11:53:37,416 [GA-MCA] INFO -   No results
2026-05-08 11:53:37,416 [GA-MCA] INFO -   → 05/10/2024 – 11/08/2024
2026-05-08 11:53:39,613 [GA-MCA] INFO -   No results
2026-05-08 11:53:39,613 [GA-MCA] INFO -   Lender total: 0 found, 0 new
2026-05-08 11:53:39,613 [GA-MCA] INFO - 
────────────────────────────────────────────────────────────
2026-05-08 11:53:39,613 [GA-MCA] INFO - 💰 SWIFT CAPITAL (BANK_ALT)
2026-05-08 11:53:39,613 [GA-MCA] INFO -   → 11/07/2025 – 05/08/2026
2026-05-08 11:53:41,458 [GA-MCA] INFO -   No results
2026-05-08 11:53:41,458 [GA-MCA] INFO -   → 05/09/2025 – 11/07/2025
2026-05-08 11:53:43,287 [GA-MCA] INFO -   No results
2026-05-08 11:53:43,287 [GA-MCA] INFO -   → 11/08/2024 – 05/09/2025
2026-05-08 11:53:45,116 [GA-MCA] INFO -   No results
2026-05-08 11:53:45,116 [GA-MCA] INFO -   → 05/10/2024 – 11/08/2024
2026-05-08 11:53:46,975 [GA-MCA] INFO -   No results
2026-05-08 11:53:46,976 [GA-MCA] INFO -   Lender total: 0 found, 0 new
2026-05-08 11:53:46,976 [GA-MCA] INFO - 
────────────────────────────────────────────────────────────
2026-05-08 11:53:46,976 [GA-MCA] INFO - 💰 PAYPAL WORKING CAPITAL (BANK_ALT)
2026-05-08 11:53:46,976 [GA-MCA] INFO -   → 11/07/2025 – 05/08/2026
2026-05-08 11:53:48,800 [GA-MCA] INFO -   No results
2026-05-08 11:53:48,800 [GA-MCA] INFO -   → 05/09/2025 – 11/07/2025
2026-05-08 11:53:50,650 [GA-MCA] INFO -   No results
2026-05-08 11:53:50,652 [GA-MCA] INFO -   → 11/08/2024 – 05/09/2025
2026-05-08 11:53:52,522 [GA-MCA] INFO -   No results
2026-05-08 11:53:52,522 [GA-MCA] INFO -   → 05/10/2024 – 11/08/2024
2026-05-08 11:53:54,352 [GA-MCA] INFO -   No results
2026-05-08 11:53:54,353 [GA-MCA] INFO -   Lender total: 0 found, 0 new
2026-05-08 11:53:54,353 [GA-MCA] INFO - 
────────────────────────────────────────────────────────────
2026-05-08 11:53:54,353 [GA-MCA] INFO - 💰 SHOPIFY CAPITAL (BANK_ALT)
2026-05-08 11:53:54,353 [GA-MCA] INFO -   → 11/07/2025 – 05/08/2026
2026-05-08 11:53:56,204 [GA-MCA] INFO -   No results
2026-05-08 11:53:56,204 [GA-MCA] INFO -   → 05/09/2025 – 11/07/2025
2026-05-08 11:53:58,035 [GA-MCA] INFO -   No results
2026-05-08 11:53:58,036 [GA-MCA] INFO -   → 11/08/2024 – 05/09/2025
2026-05-08 11:53:59,865 [GA-MCA] INFO -   No results
2026-05-08 11:53:59,865 [GA-MCA] INFO -   → 05/10/2024 – 11/08/2024
2026-05-08 11:54:01,719 [GA-MCA] INFO -   No results
2026-05-08 11:54:01,720 [GA-MCA] INFO -   Lender total: 0 found, 0 new
2026-05-08 11:54:01,720 [GA-MCA] INFO - 
────────────────────────────────────────────────────────────
2026-05-08 11:54:01,720 [GA-MCA] INFO - 💰 AMAZON LENDING (BANK_ALT)
2026-05-08 11:54:01,720 [GA-MCA] INFO -   → 11/07/2025 – 05/08/2026
2026-05-08 11:54:03,576 [GA-MCA] INFO -   No results
2026-05-08 11:54:03,576 [GA-MCA] INFO -   → 05/09/2025 – 11/07/2025
2026-05-08 11:54:05,392 [GA-MCA] INFO -   No results
2026-05-08 11:54:05,393 [GA-MCA] INFO -   → 11/08/2024 – 05/09/2025
2026-05-08 11:54:07,249 [GA-MCA] INFO -   No results
2026-05-08 11:54:07,249 [GA-MCA] INFO -   → 05/10/2024 – 11/08/2024
2026-05-08 11:54:09,090 [GA-MCA] INFO -   No results
2026-05-08 11:54:09,091 [GA-MCA] INFO -   Lender total: 0 found, 0 new
2026-05-08 11:54:09,091 [GA-MCA] INFO - 
────────────────────────────────────────────────────────────
2026-05-08 11:54:09,091 [GA-MCA] INFO - 💰 SQUARE CAPITAL (BANK_ALT)
2026-05-08 11:54:09,091 [GA-MCA] INFO -   → 11/07/2025 – 05/08/2026
2026-05-08 11:54:10,956 [GA-MCA] INFO -   No results
2026-05-08 11:54:10,956 [GA-MCA] INFO -   → 05/09/2025 – 11/07/2025
2026-05-08 11:54:12,816 [GA-MCA] INFO -   No results
2026-05-08 11:54:12,816 [GA-MCA] INFO -   → 11/08/2024 – 05/09/2025
2026-05-08 11:54:14,642 [GA-MCA] INFO -   No results
2026-05-08 11:54:14,642 [GA-MCA] INFO -   → 05/10/2024 – 11/08/2024
2026-05-08 11:54:16,500 [GA-MCA] INFO -   No results
2026-05-08 11:54:16,500 [GA-MCA] INFO -   Lender total: 0 found, 0 new
2026-05-08 11:54:16,500 [GA-MCA] INFO - 
────────────────────────────────────────────────────────────
2026-05-08 11:54:16,501 [GA-MCA] INFO - 💰 STRIPE CAPITAL (BANK_ALT)
2026-05-08 11:54:16,501 [GA-MCA] INFO -   → 11/07/2025 – 05/08/2026
2026-05-08 11:54:18,417 [GA-MCA] INFO -   No results
2026-05-08 11:54:18,417 [GA-MCA] INFO -   → 05/09/2025 – 11/07/2025
2026-05-08 11:54:20,248 [GA-MCA] INFO -   No results
2026-05-08 11:54:20,249 [GA-MCA] INFO -   → 11/08/2024 – 05/09/2025
2026-05-08 11:54:22,085 [GA-MCA] INFO -   No results
2026-05-08 11:54:22,085 [GA-MCA] INFO -   → 05/10/2024 – 11/08/2024
2026-05-08 11:54:23,908 [GA-MCA] INFO -   No results
2026-05-08 11:54:23,908 [GA-MCA] INFO -   Lender total: 0 found, 0 new
2026-05-08 11:54:23,908 [GA-MCA] INFO - 
────────────────────────────────────────────────────────────
2026-05-08 11:54:23,908 [GA-MCA] INFO - 💰 RIVIERA FINANCE (FACTORING)
2026-05-08 11:54:23,908 [GA-MCA] INFO -   → 11/07/2025 – 05/08/2026
2026-05-08 11:54:25,774 [GA-MCA] INFO -   No results
2026-05-08 11:54:25,775 [GA-MCA] INFO -   → 05/09/2025 – 11/07/2025
2026-05-08 11:54:27,879 [GA-MCA] INFO -   No results
2026-05-08 11:54:27,880 [GA-MCA] INFO -   → 11/08/2024 – 05/09/2025
2026-05-08 11:54:29,782 [GA-MCA] INFO -   No results
2026-05-08 11:54:29,782 [GA-MCA] INFO -   → 05/10/2024 – 11/08/2024
2026-05-08 11:54:31,664 [GA-MCA] INFO -   No results
2026-05-08 11:54:31,664 [GA-MCA] INFO -   Lender total: 0 found, 0 new
2026-05-08 11:54:31,664 [GA-MCA] INFO - 
────────────────────────────────────────────────────────────
2026-05-08 11:54:31,664 [GA-MCA] INFO - 💰 TRIUMPH BUSINESS CAPITAL (FACTORING)
2026-05-08 11:54:31,667 [GA-MCA] INFO -   → 11/07/2025 – 05/08/2026
2026-05-08 11:54:33,500 [GA-MCA] INFO -   No results
2026-05-08 11:54:33,501 [GA-MCA] INFO -   → 05/09/2025 – 11/07/2025
2026-05-08 11:54:35,334 [GA-MCA] INFO -   No results
2026-05-08 11:54:35,334 [GA-MCA] INFO -   → 11/08/2024 – 05/09/2025
2026-05-08 11:54:38,471 [GA-MCA] INFO -   No results
2026-05-08 11:54:38,472 [GA-MCA] INFO -   → 05/10/2024 – 11/08/2024
2026-05-08 11:54:40,426 [GA-MCA] INFO -   No results
2026-05-08 11:54:40,427 [GA-MCA] INFO -   Lender total: 0 found, 0 new
2026-05-08 11:54:40,427 [GA-MCA] INFO - 
────────────────────────────────────────────────────────────
2026-05-08 11:54:40,427 [GA-MCA] INFO - 💰 ROSENTHAL (FACTORING)
2026-05-08 11:54:40,427 [GA-MCA] INFO -   → 11/07/2025 – 05/08/2026
2026-05-08 11:54:42,275 [GA-MCA] INFO -   No results
2026-05-08 11:54:42,275 [GA-MCA] INFO -   → 05/09/2025 – 11/07/2025
2026-05-08 11:54:44,137 [GA-MCA] INFO -   No results
2026-05-08 11:54:44,137 [GA-MCA] INFO -   → 11/08/2024 – 05/09/2025
2026-05-08 11:54:46,001 [GA-MCA] INFO -   No results
2026-05-08 11:54:46,002 [GA-MCA] INFO -   → 05/10/2024 – 11/08/2024
2026-05-08 11:54:47,882 [GA-MCA] INFO -   No results
2026-05-08 11:54:47,883 [GA-MCA] INFO -   Lender total: 0 found, 0 new
2026-05-08 11:54:47,883 [GA-MCA] INFO - 
────────────────────────────────────────────────────────────
2026-05-08 11:54:47,883 [GA-MCA] INFO - 💰 REPUBLIC BUSINESS CREDIT (FACTORING)
2026-05-08 11:54:47,883 [GA-MCA] INFO -   → 11/07/2025 – 05/08/2026
2026-05-08 11:54:50,001 [GA-MCA] INFO -   No results
2026-05-08 11:54:50,001 [GA-MCA] INFO -   → 05/09/2025 – 11/07/2025
2026-05-08 11:54:52,034 [GA-MCA] INFO -   No results
2026-05-08 11:54:52,034 [GA-MCA] INFO -   → 11/08/2024 – 05/09/2025
2026-05-08 11:54:54,256 [GA-MCA] INFO -   No results
2026-05-08 11:54:54,256 [GA-MCA] INFO -   → 05/10/2024 – 11/08/2024
2026-05-08 11:54:56,340 [GA-MCA] INFO -   No results
2026-05-08 11:54:56,341 [GA-MCA] INFO -   Lender total: 0 found, 0 new
2026-05-08 11:54:56,341 [GA-MCA] INFO - 
────────────────────────────────────────────────────────────
2026-05-08 11:54:56,341 [GA-MCA] INFO - 💰 BREAKOUT CAPITAL (FACTORING)
2026-05-08 11:54:56,341 [GA-MCA] INFO -   → 11/07/2025 – 05/08/2026
2026-05-08 11:54:58,171 [GA-MCA] INFO -   No results
2026-05-08 11:54:58,171 [GA-MCA] INFO -   → 05/09/2025 – 11/07/2025
2026-05-08 11:55:00,011 [GA-MCA] INFO -   No results
2026-05-08 11:55:00,012 [GA-MCA] INFO -   → 11/08/2024 – 05/09/2025
2026-05-08 11:55:01,835 [GA-MCA] INFO -   No results
2026-05-08 11:55:01,836 [GA-MCA] INFO -   → 05/10/2024 – 11/08/2024
2026-05-08 11:55:03,706 [GA-MCA] INFO -   No results
2026-05-08 11:55:03,706 [GA-MCA] INFO -   Lender total: 0 found, 0 new
2026-05-08 11:55:03,706 [GA-MCA] INFO - 
────────────────────────────────────────────────────────────
2026-05-08 11:55:03,706 [GA-MCA] INFO - 💰 LENDIO (FACTORING)
2026-05-08 11:55:03,706 [GA-MCA] INFO -   → 11/07/2025 – 05/08/2026
2026-05-08 11:55:05,541 [GA-MCA] INFO -   No results
2026-05-08 11:55:05,542 [GA-MCA] INFO -   → 05/09/2025 – 11/07/2025
2026-05-08 11:55:07,446 [GA-MCA] INFO -   No results
2026-05-08 11:55:07,446 [GA-MCA] INFO -   → 11/08/2024 – 05/09/2025
2026-05-08 11:55:09,313 [GA-MCA] INFO -   No results
2026-05-08 11:55:09,313 [GA-MCA] INFO -   → 05/10/2024 – 11/08/2024
2026-05-08 11:55:11,180 [GA-MCA] INFO -   No results
2026-05-08 11:55:11,180 [GA-MCA] INFO -   Lender total: 0 found, 0 new
2026-05-08 11:55:11,180 [GA-MCA] INFO - 
────────────────────────────────────────────────────────────
2026-05-08 11:55:11,180 [GA-MCA] INFO - 💰 CELTIC BANK (SBA)
2026-05-08 11:55:11,180 [GA-MCA] INFO -   → 11/07/2025 – 05/08/2026
2026-05-08 11:55:13,056 [GA-MCA] INFO -   No results
2026-05-08 11:55:13,056 [GA-MCA] INFO -   → 05/09/2025 – 11/07/2025
2026-05-08 11:55:14,972 [GA-MCA] INFO -   No results
2026-05-08 11:55:14,972 [GA-MCA] INFO -   → 11/08/2024 – 05/09/2025
2026-05-08 11:55:16,822 [GA-MCA] INFO -   No results
2026-05-08 11:55:16,823 [GA-MCA] INFO -   → 05/10/2024 – 11/08/2024
2026-05-08 11:55:18,764 [GA-MCA] INFO -   No results
2026-05-08 11:55:18,764 [GA-MCA] INFO -   Lender total: 0 found, 0 new
2026-05-08 11:55:18,764 [GA-MCA] INFO - 
────────────────────────────────────────────────────────────
2026-05-08 11:55:18,764 [GA-MCA] INFO - 💰 READYCAP (SBA)
2026-05-08 11:55:18,764 [GA-MCA] INFO -   → 11/07/2025 – 05/08/2026
2026-05-08 11:55:20,668 [GA-MCA] INFO -   No results
2026-05-08 11:55:20,668 [GA-MCA] INFO -   → 05/09/2025 – 11/07/2025
2026-05-08 11:55:22,608 [GA-MCA] INFO -   No results
2026-05-08 11:55:22,608 [GA-MCA] INFO -   → 11/08/2024 – 05/09/2025
2026-05-08 11:55:24,482 [GA-MCA] INFO -   No results
2026-05-08 11:55:24,482 [GA-MCA] INFO -   → 05/10/2024 – 11/08/2024
2026-05-08 11:55:26,323 [GA-MCA] INFO -   No results
2026-05-08 11:55:26,324 [GA-MCA] INFO -   Lender total: 0 found, 0 new
2026-05-08 11:55:26,324 [GA-MCA] INFO - 
────────────────────────────────────────────────────────────
2026-05-08 11:55:26,324 [GA-MCA] INFO - 💰 HARVEST SMALL BUSINESS (SBA)
2026-05-08 11:55:26,324 [GA-MCA] INFO -   → 11/07/2025 – 05/08/2026
2026-05-08 11:55:28,320 [GA-MCA] INFO -   No results
2026-05-08 11:55:28,320 [GA-MCA] INFO -   → 05/09/2025 – 11/07/2025
2026-05-08 11:55:30,182 [GA-MCA] INFO -   No results
2026-05-08 11:55:30,183 [GA-MCA] INFO -   → 11/08/2024 – 05/09/2025
2026-05-08 11:55:32,249 [GA-MCA] INFO -   No results
2026-05-08 11:55:32,249 [GA-MCA] INFO -   → 05/10/2024 – 11/08/2024
2026-05-08 11:55:34,109 [GA-MCA] INFO -   No results
2026-05-08 11:55:34,109 [GA-MCA] INFO -   Lender total: 0 found, 0 new
2026-05-08 11:55:34,109 [GA-MCA] INFO - 
============================================================
2026-05-08 11:55:34,109 [GA-MCA] INFO - GA MCA COMPLETE: 0 found, 0 new
2026-05-08 11:55:34,109 [GA-MCA] INFO - ============================================================
