2026-05-08 12:14:43,968 [GA-MCA] INFO - GA MCA Scraper
2026-05-08 12:14:43,968 [GA-MCA] INFO - MCA DB: /Users/robertle/tomcat_mca/leads/tomcat_mca.db
2026-05-08 12:14:43,968 [GA-MCA] INFO - Logging in...
2026-05-08 12:14:47,845 [GA-MCA] INFO - ✅ Authenticated
2026-05-08 12:14:47,845 [GA-MCA] INFO - 
────────────────────────────────────────────────────────────
2026-05-08 12:14:47,845 [GA-MCA] INFO - 💰 LCF (MCA)
2026-05-08 12:14:47,845 [GA-MCA] INFO -   → 11/07/2025 – 05/08/2026
2026-05-08 12:14:49,700 [GA-MCA] INFO -   No results
2026-05-08 12:14:49,700 [GA-MCA] INFO -   → 05/09/2025 – 11/07/2025
2026-05-08 12:14:51,690 [GA-MCA] INFO -   No results
2026-05-08 12:14:51,690 [GA-MCA] INFO -   → 11/08/2024 – 05/09/2025
2026-05-08 12:14:53,541 [GA-MCA] INFO -   No results
2026-05-08 12:14:53,541 [GA-MCA] INFO -   → 05/10/2024 – 11/08/2024
2026-05-08 12:14:55,387 [GA-MCA] INFO -   No results
2026-05-08 12:14:55,387 [GA-MCA] INFO -   Lender total: 0 found, 0 new
2026-05-08 12:14:55,387 [GA-MCA] INFO - 
────────────────────────────────────────────────────────────
2026-05-08 12:14:55,387 [GA-MCA] INFO - 💰 LAST CHANCE FUNDING (MCA)
2026-05-08 12:14:55,387 [GA-MCA] INFO -   → 11/07/2025 – 05/08/2026
2026-05-08 12:14:57,287 [GA-MCA] INFO -   No results
2026-05-08 12:14:57,287 [GA-MCA] INFO -   → 05/09/2025 – 11/07/2025
2026-05-08 12:14:59,146 [GA-MCA] INFO -   No results
2026-05-08 12:14:59,146 [GA-MCA] INFO -   → 11/08/2024 – 05/09/2025
2026-05-08 12:15:01,004 [GA-MCA] INFO -   No results
2026-05-08 12:15:01,004 [GA-MCA] INFO -   → 05/10/2024 – 11/08/2024
2026-05-08 12:15:02,881 [GA-MCA] INFO -   No results
2026-05-08 12:15:02,882 [GA-MCA] INFO -   Lender total: 0 found, 0 new
2026-05-08 12:15:02,882 [GA-MCA] INFO - 
────────────────────────────────────────────────────────────
2026-05-08 12:15:02,882 [GA-MCA] INFO - 💰 FORWARD FINANCING (MCA)
2026-05-08 12:15:02,882 [GA-MCA] INFO -   → 11/07/2025 – 05/08/2026
2026-05-08 12:15:04,758 [GA-MCA] INFO -   No results
2026-05-08 12:15:04,758 [GA-MCA] INFO -   → 05/09/2025 – 11/07/2025
2026-05-08 12:15:06,609 [GA-MCA] INFO -   No results
2026-05-08 12:15:06,609 [GA-MCA] INFO -   → 11/08/2024 – 05/09/2025
2026-05-08 12:15:08,464 [GA-MCA] INFO -   No results
2026-05-08 12:15:08,464 [GA-MCA] INFO -   → 05/10/2024 – 11/08/2024
2026-05-08 12:15:10,308 [GA-MCA] INFO -   No results
2026-05-08 12:15:10,309 [GA-MCA] INFO -   Lender total: 0 found, 0 new
2026-05-08 12:15:10,309 [GA-MCA] INFO - 
────────────────────────────────────────────────────────────
2026-05-08 12:15:10,309 [GA-MCA] INFO - 💰 APP FUNDING (MCA)
2026-05-08 12:15:10,309 [GA-MCA] INFO -   → 11/07/2025 – 05/08/2026
2026-05-08 12:15:12,189 [GA-MCA] INFO -   No results
2026-05-08 12:15:12,189 [GA-MCA] INFO -   → 05/09/2025 – 11/07/2025
2026-05-08 12:15:14,064 [GA-MCA] INFO -   No results
2026-05-08 12:15:14,064 [GA-MCA] INFO -   → 11/08/2024 – 05/09/2025
2026-05-08 12:15:15,947 [GA-MCA] INFO -   No results
2026-05-08 12:15:15,947 [GA-MCA] INFO -   → 05/10/2024 – 11/08/2024
2026-05-08 12:15:17,810 [GA-MCA] INFO -   No results
2026-05-08 12:15:17,810 [GA-MCA] INFO -   Lender total: 0 found, 0 new
2026-05-08 12:15:17,811 [GA-MCA] INFO - 
────────────────────────────────────────────────────────────
2026-05-08 12:15:17,811 [GA-MCA] INFO - 💰 MEGED (MCA)
2026-05-08 12:15:17,811 [GA-MCA] INFO -   → 11/07/2025 – 05/08/2026
2026-05-08 12:15:19,743 [GA-MCA] INFO -   No results
2026-05-08 12:15:19,743 [GA-MCA] INFO -   → 05/09/2025 – 11/07/2025
2026-05-08 12:15:21,593 [GA-MCA] INFO -   No results
2026-05-08 12:15:21,593 [GA-MCA] INFO -   → 11/08/2024 – 05/09/2025
2026-05-08 12:15:23,425 [GA-MCA] INFO -   No results
2026-05-08 12:15:23,425 [GA-MCA] INFO -   → 05/10/2024 – 11/08/2024
2026-05-08 12:15:25,265 [GA-MCA] INFO -   No results
2026-05-08 12:15:25,265 [GA-MCA] INFO -   Lender total: 0 found, 0 new
2026-05-08 12:15:25,265 [GA-MCA] INFO - 
────────────────────────────────────────────────────────────
2026-05-08 12:15:25,265 [GA-MCA] INFO - 💰 CAN CAPITAL (MCA)
2026-05-08 12:15:25,265 [GA-MCA] INFO -   → 11/07/2025 – 05/08/2026
2026-05-08 12:15:27,294 [GA-MCA] INFO -   No results
2026-05-08 12:15:27,294 [GA-MCA] INFO -   → 05/09/2025 – 11/07/2025
2026-05-08 12:15:30,498 [GA-MCA] INFO -   No results
2026-05-08 12:15:30,498 [GA-MCA] INFO -   → 11/08/2024 – 05/09/2025
2026-05-08 12:15:32,400 [GA-MCA] INFO -   No results
2026-05-08 12:15:32,400 [GA-MCA] INFO -   → 05/10/2024 – 11/08/2024
2026-05-08 12:15:34,286 [GA-MCA] INFO -   No results
2026-05-08 12:15:34,287 [GA-MCA] INFO -   Lender total: 0 found, 0 new
2026-05-08 12:15:34,287 [GA-MCA] INFO - 
────────────────────────────────────────────────────────────
2026-05-08 12:15:34,287 [GA-MCA] INFO - 💰 CREDIBLY (MCA)
2026-05-08 12:15:34,287 [GA-MCA] INFO -   → 11/07/2025 – 05/08/2026
2026-05-08 12:15:36,151 [GA-MCA] INFO -   No results
2026-05-08 12:15:36,152 [GA-MCA] INFO -   → 05/09/2025 – 11/07/2025
2026-05-08 12:15:38,014 [GA-MCA] INFO -   No results
2026-05-08 12:15:38,014 [GA-MCA] INFO -   → 11/08/2024 – 05/09/2025
2026-05-08 12:15:39,873 [GA-MCA] INFO -   No results
2026-05-08 12:15:39,873 [GA-MCA] INFO -   → 05/10/2024 – 11/08/2024
2026-05-08 12:15:41,744 [GA-MCA] INFO -   No results
2026-05-08 12:15:41,744 [GA-MCA] INFO -   Lender total: 0 found, 0 new
2026-05-08 12:15:41,744 [GA-MCA] INFO - 
────────────────────────────────────────────────────────────
2026-05-08 12:15:41,744 [GA-MCA] INFO - 💰 KAPITUS (MCA)
2026-05-08 12:15:41,744 [GA-MCA] INFO -   → 11/07/2025 – 05/08/2026
2026-05-08 12:15:43,583 [GA-MCA] INFO -   No results
2026-05-08 12:15:43,583 [GA-MCA] INFO -   → 05/09/2025 – 11/07/2025
2026-05-08 12:15:45,828 [GA-MCA] INFO -   No results
2026-05-08 12:15:45,829 [GA-MCA] INFO -   → 11/08/2024 – 05/09/2025
2026-05-08 12:15:47,721 [GA-MCA] INFO -   No results
2026-05-08 12:15:47,723 [GA-MCA] INFO -   → 05/10/2024 – 11/08/2024
2026-05-08 12:15:49,640 [GA-MCA] INFO -   No results
2026-05-08 12:15:49,640 [GA-MCA] INFO -   Lender total: 0 found, 0 new
2026-05-08 12:15:49,640 [GA-MCA] INFO - 
────────────────────────────────────────────────────────────
2026-05-08 12:15:49,641 [GA-MCA] INFO - 💰 YELLOWSTONE (MCA)
2026-05-08 12:15:49,641 [GA-MCA] INFO -   → 11/07/2025 – 05/08/2026
2026-05-08 12:15:51,591 [GA-MCA] INFO -   No results
2026-05-08 12:15:51,591 [GA-MCA] INFO -   → 05/09/2025 – 11/07/2025
2026-05-08 12:15:53,432 [GA-MCA] INFO -   No results
2026-05-08 12:15:53,432 [GA-MCA] INFO -   → 11/08/2024 – 05/09/2025
2026-05-08 12:15:55,300 [GA-MCA] INFO -   No results
2026-05-08 12:15:55,301 [GA-MCA] INFO -   → 05/10/2024 – 11/08/2024
2026-05-08 12:15:57,141 [GA-MCA] INFO -   No results
2026-05-08 12:15:57,141 [GA-MCA] INFO -   Lender total: 0 found, 0 new
2026-05-08 12:15:57,141 [GA-MCA] INFO - 
============================================================
2026-05-08 12:15:57,141 [GA-MCA] INFO - GA MCA COMPLETE: 0 found, 0 new
2026-05-08 12:15:57,141 [GA-MCA] INFO - ============================================================
