2026-05-08 11:15:24,475 [GA-UCC-v2] INFO - Logging to /Users/robertle/tomcat_capex/logs/ga_ucc_v2_20260508_111524.log
2026-05-08 11:15:24,475 [GA-UCC-v2] INFO - Logging in to GSCCCA (tomcatmca)...
2026-05-08 11:15:26,383 [GA-UCC-v2] INFO - ✅ Authenticated
2026-05-08 11:15:26,383 [GA-UCC-v2] INFO - 
────────────────────────────────────────────────────────────
2026-05-08 11:15:26,383 [GA-UCC-v2] INFO - 🔍 BANC OF AMERICA (EQUIP_FINANCE)
2026-05-08 11:15:26,383 [GA-UCC-v2] INFO -   → 11/07/2025 – 05/08/2026
2026-05-08 11:15:28,287 [GA-UCC-v2] INFO -   5 variation(s) — ~91 total filings
2026-05-08 11:15:28,287 [GA-UCC-v2] INFO -     Variation 0: 'BANC OF AMERICA LEASING & CAPITAL LLC' (1 filing)
2026-05-08 11:15:30,243 [GA-UCC-v2] INFO -     Page 1/1: 1 records
2026-05-08 11:15:30,250 [GA-UCC-v2] INFO -     Variation 1: 'BANC OF AMERICA LEASING & CAPITAL, LLC' (67 filings)
2026-05-08 11:15:37,415 [GA-UCC-v2] INFO -     Page 1/1: 72 records
2026-05-08 11:15:37,416 [GA-UCC-v2] INFO -     Variation 2: 'BANC OF AMERICA LEASING AND CAPITAL, LLC' (4 filings)
2026-05-08 11:15:39,606 [GA-UCC-v2] INFO -     Page 1/1: 4 records
2026-05-08 11:15:39,606 [GA-UCC-v2] INFO -     Variation 3: 'BANC OF AMERICA PUBLIC CAPITAL CORP' (2 filings)
2026-05-08 11:15:41,688 [GA-UCC-v2] INFO -     Page 1/1: 2 records
2026-05-08 11:15:41,688 [GA-UCC-v2] INFO -     Variation 4: 'BANCO POPULAR NORTH AMERICA' (17 filings)
2026-05-08 11:15:45,436 [GA-UCC-v2] INFO -     Page 1/1: 29 records
2026-05-08 11:15:45,444 [GA-UCC-v2] INFO -   → 108 found, 18 new
2026-05-08 11:15:45,444 [GA-UCC-v2] INFO -   → 05/09/2025 – 11/07/2025
2026-05-08 11:15:47,664 [GA-UCC-v2] INFO -   4 variation(s) — ~70 total filings
2026-05-08 11:15:47,664 [GA-UCC-v2] INFO -     Variation 0: 'BANC OF AMERICA LEASING & CAPITAL, LLC' (55 filings)
2026-05-08 11:15:52,998 [GA-UCC-v2] INFO -     Page 1/1: 66 records
2026-05-08 11:15:52,999 [GA-UCC-v2] INFO -     Variation 1: 'BANC OF AMERICA LEASING AND CAPITAL, LLC' (4 filings)
2026-05-08 11:15:56,446 [GA-UCC-v2] INFO -     Page 1/1: 4 records
2026-05-08 11:15:56,446 [GA-UCC-v2] INFO -     Variation 2: 'BANC OF AMERICA PUBLIC CAPITAL CORP' (2 filings)
2026-05-08 11:15:58,554 [GA-UCC-v2] INFO -     Page 1/1: 2 records
2026-05-08 11:15:58,554 [GA-UCC-v2] INFO -     Variation 3: 'BANCO POPULAR NORTH AMERICA' (9 filings)
2026-05-08 11:16:01,082 [GA-UCC-v2] INFO -     Page 1/1: 12 records
2026-05-08 11:16:01,090 [GA-UCC-v2] INFO -   → 84 found, 9 new
2026-05-08 11:16:01,090 [GA-UCC-v2] INFO -   → 11/08/2024 – 05/09/2025
2026-05-08 11:16:03,000 [GA-UCC-v2] INFO -   5 variation(s) — ~92 total filings
2026-05-08 11:16:03,000 [GA-UCC-v2] INFO -     Variation 0: 'BANC OF AMERICA LEASING & CAPITAL LLC' (1 filing)
2026-05-08 11:16:04,947 [GA-UCC-v2] INFO -     Page 1/1: 1 records
2026-05-08 11:16:04,947 [GA-UCC-v2] INFO -     Variation 1: 'BANC OF AMERICA LEASING & CAPITAL, LLC' (82 filings)
2026-05-08 11:16:11,614 [GA-UCC-v2] INFO -     Page 1/1: 94 records
2026-05-08 11:16:11,615 [GA-UCC-v2] INFO -     Variation 2: 'BANC OF AMERICA LEASING AND CAPITAL, LLC' (1 filing)
2026-05-08 11:16:13,678 [GA-UCC-v2] INFO -     Page 1/1: 1 records
2026-05-08 11:16:13,678 [GA-UCC-v2] INFO -     Variation 3: 'BANC OF AMERICA PUBLIC CAPITAL CORP' (2 filings)
2026-05-08 11:16:15,743 [GA-UCC-v2] INFO -     Page 1/1: 2 records
2026-05-08 11:16:15,743 [GA-UCC-v2] INFO -     Variation 4: 'BANCO POPULAR NORTH AMERICA' (6 filings)
2026-05-08 11:16:18,311 [GA-UCC-v2] INFO -     Page 1/1: 9 records
2026-05-08 11:16:18,319 [GA-UCC-v2] INFO -   → 107 found, 6 new
2026-05-08 11:16:18,319 [GA-UCC-v2] INFO -   → 05/10/2024 – 11/08/2024
2026-05-08 11:16:20,427 [GA-UCC-v2] INFO -   3 variation(s) — ~63 total filings
2026-05-08 11:16:20,428 [GA-UCC-v2] INFO -     Variation 0: 'BANC OF AMERICA LEASING & CAPITAL LLC' (6 filings)
2026-05-08 11:16:22,754 [GA-UCC-v2] INFO -     Page 1/1: 6 records
2026-05-08 11:16:22,754 [GA-UCC-v2] INFO -     Variation 1: 'BANC OF AMERICA LEASING & CAPITAL, LLC' (55 filings)
2026-05-08 11:16:27,996 [GA-UCC-v2] INFO -     Page 1/1: 69 records
2026-05-08 11:16:27,997 [GA-UCC-v2] INFO -     Variation 2: 'BANC OF AMERICA PUBLIC CAPITAL CORP' (2 filings)
2026-05-08 11:16:30,335 [GA-UCC-v2] INFO -     Page 1/1: 2 records
2026-05-08 11:16:30,336 [GA-UCC-v2] INFO -   → 77 found, 0 new
2026-05-08 11:16:30,336 [GA-UCC-v2] INFO -   Lender total: 376 found, 33 new
2026-05-08 11:16:31,841 [GA-UCC-v2] INFO - 
────────────────────────────────────────────────────────────
2026-05-08 11:16:31,841 [GA-UCC-v2] INFO - 🔍 CIT BANK (EQUIP_FINANCE)
2026-05-08 11:16:31,841 [GA-UCC-v2] INFO -   → 11/07/2025 – 05/08/2026
2026-05-08 11:16:34,378 [GA-UCC-v2] INFO -   40 variation(s) — ~893 total filings
2026-05-08 11:16:34,378 [GA-UCC-v2] INFO -     Variation 0: 'CIT BANK, N.A.' (39 filings)
2026-05-08 11:16:38,220 [GA-UCC-v2] INFO -     Page 1/1: 39 records
2026-05-08 11:16:38,220 [GA-UCC-v2] INFO -     Variation 1: 'CIT BANK, NA' (1 filing)
2026-05-08 11:16:40,313 [GA-UCC-v2] INFO -     Page 1/1: 1 records
2026-05-08 11:16:40,314 [GA-UCC-v2] INFO -     Variation 2: 'CITIZENS BANK' (35 filings)
2026-05-08 11:16:44,332 [GA-UCC-v2] INFO -     Page 1/1: 43 records
2026-05-08 11:16:44,333 [GA-UCC-v2] INFO -     Variation 3: 'THE CITIZENS BANK' (1 filing)
2026-05-08 11:16:48,135 [GA-UCC-v2] INFO -     Page 1/1: 3 records
2026-05-08 11:16:48,136 [GA-UCC-v2] INFO -     Variation 4: 'CITIZENS BANK OF ADA' (1 filing)
2026-05-08 11:16:50,177 [GA-UCC-v2] INFO -     Page 1/1: 1 records
2026-05-08 11:16:50,178 [GA-UCC-v2] INFO -     Variation 5: 'CITIZENS BANK OF AMERICUS' (203 filings)
2026-05-08 11:16:57,243 [GA-UCC-v2] INFO -     Page 1/1: 100 records
2026-05-08 11:16:57,245 [GA-UCC-v2] INFO -     Variation 6: 'CITIZENS BANK OF AMERIUS' (1 filing)
2026-05-08 11:16:59,350 [GA-UCC-v2] INFO -     Page 1/1: 1 records
2026-05-08 11:16:59,350 [GA-UCC-v2] INFO -     Variation 7: 'CITIZENS BANK OF CHATSWORTH' (2 filings)
2026-05-08 11:17:01,430 [GA-UCC-v2] INFO -     Page 1/1: 2 records
2026-05-08 11:17:01,430 [GA-UCC-v2] INFO -     Variation 8: 'THE CITIZENS BANK OF COCHRAN' (39 filings)
2026-05-08 11:17:05,312 [GA-UCC-v2] INFO -     Page 1/1: 40 records
2026-05-08 11:17:05,318 [GA-UCC-v2] INFO -     Variation 9: 'THE CITIZENS BANK OF GEORGIA' (26 filings)
2026-05-08 11:17:09,380 [GA-UCC-v2] INFO -     Page 1/1: 26 records
2026-05-08 11:17:09,381 [GA-UCC-v2] INFO -     Variation 10: 'THE CITIZENS BANK OF GEORGIA F/K/A THE CITIZENS BANK OF FORSYTH COUNTY' (42 filings)
2026-05-08 11:17:13,845 [GA-UCC-v2] INFO -     Page 1/1: 53 records
2026-05-08 11:17:13,846 [GA-UCC-v2] INFO -     Variation 11: 'THE CITIZENS BANK OF GEORGIA, A GEORGIA BANK' (4 filings)
2026-05-08 11:17:16,104 [GA-UCC-v2] INFO -     Page 1/1: 4 records
2026-05-08 11:17:16,104 [GA-UCC-v2] INFO -     Variation 12: 'CITIZENS BANK OF LAURENS' (1 filing)
2026-05-08 11:17:18,139 [GA-UCC-v2] INFO -     Page 1/1: 1 records
2026-05-08 11:17:18,139 [GA-UCC-v2] INFO -     Variation 13: 'CITIZENS BANK OF LAURENS COUNTY' (26 filings)
2026-05-08 11:17:21,627 [GA-UCC-v2] INFO -     Page 1/1: 26 records
2026-05-08 11:17:21,627 [GA-UCC-v2] INFO -     Variation 14: 'THE CITIZENS BANK OF LAURENS COUNTY, A DIVISION OF THE CITIZENS BANK OF SWAINSBORO' (13 filings)
2026-05-08 11:17:25,322 [GA-UCC-v2] INFO -     Page 1/1: 15 records
2026-05-08 11:17:25,323 [GA-UCC-v2] INFO -     Variation 15: 'THE CITIZENS BANK OF LAURENS COUNTY, A DIVISON OF THE CITIZENS BANK OF SWAINSBORO' (15 filings)
2026-05-08 11:17:28,090 [GA-UCC-v2] INFO -     Page 1/1: 15 records
2026-05-08 11:17:28,091 [GA-UCC-v2] INFO -     Variation 16: 'CITIZENS BANK, N.A.' (8 filings)
2026-05-08 11:17:30,749 [GA-UCC-v2] INFO -     Page 1/1: 8 records
2026-05-08 11:17:30,749 [GA-UCC-v2] INFO -     Variation 17: 'CITIZENS BANK, N.A., AS ADMINISTRATIVE AGENT' (5 filings)
2026-05-08 11:17:33,083 [GA-UCC-v2] INFO -     Page 1/1: 5 records
2026-05-08 11:17:33,083 [GA-UCC-v2] INFO -     Variation 18: 'CITIZENS BANK OF THE SOUTH' (168 filings)
2026-05-08 11:17:43,357 [GA-UCC-v2] INFO -     Page 1/1: 100 records
2026-05-08 11:17:43,358 [GA-UCC-v2] INFO -     Variation 19: 'CITIZENS BANK OF THE SOUTH F/K/A CITIZENS BANK OF WASHINGTON COUNTY' (2 filings)
2026-05-08 11:17:45,497 [GA-UCC-v2] INFO -     Page 1/1: 3 records
2026-05-08 11:17:45,498 [GA-UCC-v2] INFO -     Variation 20: 'CITIZENS BANK OF SWAINSBORO' (3 filings)
2026-05-08 11:17:47,661 [GA-UCC-v2] INFO -     Page 1/1: 3 records
2026-05-08 11:17:47,661 [GA-UCC-v2] INFO -     Variation 21: 'THE CITIZENS BANK OF SWAINSBORO' (107 filings)
2026-05-08 11:17:54,368 [GA-UCC-v2] INFO -     Page 1/1: 100 records
2026-05-08 11:17:54,370 [GA-UCC-v2] INFO -     Variation 22: 'CITIZENS BANK & TRUST CO.' (1 filing)
2026-05-08 11:17:56,493 [GA-UCC-v2] INFO -     Page 1/1: 1 records
2026-05-08 11:17:56,493 [GA-UCC-v2] INFO -     Variation 23: 'CITIZENS BANK & TRUST INC' (1 filing)
2026-05-08 11:17:58,549 [GA-UCC-v2] INFO -     Page 1/1: 1 records
2026-05-08 11:17:58,550 [GA-UCC-v2] INFO -     Variation 24: 'CITIZENS BANK & TRUST INC.' (10 filings)
2026-05-08 11:18:01,007 [GA-UCC-v2] INFO -     Page 1/1: 10 records
2026-05-08 11:18:01,007 [GA-UCC-v2] INFO -     Variation 25: 'CITIZENS BANK & TRUST, INC.' (9 filings)
2026-05-08 11:18:03,404 [GA-UCC-v2] INFO -     Page 1/1: 9 records
2026-05-08 11:18:03,404 [GA-UCC-v2] INFO -     Variation 26: 'CITIZENS BANK AND TRUST, INC.' (1 filing)
2026-05-08 11:18:05,412 [GA-UCC-v2] INFO -     Page 1/1: 1 records
2026-05-08 11:18:05,413 [GA-UCC-v2] INFO -     Variation 27: 'CITIZENS BANK OF WASHINGTON COUNTY N/K/A CITIZENS BANK OF THE SOUTH' (1 filing)
2026-05-08 11:18:07,516 [GA-UCC-v2] INFO -     Page 1/1: 1 records
2026-05-08 11:18:07,516 [GA-UCC-v2] INFO -     Variation 28: 'CITIZENS COMMUNITY BANK' (46 filings)
2026-05-08 11:18:11,788 [GA-UCC-v2] INFO -     Page 1/1: 47 records
2026-05-08 11:18:11,788 [GA-UCC-v2] INFO -     Variation 29: 'THE CITIZENS EXCHANGE BANK, A DIVISION OF GUARDIAN BANK' (2 filings)
2026-05-08 11:18:13,898 [GA-UCC-v2] INFO -     Page 1/1: 2 records
2026-05-08 11:18:13,898 [GA-UCC-v2] INFO -     Variation 30: 'CITIZENS FIRST DIV SYNOVUS BANK' (1 filing)
2026-05-08 11:18:16,062 [GA-UCC-v2] INFO -     Page 1/1: 1 records
2026-05-08 11:18:16,062 [GA-UCC-v2] INFO -     Variation 31: 'THE CITIZENS NATIONAL BANK OF QUITMAN' (28 filings)
2026-05-08 11:18:20,049 [GA-UCC-v2] INFO -     Page 1/1: 37 records
2026-05-08 11:18:20,050 [GA-UCC-v2] INFO -     Variation 32: 'THE CITIZENS NATIONAL BANK QUITMAN' (5 filings)
2026-05-08 11:18:22,371 [GA-UCC-v2] INFO -     Page 1/1: 6 records
2026-05-08 11:18:22,372 [GA-UCC-v2] INFO -     Variation 33: 'THE CITIZENS NATIONAL BANK QUITMAN TCD' (3 filings)
2026-05-08 11:18:24,616 [GA-UCC-v2] INFO -     Page 1/1: 3 records
2026-05-08 11:18:24,616 [GA-UCC-v2] INFO -     Variation 34: 'CITIZENS TRUST BANK' (10 filings)
2026-05-08 11:18:27,235 [GA-UCC-v2] INFO -     Page 1/1: 14 records
2026-05-08 11:18:27,235 [GA-UCC-v2] INFO -     Variation 35: 'CITY BANK' (2 filings)
2026-05-08 11:18:29,320 [GA-UCC-v2] INFO -     Page 1/1: 2 records
2026-05-08 11:18:29,320 [GA-UCC-v2] INFO -     Variation 36: 'CITY BANK & TRUST COMPANY' (1 filing)
2026-05-08 11:18:31,356 [GA-UCC-v2] INFO -     Page 1/1: 1 records
2026-05-08 11:18:31,358 [GA-UCC-v2] INFO -     Variation 37: 'CITY NATIONAL BANK' (23 filings)
2026-05-08 11:18:34,993 [GA-UCC-v2] INFO -     Page 1/1: 29 records
2026-05-08 11:18:34,993 [GA-UCC-v2] INFO -     Variation 38: 'CITY NATIONAL BANK, AS ADMINISTRATIVE AGENT' (3 filings)
2026-05-08 11:18:37,882 [GA-UCC-v2] INFO -     Page 1/1: 3 records
2026-05-08 11:18:37,882 [GA-UCC-v2] INFO -     Variation 39: 'CITY NATIONAL BANK OF FLORIDA' (4 filings)
2026-05-08 11:18:40,054 [GA-UCC-v2] INFO -     Page 1/1: 4 records
2026-05-08 11:18:40,066 [GA-UCC-v2] INFO -   → 761 found, 647 new
2026-05-08 11:18:40,066 [GA-UCC-v2] INFO -   → 05/09/2025 – 11/07/2025
2026-05-08 11:18:42,774 [GA-UCC-v2] INFO -   43 variation(s) — ~871 total filings
2026-05-08 11:18:42,774 [GA-UCC-v2] INFO -     Variation 0: 'CIT BANK, A DIVISION OF FIRST -CITIZENS BANK & TRUST COMPANY (SUCCESSOR BY MERGER TO CIT BANK, N.A.' (1 filing)
2026-05-08 11:18:44,786 [GA-UCC-v2] INFO -     Page 1/1: 1 records
2026-05-08 11:18:44,786 [GA-UCC-v2] INFO -     Variation 1: 'CIT BANK, N.A.' (18 filings)
2026-05-08 11:18:47,686 [GA-UCC-v2] INFO -     Page 1/1: 18 records
2026-05-08 11:18:47,686 [GA-UCC-v2] INFO -     Variation 2: 'CIT BANK, N.A. FKA MUTUAL OF OMAHA BANK.' (1 filing)
2026-05-08 11:18:49,883 [GA-UCC-v2] INFO -     Page 1/1: 1 records
2026-05-08 11:18:49,883 [GA-UCC-v2] INFO -     Variation 3: 'CITIBANK, N.A., A NATIONAL BANKING ASSOCIATION' (1 filing)
2026-05-08 11:18:51,913 [GA-UCC-v2] INFO -     Page 1/1: 1 records
2026-05-08 11:18:51,914 [GA-UCC-v2] INFO -     Variation 4: 'CITIZENS ASSET FINANCE, A DIVISION OF CITIZENS BANK, N.A.' (3 filings)
2026-05-08 11:18:54,010 [GA-UCC-v2] INFO -     Page 1/1: 3 records
2026-05-08 11:18:54,010 [GA-UCC-v2] INFO -     Variation 5: 'CITIZENS BANK' (32 filings)
2026-05-08 11:18:57,975 [GA-UCC-v2] INFO -     Page 1/1: 41 records
2026-05-08 11:18:57,977 [GA-UCC-v2] INFO -     Variation 6: 'THE CITIZENS BANK' (5 filings)
2026-05-08 11:19:00,350 [GA-UCC-v2] INFO -     Page 1/1: 5 records
2026-05-08 11:19:00,350 [GA-UCC-v2] INFO -     Variation 7: 'CITIZENS BANK 7 TRUST, INC.' (1 filing)
2026-05-08 11:19:02,533 [GA-UCC-v2] INFO -     Page 1/1: 1 records
2026-05-08 11:19:02,533 [GA-UCC-v2] INFO -     Variation 8: 'CITIZENS BANK OF ADA' (2 filings)
2026-05-08 11:19:04,599 [GA-UCC-v2] INFO -     Page 1/1: 2 records
2026-05-08 11:19:04,599 [GA-UCC-v2] INFO -     Variation 9: 'CITIZENS BANK OF AMERICUS' (145 filings)
2026-05-08 11:19:12,385 [GA-UCC-v2] INFO -     Page 1/1: 100 records
2026-05-08 11:19:12,392 [GA-UCC-v2] INFO -     Variation 10: 'THE CITIZENS BANK OF COCHRAN' (49 filings)
2026-05-08 11:19:16,783 [GA-UCC-v2] INFO -     Page 1/1: 51 records
2026-05-08 11:19:16,783 [GA-UCC-v2] INFO -     Variation 11: 'CITIZENS BANK OF EFFINGHAM' (1 filing)
2026-05-08 11:19:18,961 [GA-UCC-v2] INFO -     Page 1/1: 1 records
2026-05-08 11:19:18,961 [GA-UCC-v2] INFO -     Variation 12: 'THE CITIZENS BANK OF GEORGIA' (27 filings)
2026-05-08 11:19:22,347 [GA-UCC-v2] INFO -     Page 1/1: 27 records
2026-05-08 11:19:22,347 [GA-UCC-v2] INFO -     Variation 13: 'THE CITIZENS BANK OF GEORGIA F/K/A THE CITIZENS BANK OF FORSYTH COUNTY' (26 filings)
2026-05-08 11:19:25,669 [GA-UCC-v2] INFO -     Page 1/1: 26 records
2026-05-08 11:19:25,670 [GA-UCC-v2] INFO -     Variation 14: 'THE CITIZENS BANK OF GEORGIA F/K/A THE CITIZENS BANK OF GEORGIA F/K/A THE CITIZENS BANK OF FORSYTH COUNTY' (1 filing)
2026-05-08 11:19:27,846 [GA-UCC-v2] INFO -     Page 1/1: 1 records
2026-05-08 11:19:27,847 [GA-UCC-v2] INFO -     Variation 15: 'THE CITIZENS BANK OF GEORGIA, A GEORGIA BANK' (1 filing)
2026-05-08 11:19:29,962 [GA-UCC-v2] INFO -     Page 1/1: 3 records
2026-05-08 11:19:29,962 [GA-UCC-v2] INFO -     Variation 16: 'CITIZENS BANK OF LAURENS COUNTY' (24 filings)
2026-05-08 11:19:33,257 [GA-UCC-v2] INFO -     Page 1/1: 24 records
2026-05-08 11:19:33,257 [GA-UCC-v2] INFO -     Variation 17: 'THE CITIZENS BANK OF LAURENS COUNTY, A DIVISION OF THE CITIZENS BANK OF SWAINSBORO' (15 filings)
2026-05-08 11:19:36,359 [GA-UCC-v2] INFO -     Page 1/1: 17 records
2026-05-08 11:19:36,360 [GA-UCC-v2] INFO -     Variation 18: 'CITIZENS BANK, N.A.' (32 filings)
2026-05-08 11:19:40,259 [GA-UCC-v2] INFO -     Page 1/1: 32 records
2026-05-08 11:19:40,260 [GA-UCC-v2] INFO -     Variation 19: 'CITIZENS BANK, N.A., AS ADMINISTRATIVE AGENT' (3 filings)
2026-05-08 11:19:42,397 [GA-UCC-v2] INFO -     Page 1/1: 3 records
2026-05-08 11:19:42,397 [GA-UCC-v2] INFO -     Variation 20: 'CITIZENS BANK, N.A. FORMALLY KNOWN AS RBS CITIZENS, N.A.' (6 filings)
2026-05-08 11:19:44,808 [GA-UCC-v2] INFO -     Page 1/1: 6 records
2026-05-08 11:19:44,808 [GA-UCC-v2] INFO -     Variation 21: 'CITIZENS BANK, N.A. FORMERLY KNOWN AS RBS CITIZENS, N.A.' (6 filings)
2026-05-08 11:19:47,035 [GA-UCC-v2] INFO -     Page 1/1: 7 records
2026-05-08 11:19:47,035 [GA-UCC-v2] INFO -     Variation 22: 'CITIZENS BANK, NATIONAL ASSOCIATION' (1 filing)
2026-05-08 11:19:49,258 [GA-UCC-v2] INFO -     Page 1/1: 1 records
2026-05-08 11:19:49,259 [GA-UCC-v2] INFO -     Variation 23: 'CITIZENS BANK OF PENNSYLVANIA' (2 filings)
2026-05-08 11:19:51,467 [GA-UCC-v2] INFO -     Page 1/1: 4 records
2026-05-08 11:19:51,467 [GA-UCC-v2] INFO -     Variation 24: 'CITIZENS BANK OF THE SOUTH' (141 filings)
2026-05-08 11:19:58,536 [GA-UCC-v2] INFO -     Page 1/1: 100 records
2026-05-08 11:19:58,537 [GA-UCC-v2] INFO -     Variation 25: 'CITIZENS BANK OF THE SOUTH FKA CITIZENS BANK OF BULLOCH CO A DIV OF CITIZENS B' (1 filing)
2026-05-08 11:20:00,886 [GA-UCC-v2] INFO -     Page 1/1: 1 records
2026-05-08 11:20:00,886 [GA-UCC-v2] INFO -     Variation 26: 'CITIZENS BANK OF THE SOUTH F/K/A CITIZENS BANK OF WASHINGTON COUNTY' (4 filings)
2026-05-08 11:20:03,630 [GA-UCC-v2] INFO -     Page 1/1: 4 records
2026-05-08 11:20:03,630 [GA-UCC-v2] INFO -     Variation 27: 'CITIZENS BANK OF THE SOUTH FKA CITIZENS BANK OF WASHINGTON COUNTY' (3 filings)
2026-05-08 11:20:05,784 [GA-UCC-v2] INFO -     Page 1/1: 3 records
2026-05-08 11:20:05,785 [GA-UCC-v2] INFO -     Variation 28: 'CITIZENS BANK OF SWAINSBORO' (5 filings)
2026-05-08 11:20:09,026 [GA-UCC-v2] INFO -     Page 1/1: 5 records
2026-05-08 11:20:09,032 [GA-UCC-v2] INFO -     Variation 29: 'THE CITIZENS BANK OF SWAINSBORO' (105 filings)
2026-05-08 11:20:16,810 [GA-UCC-v2] INFO -     Page 1/1: 100 records
2026-05-08 11:20:16,811 [GA-UCC-v2] INFO -     Variation 30: 'CITIZENS BANK & TRUST INC' (2 filings)
2026-05-08 11:20:18,985 [GA-UCC-v2] INFO -     Page 1/1: 2 records
2026-05-08 11:20:18,985 [GA-UCC-v2] INFO -     Variation 31: 'CITIZENS BANK & TRUST INC.' (12 filings)
2026-05-08 11:20:21,864 [GA-UCC-v2] INFO -     Page 1/1: 13 records
2026-05-08 11:20:21,864 [GA-UCC-v2] INFO -     Variation 32: 'CITIZENS BANK & TRUST, INC.' (10 filings)
2026-05-08 11:20:24,887 [GA-UCC-v2] INFO -     Page 1/1: 10 records
2026-05-08 11:20:24,892 [GA-UCC-v2] INFO -     Variation 33: 'CITIZENS BANK OF WEST VIRGINIA' (1 filing)
2026-05-08 11:20:26,930 [GA-UCC-v2] INFO -     Page 1/1: 1 records
2026-05-08 11:20:26,930 [GA-UCC-v2] INFO -     Variation 34: 'CITIZENS COMMUNITY BANK' (80 filings)
2026-05-08 11:20:34,366 [GA-UCC-v2] INFO -     Page 1/1: 84 records
2026-05-08 11:20:34,366 [GA-UCC-v2] INFO -     Variation 35: 'CITIZENS NATIONAL BANK' (3 filings)
2026-05-08 11:20:36,580 [GA-UCC-v2] INFO -     Page 1/1: 3 records
2026-05-08 11:20:36,580 [GA-UCC-v2] INFO -     Variation 36: 'THE CITIZENS NATIONAL BANK OF QUITMAN' (42 filings)
2026-05-08 11:20:41,859 [GA-UCC-v2] INFO -     Page 1/1: 50 records
2026-05-08 11:20:41,860 [GA-UCC-v2] INFO -     Variation 37: 'THE CITIZENS NATIONAL BANK QUITMAN' (1 filing)
2026-05-08 11:20:44,163 [GA-UCC-v2] INFO -     Page 1/1: 1 records
2026-05-08 11:20:44,164 [GA-UCC-v2] INFO -     Variation 38: 'CITIZENS NATIONAL BANK OF TEXAS' (1 filing)
2026-05-08 11:20:46,192 [GA-UCC-v2] INFO -     Page 1/1: 1 records
2026-05-08 11:20:46,192 [GA-UCC-v2] INFO -     Variation 39: 'CITIZENS TRI COUNTY BANK' (2 filings)
2026-05-08 11:20:48,314 [GA-UCC-v2] INFO -     Page 1/1: 3 records
2026-05-08 11:20:48,314 [GA-UCC-v2] INFO -     Variation 40: 'CITIZENS TRUST BANK' (8 filings)
2026-05-08 11:20:51,351 [GA-UCC-v2] INFO -     Page 1/1: 10 records
2026-05-08 11:20:51,352 [GA-UCC-v2] INFO -     Variation 41: 'CITY NATIONAL BANK' (37 filings)
2026-05-08 11:20:55,976 [GA-UCC-v2] INFO -     Page 1/1: 46 records
2026-05-08 11:20:55,976 [GA-UCC-v2] INFO -     Variation 42: 'CITY NATIONAL BANK OF FLORIDA' (10 filings)
2026-05-08 11:20:58,447 [GA-UCC-v2] INFO -     Page 1/1: 11 records
2026-05-08 11:20:58,467 [GA-UCC-v2] INFO -   → 824 found, 761 new
2026-05-08 11:20:58,468 [GA-UCC-v2] INFO -   → 11/08/2024 – 05/09/2025
2026-05-08 11:21:01,245 [GA-UCC-v2] INFO -   44 variation(s) — ~1017 total filings
2026-05-08 11:21:01,246 [GA-UCC-v2] INFO -     Variation 0: 'CIT BANK, A DIVISION OF FIRST-CITIZENS BANK & TRUST COMPANY' (1 filing)
2026-05-08 11:21:03,326 [GA-UCC-v2] INFO -     Page 1/1: 1 records
2026-05-08 11:21:03,327 [GA-UCC-v2] INFO -     Variation 1: 'CIT BANK, N.A.' (29 filings)
2026-05-08 11:21:07,562 [GA-UCC-v2] INFO -     Page 1/1: 29 records
2026-05-08 11:21:07,562 [GA-UCC-v2] INFO -     Variation 2: 'CIT BANK, N.A. FKA MUTUAL OF OMAHA BANK.' (1 filing)
2026-05-08 11:21:09,798 [GA-UCC-v2] INFO -     Page 1/1: 1 records
2026-05-08 11:21:09,798 [GA-UCC-v2] INFO -     Variation 3: 'CITI BANK N.A.' (1 filing)
2026-05-08 11:21:11,965 [GA-UCC-v2] INFO -     Page 1/1: 1 records
2026-05-08 11:21:11,965 [GA-UCC-v2] INFO -     Variation 4: 'CITIZENS ASSET FINANCE, A DIVISION OF CITIZENS BANK, N.A.' (1 filing)
2026-05-08 11:21:14,002 [GA-UCC-v2] INFO -     Page 1/1: 1 records
2026-05-08 11:21:14,002 [GA-UCC-v2] INFO -     Variation 5: 'CITIZENS BANK' (23 filings)
2026-05-08 11:21:17,477 [GA-UCC-v2] INFO -     Page 1/1: 29 records
2026-05-08 11:21:17,477 [GA-UCC-v2] INFO -     Variation 6: 'THE CITIZENS BANK' (14 filings)
2026-05-08 11:21:20,534 [GA-UCC-v2] INFO -     Page 1/1: 14 records
2026-05-08 11:21:20,534 [GA-UCC-v2] INFO -     Variation 7: 'CITIZENS BANK OF ADA' (4 filings)
2026-05-08 11:21:23,005 [GA-UCC-v2] INFO -     Page 1/1: 4 records
2026-05-08 11:21:23,006 [GA-UCC-v2] INFO -     Variation 8: 'CITIZENS BANK OF AMERICUS' (218 filings)
2026-05-08 11:21:30,477 [GA-UCC-v2] INFO -     Page 1/1: 100 records
2026-05-08 11:21:30,478 [GA-UCC-v2] INFO -     Variation 9: 'THE CITIZENS BANK OF COCHRAN' (55 filings)
2026-05-08 11:21:35,811 [GA-UCC-v2] INFO -     Page 1/1: 56 records
2026-05-08 11:21:35,818 [GA-UCC-v2] INFO -     Variation 10: 'THE CITIZENS BANK OF GEORGIA' (31 filings)
2026-05-08 11:21:39,553 [GA-UCC-v2] INFO -     Page 1/1: 32 records
2026-05-08 11:21:39,554 [GA-UCC-v2] INFO -     Variation 11: 'THE CITIZENS BANK OF GEORGIA F/K/A THE CITIZENS BANK OF FORSYTH COUNTY' (34 filings)
2026-05-08 11:21:44,482 [GA-UCC-v2] INFO -     Page 1/1: 34 records
2026-05-08 11:21:44,482 [GA-UCC-v2] INFO -     Variation 12: 'THE CITIZENS BANK OF GEORGIA, A GEORGIA BANK' (3 filings)
2026-05-08 11:21:46,608 [GA-UCC-v2] INFO -     Page 1/1: 3 records
2026-05-08 11:21:46,608 [GA-UCC-v2] INFO -     Variation 13: 'CITIZENS BANK OF LAURENS COUNTY' (35 filings)
2026-05-08 11:21:50,521 [GA-UCC-v2] INFO -     Page 1/1: 35 records
2026-05-08 11:21:50,521 [GA-UCC-v2] INFO -     Variation 14: 'CITIZENS BANK OF LAURENS COUNTY, A DIVISION OF THE CITIZENS BANK OF SWAINSBORO' (2 filings)
2026-05-08 11:21:52,680 [GA-UCC-v2] INFO -     Page 1/1: 2 records
2026-05-08 11:21:52,680 [GA-UCC-v2] INFO -     Variation 15: 'THE CITIZENS BANK OF LAURENS COUNTY, A DIVISION OF THE CITIZENS BANK OF SWAINSBORO' (29 filings)
2026-05-08 11:21:56,671 [GA-UCC-v2] INFO -     Page 1/1: 30 records
2026-05-08 11:21:56,671 [GA-UCC-v2] INFO -     Variation 16: 'CITIZENS BANK, N.A' (2 filings)
2026-05-08 11:21:58,786 [GA-UCC-v2] INFO -     Page 1/1: 2 records
2026-05-08 11:21:58,786 [GA-UCC-v2] INFO -     Variation 17: 'CITIZENS BANK, N.A.' (9 filings)
2026-05-08 11:22:01,307 [GA-UCC-v2] INFO -     Page 1/1: 9 records
2026-05-08 11:22:01,309 [GA-UCC-v2] INFO -     Variation 18: 'CITIZENS BANK, N.A. FORMALLY KNOWN AS RBS CITIZENS, N.A.' (2 filings)
2026-05-08 11:22:03,381 [GA-UCC-v2] INFO -     Page 1/1: 2 records
2026-05-08 11:22:03,381 [GA-UCC-v2] INFO -     Variation 19: 'CITIZENS BANK, N.A., FORMALLY KNOWN AS RBS CITIZENS, N.A.' (1 filing)
2026-05-08 11:22:05,427 [GA-UCC-v2] INFO -     Page 1/1: 1 records
2026-05-08 11:22:05,428 [GA-UCC-v2] INFO -     Variation 20: 'CITIZENS BANK, N.A. FORMERLY KNOWN AS RBS CITIZENS, N.A.' (1 filing)
2026-05-08 11:22:07,475 [GA-UCC-v2] INFO -     Page 1/1: 1 records
2026-05-08 11:22:07,476 [GA-UCC-v2] INFO -     Variation 21: 'CITIZENS BANK OF THE SOUTH' (167 filings)
2026-05-08 11:22:15,895 [GA-UCC-v2] INFO -     Page 1/1: 100 records
2026-05-08 11:22:15,897 [GA-UCC-v2] INFO -     Variation 22: 'CITIZENS BANK OF THE SOUTH F/K/A  CITIZENS BANK OF WASHINGTON COUNTY' (1 filing)
2026-05-08 11:22:17,950 [GA-UCC-v2] INFO -     Page 1/1: 1 records
2026-05-08 11:22:17,950 [GA-UCC-v2] INFO -     Variation 23: 'CITIZENS BANK OF THE SOUTH F/K/A CITIZENS BANK OF WASHINGTON COUNTY' (1 filing)
2026-05-08 11:22:20,039 [GA-UCC-v2] INFO -     Page 1/1: 1 records
2026-05-08 11:22:20,039 [GA-UCC-v2] INFO -     Variation 24: 'CITIZENS BANK OF SWAINSBORO' (3 filings)
2026-05-08 11:22:22,482 [GA-UCC-v2] INFO -     Page 1/1: 4 records
2026-05-08 11:22:22,482 [GA-UCC-v2] INFO -     Variation 25: 'THE CITIZENS BANK OF SWAINSBORO' (119 filings)
2026-05-08 11:22:29,732 [GA-UCC-v2] INFO -     Page 1/1: 100 records
2026-05-08 11:22:29,738 [GA-UCC-v2] INFO -     Variation 26: 'CITIZENS BANK & TRUST' (1 filing)
2026-05-08 11:22:31,906 [GA-UCC-v2] INFO -     Page 1/1: 1 records
2026-05-08 11:22:31,906 [GA-UCC-v2] INFO -     Variation 27: 'CITIZENS BANK & TRUST INC' (1 filing)
2026-05-08 11:22:34,079 [GA-UCC-v2] INFO -     Page 1/1: 1 records
2026-05-08 11:22:34,080 [GA-UCC-v2] INFO -     Variation 28: 'CITIZENS BANK & TRUST INC.' (18 filings)
2026-05-08 11:22:37,112 [GA-UCC-v2] INFO -     Page 1/1: 19 records
2026-05-08 11:22:37,113 [GA-UCC-v2] INFO -     Variation 29: 'CITIZENS BANK & TRUST, INC' (12 filings)
2026-05-08 11:22:39,669 [GA-UCC-v2] INFO -     Page 1/1: 12 records
2026-05-08 11:22:39,669 [GA-UCC-v2] INFO -     Variation 30: 'CITIZENS BANK & TRUST, INC.' (12 filings)
2026-05-08 11:22:42,569 [GA-UCC-v2] INFO -     Page 1/1: 13 records
2026-05-08 11:22:42,569 [GA-UCC-v2] INFO -     Variation 31: 'CITIZENS BANK OF WASHINGTON COUNTY N/K/A CITIZENS BANK OF THE SOUTH' (2 filings)
2026-05-08 11:22:44,698 [GA-UCC-v2] INFO -     Page 1/1: 2 records
2026-05-08 11:22:44,699 [GA-UCC-v2] INFO -     Variation 32: 'CITIZENS COMMUNITY BANK' (64 filings)
2026-05-08 11:22:49,924 [GA-UCC-v2] INFO -     Page 1/1: 66 records
2026-05-08 11:22:49,925 [GA-UCC-v2] INFO -     Variation 33: 'CITIZENS COMMUNTY BANK' (3 filings)
2026-05-08 11:22:52,150 [GA-UCC-v2] INFO -     Page 1/1: 3 records
2026-05-08 11:22:52,150 [GA-UCC-v2] INFO -     Variation 34: 'CITIZENS AND FARMERS BANK' (1 filing)
2026-05-08 11:22:54,237 [GA-UCC-v2] INFO -     Page 1/1: 1 records
2026-05-08 11:22:54,237 [GA-UCC-v2] INFO -     Variation 35: 'CITIZENS AND MERCHANTS BANK' (1 filing)
2026-05-08 11:22:56,428 [GA-UCC-v2] INFO -     Page 1/1: 1 records
2026-05-08 11:22:56,428 [GA-UCC-v2] INFO -     Variation 36: 'CITIZENS NATIONAL BANK' (3 filings)
2026-05-08 11:22:58,833 [GA-UCC-v2] INFO -     Page 1/1: 3 records
2026-05-08 11:22:58,834 [GA-UCC-v2] INFO -     Variation 37: 'THE CITIZENS NATIONAL BANK OF QUITMAN' (59 filings)
2026-05-08 11:23:05,296 [GA-UCC-v2] INFO -     Page 1/1: 71 records
2026-05-08 11:23:05,303 [GA-UCC-v2] INFO -     Variation 38: 'THE CITIZENS NATIONAL BANK QUITMAN' (5 filings)
2026-05-08 11:23:07,825 [GA-UCC-v2] INFO -     Page 1/1: 7 records
2026-05-08 11:23:07,825 [GA-UCC-v2] INFO -     Variation 39: 'CITIZENS & NORTHERN BANK' (1 filing)
2026-05-08 11:23:09,871 [GA-UCC-v2] INFO -     Page 1/1: 1 records
2026-05-08 11:23:09,871 [GA-UCC-v2] INFO -     Variation 40: 'CITIZENS TRUST BANK' (7 filings)
2026-05-08 11:23:12,610 [GA-UCC-v2] INFO -     Page 1/1: 7 records
2026-05-08 11:23:12,610 [GA-UCC-v2] INFO -     Variation 41: 'CITY NATIONAL BANK' (29 filings)
2026-05-08 11:23:16,997 [GA-UCC-v2] INFO -     Page 1/1: 41 records
2026-05-08 11:23:16,999 [GA-UCC-v2] INFO -     Variation 42: 'CITY NATIONAL BANK OF FLORIDA' (5 filings)
2026-05-08 11:23:19,290 [GA-UCC-v2] INFO -     Page 1/1: 5 records
2026-05-08 11:23:19,290 [GA-UCC-v2] INFO -     Variation 43: 'CITY NATIONAL BANK, A NATIONAL BANKING ASSOCIATION' (6 filings)
2026-05-08 11:23:21,678 [GA-UCC-v2] INFO -     Page 1/1: 7 records
2026-05-08 11:23:21,697 [GA-UCC-v2] INFO -   → 854 found, 802 new
2026-05-08 11:23:21,697 [GA-UCC-v2] INFO -   → 05/10/2024 – 11/08/2024
2026-05-08 11:23:24,345 [GA-UCC-v2] INFO -   43 variation(s) — ~834 total filings
2026-05-08 11:23:24,345 [GA-UCC-v2] INFO -     Variation 0: 'CIT BANK, N.A.' (10 filings)
2026-05-08 11:23:26,822 [GA-UCC-v2] INFO -     Page 1/1: 10 records
2026-05-08 11:23:26,822 [GA-UCC-v2] INFO -     Variation 1: 'CIT BANK, NA' (1 filing)
2026-05-08 11:23:28,900 [GA-UCC-v2] INFO -     Page 1/1: 1 records
2026-05-08 11:23:28,900 [GA-UCC-v2] INFO -     Variation 2: 'CITIZENS BANK' (32 filings)
2026-05-08 11:23:34,683 [GA-UCC-v2] INFO -     Page 1/1: 38 records
2026-05-08 11:23:34,683 [GA-UCC-v2] INFO -     Variation 3: 'THE CITIZENS BANK' (19 filings)
2026-05-08 11:23:39,866 [GA-UCC-v2] INFO -     Page 1/1: 19 records
2026-05-08 11:23:39,872 [GA-UCC-v2] INFO -     Variation 4: 'CITIZENS BANK OF AMERICUS' (173 filings)
2026-05-08 11:23:48,106 [GA-UCC-v2] INFO -     Page 1/1: 100 records
2026-05-08 11:23:48,106 [GA-UCC-v2] INFO -     Variation 5: 'CITIZENS BANK OF CHATSWORTH' (2 filings)
2026-05-08 11:23:50,447 [GA-UCC-v2] INFO -     Page 1/1: 2 records
2026-05-08 11:23:50,447 [GA-UCC-v2] INFO -     Variation 6: 'THE CITIZENS BANK OF COCHAN' (1 filing)
2026-05-08 11:23:52,583 [GA-UCC-v2] INFO -     Page 1/1: 2 records
2026-05-08 11:23:52,584 [GA-UCC-v2] INFO -     Variation 7: 'THE CITIZENS BANK OF COCHRAN' (45 filings)
2026-05-08 11:23:57,731 [GA-UCC-v2] INFO -     Page 1/1: 46 records
2026-05-08 11:23:57,732 [GA-UCC-v2] INFO -     Variation 8: 'THE CITIZENS BANK OF GEORGIA' (28 filings)
2026-05-08 11:24:01,431 [GA-UCC-v2] INFO -     Page 1/1: 29 records
2026-05-08 11:24:01,431 [GA-UCC-v2] INFO -     Variation 9: 'THE CITIZENS BANK OF GEORGIA F/K/A THE CITIZENS BANK OF FORSYTH COUNTY' (48 filings)
2026-05-08 11:24:06,071 [GA-UCC-v2] INFO -     Page 1/1: 48 records
2026-05-08 11:24:06,072 [GA-UCC-v2] INFO -     Variation 10: 'THE CITIZENS BANK OF GEORGIA, A GEORGIA BANK' (1 filing)
2026-05-08 11:24:08,117 [GA-UCC-v2] INFO -     Page 1/1: 1 records
2026-05-08 11:24:08,117 [GA-UCC-v2] INFO -     Variation 11: 'CITIZENS BANK OF LAURENS COUNTY' (22 filings)
2026-05-08 11:24:11,292 [GA-UCC-v2] INFO -     Page 1/1: 22 records
2026-05-08 11:24:11,292 [GA-UCC-v2] INFO -     Variation 12: 'THE CITIZENS BANK OF LAURENS COUNTY, A DIVISION OF THE CITIZENS BANK OF SWAINSBORO' (7 filings)
2026-05-08 11:24:13,661 [GA-UCC-v2] INFO -     Page 1/1: 7 records
2026-05-08 11:24:13,661 [GA-UCC-v2] INFO -     Variation 13: 'THE CITIZENS BANK OF LAURENS COUNTY, A DIVISON OF THE CITIZEN BANK OF SWAINSBORO' (1 filing)
2026-05-08 11:24:15,895 [GA-UCC-v2] INFO -     Page 1/1: 1 records
2026-05-08 11:24:15,895 [GA-UCC-v2] INFO -     Variation 14: 'THE CITIZENS BANK OF LAURENS COUNTY, A DIVISON OF THE CITIZENS BANK OF SWAINSBORO' (1 filing)
2026-05-08 11:24:17,968 [GA-UCC-v2] INFO -     Page 1/1: 1 records
2026-05-08 11:24:17,968 [GA-UCC-v2] INFO -     Variation 15: 'CITIZENS BANK, N.A' (1 filing)
2026-05-08 11:24:19,993 [GA-UCC-v2] INFO -     Page 1/1: 1 records
2026-05-08 11:24:19,993 [GA-UCC-v2] INFO -     Variation 16: 'CITIZENS BANK, N.A.' (4 filings)
2026-05-08 11:24:22,266 [GA-UCC-v2] INFO -     Page 1/1: 4 records
2026-05-08 11:24:22,267 [GA-UCC-v2] INFO -     Variation 17: 'CITIZENS BANK, N.A., AS ADMINISTRATIVE AGENT' (1 filing)
2026-05-08 11:24:24,359 [GA-UCC-v2] INFO -     Page 1/1: 1 records
2026-05-08 11:24:24,359 [GA-UCC-v2] INFO -     Variation 18: 'THE CITIZENS BANK OF PHILADELPHIA' (4 filings)
2026-05-08 11:24:26,649 [GA-UCC-v2] INFO -     Page 1/1: 4 records
2026-05-08 11:24:26,649 [GA-UCC-v2] INFO -     Variation 19: 'CITIZENS BANK OF THE SOUTH' (150 filings)
2026-05-08 11:24:34,006 [GA-UCC-v2] INFO -     Page 1/1: 100 records
2026-05-08 11:24:34,008 [GA-UCC-v2] INFO -     Variation 20: 'CITIZENS BANK OF THE SOUTH F/K/A CITIZENS BANK OF WASHINGTON COUNTY' (4 filings)
2026-05-08 11:24:36,252 [GA-UCC-v2] INFO -     Page 1/1: 4 records
2026-05-08 11:24:36,252 [GA-UCC-v2] INFO -     Variation 21: 'CITIZENS BANK OF THE SOUTH FKA CITIZENS BANK OF WASHINGTON COUNTY' (6 filings)
2026-05-08 11:24:38,490 [GA-UCC-v2] INFO -     Page 1/1: 6 records
2026-05-08 11:24:38,490 [GA-UCC-v2] INFO -     Variation 22: 'CITIZENS BANK OF SWAINSBORO' (15 filings)
2026-05-08 11:24:41,721 [GA-UCC-v2] INFO -     Page 1/1: 16 records
2026-05-08 11:24:41,722 [GA-UCC-v2] INFO -     Variation 23: 'THE CITIZENS BANK OF SWAINSBORO' (82 filings)
2026-05-08 11:24:48,364 [GA-UCC-v2] INFO -     Page 1/1: 90 records
2026-05-08 11:24:48,365 [GA-UCC-v2] INFO -     Variation 24: 'CITIZENS BANK & TRUST INC.' (18 filings)
2026-05-08 11:24:51,312 [GA-UCC-v2] INFO -     Page 1/1: 18 records
2026-05-08 11:24:51,313 [GA-UCC-v2] INFO -     Variation 25: 'CITIZENS BANK & TRUST, INC' (9 filings)
2026-05-08 11:24:53,838 [GA-UCC-v2] INFO -     Page 1/1: 10 records
2026-05-08 11:24:53,838 [GA-UCC-v2] INFO -     Variation 26: 'CITIZENS BANK & TRUST, INC.' (4 filings)
2026-05-08 11:24:56,600 [GA-UCC-v2] INFO -     Page 1/1: 5 records
2026-05-08 11:24:56,601 [GA-UCC-v2] INFO -     Variation 27: 'CITIZENS BANK AND TRUST' (1 filing)
2026-05-08 11:24:58,683 [GA-UCC-v2] INFO -     Page 1/1: 1 records
2026-05-08 11:24:58,684 [GA-UCC-v2] INFO -     Variation 28: 'CITIZENS BANK AND TRUST COMPANY NKA GREAT OAKS BANK' (1 filing)
2026-05-08 11:25:00,751 [GA-UCC-v2] INFO -     Page 1/1: 1 records
2026-05-08 11:25:00,752 [GA-UCC-v2] INFO -     Variation 29: 'CITIZENS BANK OF WASHINGTON COUNTY K/N/A CITIZENS BANK OF THE SOUTH' (1 filing)
2026-05-08 11:25:02,905 [GA-UCC-v2] INFO -     Page 1/1: 1 records
2026-05-08 11:25:02,905 [GA-UCC-v2] INFO -     Variation 30: 'CITIZENS BANK OF WASHINGTON COUNTY N/K/A CITIZENS BANK OF THE SOUTH' (2 filings)
2026-05-08 11:25:04,999 [GA-UCC-v2] INFO -     Page 1/1: 2 records
2026-05-08 11:25:04,999 [GA-UCC-v2] INFO -     Variation 31: 'CITIZENS BANK OF WASHINGTON COUNTY NKA CITIZENS BANK OF THE SOUTH' (1 filing)
2026-05-08 11:25:07,085 [GA-UCC-v2] INFO -     Page 1/1: 1 records
2026-05-08 11:25:07,086 [GA-UCC-v2] INFO -     Variation 32: 'CITIZENS COMMUNITY BANK' (52 filings)
2026-05-08 11:25:13,381 [GA-UCC-v2] INFO -     Page 1/1: 53 records
2026-05-08 11:25:13,381 [GA-UCC-v2] INFO -     Variation 33: 'CITIZENS FIRST DIV SYNOVUS BANK' (1 filing)
2026-05-08 11:25:16,404 [GA-UCC-v2] INFO -     Page 1/1: 1 records
2026-05-08 11:25:16,404 [GA-UCC-v2] INFO -     Variation 34: 'CITIZENS NATIONAL BANK' (1 filing)
2026-05-08 11:25:18,564 [GA-UCC-v2] INFO -     Page 1/1: 1 records
2026-05-08 11:25:18,565 [GA-UCC-v2] INFO -     Variation 35: 'THE CITIZENS NATIONAL BANK OF QU' (1 filing)
2026-05-08 11:25:20,666 [GA-UCC-v2] INFO -     Page 1/1: 1 records
2026-05-08 11:25:20,666 [GA-UCC-v2] INFO -     Variation 36: 'THE CITIZENS NATIONAL BANK OF QUITMAN' (40 filings)
2026-05-08 11:25:25,136 [GA-UCC-v2] INFO -     Page 1/1: 46 records
2026-05-08 11:25:25,136 [GA-UCC-v2] INFO -     Variation 37: 'THE CITIZENS NATIONAL BANK OF QUITMAN 2054831' (1 filing)
2026-05-08 11:25:27,186 [GA-UCC-v2] INFO -     Page 1/1: 1 records
2026-05-08 11:25:27,186 [GA-UCC-v2] INFO -     Variation 38: 'CITIZENS TRI-COUNTY BANK' (2 filings)
2026-05-08 11:25:29,368 [GA-UCC-v2] INFO -     Page 1/1: 4 records
2026-05-08 11:25:29,369 [GA-UCC-v2] INFO -     Variation 39: 'CITIZENS TRUST BANK' (7 filings)
2026-05-08 11:25:31,795 [GA-UCC-v2] INFO -     Page 1/1: 7 records
2026-05-08 11:25:31,795 [GA-UCC-v2] INFO -     Variation 40: 'CITY NATIONAL BANK' (28 filings)
2026-05-08 11:25:35,467 [GA-UCC-v2] INFO -     Page 1/1: 35 records
2026-05-08 11:25:35,472 [GA-UCC-v2] INFO -     Variation 41: 'CITY NATIONAL BANK OF FLORIDA' (4 filings)
2026-05-08 11:25:37,669 [GA-UCC-v2] INFO -     Page 1/1: 4 records
2026-05-08 11:25:37,669 [GA-UCC-v2] INFO -     Variation 42: 'CITY NATIONAL BANK, A NATIONAL BANKING ASSOCIATION' (2 filings)
2026-05-08 11:25:39,741 [GA-UCC-v2] INFO -     Page 1/1: 2 records
2026-05-08 11:25:39,758 [GA-UCC-v2] INFO -   → 747 found, 701 new
2026-05-08 11:25:39,758 [GA-UCC-v2] INFO -   Lender total: 3186 found, 2911 new
2026-05-08 11:25:41,262 [GA-UCC-v2] INFO - 
============================================================
2026-05-08 11:25:41,263 [GA-UCC-v2] INFO - COMPLETE: 3562 found, 2944 new
2026-05-08 11:25:41,263 [GA-UCC-v2] INFO - ============================================================
