2026-05-11 09:13:10,314 [GA-UCC-v2] INFO - Logging to /Users/robertle/tomcat_capex/logs/ga_ucc_v2_20260511_091310.log
2026-05-11 09:13:10,314 [GA-UCC-v2] INFO - Logging in to GSCCCA (tomcatmca)...
2026-05-11 09:13:12,600 [GA-UCC-v2] INFO - ✅ Authenticated
2026-05-11 09:13:12,600 [GA-UCC-v2] INFO - 
────────────────────────────────────────────────────────────
2026-05-11 09:13:12,600 [GA-UCC-v2] INFO - 🔍 DELL FINANCIAL SERVICES (IT_OEM)
2026-05-11 09:13:12,600 [GA-UCC-v2] INFO -   → 11/10/2025 – 05/11/2026
2026-05-11 09:13:14,207 [GA-UCC-v2] INFO -   No results
2026-05-11 09:13:14,207 [GA-UCC-v2] INFO -   → 05/12/2025 – 11/10/2025
2026-05-11 09:13:15,803 [GA-UCC-v2] INFO -   No results
2026-05-11 09:13:15,803 [GA-UCC-v2] INFO -   → 11/11/2024 – 05/12/2025
2026-05-11 09:13:17,402 [GA-UCC-v2] INFO -   No results
2026-05-11 09:13:17,402 [GA-UCC-v2] INFO -   → 05/13/2024 – 11/11/2024
2026-05-11 09:13:19,038 [GA-UCC-v2] INFO -   No results
2026-05-11 09:13:19,038 [GA-UCC-v2] INFO -   → 11/13/2023 – 05/13/2024
2026-05-11 09:13:20,648 [GA-UCC-v2] INFO -   No results
2026-05-11 09:13:20,649 [GA-UCC-v2] INFO -   → 05/15/2023 – 11/13/2023
2026-05-11 09:13:22,255 [GA-UCC-v2] INFO -   No results
2026-05-11 09:13:22,255 [GA-UCC-v2] INFO -   → 11/14/2022 – 05/15/2023
2026-05-11 09:13:23,858 [GA-UCC-v2] INFO -   No results
2026-05-11 09:13:23,858 [GA-UCC-v2] INFO -   → 05/16/2022 – 11/14/2022
2026-05-11 09:13:25,457 [GA-UCC-v2] INFO -   No results
2026-05-11 09:13:25,457 [GA-UCC-v2] INFO -   → 11/15/2021 – 05/16/2022
2026-05-11 09:13:27,054 [GA-UCC-v2] INFO -   No results
2026-05-11 09:13:27,054 [GA-UCC-v2] INFO -   → 05/17/2021 – 11/15/2021
2026-05-11 09:13:28,645 [GA-UCC-v2] INFO -   No results
2026-05-11 09:13:28,646 [GA-UCC-v2] INFO -   → 11/16/2020 – 05/17/2021
2026-05-11 09:13:30,245 [GA-UCC-v2] INFO -   No results
2026-05-11 09:13:30,245 [GA-UCC-v2] INFO -   → 05/18/2020 – 11/16/2020
2026-05-11 09:13:31,855 [GA-UCC-v2] INFO -   No results
2026-05-11 09:13:31,855 [GA-UCC-v2] INFO -   Lender total: 0 found, 0 new
2026-05-11 09:13:33,359 [GA-UCC-v2] INFO - 
────────────────────────────────────────────────────────────
2026-05-11 09:13:33,359 [GA-UCC-v2] INFO - 🔍 HEWLETT PACKARD (IT_OEM)
2026-05-11 09:13:33,359 [GA-UCC-v2] INFO -   → 11/10/2025 – 05/11/2026
2026-05-11 09:13:34,960 [GA-UCC-v2] INFO -   No results
2026-05-11 09:13:34,961 [GA-UCC-v2] INFO -   → 05/12/2025 – 11/10/2025
2026-05-11 09:13:36,573 [GA-UCC-v2] INFO -   No results
2026-05-11 09:13:36,573 [GA-UCC-v2] INFO -   → 11/11/2024 – 05/12/2025
2026-05-11 09:13:38,182 [GA-UCC-v2] INFO -   No results
2026-05-11 09:13:38,182 [GA-UCC-v2] INFO -   → 05/13/2024 – 11/11/2024
2026-05-11 09:13:39,786 [GA-UCC-v2] INFO -   No results
2026-05-11 09:13:39,786 [GA-UCC-v2] INFO -   → 11/13/2023 – 05/13/2024
2026-05-11 09:13:41,385 [GA-UCC-v2] INFO -   No results
2026-05-11 09:13:41,385 [GA-UCC-v2] INFO -   → 05/15/2023 – 11/13/2023
2026-05-11 09:13:42,983 [GA-UCC-v2] INFO -   No results
2026-05-11 09:13:42,984 [GA-UCC-v2] INFO -   → 11/14/2022 – 05/15/2023
2026-05-11 09:13:44,581 [GA-UCC-v2] INFO -   No results
2026-05-11 09:13:44,581 [GA-UCC-v2] INFO -   → 05/16/2022 – 11/14/2022
2026-05-11 09:13:46,180 [GA-UCC-v2] INFO -   No results
2026-05-11 09:13:46,181 [GA-UCC-v2] INFO -   → 11/15/2021 – 05/16/2022
2026-05-11 09:13:47,774 [GA-UCC-v2] INFO -   No results
2026-05-11 09:13:47,774 [GA-UCC-v2] INFO -   → 05/17/2021 – 11/15/2021
2026-05-11 09:13:49,382 [GA-UCC-v2] INFO -   No results
2026-05-11 09:13:49,382 [GA-UCC-v2] INFO -   → 11/16/2020 – 05/17/2021
2026-05-11 09:13:50,987 [GA-UCC-v2] INFO -   No results
2026-05-11 09:13:50,987 [GA-UCC-v2] INFO -   → 05/18/2020 – 11/16/2020
2026-05-11 09:13:52,711 [GA-UCC-v2] INFO -   No results
2026-05-11 09:13:52,712 [GA-UCC-v2] INFO -   Lender total: 0 found, 0 new
2026-05-11 09:13:54,215 [GA-UCC-v2] INFO - 
────────────────────────────────────────────────────────────
2026-05-11 09:13:54,215 [GA-UCC-v2] INFO - 🔍 HP FINANCIAL (IT_OEM)
2026-05-11 09:13:54,215 [GA-UCC-v2] INFO -   → 11/10/2025 – 05/11/2026
2026-05-11 09:13:55,846 [GA-UCC-v2] INFO -   No results
2026-05-11 09:13:55,846 [GA-UCC-v2] INFO -   → 05/12/2025 – 11/10/2025
2026-05-11 09:13:57,449 [GA-UCC-v2] INFO -   No results
2026-05-11 09:13:57,449 [GA-UCC-v2] INFO -   → 11/11/2024 – 05/12/2025
2026-05-11 09:13:59,042 [GA-UCC-v2] INFO -   No results
2026-05-11 09:13:59,042 [GA-UCC-v2] INFO -   → 05/13/2024 – 11/11/2024
2026-05-11 09:14:00,648 [GA-UCC-v2] INFO -   No results
2026-05-11 09:14:00,648 [GA-UCC-v2] INFO -   → 11/13/2023 – 05/13/2024
2026-05-11 09:14:02,252 [GA-UCC-v2] INFO -   No results
2026-05-11 09:14:02,253 [GA-UCC-v2] INFO -   → 05/15/2023 – 11/13/2023
2026-05-11 09:14:03,845 [GA-UCC-v2] INFO -   No results
2026-05-11 09:14:03,845 [GA-UCC-v2] INFO -   → 11/14/2022 – 05/15/2023
2026-05-11 09:14:05,449 [GA-UCC-v2] INFO -   No results
2026-05-11 09:14:05,449 [GA-UCC-v2] INFO -   → 05/16/2022 – 11/14/2022
2026-05-11 09:14:07,100 [GA-UCC-v2] INFO -   No results
2026-05-11 09:14:07,100 [GA-UCC-v2] INFO -   → 11/15/2021 – 05/16/2022
2026-05-11 09:14:08,693 [GA-UCC-v2] INFO -   No results
2026-05-11 09:14:08,693 [GA-UCC-v2] INFO -   → 05/17/2021 – 11/15/2021
2026-05-11 09:14:10,288 [GA-UCC-v2] INFO -   No results
2026-05-11 09:14:10,288 [GA-UCC-v2] INFO -   → 11/16/2020 – 05/17/2021
2026-05-11 09:14:11,912 [GA-UCC-v2] INFO -   No results
2026-05-11 09:14:11,912 [GA-UCC-v2] INFO -   → 05/18/2020 – 11/16/2020
2026-05-11 09:14:13,507 [GA-UCC-v2] INFO -   No results
2026-05-11 09:14:13,507 [GA-UCC-v2] INFO -   Lender total: 0 found, 0 new
2026-05-11 09:14:15,010 [GA-UCC-v2] INFO - 
────────────────────────────────────────────────────────────
2026-05-11 09:14:15,011 [GA-UCC-v2] INFO - 🔍 IBM CREDIT (IT_OEM)
2026-05-11 09:14:15,011 [GA-UCC-v2] INFO -   → 11/10/2025 – 05/11/2026
2026-05-11 09:14:16,607 [GA-UCC-v2] INFO -   No results
2026-05-11 09:14:16,607 [GA-UCC-v2] INFO -   → 05/12/2025 – 11/10/2025
2026-05-11 09:14:18,215 [GA-UCC-v2] INFO -   No results
2026-05-11 09:14:18,215 [GA-UCC-v2] INFO -   → 11/11/2024 – 05/12/2025
2026-05-11 09:14:20,039 [GA-UCC-v2] INFO -   No results
2026-05-11 09:14:20,039 [GA-UCC-v2] INFO -   → 05/13/2024 – 11/11/2024
2026-05-11 09:14:21,634 [GA-UCC-v2] INFO -   No results
2026-05-11 09:14:21,634 [GA-UCC-v2] INFO -   → 11/13/2023 – 05/13/2024
2026-05-11 09:14:23,241 [GA-UCC-v2] INFO -   No results
2026-05-11 09:14:23,241 [GA-UCC-v2] INFO -   → 05/15/2023 – 11/13/2023
2026-05-11 09:14:24,848 [GA-UCC-v2] INFO -   No results
2026-05-11 09:14:24,848 [GA-UCC-v2] INFO -   → 11/14/2022 – 05/15/2023
2026-05-11 09:14:26,448 [GA-UCC-v2] INFO -   No results
2026-05-11 09:14:26,448 [GA-UCC-v2] INFO -   → 05/16/2022 – 11/14/2022
2026-05-11 09:14:28,042 [GA-UCC-v2] INFO -   No results
2026-05-11 09:14:28,042 [GA-UCC-v2] INFO -   → 11/15/2021 – 05/16/2022
2026-05-11 09:14:29,640 [GA-UCC-v2] INFO -   No results
2026-05-11 09:14:29,640 [GA-UCC-v2] INFO -   → 05/17/2021 – 11/15/2021
2026-05-11 09:14:31,238 [GA-UCC-v2] INFO -   No results
2026-05-11 09:14:31,238 [GA-UCC-v2] INFO -   → 11/16/2020 – 05/17/2021
2026-05-11 09:14:33,510 [GA-UCC-v2] INFO -   No results
2026-05-11 09:14:33,510 [GA-UCC-v2] INFO -   → 05/18/2020 – 11/16/2020
2026-05-11 09:14:35,110 [GA-UCC-v2] INFO -   No results
2026-05-11 09:14:35,110 [GA-UCC-v2] INFO -   Lender total: 0 found, 0 new
2026-05-11 09:14:36,614 [GA-UCC-v2] INFO - 
────────────────────────────────────────────────────────────
2026-05-11 09:14:36,614 [GA-UCC-v2] INFO - 🔍 CISCO SYSTEMS CAPITAL (IT_OEM)
2026-05-11 09:14:36,614 [GA-UCC-v2] INFO -   → 11/10/2025 – 05/11/2026
2026-05-11 09:14:38,215 [GA-UCC-v2] INFO -   No results
2026-05-11 09:14:38,215 [GA-UCC-v2] INFO -   → 05/12/2025 – 11/10/2025
2026-05-11 09:14:39,811 [GA-UCC-v2] INFO -   No results
2026-05-11 09:14:39,812 [GA-UCC-v2] INFO -   → 11/11/2024 – 05/12/2025
2026-05-11 09:14:41,411 [GA-UCC-v2] INFO -   No results
2026-05-11 09:14:41,411 [GA-UCC-v2] INFO -   → 05/13/2024 – 11/11/2024
2026-05-11 09:14:43,232 [GA-UCC-v2] INFO -   No results
2026-05-11 09:14:43,232 [GA-UCC-v2] INFO -   → 11/13/2023 – 05/13/2024
2026-05-11 09:14:44,829 [GA-UCC-v2] INFO -   No results
2026-05-11 09:14:44,829 [GA-UCC-v2] INFO -   → 05/15/2023 – 11/13/2023
2026-05-11 09:14:46,425 [GA-UCC-v2] INFO -   No results
2026-05-11 09:14:46,425 [GA-UCC-v2] INFO -   → 11/14/2022 – 05/15/2023
2026-05-11 09:14:48,034 [GA-UCC-v2] INFO -   No results
2026-05-11 09:14:48,034 [GA-UCC-v2] INFO -   → 05/16/2022 – 11/14/2022
2026-05-11 09:14:49,628 [GA-UCC-v2] INFO -   No results
2026-05-11 09:14:49,629 [GA-UCC-v2] INFO -   → 11/15/2021 – 05/16/2022
2026-05-11 09:14:51,222 [GA-UCC-v2] INFO -   No results
2026-05-11 09:14:51,222 [GA-UCC-v2] INFO -   → 05/17/2021 – 11/15/2021
2026-05-11 09:14:52,814 [GA-UCC-v2] INFO -   No results
2026-05-11 09:14:52,814 [GA-UCC-v2] INFO -   → 11/16/2020 – 05/17/2021
2026-05-11 09:14:54,413 [GA-UCC-v2] INFO -   No results
2026-05-11 09:14:54,413 [GA-UCC-v2] INFO -   → 05/18/2020 – 11/16/2020
2026-05-11 09:14:56,012 [GA-UCC-v2] INFO -   No results
2026-05-11 09:14:56,012 [GA-UCC-v2] INFO -   Lender total: 0 found, 0 new
2026-05-11 09:14:57,516 [GA-UCC-v2] INFO - 
────────────────────────────────────────────────────────────
2026-05-11 09:14:57,517 [GA-UCC-v2] INFO - 🔍 KONICA MINOLTA (PRINT_IMAGING)
2026-05-11 09:14:57,517 [GA-UCC-v2] INFO -   → 11/10/2025 – 05/11/2026
2026-05-11 09:14:59,115 [GA-UCC-v2] INFO -   No results
2026-05-11 09:14:59,115 [GA-UCC-v2] INFO -   → 05/12/2025 – 11/10/2025
2026-05-11 09:15:00,711 [GA-UCC-v2] INFO -   No results
2026-05-11 09:15:00,712 [GA-UCC-v2] INFO -   → 11/11/2024 – 05/12/2025
2026-05-11 09:15:02,546 [GA-UCC-v2] INFO -   No results
2026-05-11 09:15:02,546 [GA-UCC-v2] INFO -   → 05/13/2024 – 11/11/2024
2026-05-11 09:15:13,858 [GA-UCC-v2] INFO -   No results
2026-05-11 09:15:13,858 [GA-UCC-v2] INFO -   → 11/13/2023 – 05/13/2024
2026-05-11 09:15:16,180 [GA-UCC-v2] INFO -   No results
2026-05-11 09:15:16,180 [GA-UCC-v2] INFO -   → 05/15/2023 – 11/13/2023
2026-05-11 09:15:17,780 [GA-UCC-v2] INFO -   No results
2026-05-11 09:15:17,781 [GA-UCC-v2] INFO -   → 11/14/2022 – 05/15/2023
2026-05-11 09:15:19,382 [GA-UCC-v2] INFO -   No results
2026-05-11 09:15:19,382 [GA-UCC-v2] INFO -   → 05/16/2022 – 11/14/2022
2026-05-11 09:15:20,977 [GA-UCC-v2] INFO -   No results
2026-05-11 09:15:20,977 [GA-UCC-v2] INFO -   → 11/15/2021 – 05/16/2022
2026-05-11 09:15:22,580 [GA-UCC-v2] INFO -   No results
2026-05-11 09:15:22,581 [GA-UCC-v2] INFO -   → 05/17/2021 – 11/15/2021
2026-05-11 09:15:24,185 [GA-UCC-v2] INFO -   No results
2026-05-11 09:15:24,185 [GA-UCC-v2] INFO -   → 11/16/2020 – 05/17/2021
2026-05-11 09:15:25,786 [GA-UCC-v2] INFO -   No results
2026-05-11 09:15:25,786 [GA-UCC-v2] INFO -   → 05/18/2020 – 11/16/2020
2026-05-11 09:15:27,404 [GA-UCC-v2] INFO -   No results
2026-05-11 09:15:27,404 [GA-UCC-v2] INFO -   Lender total: 0 found, 0 new
2026-05-11 09:15:28,908 [GA-UCC-v2] INFO - 
────────────────────────────────────────────────────────────
2026-05-11 09:15:28,908 [GA-UCC-v2] INFO - 🔍 XEROX FINANCIAL (PRINT_IMAGING)
2026-05-11 09:15:28,908 [GA-UCC-v2] INFO -   → 11/10/2025 – 05/11/2026
2026-05-11 09:15:30,512 [GA-UCC-v2] INFO -   No results
2026-05-11 09:15:30,512 [GA-UCC-v2] INFO -   → 05/12/2025 – 11/10/2025
2026-05-11 09:15:32,112 [GA-UCC-v2] INFO -   No results
2026-05-11 09:15:32,113 [GA-UCC-v2] INFO -   → 11/11/2024 – 05/12/2025
2026-05-11 09:15:33,711 [GA-UCC-v2] INFO -   No results
2026-05-11 09:15:33,711 [GA-UCC-v2] INFO -   → 05/13/2024 – 11/11/2024
2026-05-11 09:15:35,311 [GA-UCC-v2] INFO -   No results
2026-05-11 09:15:35,311 [GA-UCC-v2] INFO -   → 11/13/2023 – 05/13/2024
2026-05-11 09:15:36,908 [GA-UCC-v2] INFO -   No results
2026-05-11 09:15:36,909 [GA-UCC-v2] INFO -   → 05/15/2023 – 11/13/2023
2026-05-11 09:15:38,516 [GA-UCC-v2] INFO -   No results
2026-05-11 09:15:38,516 [GA-UCC-v2] INFO -   → 11/14/2022 – 05/15/2023
2026-05-11 09:15:40,109 [GA-UCC-v2] INFO -   No results
2026-05-11 09:15:40,109 [GA-UCC-v2] INFO -   → 05/16/2022 – 11/14/2022
2026-05-11 09:15:41,703 [GA-UCC-v2] INFO -   No results
2026-05-11 09:15:41,703 [GA-UCC-v2] INFO -   → 11/15/2021 – 05/16/2022
2026-05-11 09:15:43,508 [GA-UCC-v2] INFO -   No results
2026-05-11 09:15:43,508 [GA-UCC-v2] INFO -   → 05/17/2021 – 11/15/2021
2026-05-11 09:15:45,101 [GA-UCC-v2] INFO -   No results
2026-05-11 09:15:45,101 [GA-UCC-v2] INFO -   → 11/16/2020 – 05/17/2021
2026-05-11 09:15:46,701 [GA-UCC-v2] INFO -   No results
2026-05-11 09:15:46,701 [GA-UCC-v2] INFO -   → 05/18/2020 – 11/16/2020
2026-05-11 09:15:48,296 [GA-UCC-v2] INFO -   No results
2026-05-11 09:15:48,297 [GA-UCC-v2] INFO -   Lender total: 0 found, 0 new
2026-05-11 09:15:49,802 [GA-UCC-v2] INFO - 
────────────────────────────────────────────────────────────
2026-05-11 09:15:49,802 [GA-UCC-v2] INFO - 🔍 CANON FINANCIAL SERVICES (PRINT_IMAGING)
2026-05-11 09:15:49,802 [GA-UCC-v2] INFO -   → 11/10/2025 – 05/11/2026
2026-05-11 09:15:51,408 [GA-UCC-v2] INFO -   No results
2026-05-11 09:15:51,408 [GA-UCC-v2] INFO -   → 05/12/2025 – 11/10/2025
2026-05-11 09:15:53,004 [GA-UCC-v2] INFO -   No results
2026-05-11 09:15:53,004 [GA-UCC-v2] INFO -   → 11/11/2024 – 05/12/2025
2026-05-11 09:15:54,599 [GA-UCC-v2] INFO -   No results
2026-05-11 09:15:54,599 [GA-UCC-v2] INFO -   → 05/13/2024 – 11/11/2024
2026-05-11 09:15:57,325 [GA-UCC-v2] INFO -   No results
2026-05-11 09:15:57,325 [GA-UCC-v2] INFO -   → 11/13/2023 – 05/13/2024
2026-05-11 09:15:58,968 [GA-UCC-v2] INFO -   No results
2026-05-11 09:15:58,969 [GA-UCC-v2] INFO -   → 05/15/2023 – 11/13/2023
2026-05-11 09:16:00,572 [GA-UCC-v2] INFO -   No results
2026-05-11 09:16:00,572 [GA-UCC-v2] INFO -   → 11/14/2022 – 05/15/2023
2026-05-11 09:16:02,461 [GA-UCC-v2] INFO -   No results
2026-05-11 09:16:02,461 [GA-UCC-v2] INFO -   → 05/16/2022 – 11/14/2022
2026-05-11 09:16:04,067 [GA-UCC-v2] INFO -   No results
2026-05-11 09:16:04,068 [GA-UCC-v2] INFO -   → 11/15/2021 – 05/16/2022
2026-05-11 09:16:05,669 [GA-UCC-v2] INFO -   No results
2026-05-11 09:16:05,670 [GA-UCC-v2] INFO -   → 05/17/2021 – 11/15/2021
2026-05-11 09:16:07,266 [GA-UCC-v2] INFO -   No results
2026-05-11 09:16:07,267 [GA-UCC-v2] INFO -   → 11/16/2020 – 05/17/2021
2026-05-11 09:16:08,867 [GA-UCC-v2] INFO -   No results
2026-05-11 09:16:08,867 [GA-UCC-v2] INFO -   → 05/18/2020 – 11/16/2020
2026-05-11 09:16:10,486 [GA-UCC-v2] INFO -   No results
2026-05-11 09:16:10,486 [GA-UCC-v2] INFO -   Lender total: 0 found, 0 new
2026-05-11 09:16:11,993 [GA-UCC-v2] INFO - 
────────────────────────────────────────────────────────────
2026-05-11 09:16:11,994 [GA-UCC-v2] INFO - 🔍 RICOH USA (PRINT_IMAGING)
2026-05-11 09:16:11,994 [GA-UCC-v2] INFO -   → 11/10/2025 – 05/11/2026
2026-05-11 09:16:13,591 [GA-UCC-v2] INFO -   No results
2026-05-11 09:16:13,591 [GA-UCC-v2] INFO -   → 05/12/2025 – 11/10/2025
2026-05-11 09:16:15,206 [GA-UCC-v2] INFO -   No results
2026-05-11 09:16:15,206 [GA-UCC-v2] INFO -   → 11/11/2024 – 05/12/2025
2026-05-11 09:16:16,818 [GA-UCC-v2] INFO -   No results
2026-05-11 09:16:16,818 [GA-UCC-v2] INFO -   → 05/13/2024 – 11/11/2024
2026-05-11 09:16:18,416 [GA-UCC-v2] INFO -   No results
2026-05-11 09:16:18,416 [GA-UCC-v2] INFO -   → 11/13/2023 – 05/13/2024
2026-05-11 09:16:20,020 [GA-UCC-v2] INFO -   No results
2026-05-11 09:16:20,020 [GA-UCC-v2] INFO -   → 05/15/2023 – 11/13/2023
2026-05-11 09:16:21,629 [GA-UCC-v2] INFO -   No results
2026-05-11 09:16:21,630 [GA-UCC-v2] INFO -   → 11/14/2022 – 05/15/2023
2026-05-11 09:16:23,235 [GA-UCC-v2] INFO -   No results
2026-05-11 09:16:23,235 [GA-UCC-v2] INFO -   → 05/16/2022 – 11/14/2022
2026-05-11 09:16:24,835 [GA-UCC-v2] INFO -   No results
2026-05-11 09:16:24,835 [GA-UCC-v2] INFO -   → 11/15/2021 – 05/16/2022
2026-05-11 09:16:26,439 [GA-UCC-v2] INFO -   No results
2026-05-11 09:16:26,439 [GA-UCC-v2] INFO -   → 05/17/2021 – 11/15/2021
2026-05-11 09:16:28,036 [GA-UCC-v2] INFO -   No results
2026-05-11 09:16:28,036 [GA-UCC-v2] INFO -   → 11/16/2020 – 05/17/2021
2026-05-11 09:16:29,646 [GA-UCC-v2] INFO -   No results
2026-05-11 09:16:29,646 [GA-UCC-v2] INFO -   → 05/18/2020 – 11/16/2020
2026-05-11 09:16:31,244 [GA-UCC-v2] INFO -   No results
2026-05-11 09:16:31,244 [GA-UCC-v2] INFO -   Lender total: 0 found, 0 new
2026-05-11 09:16:32,753 [GA-UCC-v2] INFO - 
────────────────────────────────────────────────────────────
2026-05-11 09:16:32,753 [GA-UCC-v2] INFO - 🔍 KYOCERA DOCUMENT SOLUTIONS (PRINT_IMAGING)
2026-05-11 09:16:32,753 [GA-UCC-v2] INFO -   → 11/10/2025 – 05/11/2026
2026-05-11 09:16:34,384 [GA-UCC-v2] INFO -   No results
2026-05-11 09:16:34,385 [GA-UCC-v2] INFO -   → 05/12/2025 – 11/10/2025
2026-05-11 09:16:35,985 [GA-UCC-v2] INFO -   No results
2026-05-11 09:16:35,985 [GA-UCC-v2] INFO -   → 11/11/2024 – 05/12/2025
2026-05-11 09:16:37,703 [GA-UCC-v2] INFO -   No results
2026-05-11 09:16:37,704 [GA-UCC-v2] INFO -   → 05/13/2024 – 11/11/2024
2026-05-11 09:16:39,316 [GA-UCC-v2] INFO -   No results
2026-05-11 09:16:39,317 [GA-UCC-v2] INFO -   → 11/13/2023 – 05/13/2024
2026-05-11 09:16:40,944 [GA-UCC-v2] INFO -   No results
2026-05-11 09:16:40,944 [GA-UCC-v2] INFO -   → 05/15/2023 – 11/13/2023
2026-05-11 09:16:42,547 [GA-UCC-v2] INFO -   No results
2026-05-11 09:16:42,547 [GA-UCC-v2] INFO -   → 11/14/2022 – 05/15/2023
2026-05-11 09:16:44,149 [GA-UCC-v2] INFO -   No results
2026-05-11 09:16:44,149 [GA-UCC-v2] INFO -   → 05/16/2022 – 11/14/2022
2026-05-11 09:16:45,753 [GA-UCC-v2] INFO -   No results
2026-05-11 09:16:45,753 [GA-UCC-v2] INFO -   → 11/15/2021 – 05/16/2022
2026-05-11 09:16:47,368 [GA-UCC-v2] INFO -   No results
2026-05-11 09:16:47,369 [GA-UCC-v2] INFO -   → 05/17/2021 – 11/15/2021
2026-05-11 09:16:48,958 [GA-UCC-v2] INFO -   No results
2026-05-11 09:16:48,959 [GA-UCC-v2] INFO -   → 11/16/2020 – 05/17/2021
2026-05-11 09:16:50,560 [GA-UCC-v2] INFO -   No results
2026-05-11 09:16:50,560 [GA-UCC-v2] INFO -   → 05/18/2020 – 11/16/2020
2026-05-11 09:16:52,170 [GA-UCC-v2] INFO -   No results
2026-05-11 09:16:52,170 [GA-UCC-v2] INFO -   Lender total: 0 found, 0 new
2026-05-11 09:16:53,678 [GA-UCC-v2] INFO - 
────────────────────────────────────────────────────────────
2026-05-11 09:16:53,678 [GA-UCC-v2] INFO - 🔍 GREATAMERICA FINANCIAL (IT_CHANNEL)
2026-05-11 09:16:53,678 [GA-UCC-v2] INFO -   → 11/10/2025 – 05/11/2026
2026-05-11 09:16:55,279 [GA-UCC-v2] INFO -   No results
2026-05-11 09:16:55,280 [GA-UCC-v2] INFO -   → 05/12/2025 – 11/10/2025
2026-05-11 09:16:56,878 [GA-UCC-v2] INFO -   No results
2026-05-11 09:16:56,878 [GA-UCC-v2] INFO -   → 11/11/2024 – 05/12/2025
2026-05-11 09:16:58,482 [GA-UCC-v2] INFO -   No results
2026-05-11 09:16:58,482 [GA-UCC-v2] INFO -   → 05/13/2024 – 11/11/2024
2026-05-11 09:17:00,093 [GA-UCC-v2] INFO -   No results
2026-05-11 09:17:00,093 [GA-UCC-v2] INFO -   → 11/13/2023 – 05/13/2024
2026-05-11 09:17:01,706 [GA-UCC-v2] INFO -   No results
2026-05-11 09:17:01,707 [GA-UCC-v2] INFO -   → 05/15/2023 – 11/13/2023
2026-05-11 09:17:03,303 [GA-UCC-v2] INFO -   No results
2026-05-11 09:17:03,303 [GA-UCC-v2] INFO -   → 11/14/2022 – 05/15/2023
2026-05-11 09:17:04,904 [GA-UCC-v2] INFO -   No results
2026-05-11 09:17:04,904 [GA-UCC-v2] INFO -   → 05/16/2022 – 11/14/2022
2026-05-11 09:17:06,514 [GA-UCC-v2] INFO -   No results
2026-05-11 09:17:06,514 [GA-UCC-v2] INFO -   → 11/15/2021 – 05/16/2022
2026-05-11 09:17:08,108 [GA-UCC-v2] INFO -   No results
2026-05-11 09:17:08,108 [GA-UCC-v2] INFO -   → 05/17/2021 – 11/15/2021
2026-05-11 09:17:09,722 [GA-UCC-v2] INFO -   No results
2026-05-11 09:17:09,723 [GA-UCC-v2] INFO -   → 11/16/2020 – 05/17/2021
2026-05-11 09:17:11,325 [GA-UCC-v2] INFO -   No results
2026-05-11 09:17:11,325 [GA-UCC-v2] INFO -   → 05/18/2020 – 11/16/2020
2026-05-11 09:17:12,934 [GA-UCC-v2] INFO -   No results
2026-05-11 09:17:12,934 [GA-UCC-v2] INFO -   Lender total: 0 found, 0 new
2026-05-11 09:17:14,443 [GA-UCC-v2] INFO - 
────────────────────────────────────────────────────────────
2026-05-11 09:17:14,443 [GA-UCC-v2] INFO - 🔍 MARLIN LEASING (IT_CHANNEL)
2026-05-11 09:17:14,443 [GA-UCC-v2] INFO -   → 11/10/2025 – 05/11/2026
2026-05-11 09:17:16,045 [GA-UCC-v2] INFO -   No results
2026-05-11 09:17:16,046 [GA-UCC-v2] INFO -   → 05/12/2025 – 11/10/2025
2026-05-11 09:17:17,745 [GA-UCC-v2] INFO -   No results
2026-05-11 09:17:17,745 [GA-UCC-v2] INFO -   → 11/11/2024 – 05/12/2025
2026-05-11 09:17:19,344 [GA-UCC-v2] INFO -   No results
2026-05-11 09:17:19,344 [GA-UCC-v2] INFO -   → 05/13/2024 – 11/11/2024
2026-05-11 09:17:20,955 [GA-UCC-v2] INFO -   No results
2026-05-11 09:17:20,956 [GA-UCC-v2] INFO -   → 11/13/2023 – 05/13/2024
2026-05-11 09:17:22,615 [GA-UCC-v2] INFO -   No results
2026-05-11 09:17:22,615 [GA-UCC-v2] INFO -   → 05/15/2023 – 11/13/2023
2026-05-11 09:17:24,216 [GA-UCC-v2] INFO -   No results
2026-05-11 09:17:24,216 [GA-UCC-v2] INFO -   → 11/14/2022 – 05/15/2023
2026-05-11 09:17:25,818 [GA-UCC-v2] INFO -   No results
2026-05-11 09:17:25,818 [GA-UCC-v2] INFO -   → 05/16/2022 – 11/14/2022
2026-05-11 09:17:27,432 [GA-UCC-v2] INFO -   No results
2026-05-11 09:17:27,432 [GA-UCC-v2] INFO -   → 11/15/2021 – 05/16/2022
2026-05-11 09:17:29,026 [GA-UCC-v2] INFO -   No results
2026-05-11 09:17:29,027 [GA-UCC-v2] INFO -   → 05/17/2021 – 11/15/2021
2026-05-11 09:17:30,625 [GA-UCC-v2] INFO -   No results
2026-05-11 09:17:30,625 [GA-UCC-v2] INFO -   → 11/16/2020 – 05/17/2021
2026-05-11 09:17:32,218 [GA-UCC-v2] INFO -   No results
2026-05-11 09:17:32,218 [GA-UCC-v2] INFO -   → 05/18/2020 – 11/16/2020
2026-05-11 09:17:33,816 [GA-UCC-v2] INFO -   No results
2026-05-11 09:17:33,816 [GA-UCC-v2] INFO -   Lender total: 0 found, 0 new
2026-05-11 09:17:35,325 [GA-UCC-v2] INFO - 
────────────────────────────────────────────────────────────
2026-05-11 09:17:35,325 [GA-UCC-v2] INFO - 🔍 PAWNEE LEASING (IT_CHANNEL)
2026-05-11 09:17:35,325 [GA-UCC-v2] INFO -   → 11/10/2025 – 05/11/2026
2026-05-11 09:17:36,930 [GA-UCC-v2] INFO -   No results
2026-05-11 09:17:36,930 [GA-UCC-v2] INFO -   → 05/12/2025 – 11/10/2025
2026-05-11 09:17:38,535 [GA-UCC-v2] INFO -   No results
2026-05-11 09:17:38,535 [GA-UCC-v2] INFO -   → 11/11/2024 – 05/12/2025
2026-05-11 09:17:40,134 [GA-UCC-v2] INFO -   No results
2026-05-11 09:17:40,135 [GA-UCC-v2] INFO -   → 05/13/2024 – 11/11/2024
2026-05-11 09:17:41,903 [GA-UCC-v2] INFO -   No results
2026-05-11 09:17:41,903 [GA-UCC-v2] INFO -   → 11/13/2023 – 05/13/2024
2026-05-11 09:17:43,510 [GA-UCC-v2] INFO -   No results
2026-05-11 09:17:43,511 [GA-UCC-v2] INFO -   → 05/15/2023 – 11/13/2023
2026-05-11 09:17:45,119 [GA-UCC-v2] INFO -   No results
2026-05-11 09:17:45,119 [GA-UCC-v2] INFO -   → 11/14/2022 – 05/15/2023
2026-05-11 09:17:46,731 [GA-UCC-v2] INFO -   No results
2026-05-11 09:17:46,731 [GA-UCC-v2] INFO -   → 05/16/2022 – 11/14/2022
2026-05-11 09:17:48,332 [GA-UCC-v2] INFO -   No results
2026-05-11 09:17:48,332 [GA-UCC-v2] INFO -   → 11/15/2021 – 05/16/2022
2026-05-11 09:17:50,001 [GA-UCC-v2] INFO -   No results
2026-05-11 09:17:50,002 [GA-UCC-v2] INFO -   → 05/17/2021 – 11/15/2021
2026-05-11 09:17:51,604 [GA-UCC-v2] INFO -   No results
2026-05-11 09:17:51,604 [GA-UCC-v2] INFO -   → 11/16/2020 – 05/17/2021
2026-05-11 09:17:53,212 [GA-UCC-v2] INFO -   No results
2026-05-11 09:17:53,212 [GA-UCC-v2] INFO -   → 05/18/2020 – 11/16/2020
2026-05-11 09:17:54,810 [GA-UCC-v2] INFO -   No results
2026-05-11 09:17:54,810 [GA-UCC-v2] INFO -   Lender total: 0 found, 0 new
2026-05-11 09:17:56,319 [GA-UCC-v2] INFO - 
────────────────────────────────────────────────────────────
2026-05-11 09:17:56,319 [GA-UCC-v2] INFO - 🔍 BALBOA CAPITAL (IT_CHANNEL)
2026-05-11 09:17:56,319 [GA-UCC-v2] INFO -   → 11/10/2025 – 05/11/2026
2026-05-11 09:17:58,019 [GA-UCC-v2] INFO -   No results
2026-05-11 09:17:58,019 [GA-UCC-v2] INFO -   → 05/12/2025 – 11/10/2025
2026-05-11 09:17:59,623 [GA-UCC-v2] INFO -   No results
2026-05-11 09:17:59,623 [GA-UCC-v2] INFO -   → 11/11/2024 – 05/12/2025
2026-05-11 09:18:01,254 [GA-UCC-v2] INFO -   No results
2026-05-11 09:18:01,254 [GA-UCC-v2] INFO -   → 05/13/2024 – 11/11/2024
2026-05-11 09:18:02,869 [GA-UCC-v2] INFO -   No results
2026-05-11 09:18:02,869 [GA-UCC-v2] INFO -   → 11/13/2023 – 05/13/2024
2026-05-11 09:18:04,469 [GA-UCC-v2] INFO -   No results
2026-05-11 09:18:04,469 [GA-UCC-v2] INFO -   → 05/15/2023 – 11/13/2023
2026-05-11 09:18:06,066 [GA-UCC-v2] INFO -   No results
2026-05-11 09:18:06,066 [GA-UCC-v2] INFO -   → 11/14/2022 – 05/15/2023
2026-05-11 09:18:07,670 [GA-UCC-v2] INFO -   No results
2026-05-11 09:18:07,670 [GA-UCC-v2] INFO -   → 05/16/2022 – 11/14/2022
2026-05-11 09:18:09,265 [GA-UCC-v2] INFO -   No results
2026-05-11 09:18:09,265 [GA-UCC-v2] INFO -   → 11/15/2021 – 05/16/2022
2026-05-11 09:18:10,875 [GA-UCC-v2] INFO -   No results
2026-05-11 09:18:10,875 [GA-UCC-v2] INFO -   → 05/17/2021 – 11/15/2021
2026-05-11 09:18:12,479 [GA-UCC-v2] INFO -   No results
2026-05-11 09:18:12,479 [GA-UCC-v2] INFO -   → 11/16/2020 – 05/17/2021
2026-05-11 09:18:14,087 [GA-UCC-v2] INFO -   No results
2026-05-11 09:18:14,087 [GA-UCC-v2] INFO -   → 05/18/2020 – 11/16/2020
2026-05-11 09:18:15,687 [GA-UCC-v2] INFO -   No results
2026-05-11 09:18:15,687 [GA-UCC-v2] INFO -   Lender total: 0 found, 0 new
2026-05-11 09:18:17,197 [GA-UCC-v2] INFO - 
────────────────────────────────────────────────────────────
2026-05-11 09:18:17,197 [GA-UCC-v2] INFO - 🔍 DLL FINANCE (EQUIP_FINANCE)
2026-05-11 09:18:17,197 [GA-UCC-v2] INFO -   → 11/10/2025 – 05/11/2026
2026-05-11 09:18:18,849 [GA-UCC-v2] INFO -   No results
2026-05-11 09:18:18,850 [GA-UCC-v2] INFO -   → 05/12/2025 – 11/10/2025
2026-05-11 09:18:20,455 [GA-UCC-v2] INFO -   No results
2026-05-11 09:18:20,455 [GA-UCC-v2] INFO -   → 11/11/2024 – 05/12/2025
2026-05-11 09:18:22,060 [GA-UCC-v2] INFO -   No results
2026-05-11 09:18:22,060 [GA-UCC-v2] INFO -   → 05/13/2024 – 11/11/2024
2026-05-11 09:18:23,665 [GA-UCC-v2] INFO -   No results
2026-05-11 09:18:23,666 [GA-UCC-v2] INFO -   → 11/13/2023 – 05/13/2024
2026-05-11 09:18:25,266 [GA-UCC-v2] INFO -   No results
2026-05-11 09:18:25,266 [GA-UCC-v2] INFO -   → 05/15/2023 – 11/13/2023
2026-05-11 09:18:26,868 [GA-UCC-v2] INFO -   No results
2026-05-11 09:18:26,868 [GA-UCC-v2] INFO -   → 11/14/2022 – 05/15/2023
2026-05-11 09:18:28,467 [GA-UCC-v2] INFO -   No results
2026-05-11 09:18:28,467 [GA-UCC-v2] INFO -   → 05/16/2022 – 11/14/2022
2026-05-11 09:18:30,163 [GA-UCC-v2] INFO -   No results
2026-05-11 09:18:30,164 [GA-UCC-v2] INFO -   → 11/15/2021 – 05/16/2022
2026-05-11 09:18:31,766 [GA-UCC-v2] INFO -   No results
2026-05-11 09:18:31,767 [GA-UCC-v2] INFO -   → 05/17/2021 – 11/15/2021
2026-05-11 09:18:33,366 [GA-UCC-v2] INFO -   No results
2026-05-11 09:18:33,367 [GA-UCC-v2] INFO -   → 11/16/2020 – 05/17/2021
2026-05-11 09:18:34,967 [GA-UCC-v2] INFO -   No results
2026-05-11 09:18:34,967 [GA-UCC-v2] INFO -   → 05/18/2020 – 11/16/2020
2026-05-11 09:18:36,568 [GA-UCC-v2] INFO -   No results
2026-05-11 09:18:36,569 [GA-UCC-v2] INFO -   Lender total: 0 found, 0 new
2026-05-11 09:18:38,078 [GA-UCC-v2] INFO - 
────────────────────────────────────────────────────────────
2026-05-11 09:18:38,078 [GA-UCC-v2] INFO - 🔍 DE LAGE LANDEN (EQUIP_FINANCE)
2026-05-11 09:18:38,078 [GA-UCC-v2] INFO -   → 11/10/2025 – 05/11/2026
2026-05-11 09:18:39,760 [GA-UCC-v2] INFO -   No results
2026-05-11 09:18:39,760 [GA-UCC-v2] INFO -   → 05/12/2025 – 11/10/2025
2026-05-11 09:18:41,366 [GA-UCC-v2] INFO -   No results
2026-05-11 09:18:41,366 [GA-UCC-v2] INFO -   → 11/11/2024 – 05/12/2025
2026-05-11 09:18:42,970 [GA-UCC-v2] INFO -   No results
2026-05-11 09:18:42,970 [GA-UCC-v2] INFO -   → 05/13/2024 – 11/11/2024
2026-05-11 09:18:44,584 [GA-UCC-v2] INFO -   No results
2026-05-11 09:18:44,584 [GA-UCC-v2] INFO -   → 11/13/2023 – 05/13/2024
2026-05-11 09:18:46,187 [GA-UCC-v2] INFO -   No results
2026-05-11 09:18:46,188 [GA-UCC-v2] INFO -   → 05/15/2023 – 11/13/2023
2026-05-11 09:18:47,781 [GA-UCC-v2] INFO -   No results
2026-05-11 09:18:47,782 [GA-UCC-v2] INFO -   → 11/14/2022 – 05/15/2023
2026-05-11 09:18:49,388 [GA-UCC-v2] INFO -   No results
2026-05-11 09:18:49,388 [GA-UCC-v2] INFO -   → 05/16/2022 – 11/14/2022
2026-05-11 09:18:50,994 [GA-UCC-v2] INFO -   No results
2026-05-11 09:18:50,994 [GA-UCC-v2] INFO -   → 11/15/2021 – 05/16/2022
2026-05-11 09:18:52,607 [GA-UCC-v2] INFO -   No results
2026-05-11 09:18:52,607 [GA-UCC-v2] INFO -   → 05/17/2021 – 11/15/2021
2026-05-11 09:18:54,208 [GA-UCC-v2] INFO -   No results
2026-05-11 09:18:54,208 [GA-UCC-v2] INFO -   → 11/16/2020 – 05/17/2021
2026-05-11 09:18:55,843 [GA-UCC-v2] INFO -   No results
2026-05-11 09:18:55,845 [GA-UCC-v2] INFO -   → 05/18/2020 – 11/16/2020
2026-05-11 09:18:57,455 [GA-UCC-v2] INFO -   No results
2026-05-11 09:18:57,455 [GA-UCC-v2] INFO -   Lender total: 0 found, 0 new
2026-05-11 09:18:58,961 [GA-UCC-v2] INFO - 
────────────────────────────────────────────────────────────
2026-05-11 09:18:58,961 [GA-UCC-v2] INFO - 🔍 WELLS FARGO EQUIPMENT FINANCE (EQUIP_FINANCE)
2026-05-11 09:18:58,961 [GA-UCC-v2] INFO -   → 11/10/2025 – 05/11/2026
2026-05-11 09:19:00,560 [GA-UCC-v2] INFO -   No results
2026-05-11 09:19:00,560 [GA-UCC-v2] INFO -   → 05/12/2025 – 11/10/2025
2026-05-11 09:19:02,161 [GA-UCC-v2] INFO -   No results
2026-05-11 09:19:02,161 [GA-UCC-v2] INFO -   → 11/11/2024 – 05/12/2025
2026-05-11 09:19:03,780 [GA-UCC-v2] INFO -   No results
2026-05-11 09:19:03,780 [GA-UCC-v2] INFO -   → 05/13/2024 – 11/11/2024
2026-05-11 09:19:05,380 [GA-UCC-v2] INFO -   No results
2026-05-11 09:19:05,380 [GA-UCC-v2] INFO -   → 11/13/2023 – 05/13/2024
2026-05-11 09:19:06,980 [GA-UCC-v2] INFO -   No results
2026-05-11 09:19:06,980 [GA-UCC-v2] INFO -   → 05/15/2023 – 11/13/2023
2026-05-11 09:19:08,581 [GA-UCC-v2] INFO -   No results
2026-05-11 09:19:08,581 [GA-UCC-v2] INFO -   → 11/14/2022 – 05/15/2023
2026-05-11 09:19:10,180 [GA-UCC-v2] INFO -   No results
2026-05-11 09:19:10,180 [GA-UCC-v2] INFO -   → 05/16/2022 – 11/14/2022
2026-05-11 09:19:11,786 [GA-UCC-v2] INFO -   No results
2026-05-11 09:19:11,786 [GA-UCC-v2] INFO -   → 11/15/2021 – 05/16/2022
2026-05-11 09:19:13,386 [GA-UCC-v2] INFO -   No results
2026-05-11 09:19:13,386 [GA-UCC-v2] INFO -   → 05/17/2021 – 11/15/2021
2026-05-11 09:19:14,986 [GA-UCC-v2] INFO -   No results
2026-05-11 09:19:14,986 [GA-UCC-v2] INFO -   → 11/16/2020 – 05/17/2021
2026-05-11 09:19:16,584 [GA-UCC-v2] INFO -   No results
2026-05-11 09:19:16,584 [GA-UCC-v2] INFO -   → 05/18/2020 – 11/16/2020
2026-05-11 09:19:18,184 [GA-UCC-v2] INFO -   No results
2026-05-11 09:19:18,184 [GA-UCC-v2] INFO -   Lender total: 0 found, 0 new
2026-05-11 09:19:19,694 [GA-UCC-v2] INFO - 
────────────────────────────────────────────────────────────
2026-05-11 09:19:19,694 [GA-UCC-v2] INFO - 🔍 US BANCORP EQUIPMENT (EQUIP_FINANCE)
2026-05-11 09:19:19,694 [GA-UCC-v2] INFO -   → 11/10/2025 – 05/11/2026
2026-05-11 09:19:21,456 [GA-UCC-v2] INFO -   No results
2026-05-11 09:19:21,457 [GA-UCC-v2] INFO -   → 05/12/2025 – 11/10/2025
2026-05-11 09:19:23,059 [GA-UCC-v2] INFO -   No results
2026-05-11 09:19:23,059 [GA-UCC-v2] INFO -   → 11/11/2024 – 05/12/2025
2026-05-11 09:19:24,657 [GA-UCC-v2] INFO -   No results
2026-05-11 09:19:24,658 [GA-UCC-v2] INFO -   → 05/13/2024 – 11/11/2024
2026-05-11 09:19:26,257 [GA-UCC-v2] INFO -   No results
2026-05-11 09:19:26,258 [GA-UCC-v2] INFO -   → 11/13/2023 – 05/13/2024
2026-05-11 09:19:27,850 [GA-UCC-v2] INFO -   No results
2026-05-11 09:19:27,850 [GA-UCC-v2] INFO -   → 05/15/2023 – 11/13/2023
2026-05-11 09:19:29,450 [GA-UCC-v2] INFO -   No results
2026-05-11 09:19:29,451 [GA-UCC-v2] INFO -   → 11/14/2022 – 05/15/2023
2026-05-11 09:19:31,057 [GA-UCC-v2] INFO -   No results
2026-05-11 09:19:31,057 [GA-UCC-v2] INFO -   → 05/16/2022 – 11/14/2022
2026-05-11 09:19:32,669 [GA-UCC-v2] INFO -   No results
2026-05-11 09:19:32,670 [GA-UCC-v2] INFO -   → 11/15/2021 – 05/16/2022
2026-05-11 09:19:34,270 [GA-UCC-v2] INFO -   No results
2026-05-11 09:19:34,270 [GA-UCC-v2] INFO -   → 05/17/2021 – 11/15/2021
2026-05-11 09:19:35,907 [GA-UCC-v2] INFO -   No results
2026-05-11 09:19:35,907 [GA-UCC-v2] INFO -   → 11/16/2020 – 05/17/2021
2026-05-11 09:19:37,505 [GA-UCC-v2] INFO -   No results
2026-05-11 09:19:37,505 [GA-UCC-v2] INFO -   → 05/18/2020 – 11/16/2020
2026-05-11 09:19:39,110 [GA-UCC-v2] INFO -   No results
2026-05-11 09:19:39,110 [GA-UCC-v2] INFO -   Lender total: 0 found, 0 new
2026-05-11 09:19:40,617 [GA-UCC-v2] INFO - 
────────────────────────────────────────────────────────────
2026-05-11 09:19:40,618 [GA-UCC-v2] INFO - 🔍 KEY EQUIPMENT FINANCE (EQUIP_FINANCE)
2026-05-11 09:19:40,618 [GA-UCC-v2] INFO -   → 11/10/2025 – 05/11/2026
2026-05-11 09:19:42,223 [GA-UCC-v2] INFO -   No results
2026-05-11 09:19:42,223 [GA-UCC-v2] INFO -   → 05/12/2025 – 11/10/2025
2026-05-11 09:19:43,834 [GA-UCC-v2] INFO -   No results
2026-05-11 09:19:43,834 [GA-UCC-v2] INFO -   → 11/11/2024 – 05/12/2025
2026-05-11 09:19:45,434 [GA-UCC-v2] INFO -   No results
2026-05-11 09:19:45,435 [GA-UCC-v2] INFO -   → 05/13/2024 – 11/11/2024
2026-05-11 09:19:47,113 [GA-UCC-v2] INFO -   No results
2026-05-11 09:19:47,115 [GA-UCC-v2] INFO -   → 11/13/2023 – 05/13/2024
2026-05-11 09:19:48,756 [GA-UCC-v2] INFO -   No results
2026-05-11 09:19:48,756 [GA-UCC-v2] INFO -   → 05/15/2023 – 11/13/2023
2026-05-11 09:19:50,360 [GA-UCC-v2] INFO -   No results
2026-05-11 09:19:50,360 [GA-UCC-v2] INFO -   → 11/14/2022 – 05/15/2023
2026-05-11 09:19:51,957 [GA-UCC-v2] INFO -   No results
2026-05-11 09:19:51,958 [GA-UCC-v2] INFO -   → 05/16/2022 – 11/14/2022
2026-05-11 09:19:53,577 [GA-UCC-v2] INFO -   No results
2026-05-11 09:19:53,577 [GA-UCC-v2] INFO -   → 11/15/2021 – 05/16/2022
2026-05-11 09:19:55,171 [GA-UCC-v2] INFO -   No results
2026-05-11 09:19:55,171 [GA-UCC-v2] INFO -   → 05/17/2021 – 11/15/2021
2026-05-11 09:19:56,773 [GA-UCC-v2] INFO -   No results
2026-05-11 09:19:56,773 [GA-UCC-v2] INFO -   → 11/16/2020 – 05/17/2021
2026-05-11 09:19:58,373 [GA-UCC-v2] INFO -   No results
2026-05-11 09:19:58,374 [GA-UCC-v2] INFO -   → 05/18/2020 – 11/16/2020
2026-05-11 09:19:59,974 [GA-UCC-v2] INFO -   No results
2026-05-11 09:19:59,974 [GA-UCC-v2] INFO -   Lender total: 0 found, 0 new
2026-05-11 09:20:01,483 [GA-UCC-v2] INFO - 
────────────────────────────────────────────────────────────
2026-05-11 09:20:01,484 [GA-UCC-v2] INFO - 🔍 STEARNS BANK (EQUIP_FINANCE)
2026-05-11 09:20:01,484 [GA-UCC-v2] INFO -   → 11/10/2025 – 05/11/2026
2026-05-11 09:20:03,750 [GA-UCC-v2] INFO -   No results
2026-05-11 09:20:03,750 [GA-UCC-v2] INFO -   → 05/12/2025 – 11/10/2025
2026-05-11 09:20:05,350 [GA-UCC-v2] INFO -   No results
2026-05-11 09:20:05,350 [GA-UCC-v2] INFO -   → 11/11/2024 – 05/12/2025
2026-05-11 09:20:06,950 [GA-UCC-v2] INFO -   No results
2026-05-11 09:20:06,950 [GA-UCC-v2] INFO -   → 05/13/2024 – 11/11/2024
2026-05-11 09:20:08,550 [GA-UCC-v2] INFO -   No results
2026-05-11 09:20:08,550 [GA-UCC-v2] INFO -   → 11/13/2023 – 05/13/2024
2026-05-11 09:20:10,156 [GA-UCC-v2] INFO -   No results
2026-05-11 09:20:10,156 [GA-UCC-v2] INFO -   → 05/15/2023 – 11/13/2023
2026-05-11 09:20:11,769 [GA-UCC-v2] INFO -   No results
2026-05-11 09:20:11,770 [GA-UCC-v2] INFO -   → 11/14/2022 – 05/15/2023
2026-05-11 09:20:13,370 [GA-UCC-v2] INFO -   No results
2026-05-11 09:20:13,370 [GA-UCC-v2] INFO -   → 05/16/2022 – 11/14/2022
2026-05-11 09:20:15,337 [GA-UCC-v2] INFO -   No results
2026-05-11 09:20:15,337 [GA-UCC-v2] INFO -   → 11/15/2021 – 05/16/2022
2026-05-11 09:20:16,936 [GA-UCC-v2] INFO -   No results
2026-05-11 09:20:16,936 [GA-UCC-v2] INFO -   → 05/17/2021 – 11/15/2021
2026-05-11 09:20:18,534 [GA-UCC-v2] INFO -   No results
2026-05-11 09:20:18,535 [GA-UCC-v2] INFO -   → 11/16/2020 – 05/17/2021
2026-05-11 09:20:20,137 [GA-UCC-v2] INFO -   No results
2026-05-11 09:20:20,137 [GA-UCC-v2] INFO -   → 05/18/2020 – 11/16/2020
2026-05-11 09:20:21,734 [GA-UCC-v2] INFO -   No results
2026-05-11 09:20:21,735 [GA-UCC-v2] INFO -   Lender total: 0 found, 0 new
2026-05-11 09:20:23,244 [GA-UCC-v2] INFO - 
────────────────────────────────────────────────────────────
2026-05-11 09:20:23,244 [GA-UCC-v2] INFO - 🔍 BANC OF AMERICA (EQUIP_FINANCE)
2026-05-11 09:20:23,244 [GA-UCC-v2] INFO -   → 11/10/2025 – 05/11/2026
2026-05-11 09:20:24,846 [GA-UCC-v2] INFO -   No results
2026-05-11 09:20:24,847 [GA-UCC-v2] INFO -   → 05/12/2025 – 11/10/2025
2026-05-11 09:20:26,469 [GA-UCC-v2] INFO -   No results
2026-05-11 09:20:26,469 [GA-UCC-v2] INFO -   → 11/11/2024 – 05/12/2025
2026-05-11 09:20:28,068 [GA-UCC-v2] INFO -   No results
2026-05-11 09:20:28,069 [GA-UCC-v2] INFO -   → 05/13/2024 – 11/11/2024
2026-05-11 09:20:29,677 [GA-UCC-v2] INFO -   No results
2026-05-11 09:20:29,677 [GA-UCC-v2] INFO -   → 11/13/2023 – 05/13/2024
2026-05-11 09:20:31,313 [GA-UCC-v2] INFO -   No results
2026-05-11 09:20:31,313 [GA-UCC-v2] INFO -   → 05/15/2023 – 11/13/2023
2026-05-11 09:20:32,912 [GA-UCC-v2] INFO -   No results
2026-05-11 09:20:32,912 [GA-UCC-v2] INFO -   → 11/14/2022 – 05/15/2023
2026-05-11 09:20:34,513 [GA-UCC-v2] INFO -   No results
2026-05-11 09:20:34,514 [GA-UCC-v2] INFO -   → 05/16/2022 – 11/14/2022
2026-05-11 09:20:36,121 [GA-UCC-v2] INFO -   No results
2026-05-11 09:20:36,121 [GA-UCC-v2] INFO -   → 11/15/2021 – 05/16/2022
2026-05-11 09:20:37,734 [GA-UCC-v2] INFO -   No results
2026-05-11 09:20:37,735 [GA-UCC-v2] INFO -   → 05/17/2021 – 11/15/2021
2026-05-11 09:20:39,341 [GA-UCC-v2] INFO -   No results
2026-05-11 09:20:39,341 [GA-UCC-v2] INFO -   → 11/16/2020 – 05/17/2021
2026-05-11 09:20:40,948 [GA-UCC-v2] INFO -   No results
2026-05-11 09:20:40,949 [GA-UCC-v2] INFO -   → 05/18/2020 – 11/16/2020
2026-05-11 09:20:42,548 [GA-UCC-v2] INFO -   No results
2026-05-11 09:20:42,549 [GA-UCC-v2] INFO -   Lender total: 0 found, 0 new
2026-05-11 09:20:44,055 [GA-UCC-v2] INFO - 
────────────────────────────────────────────────────────────
2026-05-11 09:20:44,056 [GA-UCC-v2] INFO - 🔍 CIT BANK (EQUIP_FINANCE)
2026-05-11 09:20:44,056 [GA-UCC-v2] INFO -   → 11/10/2025 – 05/11/2026
2026-05-11 09:20:45,749 [GA-UCC-v2] INFO -   No results
2026-05-11 09:20:45,749 [GA-UCC-v2] INFO -   → 05/12/2025 – 11/10/2025
2026-05-11 09:20:47,349 [GA-UCC-v2] INFO -   No results
2026-05-11 09:20:47,349 [GA-UCC-v2] INFO -   → 11/11/2024 – 05/12/2025
2026-05-11 09:20:48,949 [GA-UCC-v2] INFO -   No results
2026-05-11 09:20:48,949 [GA-UCC-v2] INFO -   → 05/13/2024 – 11/11/2024
2026-05-11 09:20:50,554 [GA-UCC-v2] INFO -   No results
2026-05-11 09:20:50,554 [GA-UCC-v2] INFO -   → 11/13/2023 – 05/13/2024
2026-05-11 09:20:52,151 [GA-UCC-v2] INFO -   No results
2026-05-11 09:20:52,151 [GA-UCC-v2] INFO -   → 05/15/2023 – 11/13/2023
2026-05-11 09:20:53,748 [GA-UCC-v2] INFO -   No results
2026-05-11 09:20:53,748 [GA-UCC-v2] INFO -   → 11/14/2022 – 05/15/2023
2026-05-11 09:20:55,351 [GA-UCC-v2] INFO -   No results
2026-05-11 09:20:55,351 [GA-UCC-v2] INFO -   → 05/16/2022 – 11/14/2022
2026-05-11 09:20:56,953 [GA-UCC-v2] INFO -   No results
2026-05-11 09:20:56,953 [GA-UCC-v2] INFO -   → 11/15/2021 – 05/16/2022
2026-05-11 09:20:58,553 [GA-UCC-v2] INFO -   No results
2026-05-11 09:20:58,554 [GA-UCC-v2] INFO -   → 05/17/2021 – 11/15/2021
2026-05-11 09:21:00,156 [GA-UCC-v2] INFO -   No results
2026-05-11 09:21:00,156 [GA-UCC-v2] INFO -   → 11/16/2020 – 05/17/2021
2026-05-11 09:21:01,756 [GA-UCC-v2] INFO -   No results
2026-05-11 09:21:01,756 [GA-UCC-v2] INFO -   → 05/18/2020 – 11/16/2020
2026-05-11 09:21:03,363 [GA-UCC-v2] INFO -   No results
2026-05-11 09:21:03,363 [GA-UCC-v2] INFO -   Lender total: 0 found, 0 new
2026-05-11 09:21:04,868 [GA-UCC-v2] INFO - 
────────────────────────────────────────────────────────────
2026-05-11 09:21:04,868 [GA-UCC-v2] INFO - 🔍 CATERPILLAR FINANCIAL (HEAVY_EQUIP)
2026-05-11 09:21:04,868 [GA-UCC-v2] INFO -   → 11/10/2025 – 05/11/2026
2026-05-11 09:21:06,474 [GA-UCC-v2] INFO -   No results
2026-05-11 09:21:06,474 [GA-UCC-v2] INFO -   → 05/12/2025 – 11/10/2025
2026-05-11 09:21:08,070 [GA-UCC-v2] INFO -   No results
2026-05-11 09:21:08,070 [GA-UCC-v2] INFO -   → 11/11/2024 – 05/12/2025
2026-05-11 09:21:09,671 [GA-UCC-v2] INFO -   No results
2026-05-11 09:21:09,671 [GA-UCC-v2] INFO -   → 05/13/2024 – 11/11/2024
2026-05-11 09:21:11,459 [GA-UCC-v2] INFO -   No results
2026-05-11 09:21:11,459 [GA-UCC-v2] INFO -   → 11/13/2023 – 05/13/2024
2026-05-11 09:21:13,055 [GA-UCC-v2] INFO -   No results
2026-05-11 09:21:13,055 [GA-UCC-v2] INFO -   → 05/15/2023 – 11/13/2023
2026-05-11 09:21:14,866 [GA-UCC-v2] INFO -   No results
2026-05-11 09:21:14,866 [GA-UCC-v2] INFO -   → 11/14/2022 – 05/15/2023
2026-05-11 09:21:16,466 [GA-UCC-v2] INFO -   No results
2026-05-11 09:21:16,466 [GA-UCC-v2] INFO -   → 05/16/2022 – 11/14/2022
2026-05-11 09:21:18,242 [GA-UCC-v2] INFO -   No results
2026-05-11 09:21:18,242 [GA-UCC-v2] INFO -   → 11/15/2021 – 05/16/2022
2026-05-11 09:21:19,842 [GA-UCC-v2] INFO -   No results
2026-05-11 09:21:19,842 [GA-UCC-v2] INFO -   → 05/17/2021 – 11/15/2021
2026-05-11 09:21:21,634 [GA-UCC-v2] INFO -   No results
2026-05-11 09:21:21,634 [GA-UCC-v2] INFO -   → 11/16/2020 – 05/17/2021
2026-05-11 09:21:23,233 [GA-UCC-v2] INFO -   No results
2026-05-11 09:21:23,233 [GA-UCC-v2] INFO -   → 05/18/2020 – 11/16/2020
2026-05-11 09:21:26,116 [GA-UCC-v2] INFO -   No results
2026-05-11 09:21:26,116 [GA-UCC-v2] INFO -   Lender total: 0 found, 0 new
2026-05-11 09:21:27,626 [GA-UCC-v2] INFO - 
────────────────────────────────────────────────────────────
2026-05-11 09:21:27,626 [GA-UCC-v2] INFO - 🔍 JOHN DEERE FINANCIAL (HEAVY_EQUIP)
2026-05-11 09:21:27,626 [GA-UCC-v2] INFO -   → 11/10/2025 – 05/11/2026
2026-05-11 09:21:29,226 [GA-UCC-v2] INFO -   No results
2026-05-11 09:21:29,226 [GA-UCC-v2] INFO -   → 05/12/2025 – 11/10/2025
2026-05-11 09:21:30,817 [GA-UCC-v2] INFO -   No results
2026-05-11 09:21:30,817 [GA-UCC-v2] INFO -   → 11/11/2024 – 05/12/2025
2026-05-11 09:21:32,418 [GA-UCC-v2] INFO -   No results
2026-05-11 09:21:32,418 [GA-UCC-v2] INFO -   → 05/13/2024 – 11/11/2024
2026-05-11 09:21:34,027 [GA-UCC-v2] INFO -   No results
2026-05-11 09:21:34,027 [GA-UCC-v2] INFO -   → 11/13/2023 – 05/13/2024
2026-05-11 09:21:35,631 [GA-UCC-v2] INFO -   No results
2026-05-11 09:21:35,631 [GA-UCC-v2] INFO -   → 05/15/2023 – 11/13/2023
2026-05-11 09:21:37,244 [GA-UCC-v2] INFO -   No results
2026-05-11 09:21:37,244 [GA-UCC-v2] INFO -   → 11/14/2022 – 05/15/2023
2026-05-11 09:21:38,853 [GA-UCC-v2] INFO -   No results
2026-05-11 09:21:38,854 [GA-UCC-v2] INFO -   → 05/16/2022 – 11/14/2022
2026-05-11 09:21:40,453 [GA-UCC-v2] INFO -   No results
2026-05-11 09:21:40,454 [GA-UCC-v2] INFO -   → 11/15/2021 – 05/16/2022
2026-05-11 09:21:42,056 [GA-UCC-v2] INFO -   No results
2026-05-11 09:21:42,056 [GA-UCC-v2] INFO -   → 05/17/2021 – 11/15/2021
2026-05-11 09:21:43,664 [GA-UCC-v2] INFO -   No results
2026-05-11 09:21:43,664 [GA-UCC-v2] INFO -   → 11/16/2020 – 05/17/2021
2026-05-11 09:21:45,272 [GA-UCC-v2] INFO -   No results
2026-05-11 09:21:45,272 [GA-UCC-v2] INFO -   → 05/18/2020 – 11/16/2020
2026-05-11 09:21:46,872 [GA-UCC-v2] INFO -   No results
2026-05-11 09:21:46,872 [GA-UCC-v2] INFO -   Lender total: 0 found, 0 new
2026-05-11 09:21:48,380 [GA-UCC-v2] INFO - 
────────────────────────────────────────────────────────────
2026-05-11 09:21:48,380 [GA-UCC-v2] INFO - 🔍 CNH INDUSTRIAL CAPITAL (HEAVY_EQUIP)
2026-05-11 09:21:48,380 [GA-UCC-v2] INFO -   → 11/10/2025 – 05/11/2026
2026-05-11 09:21:49,982 [GA-UCC-v2] INFO -   No results
2026-05-11 09:21:49,982 [GA-UCC-v2] INFO -   → 05/12/2025 – 11/10/2025
2026-05-11 09:21:51,582 [GA-UCC-v2] INFO -   No results
2026-05-11 09:21:51,582 [GA-UCC-v2] INFO -   → 11/11/2024 – 05/12/2025
2026-05-11 09:21:53,184 [GA-UCC-v2] INFO -   No results
2026-05-11 09:21:53,184 [GA-UCC-v2] INFO -   → 05/13/2024 – 11/11/2024
2026-05-11 09:21:54,788 [GA-UCC-v2] INFO -   No results
2026-05-11 09:21:54,788 [GA-UCC-v2] INFO -   → 11/13/2023 – 05/13/2024
2026-05-11 09:21:56,391 [GA-UCC-v2] INFO -   No results
2026-05-11 09:21:56,392 [GA-UCC-v2] INFO -   → 05/15/2023 – 11/13/2023
2026-05-11 09:21:57,990 [GA-UCC-v2] INFO -   No results
2026-05-11 09:21:57,990 [GA-UCC-v2] INFO -   → 11/14/2022 – 05/15/2023
2026-05-11 09:21:59,593 [GA-UCC-v2] INFO -   No results
2026-05-11 09:21:59,593 [GA-UCC-v2] INFO -   → 05/16/2022 – 11/14/2022
2026-05-11 09:22:01,182 [GA-UCC-v2] INFO -   No results
2026-05-11 09:22:01,183 [GA-UCC-v2] INFO -   → 11/15/2021 – 05/16/2022
2026-05-11 09:22:02,780 [GA-UCC-v2] INFO -   No results
2026-05-11 09:22:02,780 [GA-UCC-v2] INFO -   → 05/17/2021 – 11/15/2021
2026-05-11 09:22:04,380 [GA-UCC-v2] INFO -   No results
2026-05-11 09:22:04,381 [GA-UCC-v2] INFO -   → 11/16/2020 – 05/17/2021
2026-05-11 09:22:06,065 [GA-UCC-v2] INFO -   No results
2026-05-11 09:22:06,065 [GA-UCC-v2] INFO -   → 05/18/2020 – 11/16/2020
2026-05-11 09:22:07,678 [GA-UCC-v2] INFO -   No results
2026-05-11 09:22:07,678 [GA-UCC-v2] INFO -   Lender total: 0 found, 0 new
2026-05-11 09:22:09,182 [GA-UCC-v2] INFO - 
────────────────────────────────────────────────────────────
2026-05-11 09:22:09,183 [GA-UCC-v2] INFO - 🔍 TOYOTA INDUSTRIES (HEAVY_EQUIP)
2026-05-11 09:22:09,183 [GA-UCC-v2] INFO -   → 11/10/2025 – 05/11/2026
2026-05-11 09:22:10,793 [GA-UCC-v2] INFO -   No results
2026-05-11 09:22:10,793 [GA-UCC-v2] INFO -   → 05/12/2025 – 11/10/2025
2026-05-11 09:22:12,388 [GA-UCC-v2] INFO -   No results
2026-05-11 09:22:12,389 [GA-UCC-v2] INFO -   → 11/11/2024 – 05/12/2025
2026-05-11 09:22:13,991 [GA-UCC-v2] INFO -   No results
2026-05-11 09:22:13,991 [GA-UCC-v2] INFO -   → 05/13/2024 – 11/11/2024
2026-05-11 09:22:15,592 [GA-UCC-v2] INFO -   No results
2026-05-11 09:22:15,593 [GA-UCC-v2] INFO -   → 11/13/2023 – 05/13/2024
2026-05-11 09:22:17,191 [GA-UCC-v2] INFO -   No results
2026-05-11 09:22:17,191 [GA-UCC-v2] INFO -   → 05/15/2023 – 11/13/2023
2026-05-11 09:22:18,838 [GA-UCC-v2] INFO -   No results
2026-05-11 09:22:18,838 [GA-UCC-v2] INFO -   → 11/14/2022 – 05/15/2023
2026-05-11 09:22:20,451 [GA-UCC-v2] INFO -   No results
2026-05-11 09:22:20,452 [GA-UCC-v2] INFO -   → 05/16/2022 – 11/14/2022
2026-05-11 09:22:22,049 [GA-UCC-v2] INFO -   No results
2026-05-11 09:22:22,049 [GA-UCC-v2] INFO -   → 11/15/2021 – 05/16/2022
2026-05-11 09:22:23,666 [GA-UCC-v2] INFO -   No results
2026-05-11 09:22:23,666 [GA-UCC-v2] INFO -   → 05/17/2021 – 11/15/2021
2026-05-11 09:22:25,266 [GA-UCC-v2] INFO -   No results
2026-05-11 09:22:25,266 [GA-UCC-v2] INFO -   → 11/16/2020 – 05/17/2021
2026-05-11 09:22:26,866 [GA-UCC-v2] INFO -   No results
2026-05-11 09:22:26,866 [GA-UCC-v2] INFO -   → 05/18/2020 – 11/16/2020
2026-05-11 09:22:28,474 [GA-UCC-v2] INFO -   No results
2026-05-11 09:22:28,474 [GA-UCC-v2] INFO -   Lender total: 0 found, 0 new
2026-05-11 09:22:29,983 [GA-UCC-v2] INFO - 
────────────────────────────────────────────────────────────
2026-05-11 09:22:29,983 [GA-UCC-v2] INFO - 🔍 LEAF COMMERCIAL CAPITAL (IT_CHANNEL)
2026-05-11 09:22:29,983 [GA-UCC-v2] INFO -   → 11/10/2025 – 05/11/2026
2026-05-11 09:22:31,585 [GA-UCC-v2] INFO -   No results
2026-05-11 09:22:31,585 [GA-UCC-v2] INFO -   → 05/12/2025 – 11/10/2025
2026-05-11 09:22:33,186 [GA-UCC-v2] INFO -   No results
2026-05-11 09:22:33,186 [GA-UCC-v2] INFO -   → 11/11/2024 – 05/12/2025
2026-05-11 09:22:34,779 [GA-UCC-v2] INFO -   No results
2026-05-11 09:22:34,779 [GA-UCC-v2] INFO -   → 05/13/2024 – 11/11/2024
2026-05-11 09:22:36,388 [GA-UCC-v2] INFO -   No results
2026-05-11 09:22:36,388 [GA-UCC-v2] INFO -   → 11/13/2023 – 05/13/2024
2026-05-11 09:22:38,001 [GA-UCC-v2] INFO -   No results
2026-05-11 09:22:38,001 [GA-UCC-v2] INFO -   → 05/15/2023 – 11/13/2023
2026-05-11 09:22:39,601 [GA-UCC-v2] INFO -   No results
2026-05-11 09:22:39,601 [GA-UCC-v2] INFO -   → 11/14/2022 – 05/15/2023
2026-05-11 09:22:41,201 [GA-UCC-v2] INFO -   No results
2026-05-11 09:22:41,201 [GA-UCC-v2] INFO -   → 05/16/2022 – 11/14/2022
2026-05-11 09:22:42,811 [GA-UCC-v2] INFO -   No results
2026-05-11 09:22:42,811 [GA-UCC-v2] INFO -   → 11/15/2021 – 05/16/2022
2026-05-11 09:22:44,418 [GA-UCC-v2] INFO -   No results
2026-05-11 09:22:44,418 [GA-UCC-v2] INFO -   → 05/17/2021 – 11/15/2021
2026-05-11 09:22:47,116 [GA-UCC-v2] INFO -   No results
2026-05-11 09:22:47,116 [GA-UCC-v2] INFO -   → 11/16/2020 – 05/17/2021
2026-05-11 09:22:48,756 [GA-UCC-v2] INFO -   No results
2026-05-11 09:22:48,756 [GA-UCC-v2] INFO -   → 05/18/2020 – 11/16/2020
2026-05-11 09:22:50,358 [GA-UCC-v2] INFO -   No results
2026-05-11 09:22:50,358 [GA-UCC-v2] INFO -   Lender total: 0 found, 0 new
2026-05-11 09:22:51,860 [GA-UCC-v2] INFO - 
============================================================
2026-05-11 09:22:51,860 [GA-UCC-v2] INFO - COMPLETE: 0 found, 0 new
2026-05-11 09:22:51,860 [GA-UCC-v2] INFO - ============================================================
