2026-04-27 18:35:47,339 [Hiring] INFO - Running hiring signal check on 300 leads
2026-04-27 18:35:47,339 [Hiring] INFO - [1/300] ACCELERATED AUTO SPECIALISTS INC (CO) — 0d
2026-04-27 18:35:56,102 [Hiring] INFO -   ⚪ Not actively hiring (for this company)
2026-04-27 18:35:59,197 [Hiring] INFO - [2/300] SPR GOLF, LLC (CT) — 0d
2026-04-27 18:36:08,572 [Hiring] INFO -   ⚪ Not actively hiring (for this company)
2026-04-27 18:36:10,783 [Hiring] INFO - [3/300] BUFFALO PEAKS B&B LLC (CO) — 1d
2026-04-27 18:36:20,250 [Hiring] INFO -   ⚪ Not actively hiring (for this company)
2026-04-27 18:36:22,454 [Hiring] INFO - [4/300] FENCE POST LLC (CO) — 1d
2026-04-27 18:36:30,940 [Hiring] INFO -   ⚪ Not actively hiring (for this company)
2026-04-27 18:36:33,960 [Hiring] INFO - [5/300] SPOKES INC (CO) — 1d
2026-04-27 18:36:41,908 [Hiring] INFO -   ⚪ Not actively hiring (for this company)
2026-04-27 18:36:44,884 [Hiring] INFO - [6/300] CME ASSOCIATES, INC. (CT) — 1d
2026-04-27 18:36:52,247 [Hiring] INFO -   ⚪ Not actively hiring (for this company)
2026-04-27 18:36:54,938 [Hiring] INFO - [7/300] C&M EXTERIOR RENOVATIONS LLC (CT) — 1d
2026-04-27 18:37:03,881 [Hiring] INFO -   ⚪ Not actively hiring (for this company)
2026-04-27 18:37:07,325 [Hiring] INFO - [8/300] FRANK BROTHERS PARTNERSHIP (CO) — 2d
2026-04-27 18:37:14,948 [Hiring] INFO -   ⚪ Not actively hiring (for this company)
2026-04-27 18:37:18,188 [Hiring] INFO - [9/300] SULLIVAN PAVING COMPANY, INC. (CT) — 2d
2026-04-27 18:37:27,382 [Hiring] INFO -   ⚪ Not actively hiring (for this company)
2026-04-27 18:37:30,239 [Hiring] INFO - [10/300] TOP LINE SERVICES LLC (CT) — 2d
2026-04-27 18:37:40,113 [Hiring] INFO -   ⚪ Not actively hiring (for this company)
2026-04-27 18:37:43,341 [Hiring] INFO - [11/300] CITY OF MIDDLETOWN (CT) — 2d
2026-04-27 18:37:52,677 [Hiring] INFO -   ⚪ Not actively hiring (for this company)
2026-04-27 18:37:54,679 [Hiring] INFO - [12/300] SOMERSET CAPITAL GROUP. LTD. (CT) — 2d
2026-04-27 18:38:03,771 [Hiring] INFO -   ⚪ Not actively hiring (for this company)
2026-04-27 18:38:06,584 [Hiring] INFO - [13/300] ALL PHASE ENTERPRISES, INC. (CT) — 2d
2026-04-27 18:38:15,720 [Hiring] INFO -   ⚪ Not actively hiring (for this company)
2026-04-27 18:38:18,250 [Hiring] INFO - [14/300] DURANT'S LLC (NY) — 2d
2026-04-27 18:38:26,398 [Hiring] INFO -   ⚪ Not actively hiring (for this company)
2026-04-27 18:38:28,991 [Hiring] INFO - [15/300] EPS TECHNOLOGY, INC. (MO) — 2d
2026-04-27 18:38:37,083 [Hiring] INFO -   ⚪ Not actively hiring (for this company)
2026-04-27 18:38:40,385 [Hiring] INFO - [16/300] CR SAYBROOK LIMITED PARTNERSHIP (CT) — 2d
2026-04-27 18:38:49,711 [Hiring] INFO -   ⚪ Not actively hiring (for this company)
2026-04-27 18:38:53,188 [Hiring] INFO - [17/300] CR SUMMER HILL LIMITED PARTNERSHIP (CT) — 2d
2026-04-27 18:39:01,366 [Hiring] INFO -   ⚪ Not actively hiring (for this company)
2026-04-27 18:39:04,585 [Hiring] INFO - [18/300] COASTLINE CONSTRUCTION CORP. (CT) — 2d
2026-04-27 18:39:13,527 [Hiring] INFO -   ⚪ Not actively hiring (for this company)
2026-04-27 18:39:15,983 [Hiring] INFO - [19/300] LOMBARDO ENTERPRISE, L.L.C. (CT) — 2d
2026-04-27 18:39:25,864 [Hiring] INFO -   ⚪ Not actively hiring (for this company)
2026-04-27 18:39:28,772 [Hiring] INFO - [20/300] SGS 196 TRUMBULL STREET HOLDINGS, LLC (CT) — 2d
2026-04-27 18:39:37,146 [Hiring] INFO -   ⚪ Not actively hiring (for this company)
2026-04-27 18:39:39,828 [Hiring] INFO - [21/300] JPEC PROPERTIES LLP (CT) — 2d
2026-04-27 18:39:48,415 [Hiring] INFO -   ⚪ Not actively hiring (for this company)
2026-04-27 18:39:51,293 [Hiring] INFO - [22/300] SGS 99 PRATT STREET HOLDINGS, LLC (CT) — 2d
2026-04-27 18:40:00,022 [Hiring] INFO -   ⚪ Not actively hiring (for this company)
2026-04-27 18:40:02,826 [Hiring] INFO - [23/300] SLR INTERNATIONAL CORPORATION (CT) — 2d
2026-04-27 18:40:11,254 [Hiring] INFO -   ⚪ Not actively hiring (for this company)
2026-04-27 18:40:13,604 [Hiring] INFO - [24/300] HUBBELL LIGHTING, INC. (SC) — 2d
2026-04-27 18:40:22,657 [Hiring] INFO -   ⚪ Not actively hiring (for this company)
2026-04-27 18:40:24,738 [Hiring] INFO - [25/300] LOMBARDO ENTERPRISE, L.L.C. (CT) — 2d
2026-04-27 18:40:33,450 [Hiring] INFO -   ⚪ Not actively hiring (for this company)
2026-04-27 18:40:36,413 [Hiring] INFO - [26/300] LLC (CT) — 3d
2026-04-27 18:40:41,752 [Hiring] INFO -   ⚪ Not actively hiring (for this company)
2026-04-27 18:40:43,952 [Hiring] INFO - [27/300] BRAVERMAN BRISTOL, LLC (CT) — 3d
2026-04-27 18:40:53,442 [Hiring] INFO -   ⚪ Not actively hiring (for this company)
2026-04-27 18:40:55,934 [Hiring] INFO - [28/300] THE LANE CONSTRUCTION CORPORATION (CT) — 3d
2026-04-27 18:41:04,310 [Hiring] INFO -   ⚪ Not actively hiring (for this company)
2026-04-27 18:41:07,212 [Hiring] INFO - [29/300] STANDING STONES LLC (CT) — 3d
2026-04-27 18:41:16,173 [Hiring] INFO -   ⚪ Not actively hiring (for this company)
2026-04-27 18:41:18,452 [Hiring] INFO - [30/300] CONNECTICUT CARPENTRY GROUP, LLC (CT) — 3d
2026-04-27 18:41:26,811 [Hiring] INFO -   ⚪ Not actively hiring (for this company)
2026-04-27 18:41:30,106 [Hiring] INFO - [31/300] LANDIVAR LANDSCAPING INC. (CT) — 3d
2026-04-27 18:41:39,505 [Hiring] INFO -   ⚪ Not actively hiring (for this company)
2026-04-27 18:41:42,024 [Hiring] INFO - [32/300] MICHAEL HAURY ENTERPRISES, LLC (CT) — 3d
2026-04-27 18:41:50,718 [Hiring] INFO -   ⚪ Not actively hiring (for this company)
2026-04-27 18:41:53,218 [Hiring] INFO - [33/300] TOWN OF FARMINGTON (CT) — 4d
2026-04-27 18:42:01,897 [Hiring] INFO -   ⚪ Not actively hiring (for this company)
2026-04-27 18:42:04,357 [Hiring] INFO - [34/300] SPICER PLUS, INC. (CT) — 4d
2026-04-27 18:42:14,252 [Hiring] INFO -   ⚪ Not actively hiring (for this company)
2026-04-27 18:42:17,242 [Hiring] INFO - [35/300] IN 2 BLUE DESIGN LLC (CT) — 4d
2026-04-27 18:42:25,545 [Hiring] INFO -   ⚪ Not actively hiring (for this company)
2026-04-27 18:42:28,820 [Hiring] INFO - [36/300] GAGNON ELECTRICAL CONTRACTING, LLC (CT) — 4d
2026-04-27 18:42:36,324 [Hiring] INFO -   ⚪ Not actively hiring (for this company)
2026-04-27 18:42:38,819 [Hiring] INFO - [37/300] MARK'S LANDSCAPING, LLC (CT) — 4d
2026-04-27 18:42:47,473 [Hiring] INFO -   ⚪ Not actively hiring (for this company)
2026-04-27 18:42:50,902 [Hiring] INFO - [38/300] ENVIRO CONSULTANTS AND RECYCLERS, INC. (CT) — 4d
2026-04-27 18:42:59,157 [Hiring] INFO -   ⚪ Not actively hiring (for this company)
2026-04-27 18:43:02,275 [Hiring] INFO - [39/300] MONGILLO CONSTRUCTION, LLC (CT) — 4d
2026-04-27 18:43:10,257 [Hiring] INFO -   ⚪ Not actively hiring (for this company)
2026-04-27 18:43:12,593 [Hiring] INFO - [40/300] POWERSCREEN CONNECTICUT INC. (CT) — 4d
2026-04-27 18:43:21,805 [Hiring] INFO -   ⚪ Not actively hiring (for this company)
2026-04-27 18:43:24,319 [Hiring] INFO - [41/300] BBR PROPERTIES LLC (CT) — 4d
2026-04-27 18:43:32,622 [Hiring] INFO -   ⚪ Not actively hiring (for this company)
2026-04-27 18:43:35,873 [Hiring] INFO - [42/300] LANDWORKS FENCE LLC (CT) — 4d
2026-04-27 18:43:45,688 [Hiring] INFO -   ⚪ Not actively hiring (for this company)
2026-04-27 18:43:49,186 [Hiring] INFO - [43/300] PREMIER PAIN CARE & WELLNESS INC. (CT) — 4d
2026-04-27 18:43:57,905 [Hiring] INFO -   ⚪ Not actively hiring (for this company)
2026-04-27 18:44:00,494 [Hiring] INFO - [44/300] LIFEBRIDGE COMMUNITY SERVICES, INC. (CT) — 4d
2026-04-27 18:44:09,445 [Hiring] INFO -   ⚪ Not actively hiring (for this company)
2026-04-27 18:44:11,739 [Hiring] INFO - [45/300] UNITED PETROLEUM LLC (CT) — 4d
2026-04-27 18:44:20,745 [Hiring] INFO -   ⚪ Not actively hiring (for this company)
2026-04-27 18:44:23,227 [Hiring] INFO - [46/300] BREWERY SQUARE LIMITED PARTNERSHIP (MA) — 5d
2026-04-27 18:44:32,184 [Hiring] INFO -   ⚪ Not actively hiring (for this company)
2026-04-27 18:44:35,119 [Hiring] INFO - [47/300] FLETCHER DEVELOPMENT LLC (CT) — 5d
2026-04-27 18:44:44,533 [Hiring] INFO -   ⚪ Not actively hiring (for this company)
2026-04-27 18:44:47,667 [Hiring] INFO - [48/300] PHELPSCAPE LLC (CT) — 5d
2026-04-27 18:44:56,326 [Hiring] INFO -   ⚪ Not actively hiring (for this company)
2026-04-27 18:44:58,890 [Hiring] INFO - [49/300] UNIVERSITY OF BRIDGEPORT (CT) — 5d
2026-04-27 18:45:07,879 [Hiring] INFO -   ⚪ Not actively hiring (for this company)
2026-04-27 18:45:10,794 [Hiring] INFO - [50/300] ABLE TOOL & EQUIPMENT, LLC (CT) — 5d
2026-04-27 18:45:19,423 [Hiring] INFO -   ⚪ Not actively hiring (for this company)
2026-04-27 18:45:22,063 [Hiring] INFO - [51/300] STARWOOD CAPITAL GROUP, L.L.C. (CT) — 5d
2026-04-27 18:45:32,159 [Hiring] INFO -   ⚪ Not actively hiring (for this company)
2026-04-27 18:45:34,969 [Hiring] INFO - [52/300] DURHAM PROPERTY SERVICES LLC (CT) — 5d
2026-04-27 18:45:43,059 [Hiring] INFO -   ⚪ Not actively hiring (for this company)
2026-04-27 18:45:45,591 [Hiring] INFO - [53/300] AAA RUTHER CONSTRUCTION (CO) — 6d
2026-04-27 18:45:53,386 [Hiring] INFO -   ⚪ Not actively hiring (for this company)
2026-04-27 18:45:56,850 [Hiring] INFO - [54/300] BROPHY, ALFRED E. (CO) — 6d
2026-04-27 18:46:04,947 [Hiring] INFO -   ⚪ Not actively hiring (for this company)
2026-04-27 18:46:07,725 [Hiring] INFO - [55/300] AAA RUTHER CONSTRUCTION (CO) — 6d
2026-04-27 18:46:16,245 [Hiring] INFO -   ⚪ Not actively hiring (for this company)
2026-04-27 18:46:18,635 [Hiring] INFO - [56/300] SLL ENGRAVING LLC (CT) — 6d
2026-04-27 18:46:28,553 [Hiring] INFO -   ⚪ Not actively hiring (for this company)
2026-04-27 18:46:31,816 [Hiring] INFO - [57/300] CENTER FOR HOLISTIC HEALTHCARE, PLLC (CT) — 6d
2026-04-27 18:46:39,409 [Hiring] INFO -   ⚪ Not actively hiring (for this company)
2026-04-27 18:46:41,889 [Hiring] INFO - [58/300] DJD MILFORD CAFE, LLC (CT) — 6d
2026-04-27 18:46:49,900 [Hiring] INFO -   ⚪ Not actively hiring (for this company)
2026-04-27 18:46:52,861 [Hiring] INFO - [59/300] GOAT IN BOOTS, LLC (CT) — 6d
2026-04-27 18:47:01,521 [Hiring] INFO -   ⚪ Not actively hiring (for this company)
2026-04-27 18:47:04,015 [Hiring] INFO - [60/300] ADVANCED TREE SOLUTIONS OF CONNECTICUT, LLC (CT) — 6d
2026-04-27 18:47:12,622 [Hiring] INFO -   ⚪ Not actively hiring (for this company)
2026-04-27 18:47:15,219 [Hiring] INFO - [61/300] BERGEVIN PRECISION LLC (CT) — 6d
2026-04-27 18:47:24,505 [Hiring] INFO -   ⚪ Not actively hiring (for this company)
2026-04-27 18:47:26,613 [Hiring] INFO - [62/300] P & H CONSTRUCTION AND SEPTIC SERVICE, LLC (CT) — 6d
2026-04-27 18:47:34,979 [Hiring] INFO -   ⚪ Not actively hiring (for this company)
2026-04-27 18:47:38,086 [Hiring] INFO - [63/300] SVL LLC (CT) — 6d
2026-04-27 18:47:45,329 [Hiring] INFO -   ⚪ Not actively hiring (for this company)
2026-04-27 18:47:47,438 [Hiring] INFO - [64/300] DARIEN LAWN & TREE CARE, INC. (CT) — 6d
2026-04-27 18:47:55,383 [Hiring] INFO -   ⚪ Not actively hiring (for this company)
2026-04-27 18:47:58,296 [Hiring] INFO - [65/300] RW REMODELING SERVICES, LLC (CT) — 6d
2026-04-27 18:48:06,320 [Hiring] INFO -   ⚪ Not actively hiring (for this company)
2026-04-27 18:48:08,832 [Hiring] INFO - [66/300] THE CENTER FOR GASTROINTESTINAL MEDICINE, P.C. (CT) — 7d
2026-04-27 18:48:17,827 [Hiring] INFO -   ⚪ Not actively hiring (for this company)
2026-04-27 18:48:20,268 [Hiring] INFO - [67/300] VIP ON 6 LLC (CT) — 7d
2026-04-27 18:48:27,503 [Hiring] INFO -   ⚪ Not actively hiring (for this company)
2026-04-27 18:48:30,681 [Hiring] INFO - [68/300] ROYAL ELECTRICAL SERVICES, INC. (CO) — 8d
2026-04-27 18:48:39,456 [Hiring] INFO -   ⚪ Not actively hiring (for this company)
2026-04-27 18:48:42,455 [Hiring] INFO - [69/300] AJ WASTE SYSTEMS, LLC (CT) — 8d
2026-04-27 18:48:52,347 [Hiring] INFO -   ⚪ Not actively hiring (for this company)
2026-04-27 18:48:55,791 [Hiring] INFO - [70/300] CAMM METALS, INC. (CT) — 8d
2026-04-27 18:49:04,258 [Hiring] INFO -   ⚪ Not actively hiring (for this company)
2026-04-27 18:49:06,830 [Hiring] INFO - [71/300] LOMBARDO ENTERPRISE, L.L.C. (CT) — 9d
2026-04-27 18:49:14,834 [Hiring] INFO -   ⚪ Not actively hiring (for this company)
2026-04-27 18:49:17,547 [Hiring] INFO - [72/300] RICHARD MARK STEVENS (CT) — 9d
2026-04-27 18:49:26,586 [Hiring] INFO -   ⚪ Not actively hiring (for this company)
2026-04-27 18:49:29,120 [Hiring] INFO - [73/300] THE CHARLES J. ANGELO MANUFACTURING GROUP, LLC (CT) — 9d
2026-04-27 18:49:37,201 [Hiring] INFO -   ⚪ Not actively hiring (for this company)
2026-04-27 18:49:40,115 [Hiring] INFO - [74/300] AFFINITY BEVERAGES, INC. (CT) — 9d
2026-04-27 18:49:47,280 [Hiring] INFO -   ⚪ Not actively hiring (for this company)
2026-04-27 18:49:49,823 [Hiring] INFO - [75/300] CAPASSO LANDSCAPING, LLC (CT) — 9d
2026-04-27 18:49:58,702 [Hiring] INFO -   ⚪ Not actively hiring (for this company)
2026-04-27 18:50:02,022 [Hiring] INFO - [76/300] STELRAY PLASTIC PRODUCTS, INCORPORATED (CT) — 9d
2026-04-27 18:50:10,547 [Hiring] INFO -   ⚪ Not actively hiring (for this company)
2026-04-27 18:50:13,159 [Hiring] INFO - [77/300] NEXUS GOLF, LLC (CT) — 9d
2026-04-27 18:50:21,663 [Hiring] INFO -   ⚪ Not actively hiring (for this company)
2026-04-27 18:50:24,549 [Hiring] INFO - [78/300] B AND B TRANSPORTATION, INC. (CT) — 9d
2026-04-27 18:50:34,279 [Hiring] INFO -   ⚪ Not actively hiring (for this company)
2026-04-27 18:50:37,272 [Hiring] INFO - [79/300] SQUIRREL ENTERPRISES, INC. (CT) — 9d
2026-04-27 18:50:45,820 [Hiring] INFO -   ⚪ Not actively hiring (for this company)
2026-04-27 18:50:48,695 [Hiring] INFO - [80/300] LIBERTY AUTO AND ELECTRIC COMPANY THE (CT) — 9d
2026-04-27 18:50:57,553 [Hiring] INFO -   ⚪ Not actively hiring (for this company)
2026-04-27 18:51:00,428 [Hiring] INFO - [81/300] TODDS TREE SERVICE LLC (CT) — 9d
2026-04-27 18:51:09,099 [Hiring] INFO -   ⚪ Not actively hiring (for this company)
2026-04-27 18:51:11,468 [Hiring] INFO - [82/300] FC DEVELOPMENT, CORP. (CT) — 9d
2026-04-27 18:51:20,937 [Hiring] INFO -   ⚪ Not actively hiring (for this company)
2026-04-27 18:51:23,991 [Hiring] INFO - [83/300] MCVAC ENVIRONMENTAL SERVICES, INC. (CT) — 9d
2026-04-27 18:51:32,114 [Hiring] INFO -   ⚪ Not actively hiring (for this company)
2026-04-27 18:51:34,134 [Hiring] INFO - [84/300] COLGLAZIER LIVESTOCK, INC. (CO) — 10d
2026-04-27 18:51:42,886 [Hiring] INFO -   ⚪ Not actively hiring (for this company)
2026-04-27 18:51:45,402 [Hiring] INFO - [85/300] SAFETYGEAR CORPORATION (CO) — 10d
2026-04-27 18:51:54,220 [Hiring] INFO -   ⚪ Not actively hiring (for this company)
2026-04-27 18:51:57,591 [Hiring] INFO - [86/300] AXIS ELECTRICAL SERVICES LLC (CO) — 10d
2026-04-27 18:52:06,043 [Hiring] INFO -   ⚪ Not actively hiring (for this company)
2026-04-27 18:52:09,220 [Hiring] INFO - [87/300] EML MASONRY & LANDSCAPING SERVICES LLC (CT) — 10d
2026-04-27 18:52:17,407 [Hiring] INFO -   ⚪ Not actively hiring (for this company)
2026-04-27 18:52:20,905 [Hiring] INFO - [88/300] NELSON'S AUTOMOTIVE SERVICE CENTER, LLC (CT) — 10d
2026-04-27 18:52:31,309 [Hiring] INFO -   ⚪ Not actively hiring (for this company)
2026-04-27 18:52:33,889 [Hiring] INFO - [89/300] INLINE PLASTICS CORP. (CT) — 10d
2026-04-27 18:52:42,236 [Hiring] INFO -   ⚪ Not actively hiring (for this company)
2026-04-27 18:52:44,515 [Hiring] INFO - [90/300] POWERSCREEN CONNECTICUT INC. (CT) — 10d
2026-04-27 18:52:54,412 [Hiring] INFO -   ⚪ Not actively hiring (for this company)
2026-04-27 18:52:57,076 [Hiring] INFO - [91/300] FOX INSTITUTE OF BUSINESS, INC. (NJ) — 10d
2026-04-27 18:53:06,166 [Hiring] INFO -   ⚪ Not actively hiring (for this company)
2026-04-27 18:53:08,474 [Hiring] INFO - [92/300] RT. 44 AUTO SALES AND REPAIRS, LLC (CT) — 10d
2026-04-27 18:53:16,181 [Hiring] INFO -   ⚪ Not actively hiring (for this company)
2026-04-27 18:53:18,539 [Hiring] INFO - [93/300] J.C.S. CONSTRUCTION, LLC (CT) — 10d
2026-04-27 18:53:26,201 [Hiring] INFO -   ⚪ Not actively hiring (for this company)
2026-04-27 18:53:29,149 [Hiring] INFO - [94/300] DARIEN LAWN & TREE CARE, INC. (CT) — 10d
2026-04-27 18:53:38,287 [Hiring] INFO -   ⚪ Not actively hiring (for this company)
2026-04-27 18:53:40,381 [Hiring] INFO - [95/300] RT. 44 AUTO SALES AND REPAIR, LLC (CT) — 10d
2026-04-27 18:53:49,651 [Hiring] INFO -   ⚪ Not actively hiring (for this company)
2026-04-27 18:53:53,033 [Hiring] INFO - [96/300] ABLE TOOL & EQUIPMENT, LLC (CT) — 10d
2026-04-27 18:54:01,485 [Hiring] INFO -   ⚪ Not actively hiring (for this company)
2026-04-27 18:54:04,749 [Hiring] INFO - [97/300] RAGOZZINO FOODS, INC. (CT) — 10d
2026-04-27 18:54:13,985 [Hiring] INFO -   ⚪ Not actively hiring (for this company)
2026-04-27 18:54:17,202 [Hiring] INFO - [98/300] TALLWOOD COUNTRY CLUB (CT) — 10d
2026-04-27 18:54:24,997 [Hiring] INFO -   ⚪ Not actively hiring (for this company)
2026-04-27 18:54:27,034 [Hiring] INFO - [99/300] BLOCK 235 DEVELOPMENT ASSOCIATES, LLC (CT) — 11d
2026-04-27 18:54:35,528 [Hiring] INFO -   ⚪ Not actively hiring (for this company)
2026-04-27 18:54:38,121 [Hiring] INFO - [100/300] MEAT KING LLC (NH) — 11d
2026-04-27 18:54:47,193 [Hiring] INFO -   ⚪ Not actively hiring (for this company)
2026-04-27 18:54:50,565 [Hiring] INFO - [101/300] AMEC REFUSE, LLC (CT) — 11d
2026-04-27 18:55:00,923 [Hiring] INFO -   ⚪ Not actively hiring (for this company)
2026-04-27 18:55:04,184 [Hiring] INFO - [102/300] STONINGTON MARINE TRANSPORT, LLC (CT) — 11d
2026-04-27 18:55:13,021 [Hiring] INFO -   ⚪ Not actively hiring (for this company)
2026-04-27 18:55:15,719 [Hiring] INFO - [103/300] CREATIVE EXTERIORS, LLC (CT) — 11d
2026-04-27 18:55:24,500 [Hiring] INFO -   ⚪ Not actively hiring (for this company)
2026-04-27 18:55:26,787 [Hiring] INFO - [104/300] CONNECTICUT PIE INC. (MA) — 11d
2026-04-27 18:55:35,608 [Hiring] INFO -   ⚪ Not actively hiring (for this company)
2026-04-27 18:55:37,768 [Hiring] INFO - [105/300] NATIONAL CHURCH RESIDENCES OF STAMFORD, CT., INC. (OH) — 11d
2026-04-27 18:55:47,211 [Hiring] INFO -   ⚪ Not actively hiring (for this company)
2026-04-27 18:55:49,395 [Hiring] INFO - [106/300] HARTFORD PRESS, INC. THE (CT) — 11d
2026-04-27 18:55:57,263 [Hiring] INFO -   ⚪ Not actively hiring (for this company)
2026-04-27 18:55:59,586 [Hiring] INFO - [107/300] PHARMSCRIPT OF CT LLC (NJ) — 11d
2026-04-27 18:56:07,729 [Hiring] INFO -   ⚪ Not actively hiring (for this company)
2026-04-27 18:56:10,801 [Hiring] INFO - [108/300] THE LANE CONSTRUCTION CORPORATION (WA) — 12d
2026-04-27 18:56:18,318 [Hiring] INFO -   ⚪ Not actively hiring (for this company)
2026-04-27 18:56:21,592 [Hiring] INFO - [109/300] SUNWEALTH PROJECT POOL 14 LLC (MA) — 12d
2026-04-27 18:56:30,312 [Hiring] INFO -   ⚪ Not actively hiring (for this company)
2026-04-27 18:56:32,523 [Hiring] INFO - [110/300] THE WINTON BUILDING LLC (CT) — 12d
2026-04-27 18:56:40,721 [Hiring] INFO -   ⚪ Not actively hiring (for this company)
2026-04-27 18:56:43,215 [Hiring] INFO - [111/300] CONNECTICUT GOLF CLUB, INCORPORATED THE (CT) — 12d
2026-04-27 18:56:51,467 [Hiring] INFO -   ⚪ Not actively hiring (for this company)
2026-04-27 18:56:54,451 [Hiring] INFO - [112/300] AMEC CARTING, LLC (CT) — 12d
2026-04-27 18:57:02,243 [Hiring] INFO -   ⚪ Not actively hiring (for this company)
2026-04-27 18:57:04,758 [Hiring] INFO - [113/300] JM TIROLLO INC (CT) — 12d
2026-04-27 18:57:13,426 [Hiring] INFO -   ⚪ Not actively hiring (for this company)
2026-04-27 18:57:15,557 [Hiring] INFO - [114/300] TSMINOR ENTERPRISES LLC (CT) — 12d
2026-04-27 18:57:24,141 [Hiring] INFO -   ⚪ Not actively hiring (for this company)
2026-04-27 18:57:26,356 [Hiring] INFO - [115/300] EAST COAST PRECISION MANUFACTURING, LLC (CT) — 12d
2026-04-27 18:57:35,062 [Hiring] INFO -   ⚪ Not actively hiring (for this company)
2026-04-27 18:57:38,510 [Hiring] INFO - [116/300] RCL THOMPSON LLC (CT) — 12d
2026-04-27 18:57:47,750 [Hiring] INFO -   ⚪ Not actively hiring (for this company)
2026-04-27 18:57:50,964 [Hiring] INFO - [117/300] KELLER BROTHERS TREE CARE, LLC (CT) — 12d
2026-04-27 18:57:59,709 [Hiring] INFO -   ⚪ Not actively hiring (for this company)
2026-04-27 18:58:03,146 [Hiring] INFO - [118/300] INCORPORATED INDUSTRIES, LLC (CT) — 12d
2026-04-27 18:58:13,136 [Hiring] INFO -   ⚪ Not actively hiring (for this company)
2026-04-27 18:58:16,282 [Hiring] INFO - [119/300] RICHARDS CORPORATION (CT) — 13d
2026-04-27 18:58:25,715 [Hiring] INFO -   ⚪ Not actively hiring (for this company)
2026-04-27 18:58:28,074 [Hiring] INFO - [120/300] NEW YORK VASCULAR GROUP, PLLC (NY) — 13d
2026-04-27 18:58:37,737 [Hiring] INFO -   ⚪ Not actively hiring (for this company)
2026-04-27 18:58:39,972 [Hiring] INFO - [121/300] BEGLEY LANDSCAPING, INC. (CT) — 13d
2026-04-27 18:58:49,149 [Hiring] INFO -   ⚪ Not actively hiring (for this company)
2026-04-27 18:58:51,647 [Hiring] INFO - [122/300] TOWN OF SOUTH WINDSOR (CT) — 13d
2026-04-27 18:58:59,630 [Hiring] INFO -   ⚪ Not actively hiring (for this company)
2026-04-27 18:59:01,717 [Hiring] INFO - [123/300] CITY OF DANBURY, CT (CT) — 15d
2026-04-27 18:59:10,175 [Hiring] INFO -   ⚪ Not actively hiring (for this company)
2026-04-27 18:59:12,945 [Hiring] INFO - [124/300] CLIMATE ENGINEERING TRUCK & TRAILER REFRIGERATION, INC. (MA) — 15d
2026-04-27 18:59:22,066 [Hiring] INFO -   ⚪ Not actively hiring (for this company)
2026-04-27 18:59:24,737 [Hiring] INFO - [125/300] ROBINSON & COLE LLP (CT) — 15d
2026-04-27 18:59:33,964 [Hiring] INFO -   ⚪ Not actively hiring (for this company)
2026-04-27 18:59:36,341 [Hiring] INFO - [126/300] SOMERSET CAPITAL GROUP, LTD. (CT) — 16d
2026-04-27 18:59:44,929 [Hiring] INFO -   ⚪ Not actively hiring (for this company)
2026-04-27 18:59:47,405 [Hiring] INFO - [127/300] M AND E TRANSPORTATION, LLC (CT) — 16d
2026-04-27 18:59:57,396 [Hiring] INFO -   ⚪ Not actively hiring (for this company)
2026-04-27 19:00:00,527 [Hiring] INFO - [128/300] ACHIEVEMENT FIRST, LLC (CT) — 16d
2026-04-27 19:00:09,591 [Hiring] INFO -   ⚪ Not actively hiring (for this company)
2026-04-27 19:00:11,619 [Hiring] INFO - [129/300] HUBBELL INCORPORATED (CT) — 16d
2026-04-27 19:00:19,128 [Hiring] INFO -   ⚪ Not actively hiring (for this company)
2026-04-27 19:00:21,673 [Hiring] INFO - [130/300] BROOKFIELD INDUSTRIES, INC. (CT) — 16d
2026-04-27 19:00:31,019 [Hiring] INFO -   ⚪ Not actively hiring (for this company)
2026-04-27 19:00:33,323 [Hiring] INFO - [131/300] STRATEGIC COMMERCIAL REALTY, INC. (CT) — 16d
2026-04-27 19:00:41,118 [Hiring] INFO -   ⚪ Not actively hiring (for this company)
2026-04-27 19:00:44,540 [Hiring] INFO - [132/300] BRUCE PARK EMBROIDERY, LLC (CT) — 16d
2026-04-27 19:00:52,925 [Hiring] INFO -   ⚪ Not actively hiring (for this company)
2026-04-27 19:00:55,249 [Hiring] INFO - [133/300] SQUIRREL ENTERPRISES, INC. (CT) — 16d
2026-04-27 19:01:04,764 [Hiring] INFO -   ⚪ Not actively hiring (for this company)
2026-04-27 19:01:07,827 [Hiring] INFO - [134/300] TOMZ CORPORATION (CT) — 16d
2026-04-27 19:01:17,348 [Hiring] INFO -   ⚪ Not actively hiring (for this company)
2026-04-27 19:01:20,027 [Hiring] INFO - [135/300] PRIME ENERGY, LLC (CT) — 16d
2026-04-27 19:01:29,376 [Hiring] INFO -   ⚪ Not actively hiring (for this company)
2026-04-27 19:01:32,319 [Hiring] INFO - [136/300] SMITTY'S TRUCKING, LLC (CT) — 16d
2026-04-27 19:01:41,554 [Hiring] INFO -   ⚪ Not actively hiring (for this company)
2026-04-27 19:01:44,588 [Hiring] INFO - [137/300] CATO CORNER FARM, LLC (CT) — 16d
2026-04-27 19:01:53,347 [Hiring] INFO -   ⚪ Not actively hiring (for this company)
2026-04-27 19:01:55,721 [Hiring] INFO - [138/300] SPACE OPTIMIZATION SOLUTIONS LLC (CT) — 16d
2026-04-27 19:02:04,268 [Hiring] INFO -   ⚪ Not actively hiring (for this company)
2026-04-27 19:02:06,875 [Hiring] INFO - [139/300] SOMERSET CAPITAL GROUP, LTD. (CT) — 16d
2026-04-27 19:02:15,599 [Hiring] INFO -   ⚪ Not actively hiring (for this company)
2026-04-27 19:02:19,004 [Hiring] INFO - [140/300] NEW DAY REFUSE AND RECYCLING LLC (CT) — 16d
2026-04-27 19:02:27,578 [Hiring] INFO -   ⚪ Not actively hiring (for this company)
2026-04-27 19:02:30,817 [Hiring] INFO - [141/300] PIERCE BUILDERS, INC. (CT) — 16d
2026-04-27 19:02:39,743 [Hiring] INFO -   ⚪ Not actively hiring (for this company)
2026-04-27 19:02:42,095 [Hiring] INFO - [142/300] O&C ENTERPRISES LLC (CT) — 16d
2026-04-27 19:02:50,960 [Hiring] INFO -   ⚪ Not actively hiring (for this company)
2026-04-27 19:02:54,158 [Hiring] INFO - [143/300] H & H HOLDINGS, LLC (CT) — 16d
2026-04-27 19:03:02,829 [Hiring] INFO -   ⚪ Not actively hiring (for this company)
2026-04-27 19:03:05,963 [Hiring] INFO - [144/300] GRANBY DENTAL CENTER LLC (CT) — 16d
2026-04-27 19:03:14,380 [Hiring] INFO -   ⚪ Not actively hiring (for this company)
2026-04-27 19:03:17,506 [Hiring] INFO - [145/300] WASHINGTON BUILDERS LLC (CT) — 16d
2026-04-27 19:03:25,988 [Hiring] INFO -   ⚪ Not actively hiring (for this company)
2026-04-27 19:03:29,089 [Hiring] INFO - [146/300] BAJA ZEN LLC (CT) — 16d
2026-04-27 19:03:37,735 [Hiring] INFO -   ⚪ Not actively hiring (for this company)
2026-04-27 19:03:41,054 [Hiring] INFO - [147/300] HOBSON ASSOCIATES (CT) — 16d
2026-04-27 19:03:49,606 [Hiring] INFO -   ⚪ Not actively hiring (for this company)
2026-04-27 19:03:52,371 [Hiring] INFO - [148/300] STRATEGIC COMMERCIAL REALTY, INC. (CT) — 16d
2026-04-27 19:04:01,402 [Hiring] INFO -   ⚪ Not actively hiring (for this company)
2026-04-27 19:04:03,850 [Hiring] INFO - [149/300] SCG CAPITAL CORPORATION (CT) — 16d
2026-04-27 19:04:11,630 [Hiring] INFO -   ⚪ Not actively hiring (for this company)
2026-04-27 19:04:15,033 [Hiring] INFO - [150/300] MOTHER LAND MARKET, LLC (CT) — 16d
2026-04-27 19:04:24,410 [Hiring] INFO -   ⚪ Not actively hiring (for this company)
2026-04-27 19:04:27,635 [Hiring] INFO - [151/300] RAY BROTHERS CONSTRUCTION LLC (CT) — 16d
2026-04-27 19:04:35,327 [Hiring] INFO -   ⚪ Not actively hiring (for this company)
2026-04-27 19:04:38,356 [Hiring] INFO - [152/300] PUTNAM LEASING COMPANY I, LLC (CT) — 17d
2026-04-27 19:04:46,642 [Hiring] INFO -   ⚪ Not actively hiring (for this company)
2026-04-27 19:04:49,899 [Hiring] INFO - [153/300] PUTNAM LEASING COMPANY I, LLC (CT) — 17d
2026-04-27 19:04:57,571 [Hiring] INFO -   ⚪ Not actively hiring (for this company)
2026-04-27 19:04:59,755 [Hiring] INFO - [154/300] SKUNGAMAUG CLUBS, INC (CT) — 17d
2026-04-27 19:05:08,206 [Hiring] INFO -   ⚪ Not actively hiring (for this company)
2026-04-27 19:05:11,164 [Hiring] INFO - [155/300] GUILTEC DEVELOPMENT, LLC (CT) — 17d
2026-04-27 19:05:20,685 [Hiring] INFO -   ⚪ Not actively hiring (for this company)
2026-04-27 19:05:22,712 [Hiring] INFO - [156/300] DARCARS OF RAILROAD AVENUE, INC. (CT) — 17d
2026-04-27 19:05:31,506 [Hiring] INFO -   ⚪ Not actively hiring (for this company)
2026-04-27 19:05:34,340 [Hiring] INFO - [157/300] SUPERIOR, INC. (CT) — 17d
2026-04-27 19:05:42,894 [Hiring] INFO -   ⚪ Not actively hiring (for this company)
2026-04-27 19:05:45,275 [Hiring] INFO - [158/300] ALLIANCE STAFFING OF CT, LLC (CT) — 17d
2026-04-27 19:05:54,615 [Hiring] INFO -   ⚪ Not actively hiring (for this company)
2026-04-27 19:05:57,894 [Hiring] INFO - [159/300] PUTNAM LEASING COMPANY I, LLC (CT) — 17d
2026-04-27 19:06:06,087 [Hiring] INFO -   ⚪ Not actively hiring (for this company)
2026-04-27 19:06:08,109 [Hiring] INFO - [160/300] CEDAR RIDGE CONSTRUCTION, LLC (CT) — 17d
2026-04-27 19:06:16,621 [Hiring] INFO -   ⚪ Not actively hiring (for this company)
2026-04-27 19:06:19,080 [Hiring] INFO - [161/300] DARCARS OF RAILROAD AVENUE, INC. (CT) — 17d
2026-04-27 19:06:27,810 [Hiring] INFO -   ⚪ Not actively hiring (for this company)
2026-04-27 19:06:30,106 [Hiring] INFO - [162/300] W.M. DAVIS CONSTRUCTION, LLC (CO) — 18d
2026-04-27 19:06:38,443 [Hiring] INFO -   ⚪ Not actively hiring (for this company)
2026-04-27 19:06:41,294 [Hiring] INFO - [163/300] AREA COOPERATIVE EDUCATIONAL SERVICES CORPORATION (CT) — 18d
2026-04-27 19:06:50,247 [Hiring] INFO -   ⚪ Not actively hiring (for this company)
2026-04-27 19:06:52,746 [Hiring] INFO - [164/300] ASPETUCK TREE & LANDSCAPE, LLC (CT) — 18d
2026-04-27 19:07:02,252 [Hiring] INFO -   ⚪ Not actively hiring (for this company)
2026-04-27 19:07:04,319 [Hiring] INFO - [165/300] SHADMIT, LLC (CT) — 18d
2026-04-27 19:07:14,039 [Hiring] INFO -   ⚪ Not actively hiring (for this company)
2026-04-27 19:07:16,771 [Hiring] INFO - [166/300] CMMD, LLC (CT) — 18d
2026-04-27 19:07:25,443 [Hiring] INFO -   ⚪ Not actively hiring (for this company)
2026-04-27 19:07:27,558 [Hiring] INFO - [167/300] OCEAN 90 DELAWARE LLC (CT) — 18d
2026-04-27 19:07:35,472 [Hiring] INFO -   ⚪ Not actively hiring (for this company)
2026-04-27 19:07:37,745 [Hiring] INFO - [168/300] FLEXO CONVERTERS MERIDEN, INC. (CT) — 18d
2026-04-27 19:07:47,181 [Hiring] INFO -   ⚪ Not actively hiring (for this company)
2026-04-27 19:07:50,063 [Hiring] INFO - [169/300] BOZZUTO ASSOCIATES, INC. (CT) — 18d
2026-04-27 19:07:59,753 [Hiring] INFO -   ⚪ Not actively hiring (for this company)
2026-04-27 19:08:02,917 [Hiring] INFO - [170/300] ALCAIDE, INC. (CT) — 18d
2026-04-27 19:08:11,857 [Hiring] INFO -   ⚪ Not actively hiring (for this company)
2026-04-27 19:08:14,089 [Hiring] INFO - [171/300] MED-CAIRE, INC. (CT) — 18d
2026-04-27 19:08:22,729 [Hiring] INFO -   ⚪ Not actively hiring (for this company)
2026-04-27 19:08:24,858 [Hiring] INFO - [172/300] EASTERN TRANSFER STATION LLC (CT) — 18d
2026-04-27 19:08:32,311 [Hiring] INFO -   ⚪ Not actively hiring (for this company)
2026-04-27 19:08:35,014 [Hiring] INFO - [173/300] DISTINCTIVE GARDENS & TREE CARE LLC (CT) — 18d
2026-04-27 19:08:44,299 [Hiring] INFO -   ⚪ Not actively hiring (for this company)
2026-04-27 19:08:46,967 [Hiring] INFO - [174/300] BUDGET TREE AND STUMP REMOVAL LLC (CT) — 18d
2026-04-27 19:08:54,854 [Hiring] INFO -   ⚪ Not actively hiring (for this company)
2026-04-27 19:08:56,968 [Hiring] INFO - [175/300] MICHAEL'S ONE STOP VARIETY STORE, LLC (CT) — 18d
2026-04-27 19:09:05,355 [Hiring] INFO -   ⚪ Not actively hiring (for this company)
2026-04-27 19:09:08,843 [Hiring] INFO - [176/300] CENTRAL CONNECTICUT RESOURCE RECOVERY, LLC (CT) — 18d
2026-04-27 19:09:17,744 [Hiring] INFO -   ⚪ Not actively hiring (for this company)
2026-04-27 19:09:20,477 [Hiring] INFO - [177/300] ELITE EQUITY REALTY LLC (CT) — 18d
2026-04-27 19:09:28,362 [Hiring] INFO -   ⚪ Not actively hiring (for this company)
2026-04-27 19:09:30,797 [Hiring] INFO - [178/300] CIGNA HEALTH AND LIFE INSURANCE COMPANY (CT) — 18d
2026-04-27 19:09:38,517 [Hiring] INFO -   ⚪ Not actively hiring (for this company)
2026-04-27 19:09:41,215 [Hiring] INFO - [179/300] CLEAN CUT LANDSCAPING, L.L.C. (CT) — 18d
2026-04-27 19:09:50,354 [Hiring] INFO -   ⚪ Not actively hiring (for this company)
2026-04-27 19:09:53,168 [Hiring] INFO - [180/300] TAUCHE CAPITAL, LLC (CT) — 18d
2026-04-27 19:10:02,461 [Hiring] INFO -   ⚪ Not actively hiring (for this company)
2026-04-27 19:10:04,673 [Hiring] INFO - [181/300] MANCINI REALTY LLC (CT) — 18d
2026-04-27 19:10:12,397 [Hiring] INFO -   ⚪ Not actively hiring (for this company)
2026-04-27 19:10:15,642 [Hiring] INFO - [182/300] FERRARILAWN & LANDSCAPE, LLC (CT) — 18d
2026-04-27 19:10:23,736 [Hiring] INFO -   ⚪ Not actively hiring (for this company)
2026-04-27 19:10:26,928 [Hiring] INFO - [183/300] NUMBERS LOGISTICS LTD LIABILITY CO (CT) — 18d
2026-04-27 19:10:36,095 [Hiring] INFO -   ⚪ Not actively hiring (for this company)
2026-04-27 19:10:39,068 [Hiring] INFO - [184/300] QUALEY LANDSCAPE AND TREE SERVICE INC. (CT) — 18d
2026-04-27 19:10:48,221 [Hiring] INFO -   ⚪ Not actively hiring (for this company)
2026-04-27 19:10:51,603 [Hiring] INFO - [185/300] "BIG ONE TRANSPORTATION LLC" (CT) — 18d
2026-04-27 19:10:59,593 [Hiring] INFO -   ⚪ Not actively hiring (for this company)
2026-04-27 19:11:03,016 [Hiring] INFO - [186/300] HARKENS GARDEN CENTER & LANDSCAPE SUPPLY, LLC (CT) — 18d
2026-04-27 19:11:11,938 [Hiring] INFO -   ⚪ Not actively hiring (for this company)
2026-04-27 19:11:14,823 [Hiring] INFO - [187/300] SCG CAPITAL CORPORATION (CT) — 18d
2026-04-27 19:11:22,975 [Hiring] INFO -   ⚪ Not actively hiring (for this company)
2026-04-27 19:11:25,573 [Hiring] INFO - [188/300] HQ DUMPSTERS & RECYCLING, LLC (CT) — 18d
2026-04-27 19:11:34,552 [Hiring] INFO -   ⚪ Not actively hiring (for this company)
2026-04-27 19:11:37,317 [Hiring] INFO - [189/300] PARKER KIPP A (CO) — 19d
2026-04-27 19:11:45,673 [Hiring] INFO -   ⚪ Not actively hiring (for this company)
2026-04-27 19:11:48,946 [Hiring] INFO - [190/300] CENTRAL PROPERTY SERVICES, LLC (CT) — 19d
2026-04-27 19:11:57,827 [Hiring] INFO -   ⚪ Not actively hiring (for this company)
2026-04-27 19:12:00,876 [Hiring] INFO - [191/300] DREW MARINE USA, INC (CT) — 19d
2026-04-27 19:12:09,464 [Hiring] INFO -   ⚪ Not actively hiring (for this company)
2026-04-27 19:12:12,797 [Hiring] INFO - [192/300] A.R.M.E.S. FARM, LLC (CT) — 19d
2026-04-27 19:12:21,250 [Hiring] INFO -   ⚪ Not actively hiring (for this company)
2026-04-27 19:12:24,466 [Hiring] INFO - [193/300] MOORE TOOL COMPANY, INC. (CT) — 19d
2026-04-27 19:12:33,288 [Hiring] INFO -   ⚪ Not actively hiring (for this company)
2026-04-27 19:12:35,370 [Hiring] INFO - [194/300] GUILIN CONSTRUCTION LLC (CT) — 20d
2026-04-27 19:12:44,609 [Hiring] INFO -   ⚪ Not actively hiring (for this company)
2026-04-27 19:12:48,061 [Hiring] INFO - [195/300] PUTNAM LEASING COMPANY I, LLC (CT) — 20d
2026-04-27 19:12:56,128 [Hiring] INFO -   ⚪ Not actively hiring (for this company)
2026-04-27 19:12:59,280 [Hiring] INFO - [196/300] ATLAS RESIDENTIAL AND COMMERCIAL SERVICES, LLC (CT) — 20d
2026-04-27 19:13:07,100 [Hiring] INFO -   ⚪ Not actively hiring (for this company)
2026-04-27 19:13:10,196 [Hiring] INFO - [197/300] POWERSCREEN CONNECTICUT INC. (CT) — 20d
2026-04-27 19:13:18,239 [Hiring] INFO -   ⚪ Not actively hiring (for this company)
2026-04-27 19:13:21,601 [Hiring] INFO - [198/300] URGENT CARE MEDICAL ASSOCIATES, LLC (CT) — 20d
2026-04-27 19:13:30,689 [Hiring] INFO -   ⚪ Not actively hiring (for this company)
2026-04-27 19:13:34,054 [Hiring] INFO - [199/300] PINEWOOD LANDSCAPING LLC (CT) — 20d
2026-04-27 19:13:42,913 [Hiring] INFO -   ⚪ Not actively hiring (for this company)
2026-04-27 19:13:45,742 [Hiring] INFO - [200/300] CHERENZIA EXCAVATING INC (CT) — 20d
2026-04-27 19:13:55,389 [Hiring] INFO -   ⚪ Not actively hiring (for this company)
2026-04-27 19:13:58,400 [Hiring] INFO - [201/300] ELM CITY WRECKING, INC. (CT) — 20d
2026-04-27 19:14:07,387 [Hiring] INFO -   ⚪ Not actively hiring (for this company)
2026-04-27 19:14:09,950 [Hiring] INFO - [202/300] PERCO, INC. (CT) — 20d
2026-04-27 19:14:18,626 [Hiring] INFO -   ⚪ Not actively hiring (for this company)
2026-04-27 19:14:21,146 [Hiring] INFO - [203/300] ALL STAR FUELS LLC (CT) — 20d
2026-04-27 19:14:30,625 [Hiring] INFO -   ⚪ Not actively hiring (for this company)
2026-04-27 19:14:33,290 [Hiring] INFO - [204/300] GFELLER LAURIE LLP (CT) — 20d
2026-04-27 19:14:41,795 [Hiring] INFO -   ⚪ Not actively hiring (for this company)
2026-04-27 19:14:45,159 [Hiring] INFO - [205/300] PRISCILLA LACY PRESENTS WOODYS 007 WINGS LLC (CT) — 20d
2026-04-27 19:14:54,582 [Hiring] INFO -   ⚪ Not actively hiring (for this company)
2026-04-27 19:14:57,661 [Hiring] INFO - [206/300] KJR TRUCKING LLC (CT) — 20d
2026-04-27 19:15:06,520 [Hiring] INFO -   ⚪ Not actively hiring (for this company)
2026-04-27 19:15:08,900 [Hiring] INFO - [207/300] ROAD SERVICE LLC (CT) — 20d
2026-04-27 19:15:17,438 [Hiring] INFO -   ⚪ Not actively hiring (for this company)
2026-04-27 19:15:20,120 [Hiring] INFO - [208/300] LLC (CT) — 20d
2026-04-27 19:15:25,173 [Hiring] INFO -   ⚪ Not actively hiring (for this company)
2026-04-27 19:15:28,291 [Hiring] INFO - [209/300] FALCON PHYSICAL THERAPY AND FITNESS, PLLC (CO) — 21d
2026-04-27 19:15:37,812 [Hiring] INFO -   ⚪ Not actively hiring (for this company)
2026-04-27 19:15:40,947 [Hiring] INFO - [210/300] ECARS (CA) — 21d
2026-04-27 19:15:48,983 [Hiring] INFO -   ⚪ Not actively hiring (for this company)
2026-04-27 19:15:52,265 [Hiring] INFO - [211/300] VIESELMEYER, DALE A (CO) — 22d
2026-04-27 19:16:01,579 [Hiring] INFO -   ⚪ Not actively hiring (for this company)
2026-04-27 19:16:03,667 [Hiring] INFO - [212/300] SCOTT BALING SERVICES, LLC (CO) — 22d
2026-04-27 19:16:11,780 [Hiring] INFO -   ⚪ Not actively hiring (for this company)
2026-04-27 19:16:14,578 [Hiring] INFO - [213/300] JOSLIN QUINN AND CO. LLC (CT) — 22d
2026-04-27 19:16:22,758 [Hiring] INFO -   ⚪ Not actively hiring (for this company)
2026-04-27 19:16:25,830 [Hiring] INFO - [214/300] BERKSHIRE AUTO SALES AND SERVICE, INC. (CT) — 22d
2026-04-27 19:16:34,123 [Hiring] INFO -   ⚪ Not actively hiring (for this company)
2026-04-27 19:16:37,177 [Hiring] INFO - [215/300] TURBINE TECHNOLOGIES, INC. (CT) — 22d
2026-04-27 19:16:45,750 [Hiring] INFO -   ⚪ Not actively hiring (for this company)
2026-04-27 19:16:48,341 [Hiring] INFO - [216/300] RAMPART PLUMBING & HEATING SUPPLY (CO) — 23d
2026-04-27 19:16:56,803 [Hiring] INFO -   ⚪ Not actively hiring (for this company)
2026-04-27 19:16:59,764 [Hiring] INFO - [217/300] CHATFIELD POWER EQUIPMENT CO., INC. (CT) — 23d
2026-04-27 19:17:09,611 [Hiring] INFO -   ⚪ Not actively hiring (for this company)
2026-04-27 19:17:12,123 [Hiring] INFO - [218/300] PLAZA REALTY AND MANAGEMENT CORPORATION (CT) — 23d
2026-04-27 19:17:20,364 [Hiring] INFO -   ⚪ Not actively hiring (for this company)
2026-04-27 19:17:22,495 [Hiring] INFO - [219/300] DUBOSAR IRRIGATION, LLC (CT) — 23d
2026-04-27 19:17:30,482 [Hiring] INFO -   ⚪ Not actively hiring (for this company)
2026-04-27 19:17:33,607 [Hiring] INFO - [220/300] NEW CANAAN ORAL AND MAXILLOFACIAL SURGERY, P.C. (CT) — 23d
2026-04-27 19:17:43,061 [Hiring] INFO -   ⚪ Not actively hiring (for this company)
2026-04-27 19:17:45,829 [Hiring] INFO - [221/300] MEDVET CONNECTICUT, PLLC (OH) — 23d
2026-04-27 19:17:53,955 [Hiring] INFO -   ⚪ Not actively hiring (for this company)
2026-04-27 19:17:57,187 [Hiring] INFO - [222/300] JANSKY'S RUBBISH REMOVAL COMPANY (CT) — 23d
2026-04-27 19:18:05,576 [Hiring] INFO -   ⚪ Not actively hiring (for this company)
2026-04-27 19:18:07,906 [Hiring] INFO - [223/300] DAVID M. KOCH, LLC (CT) — 23d
2026-04-27 19:18:17,245 [Hiring] INFO -   ⚪ Not actively hiring (for this company)
2026-04-27 19:18:20,544 [Hiring] INFO - [224/300] MARK BREINER, DDS, LLC (CT) — 24d
2026-04-27 19:18:29,032 [Hiring] INFO -   ⚪ Not actively hiring (for this company)
2026-04-27 19:18:32,099 [Hiring] INFO - [225/300] GARYS HILLTOP AUTO REPAIR (CT) — 24d
2026-04-27 19:18:41,478 [Hiring] INFO -   ⚪ Not actively hiring (for this company)
2026-04-27 19:18:44,987 [Hiring] INFO - [226/300] PUTNAM LEASING COMPANY I, LLC (CT) — 24d
2026-04-27 19:18:53,444 [Hiring] INFO -   ⚪ Not actively hiring (for this company)
2026-04-27 19:18:56,392 [Hiring] INFO - [227/300] PROEYE, INC. (CT) — 24d
2026-04-27 19:19:05,028 [Hiring] INFO -   ⚪ Not actively hiring (for this company)
2026-04-27 19:19:07,286 [Hiring] INFO - [228/300] KENYON INTERNATIONAL INC. (CT) — 24d
2026-04-27 19:19:16,563 [Hiring] INFO -   ⚪ Not actively hiring (for this company)
2026-04-27 19:19:19,163 [Hiring] INFO - [229/300] WILCOX TREE EXPERTS, LLC (CT) — 24d
2026-04-27 19:19:28,129 [Hiring] INFO -   ⚪ Not actively hiring (for this company)
2026-04-27 19:19:31,184 [Hiring] INFO - [230/300] SKYTOP MOTORS LLC (CT) — 24d
2026-04-27 19:19:39,939 [Hiring] INFO -   ⚪ Not actively hiring (for this company)
2026-04-27 19:19:43,178 [Hiring] INFO - [231/300] CONVAL, INC (CT) — 24d
2026-04-27 19:19:51,967 [Hiring] INFO -   ⚪ Not actively hiring (for this company)
2026-04-27 19:19:54,508 [Hiring] INFO - [232/300] SOUTHBURY TREE SERVICE, INC. (CT) — 24d
2026-04-27 19:20:04,313 [Hiring] INFO -   ⚪ Not actively hiring (for this company)
2026-04-27 19:20:07,364 [Hiring] INFO - [233/300] REAL ART WAYS, INC. (CT) — 24d
2026-04-27 19:20:15,782 [Hiring] INFO -   ⚪ Not actively hiring (for this company)
2026-04-27 19:20:18,902 [Hiring] INFO - [234/300] STARWOOD CAPITAL GROUP, L.L.C. (CT) — 24d
2026-04-27 19:20:27,960 [Hiring] INFO -   ⚪ Not actively hiring (for this company)
2026-04-27 19:20:30,777 [Hiring] INFO - [235/300] ENVIRONMENTAL DESIGNS, INC. (CT) — 25d
2026-04-27 19:20:38,756 [Hiring] INFO -   ⚪ Not actively hiring (for this company)
2026-04-27 19:20:41,271 [Hiring] INFO - [236/300] AMERICAN RETAINING WALL, LLC (CT) — 25d
2026-04-27 19:20:49,710 [Hiring] INFO -   ⚪ Not actively hiring (for this company)
2026-04-27 19:20:52,542 [Hiring] INFO - [237/300] PUTNAM LEASING COMPANY I, LLC (CT) — 25d
2026-04-27 19:21:01,446 [Hiring] INFO -   ⚪ Not actively hiring (for this company)
2026-04-27 19:21:04,546 [Hiring] INFO - [238/300] ENVIRONMENTAL DESIGNS, INC. (CT) — 25d
2026-04-27 19:21:13,844 [Hiring] INFO -   ⚪ Not actively hiring (for this company)
2026-04-27 19:21:16,683 [Hiring] INFO - [239/300] PUTNAM LEASING COMPANY I, LLC (CT) — 25d
2026-04-27 19:21:25,370 [Hiring] INFO -   ⚪ Not actively hiring (for this company)
2026-04-27 19:21:28,238 [Hiring] INFO - [240/300] BURNS CONSTRUCTION CO., INC. (CT) — 25d
2026-04-27 19:21:37,032 [Hiring] INFO -   ⚪ Not actively hiring (for this company)
2026-04-27 19:21:39,671 [Hiring] INFO - [241/300] WENCONN OF PUTNAM AVENUE GREENWICH, INCORPORATED (CT) — 25d
2026-04-27 19:21:47,443 [Hiring] INFO -   ⚪ Not actively hiring (for this company)
2026-04-27 19:21:50,595 [Hiring] INFO - [242/300] WENCONN OF NEW CANAAN AVENUE NORWALK, INC. (CT) — 25d
2026-04-27 19:22:00,005 [Hiring] INFO -   ⚪ Not actively hiring (for this company)
2026-04-27 19:22:02,774 [Hiring] INFO - [243/300] THE ROLUMCO CORPORATION (CT) — 25d
2026-04-27 19:22:10,368 [Hiring] INFO -   ⚪ Not actively hiring (for this company)
2026-04-27 19:22:13,874 [Hiring] INFO - [244/300] CENTRAL PROPERTY SERVICES, LLC. (CT) — 25d
2026-04-27 19:22:21,040 [Hiring] INFO -   ⚪ Not actively hiring (for this company)
2026-04-27 19:22:23,681 [Hiring] INFO - [245/300] WENCONN OF STRATFORD, INCORPORATED (CT) — 25d
2026-04-27 19:22:32,896 [Hiring] INFO -   ⚪ Not actively hiring (for this company)
2026-04-27 19:22:35,201 [Hiring] INFO - [246/300] TOP LINE SERVICES LLC (CT) — 25d
2026-04-27 19:22:43,961 [Hiring] INFO -   ⚪ Not actively hiring (for this company)
2026-04-27 19:22:46,747 [Hiring] INFO - [247/300] MARK BREINER, DDS, LLC (CT) — 25d
2026-04-27 19:22:56,800 [Hiring] INFO -   ⚪ Not actively hiring (for this company)
2026-04-27 19:23:00,199 [Hiring] INFO - [248/300] SCS DIRECT, INC. (CT) — 25d
2026-04-27 19:23:07,919 [Hiring] INFO -   ⚪ Not actively hiring (for this company)
2026-04-27 19:23:10,319 [Hiring] INFO - [249/300] RUBYS AUTO BODY INC (CO) — 26d
2026-04-27 19:23:17,607 [Hiring] INFO -   ⚪ Not actively hiring (for this company)
2026-04-27 19:23:19,664 [Hiring] INFO - [250/300] ASPEN GROVE MECHANICAL, INC (CO) — 26d
2026-04-27 19:23:28,825 [Hiring] INFO -   ⚪ Not actively hiring (for this company)
2026-04-27 19:23:31,762 [Hiring] INFO - [251/300] NISSAN OF MIDDLETOWN CT LLC (CT) — 26d
2026-04-27 19:23:39,940 [Hiring] INFO -   ⚪ Not actively hiring (for this company)
2026-04-27 19:23:42,833 [Hiring] INFO - [252/300] INLINE PLASTICS CORP. (CT) — 26d
2026-04-27 19:23:50,985 [Hiring] INFO -   ⚪ Not actively hiring (for this company)
2026-04-27 19:23:54,292 [Hiring] INFO - [253/300] PUTNAM LEASING COMPANY I, LLC (CT) — 26d
2026-04-27 19:24:04,086 [Hiring] INFO -   ⚪ Not actively hiring (for this company)
2026-04-27 19:24:06,581 [Hiring] INFO - [254/300] THE LIFE PLANNING RETIREMENT GROUP LLC (CT) — 26d
2026-04-27 19:24:15,672 [Hiring] INFO -   ⚪ Not actively hiring (for this company)
2026-04-27 19:24:18,722 [Hiring] INFO - [255/300] DARCARS OF RAILROAD AVENUE, INC. (CT) — 26d
2026-04-27 19:24:27,022 [Hiring] INFO -   ⚪ Not actively hiring (for this company)
2026-04-27 19:24:29,777 [Hiring] INFO - [256/300] BUDNEY INDUSTRIES, INC. (CT) — 26d
2026-04-27 19:24:39,414 [Hiring] INFO -   ⚪ Not actively hiring (for this company)
2026-04-27 19:24:41,748 [Hiring] INFO - [257/300] PRECISION CUTTING SERVICES, LLC (CT) — 26d
2026-04-27 19:24:51,304 [Hiring] INFO -   ⚪ Not actively hiring (for this company)
2026-04-27 19:24:54,580 [Hiring] INFO - [258/300] DARCARS OF RAILROAD AVENUE, INC. (CT) — 26d
2026-04-27 19:25:02,588 [Hiring] INFO -   ⚪ Not actively hiring (for this company)
2026-04-27 19:25:05,630 [Hiring] INFO - [259/300] DARCARS OF MILBANK AVENUE, INC (CT) — 26d
2026-04-27 19:25:14,725 [Hiring] INFO -   ⚪ Not actively hiring (for this company)
2026-04-27 19:25:17,195 [Hiring] INFO - [260/300] URBANI LAWN & LANDSCAPING, LLC (CT) — 26d
2026-04-27 19:25:25,329 [Hiring] INFO -   ⚪ Not actively hiring (for this company)
2026-04-27 19:25:28,550 [Hiring] INFO - [261/300] PALLADINO REAL ESTATE MANAGEMENT & SERVICES, LLC (CT) — 26d
2026-04-27 19:25:37,210 [Hiring] INFO -   ⚪ Not actively hiring (for this company)
2026-04-27 19:25:40,614 [Hiring] INFO - [262/300] BLUE FOX RUN GOLF COURSE, LLC (CT) — 26d
2026-04-27 19:25:49,754 [Hiring] INFO -   ⚪ Not actively hiring (for this company)
2026-04-27 19:25:51,927 [Hiring] INFO - [263/300] APPLE HILL ENTERPRISES, L.L.C. (CT) — 27d
2026-04-27 19:26:00,229 [Hiring] INFO -   ⚪ Not actively hiring (for this company)
2026-04-27 19:26:03,254 [Hiring] INFO - [264/300] INSURED RETIREMENT INSTITUTE, INC. (DC) — 27d
2026-04-27 19:26:12,514 [Hiring] INFO -   ⚪ Not actively hiring (for this company)
2026-04-27 19:26:15,193 [Hiring] INFO - [265/300] REGIONAL SCHOOL DISTRICT 16 (CT) — 27d
2026-04-27 19:26:24,205 [Hiring] INFO -   ⚪ Not actively hiring (for this company)
2026-04-27 19:26:27,298 [Hiring] INFO - [266/300] CONSTITUTION SURGERY CENTER EAST, LLC (CT) — 27d
2026-04-27 19:26:35,699 [Hiring] INFO -   ⚪ Not actively hiring (for this company)
2026-04-27 19:26:38,383 [Hiring] INFO - [267/300] S. CARPENTER, LLC (CT) — 27d
2026-04-27 19:26:46,921 [Hiring] INFO -   ⚪ Not actively hiring (for this company)
2026-04-27 19:26:49,153 [Hiring] INFO - [268/300] RANDALL D. HARRIS DDS, P.C. (CT) — 27d
2026-04-27 19:26:57,830 [Hiring] INFO -   ⚪ Not actively hiring (for this company)
2026-04-27 19:27:00,479 [Hiring] INFO - [269/300] SHARON FAMILY FARM LLC (CT) — 27d
2026-04-27 19:27:10,707 [Hiring] INFO -   ⚪ Not actively hiring (for this company)
2026-04-27 19:27:14,011 [Hiring] INFO - [270/300] FOSDICK FULFILLMENT CORPORATION (CT) — 27d
2026-04-27 19:27:23,466 [Hiring] INFO -   ⚪ Not actively hiring (for this company)
2026-04-27 19:27:26,129 [Hiring] INFO - [271/300] FAIRFIELD STONE & LANDSCAPE SUPPLY LLC (CT) — 27d
2026-04-27 19:27:34,653 [Hiring] INFO -   ⚪ Not actively hiring (for this company)
2026-04-27 19:27:37,291 [Hiring] INFO - [272/300] IBASE OF FAIRFIELD COUNTY, LLC (CT) — 27d
2026-04-27 19:27:47,131 [Hiring] INFO -   ⚪ Not actively hiring (for this company)
2026-04-27 19:27:50,509 [Hiring] INFO - [273/300] GRILLO ORGANIC INC. (CT) — 27d
2026-04-27 19:27:59,576 [Hiring] INFO -   ⚪ Not actively hiring (for this company)
2026-04-27 19:28:02,614 [Hiring] INFO - [274/300] RI-CHE LLC (CT) — 27d
2026-04-27 19:28:11,549 [Hiring] INFO -   ⚪ Not actively hiring (for this company)
2026-04-27 19:28:13,765 [Hiring] INFO - [275/300] THE BULL'S BRIDGE GOLF CLUB, INC. (CT) — 27d
2026-04-27 19:28:23,101 [Hiring] INFO -   ⚪ Not actively hiring (for this company)
2026-04-27 19:28:26,312 [Hiring] INFO - [276/300] PLAINFIELD VISION CARE CENTER, INC. (CT) — 27d
2026-04-27 19:28:35,281 [Hiring] INFO -   ⚪ Not actively hiring (for this company)
2026-04-27 19:28:38,299 [Hiring] INFO - [277/300] STONEWORKS MASONRY, LLC (CT) — 28d
2026-04-27 19:28:46,435 [Hiring] INFO -   ⚪ Not actively hiring (for this company)
2026-04-27 19:28:48,783 [Hiring] INFO - [278/300] HOFFMAN LANDSCAPES, INC. (CT) — 28d
2026-04-27 19:28:57,613 [Hiring] INFO -   ⚪ Not actively hiring (for this company)
2026-04-27 19:29:00,874 [Hiring] INFO - [279/300] HOFFMAN LANDSCAPES, INC. (CT) — 28d
2026-04-27 19:29:08,383 [Hiring] INFO -   ⚪ Not actively hiring (for this company)
2026-04-27 19:29:11,247 [Hiring] INFO - [280/300] PHILLIPS, DOUGLAS R (CO) — 29d
2026-04-27 19:29:19,156 [Hiring] INFO -   ⚪ Not actively hiring (for this company)
2026-04-27 19:29:21,366 [Hiring] INFO - [281/300] CREATIVE STAR REALTY LLC (CT) — 29d
2026-04-27 19:29:30,222 [Hiring] INFO -   ⚪ Not actively hiring (for this company)
2026-04-27 19:29:32,410 [Hiring] INFO - [282/300] STEVE STOCK & ASSOCIATES INC (CO) — 30d
2026-04-27 19:29:39,485 [Hiring] INFO -   ⚪ Not actively hiring (for this company)
2026-04-27 19:29:42,334 [Hiring] INFO - [283/300] A & M LABS INC (CO) — 30d
2026-04-27 19:29:50,628 [Hiring] INFO -   ⚪ Not actively hiring (for this company)
2026-04-27 19:29:53,262 [Hiring] INFO - [284/300] CREEKSIDE TAVERN LLC (CO) — 30d
2026-04-27 19:30:02,285 [Hiring] INFO -   ⚪ Not actively hiring (for this company)
2026-04-27 19:30:05,049 [Hiring] INFO - [285/300] MDZ HOLDINGS LLC (CT) — 30d
2026-04-27 19:30:14,070 [Hiring] INFO -   ⚪ Not actively hiring (for this company)
2026-04-27 19:30:16,986 [Hiring] INFO - [286/300] AVON EYE CARE, LLC (CT) — 30d
2026-04-27 19:30:25,290 [Hiring] INFO -   ⚪ Not actively hiring (for this company)
2026-04-27 19:30:28,420 [Hiring] INFO - [287/300] D. W. TRANSPORT & LEASING, INC. (CT) — 30d
2026-04-27 19:30:35,960 [Hiring] INFO -   ⚪ Not actively hiring (for this company)
2026-04-27 19:30:38,231 [Hiring] INFO - [288/300] Z&L CAPITAL LLC (CT) — 30d
2026-04-27 19:30:47,015 [Hiring] INFO -   ⚪ Not actively hiring (for this company)
2026-04-27 19:30:49,397 [Hiring] INFO - [289/300] GREENWICH AUTOMOTIVE ENTERPRISES LTD (CT) — 30d
2026-04-27 19:30:58,851 [Hiring] INFO -   ⚪ Not actively hiring (for this company)
2026-04-27 19:31:01,519 [Hiring] INFO - [290/300] PERCO, INC. (CT) — 30d
2026-04-27 19:31:10,521 [Hiring] INFO -   ⚪ Not actively hiring (for this company)
2026-04-27 19:31:12,701 [Hiring] INFO - [291/300] SVL LLC (CT) — 30d
2026-04-27 19:31:19,624 [Hiring] INFO -   ⚪ Not actively hiring (for this company)
2026-04-27 19:31:22,785 [Hiring] INFO - [292/300] BAS OUTDOOR SERVICES LLC (CT) — 30d
2026-04-27 19:31:32,277 [Hiring] INFO -   ⚪ Not actively hiring (for this company)
2026-04-27 19:31:34,910 [Hiring] INFO - [293/300] SIMPLY LANDSCAPING, LLC (CT) — 30d
2026-04-27 19:31:43,212 [Hiring] INFO -   ⚪ Not actively hiring (for this company)
2026-04-27 19:31:46,280 [Hiring] INFO - [294/300] MDZ HOLDINGS LLC (CT) — 30d
2026-04-27 19:31:56,090 [Hiring] INFO -   ⚪ Not actively hiring (for this company)
2026-04-27 19:31:59,028 [Hiring] INFO - [295/300] BLOOMFIELD ASC, LLC (CT) — 30d
2026-04-27 19:32:08,348 [Hiring] INFO -   ⚪ Not actively hiring (for this company)
2026-04-27 19:32:11,152 [Hiring] INFO - [296/300] VASQUEZ TREE SERVICES LLC (CT) — 30d
2026-04-27 19:32:19,369 [Hiring] INFO -   ⚪ Not actively hiring (for this company)
2026-04-27 19:32:22,742 [Hiring] INFO - [297/300] BANE PROPERTY MANAGEMENT LLC (CT) — 30d
2026-04-27 19:32:31,245 [Hiring] INFO -   ⚪ Not actively hiring (for this company)
2026-04-27 19:32:34,660 [Hiring] INFO - [298/300] M & R MASONRY LLC (CT) — 30d
2026-04-27 19:32:41,983 [Hiring] INFO -   ⚪ Not actively hiring (for this company)
2026-04-27 19:32:45,049 [Hiring] INFO - [299/300] TAUNTON HILL LANDSCAPE CO., INC. (CT) — 30d
2026-04-27 19:32:54,520 [Hiring] INFO -   ⚪ Not actively hiring (for this company)
2026-04-27 19:32:57,097 [Hiring] INFO - [300/300] ROMANCZUK LANDSCAPING, LLC (CT) — 30d
2026-04-27 19:33:05,508 [Hiring] INFO -   ⚪ Not actively hiring (for this company)
2026-04-27 19:33:07,762 [Hiring] INFO - 
=======================================================
2026-04-27 19:33:07,762 [Hiring] INFO -   Hiring Signal Run Complete
2026-04-27 19:33:07,762 [Hiring] INFO -   Processed     : 300
2026-04-27 19:33:07,762 [Hiring] INFO -   Any hiring    : 0 (0%)
2026-04-27 19:33:07,762 [Hiring] INFO -   Equipment roles: 0 (0%) 👷
