2026-04-28 12:41:03,831 [HotEnrich] INFO - 🔥 Enriching 20 HOT leads (lapse ≤30 days)
2026-04-28 12:41:05,860 [HotEnrich] INFO - [1/20] M.C. SOUTHWEST, INC. (COLORADO SPRINGS, CO) — -1d
2026-04-28 12:41:09,034 [HotEnrich] INFO -   ⚪ No data found
2026-04-28 12:41:13,826 [HotEnrich] INFO - [2/20] Cheyenne Mountain Dental Center, LLC (Colorado Springs, CO) — -1d
2026-04-28 12:41:16,350 [HotEnrich] INFO -   ⚪ No data found
2026-04-28 12:41:20,275 [HotEnrich] INFO - [3/20] ALPHA MOTORSPORTS, LLC (Castle Rock, CO) — -1d
2026-04-28 12:41:22,941 [HotEnrich] INFO -   ⚪ No data found
2026-04-28 12:41:27,180 [HotEnrich] INFO - [4/20] Aichholz Excavation Corp. (Frisco, CO) — 0d
2026-04-28 12:41:29,894 [HotEnrich] INFO -   ⚪ No data found
2026-04-28 12:41:33,748 [HotEnrich] INFO - [5/20] HALL & EVANS, L.L.C. (Denver, CO) — 0d
2026-04-28 12:41:36,311 [HotEnrich] INFO -   ⚪ No data found
2026-04-28 12:41:39,805 [HotEnrich] INFO - [6/20] THE TRAVELERS INDEMNITY COMPANY (HARTFORD, CT) — 1d
2026-04-28 12:41:42,513 [HotEnrich] INFO -   ⚪ No data found
2026-04-28 12:41:46,206 [HotEnrich] INFO - [7/20] AURORA COMPREHENSIVE COMMUNITY MENTAL HEALTH CENTER, INC. (AURORA, CO) — 1d
2026-04-28 12:41:48,859 [HotEnrich] INFO -   ⚪ No data found
2026-04-28 12:41:52,596 [HotEnrich] INFO - [8/20] JD Enterprises Inc. (Windsor, CO) — 1d
2026-04-28 12:41:55,335 [HotEnrich] INFO -   ⚪ No data found
2026-04-28 12:42:00,169 [HotEnrich] INFO - [9/20] ADVANCED DIRECT MARKETING INC (LOVELAND, CO) — 4d
2026-04-28 12:42:02,837 [HotEnrich] INFO -   ⚪ No data found
2026-04-28 12:42:08,826 [HotEnrich] INFO - [10/20] DATALEX (USA), INC. (ALPHARETTA, GA) — 5d
2026-04-28 12:42:11,380 [HotEnrich] INFO -   ⚪ No data found
2026-04-28 12:42:16,662 [HotEnrich] INFO - [11/20] ADK ELECTRIC CORPORATION (ENGLEWOOD, CO) — 6d
2026-04-28 12:42:19,273 [HotEnrich] INFO -   ⚪ No data found
2026-04-28 12:42:22,757 [HotEnrich] INFO - [12/20] Lexi Cortes LLC (Denver, CO) — 6d
2026-04-28 12:42:25,750 [HotEnrich] INFO -   ⚪ No data found
2026-04-28 12:42:29,399 [HotEnrich] INFO - [13/20] LINCOLN COMMUNITY HOSPITAL AND NURSING HOME (HUGO, CO) — 7d
