Launching Playwright for Idaho UCC (sosbiz.idaho.gov)...
Successfully loaded Idaho SOS portal.
[*] Hunting Lender Keyword: Financial
  [~] Human delay: resting for 5.9s...
  [>] Clicking Next Page...
  [~] Human delay: resting for 10.6s...
  [>] Clicking Next Page...
  [~] Human delay: resting for 8.9s...
  [>] Clicking Next Page...
  [~] Human delay: resting for 5.9s...
  [>] Clicking Next Page...
  [~] Human delay: resting for 9.3s...
  [>] Clicking Next Page...
  [~] Human delay: resting for 9.8s...
  [>] Clicking Next Page...
  [~] Human delay: resting for 10.9s...
  [>] Clicking Next Page...
  [~] Human delay: resting for 7.6s...
  [>] Clicking Next Page...
  [~] Human delay: resting for 9.0s...
  [>] Clicking Next Page...
  [~] Human delay: resting for 6.6s...
  [>] Clicking Next Page...
  [~] Human delay: resting for 8.4s...
  [>] Clicking Next Page...
  [~] Human delay: resting for 5.5s...
  [>] Clicking Next Page...
  [~] Human delay: resting for 10.2s...
  [>] Clicking Next Page...
  [~] Human delay: resting for 8.0s...
  [>] Clicking Next Page...
  [~] Human delay: resting for 10.0s...
  [>] Clicking Next Page...
  [~] Human delay: resting for 10.3s...
  [>] Clicking Next Page...
  [~] Human delay: resting for 10.9s...
  [>] Clicking Next Page...
  [~] Human delay: resting for 6.1s...
  [>] Clicking Next Page...
  [~] Human delay: resting for 6.0s...
  [>] Clicking Next Page...
  [~] Human delay: resting for 10.4s...
  [>] Clicking Next Page...
  [~] Human delay: resting for 7.0s...
  [>] Clicking Next Page...
  [~] Human delay: resting for 7.8s...
  [>] Clicking Next Page...
  [~] Human delay: resting for 8.5s...
  [>] Clicking Next Page...
  [~] Human delay: resting for 7.6s...
  [>] Clicking Next Page...
  [~] Human delay: resting for 7.9s...
  [>] Clicking Next Page...
  [~] Human delay: resting for 10.4s...
  [>] Clicking Next Page...
  [~] Human delay: resting for 8.3s...
  [>] Clicking Next Page...
  [~] Human delay: resting for 8.6s...
  [>] Clicking Next Page...
  [~] Human delay: resting for 9.7s...
  [>] Clicking Next Page...
  [~] Human delay: resting for 10.8s...
  [>] Clicking Next Page...
  [~] Human delay: resting for 7.9s...
  [>] Clicking Next Page...
  [~] Human delay: resting for 5.9s...
  [>] Clicking Next Page...
  [~] Human delay: resting for 10.2s...
  [>] Clicking Next Page...
  [~] Human delay: resting for 5.7s...
  [>] Clicking Next Page...
  [~] Human delay: resting for 10.3s...
  [>] Clicking Next Page...
  [~] Human delay: resting for 10.9s...
  [>] Clicking Next Page...
  [~] Human delay: resting for 6.9s...
  [>] Clicking Next Page...
  [~] Human delay: resting for 9.3s...
  [>] Clicking Next Page...
  [~] Human delay: resting for 9.2s...
  [>] Clicking Next Page...
  [~] Human delay: resting for 6.4s...
  [>] Clicking Next Page...
  [~] Human delay: resting for 8.3s...
  [>] Clicking Next Page...
  [~] Human delay: resting for 8.3s...
  [>] Clicking Next Page...
  [~] Human delay: resting for 8.2s...
  [>] Clicking Next Page...
  [~] Human delay: resting for 8.6s...
  [>] Clicking Next Page...
  [~] Human delay: resting for 8.4s...
  [>] Clicking Next Page...
  [~] Human delay: resting for 8.6s...
  [>] Clicking Next Page...
  [~] Human delay: resting for 8.4s...
  [>] Clicking Next Page...
  [~] Human delay: resting for 10.9s...
  [>] Clicking Next Page...
  [~] Human delay: resting for 8.4s...
  [>] Clicking Next Page...
  [~] Human delay: resting for 6.7s...
  [>] Clicking Next Page...
  [~] Human delay: resting for 10.4s...
  [>] Clicking Next Page...
  [~] Human delay: resting for 10.0s...
  [>] Clicking Next Page...
  [~] Human delay: resting for 5.7s...
  [>] Clicking Next Page...
  [~] Human delay: resting for 7.1s...
  [>] Clicking Next Page...
  [~] Human delay: resting for 6.6s...
  [>] Clicking Next Page...
  [~] Human delay: resting for 8.5s...
  [>] Clicking Next Page...
  [~] Human delay: resting for 11.1s...
  [>] Clicking Next Page...
  [~] Human delay: resting for 7.4s...
  [>] Clicking Next Page...
  [~] Human delay: resting for 8.1s...
  [>] Clicking Next Page...
  [~] Human delay: resting for 9.8s...
  [>] Clicking Next Page...
  [~] Human delay: resting for 6.7s...
  [>] Clicking Next Page...
  [~] Human delay: resting for 6.4s...
  [>] Clicking Next Page...
  [~] Human delay: resting for 9.8s...
  [>] Clicking Next Page...
  [~] Human delay: resting for 9.5s...
  [>] Clicking Next Page...
  [~] Human delay: resting for 7.8s...
  [>] Clicking Next Page...
  [~] Human delay: resting for 9.7s...
  [>] Clicking Next Page...
  [~] Human delay: resting for 6.6s...
  [>] Clicking Next Page...
  [~] Human delay: resting for 9.5s...
  [>] Clicking Next Page...
  [~] Human delay: resting for 7.0s...
  [>] Clicking Next Page...
  [~] Human delay: resting for 5.9s...
  [>] Clicking Next Page...
  [~] Human delay: resting for 5.5s...
  [>] Clicking Next Page...
  [~] Human delay: resting for 6.3s...
  [>] Clicking Next Page...
  [~] Human delay: resting for 11.0s...
  [>] Clicking Next Page...
  [~] Human delay: resting for 9.6s...
  [>] Clicking Next Page...
  [~] Human delay: resting for 6.8s...
  [>] Clicking Next Page...
  [~] Human delay: resting for 6.4s...
  [>] Clicking Next Page...
  [~] Human delay: resting for 6.5s...
  [>] Clicking Next Page...
  [~] Human delay: resting for 7.2s...
  [>] Clicking Next Page...
  [~] Human delay: resting for 6.5s...
  [>] Clicking Next Page...
  [~] Human delay: resting for 10.2s...
  [>] Clicking Next Page...
  [~] Human delay: resting for 8.0s...
  [>] Clicking Next Page...
  [~] Human delay: resting for 6.0s...
  [>] Clicking Next Page...
  [~] Human delay: resting for 5.8s...
  [>] Clicking Next Page...
  [~] Human delay: resting for 9.5s...
  [>] Clicking Next Page...
  [~] Human delay: resting for 9.4s...
  [>] Clicking Next Page...
  [~] Human delay: resting for 9.8s...
  [>] Clicking Next Page...
  [~] Human delay: resting for 8.1s...
  [>] Clicking Next Page...
  [~] Human delay: resting for 7.5s...
  [>] Clicking Next Page...
  [~] Human delay: resting for 10.9s...
  [>] Clicking Next Page...
  [~] Human delay: resting for 9.0s...
  [>] Clicking Next Page...
  [~] Human delay: resting for 8.1s...
  [>] Clicking Next Page...
  [~] Human delay: resting for 6.0s...
  [>] Clicking Next Page...
  [~] Human delay: resting for 10.2s...
  [>] Clicking Next Page...
  [~] Human delay: resting for 11.1s...
  [>] Clicking Next Page...
  [~] Human delay: resting for 8.9s...
  [>] Clicking Next Page...
  [~] Human delay: resting for 7.0s...
  [>] Clicking Next Page...
  [~] Human delay: resting for 8.4s...
  [>] Clicking Next Page...
  [~] Human delay: resting for 10.6s...
  [>] Clicking Next Page...
  [~] Human delay: resting for 10.1s...
  [>] Clicking Next Page...
  [~] Human delay: resting for 9.1s...
  [>] Clicking Next Page...
  [~] Human delay: resting for 8.4s...
  [>] Clicking Next Page...
  [~] Human delay: resting for 9.3s...
  [>] Clicking Next Page...
  [~] Human delay: resting for 10.0s...
  [>] Clicking Next Page...
  [~] Human delay: resting for 6.4s...
  [>] Clicking Next Page...
  [~] Human delay: resting for 10.5s...
  [>] Clicking Next Page...
  [~] Human delay: resting for 8.7s...
  [>] Clicking Next Page...
  [~] Human delay: resting for 11.0s...
  [>] Clicking Next Page...
  [~] Human delay: resting for 5.6s...
  [>] Clicking Next Page...
  [~] Human delay: resting for 6.4s...
  [>] Clicking Next Page...
  [~] Human delay: resting for 7.9s...
  [>] Clicking Next Page...
  [~] Human delay: resting for 5.9s...
  [>] Clicking Next Page...
  [~] Human delay: resting for 10.9s...
  [>] Clicking Next Page...
  [~] Human delay: resting for 8.6s...
  [>] Clicking Next Page...
  [~] Human delay: resting for 6.1s...
  [>] Clicking Next Page...
  [~] Human delay: resting for 7.3s...
  [>] Clicking Next Page...
  [~] Human delay: resting for 10.1s...
  [>] Clicking Next Page...
  [~] Human delay: resting for 6.3s...
  [>] Clicking Next Page...
  [~] Human delay: resting for 8.6s...
  [>] Clicking Next Page...
  [~] Human delay: resting for 10.9s...
  [>] Clicking Next Page...
  [~] Human delay: resting for 10.4s...
  [>] Clicking Next Page...
  [~] Human delay: resting for 8.1s...
  [>] Clicking Next Page...
  [~] Human delay: resting for 7.2s...
  [>] Clicking Next Page...
  [~] Human delay: resting for 9.3s...
  [>] Clicking Next Page...
  [~] Human delay: resting for 6.8s...
  [>] Clicking Next Page...
  [~] Human delay: resting for 6.7s...
  [>] Clicking Next Page...
  [~] Human delay: resting for 6.9s...
  [>] Clicking Next Page...
  [~] Human delay: resting for 9.8s...
  [>] Clicking Next Page...
  [~] Human delay: resting for 5.6s...
  [>] Clicking Next Page...
  [~] Human delay: resting for 9.5s...
  [>] Clicking Next Page...
  [~] Human delay: resting for 6.3s...
  [>] Clicking Next Page...
  [~] Human delay: resting for 7.7s...
  [>] Clicking Next Page...
  [~] Human delay: resting for 8.6s...
  [>] Clicking Next Page...
  [~] Human delay: resting for 6.2s...
  [>] Clicking Next Page...
  [~] Human delay: resting for 10.0s...
  [>] Clicking Next Page...
  [~] Human delay: resting for 6.3s...
  [>] Clicking Next Page...
  [~] Human delay: resting for 7.8s...
  [>] Clicking Next Page...
  [~] Human delay: resting for 9.5s...
  [>] Clicking Next Page...
  [~] Human delay: resting for 5.9s...
  [>] Clicking Next Page...
  [~] Human delay: resting for 9.7s...
  [>] Clicking Next Page...
  [~] Human delay: resting for 10.6s...
  [>] Clicking Next Page...
  [~] Human delay: resting for 9.8s...
  [>] Clicking Next Page...
  [~] Human delay: resting for 5.6s...
  [>] Clicking Next Page...
  [~] Human delay: resting for 8.4s...
  [>] Clicking Next Page...
  [~] Human delay: resting for 10.1s...
  [>] Clicking Next Page...
  [~] Human delay: resting for 10.5s...
  [>] Clicking Next Page...
  [~] Human delay: resting for 7.9s...
  [>] Clicking Next Page...
  [~] Human delay: resting for 7.2s...
  [>] Clicking Next Page...
  [~] Human delay: resting for 9.4s...
  [>] Clicking Next Page...
  [~] Human delay: resting for 10.4s...
  [>] Clicking Next Page...
  [~] Human delay: resting for 7.6s...
  [>] Clicking Next Page...
  [~] Human delay: resting for 8.4s...
  [>] Clicking Next Page...
  [~] Human delay: resting for 9.9s...
  [>] Clicking Next Page...
  [~] Human delay: resting for 9.4s...
  [>] Clicking Next Page...
  [~] Human delay: resting for 10.9s...
  [>] Clicking Next Page...
  [~] Human delay: resting for 5.7s...
  [>] Clicking Next Page...
  [~] Human delay: resting for 10.8s...
  [>] Clicking Next Page...
  [~] Human delay: resting for 9.7s...
  [>] Clicking Next Page...
  [~] Human delay: resting for 8.4s...
  [>] Clicking Next Page...
  [~] Human delay: resting for 7.8s...
  [>] Clicking Next Page...
  [~] Human delay: resting for 10.6s...
  [>] Clicking Next Page...
  [~] Human delay: resting for 9.1s...
  [>] Clicking Next Page...
  [~] Human delay: resting for 7.4s...
  [>] Clicking Next Page...
  [~] Human delay: resting for 5.7s...
  [>] Clicking Next Page...
  [~] Human delay: resting for 9.9s...
  [>] Clicking Next Page...
  [~] Human delay: resting for 8.9s...
  [>] Clicking Next Page...
  [~] Human delay: resting for 7.2s...
  [>] Clicking Next Page...
  [~] Human delay: resting for 6.9s...
  [>] Clicking Next Page...
  [~] Human delay: resting for 5.9s...
  [>] Clicking Next Page...
  [~] Human delay: resting for 7.7s...
  [>] Clicking Next Page...
  [~] Human delay: resting for 6.0s...
  [>] Clicking Next Page...
  [~] Human delay: resting for 10.7s...
  [>] Clicking Next Page...
  [~] Human delay: resting for 11.0s...
  [>] Clicking Next Page...
  [~] Human delay: resting for 8.0s...
  [>] Clicking Next Page...
  [~] Human delay: resting for 5.8s...
  [>] Clicking Next Page...
  [~] Human delay: resting for 7.6s...
  [>] Clicking Next Page...
  [~] Human delay: resting for 10.1s...
  [>] Clicking Next Page...
  [~] Human delay: resting for 5.8s...
  [>] Clicking Next Page...
  [~] Human delay: resting for 7.7s...
  [>] Clicking Next Page...
  [~] Human delay: resting for 5.6s...
  [>] Clicking Next Page...
  [~] Human delay: resting for 7.2s...
  [>] Clicking Next Page...
  [~] Human delay: resting for 9.6s...
  [>] Clicking Next Page...
  [~] Human delay: resting for 9.4s...
  [>] Clicking Next Page...
  [~] Human delay: resting for 8.0s...
  [>] Clicking Next Page...
  [~] Human delay: resting for 8.9s...
  [>] Clicking Next Page...
  [~] Human delay: resting for 9.7s...
  [>] Clicking Next Page...
  [~] Human delay: resting for 9.1s...
  [>] Clicking Next Page...
  [~] Human delay: resting for 6.1s...
  [>] Clicking Next Page...
  [~] Human delay: resting for 6.4s...
  [>] Clicking Next Page...
  [~] Human delay: resting for 8.7s...
  [>] Clicking Next Page...
  [~] Human delay: resting for 10.2s...
  [>] Clicking Next Page...
  [~] Human delay: resting for 5.6s...
  [>] Clicking Next Page...
  [~] Human delay: resting for 9.8s...
  [>] Clicking Next Page...
  [~] Human delay: resting for 11.1s...
  [>] Clicking Next Page...
  [~] Human delay: resting for 8.2s...
  [>] Clicking Next Page...
  [~] Human delay: resting for 10.0s...
  [>] Clicking Next Page...
  [~] Human delay: resting for 10.7s...
  [>] Clicking Next Page...
  [~] Human delay: resting for 10.6s...
  [>] Clicking Next Page...
  [~] Human delay: resting for 11.1s...
  [>] Clicking Next Page...
  [~] Human delay: resting for 10.8s...
  [>] Clicking Next Page...
  [~] Human delay: resting for 8.3s...
  [>] Clicking Next Page...
  [~] Human delay: resting for 10.3s...
  [>] Clicking Next Page...
  [~] Human delay: resting for 7.7s...
  [>] Clicking Next Page...
  [~] Human delay: resting for 8.0s...
  [>] Clicking Next Page...
  [~] Human delay: resting for 10.3s...
  [>] Clicking Next Page...
  [~] Human delay: resting for 9.0s...
  [>] Clicking Next Page...
  [~] Human delay: resting for 9.5s...
  [>] Clicking Next Page...
  [~] Human delay: resting for 5.7s...
  [>] Clicking Next Page...
  [~] Human delay: resting for 10.4s...
  [>] Clicking Next Page...
  [~] Human delay: resting for 7.5s...
  [>] Clicking Next Page...
  [~] Human delay: resting for 7.0s...
  [>] Clicking Next Page...
  [~] Human delay: resting for 7.9s...
  [>] Clicking Next Page...
  [~] Human delay: resting for 5.7s...
  [>] Clicking Next Page...
  [~] Human delay: resting for 8.1s...
  [>] Clicking Next Page...
  [~] Human delay: resting for 6.4s...
  [>] Clicking Next Page...
  [~] Human delay: resting for 9.9s...
  [>] Clicking Next Page...
  [~] Human delay: resting for 9.1s...
  [>] Clicking Next Page...
  [~] Human delay: resting for 11.0s...
  [>] Clicking Next Page...
  [~] Human delay: resting for 8.6s...
  [>] Clicking Next Page...
  [~] Human delay: resting for 6.8s...
  [>] Clicking Next Page...
  [~] Human delay: resting for 7.4s...
  [>] Clicking Next Page...
  [~] Human delay: resting for 6.6s...
  [>] Clicking Next Page...
  [~] Human delay: resting for 7.4s...
  [>] Clicking Next Page...
  [~] Human delay: resting for 7.6s...
  [>] Clicking Next Page...
  [~] Human delay: resting for 9.3s...
  [>] Clicking Next Page...
  [~] Human delay: resting for 5.9s...
  [>] Clicking Next Page...
  [~] Human delay: resting for 7.6s...
  [>] Clicking Next Page...
  [~] Human delay: resting for 7.6s...
  [>] Clicking Next Page...
  [~] Human delay: resting for 10.1s...
  [>] Clicking Next Page...
  [~] Human delay: resting for 7.9s...
  [>] Clicking Next Page...
  [~] Human delay: resting for 8.4s...
  [>] Clicking Next Page...
  [~] Human delay: resting for 5.7s...
  [>] Clicking Next Page...
  [~] Human delay: resting for 10.9s...
  [>] Clicking Next Page...
  [~] Human delay: resting for 5.7s...
  [>] Clicking Next Page...
  [~] Human delay: resting for 6.8s...
  [>] Clicking Next Page...
  [~] Human delay: resting for 9.0s...
  [>] Clicking Next Page...
  [~] Human delay: resting for 9.8s...
  [>] Clicking Next Page...
  [~] Human delay: resting for 10.2s...
  [>] Clicking Next Page...
  [~] Human delay: resting for 7.2s...
  [>] Clicking Next Page...
  [~] Human delay: resting for 8.5s...
  [>] Clicking Next Page...
  [~] Human delay: resting for 6.6s...
  [>] Clicking Next Page...
  [~] Human delay: resting for 5.6s...
  [>] Clicking Next Page...
  [~] Human delay: resting for 10.2s...
  [>] Clicking Next Page...
  [~] Human delay: resting for 8.3s...
  [>] Clicking Next Page...
  [~] Human delay: resting for 10.7s...
  [>] Clicking Next Page...
  [~] Human delay: resting for 8.2s...
  [>] Clicking Next Page...
  [~] Human delay: resting for 11.0s...
  [>] Clicking Next Page...
  [~] Human delay: resting for 10.7s...
  [>] Clicking Next Page...
  [~] Human delay: resting for 6.3s...
  [>] Clicking Next Page...
  [~] Human delay: resting for 7.7s...
  [>] Clicking Next Page...
  [~] Human delay: resting for 7.6s...
  [>] Clicking Next Page...
  [~] Human delay: resting for 6.6s...
  [>] Clicking Next Page...
  [~] Human delay: resting for 8.9s...
  [>] Clicking Next Page...
  [~] Human delay: resting for 6.5s...
  [>] Clicking Next Page...
  [~] Human delay: resting for 9.6s...
  [>] Clicking Next Page...
  [~] Human delay: resting for 9.5s...
  [>] Clicking Next Page...
  [~] Human delay: resting for 11.0s...
  [>] Clicking Next Page...
  [~] Human delay: resting for 9.8s...
  [>] Clicking Next Page...
  [~] Human delay: resting for 10.2s...
  [>] Clicking Next Page...
  [~] Human delay: resting for 9.6s...
  [>] Clicking Next Page...
  [~] Human delay: resting for 6.7s...
  [>] Clicking Next Page...
  [~] Human delay: resting for 10.8s...
  [>] Clicking Next Page...
  [~] Human delay: resting for 7.4s...
  [>] Clicking Next Page...
  [~] Human delay: resting for 10.5s...
  [>] Clicking Next Page...
  [~] Human delay: resting for 10.2s...
  [>] Clicking Next Page...
  [~] Human delay: resting for 8.9s...
  [>] Clicking Next Page...
  [~] Human delay: resting for 7.5s...
  [>] Clicking Next Page...
  [~] Human delay: resting for 9.9s...
  [>] Clicking Next Page...
  [~] Human delay: resting for 6.5s...
  [>] Clicking Next Page...
  [~] Human delay: resting for 5.8s...
  [>] Clicking Next Page...
  [~] Human delay: resting for 8.4s...
  [>] Clicking Next Page...
  [~] Human delay: resting for 10.6s...
  [>] Clicking Next Page...
  [~] Human delay: resting for 8.1s...
  [>] Clicking Next Page...
  [~] Human delay: resting for 10.5s...
  [>] Clicking Next Page...
  [~] Human delay: resting for 7.8s...
  [>] Clicking Next Page...
  [~] Human delay: resting for 10.0s...
  [>] Clicking Next Page...
  [~] Human delay: resting for 7.7s...
  [>] Clicking Next Page...
  [~] Human delay: resting for 10.4s...
  [>] Clicking Next Page...
  [~] Human delay: resting for 10.7s...
  [>] Clicking Next Page...
  [~] Human delay: resting for 8.2s...
  [>] Clicking Next Page...
  [~] Human delay: resting for 7.3s...
  [>] Clicking Next Page...
  [~] Human delay: resting for 10.5s...
  [>] Clicking Next Page...
  [~] Human delay: resting for 10.4s...
  [>] Clicking Next Page...
  [~] Human delay: resting for 7.9s...
  [>] Clicking Next Page...
  [~] Human delay: resting for 7.1s...
  [>] Clicking Next Page...
  [~] Human delay: resting for 8.9s...
  [>] Clicking Next Page...
  [~] Human delay: resting for 10.7s...
  [>] Clicking Next Page...
  [~] Human delay: resting for 6.3s...
  [>] Clicking Next Page...
  [~] Human delay: resting for 11.0s...
  [>] Clicking Next Page...
  [~] Human delay: resting for 6.3s...
  [>] Clicking Next Page...
  [~] Human delay: resting for 7.1s...
  [>] Clicking Next Page...
  [~] Human delay: resting for 7.7s...
  [>] Clicking Next Page...
  [~] Human delay: resting for 5.8s...
  [>] Clicking Next Page...
  [~] Human delay: resting for 7.3s...
  [>] Clicking Next Page...
  [~] Human delay: resting for 7.7s...
  [>] Clicking Next Page...
  [~] Human delay: resting for 8.1s...
  [>] Clicking Next Page...
  [~] Human delay: resting for 6.2s...
  [>] Clicking Next Page...
  [~] Human delay: resting for 7.1s...
  [>] Clicking Next Page...
  [~] Human delay: resting for 9.4s...
  [>] Clicking Next Page...
  [~] Human delay: resting for 8.4s...
  [>] Clicking Next Page...
  [~] Human delay: resting for 9.0s...
  [>] Clicking Next Page...
  [~] Human delay: resting for 10.2s...
  [>] Clicking Next Page...
  [~] Human delay: resting for 8.9s...
  [>] Clicking Next Page...
  [~] Human delay: resting for 9.1s...
  [>] Clicking Next Page...
  [~] Human delay: resting for 7.8s...
  [>] Clicking Next Page...
  [~] Human delay: resting for 5.8s...
  [>] Clicking Next Page...
  [~] Human delay: resting for 11.1s...
  [>] Clicking Next Page...
  [~] Human delay: resting for 5.9s...
  [>] Clicking Next Page...
  [~] Human delay: resting for 7.6s...
  [>] Clicking Next Page...
  [~] Human delay: resting for 6.8s...
  [>] Clicking Next Page...
  [~] Human delay: resting for 9.3s...
  [>] Clicking Next Page...
  [~] Human delay: resting for 9.7s...
  [>] Clicking Next Page...
  [~] Human delay: resting for 7.4s...
  [>] Clicking Next Page...
  [~] Human delay: resting for 8.8s...
  [>] Clicking Next Page...
  [~] Human delay: resting for 10.4s...
  [>] Clicking Next Page...
  [~] Human delay: resting for 5.7s...
  [>] Clicking Next Page...
  [~] Human delay: resting for 9.4s...
  [>] Clicking Next Page...
  [~] Human delay: resting for 9.4s...
  [>] Clicking Next Page...
  [~] Human delay: resting for 7.6s...
  [>] Clicking Next Page...
  [~] Human delay: resting for 9.2s...
  [>] Clicking Next Page...
  [~] Human delay: resting for 8.1s...
  [>] Clicking Next Page...
  [~] Human delay: resting for 7.7s...
  [>] Clicking Next Page...
  [~] Human delay: resting for 5.7s...
  [>] Clicking Next Page...
  [~] Human delay: resting for 8.7s...
  [>] Clicking Next Page...
  [~] Human delay: resting for 6.3s...
  [>] Clicking Next Page...
  [~] Human delay: resting for 7.4s...
  [>] Clicking Next Page...
  [~] Human delay: resting for 9.5s...
  [>] Clicking Next Page...
  [~] Human delay: resting for 9.0s...
  [>] Clicking Next Page...
  [~] Human delay: resting for 8.4s...
  [>] Clicking Next Page...
  [~] Human delay: resting for 7.6s...
  [>] Clicking Next Page...
  [~] Human delay: resting for 7.4s...
  [>] Clicking Next Page...
  [~] Human delay: resting for 9.9s...
  [>] Clicking Next Page...
  [~] Human delay: resting for 5.8s...
  [>] Clicking Next Page...
  [~] Human delay: resting for 11.0s...
  [>] Clicking Next Page...
  [~] Human delay: resting for 8.2s...
  [>] Clicking Next Page...
  [~] Human delay: resting for 10.6s...
  [>] Clicking Next Page...
  [~] Human delay: resting for 9.0s...
  [>] Clicking Next Page...
  [~] Human delay: resting for 9.3s...
  [>] Clicking Next Page...
  [~] Human delay: resting for 8.8s...
  [>] Clicking Next Page...
  [~] Human delay: resting for 6.0s...
  [>] Clicking Next Page...
  [~] Human delay: resting for 9.8s...
  [>] Clicking Next Page...
  [~] Human delay: resting for 10.3s...
  [>] Clicking Next Page...
  [~] Human delay: resting for 7.0s...
  [>] Clicking Next Page...
  [~] Human delay: resting for 11.1s...
  [>] Clicking Next Page...
  [~] Human delay: resting for 10.8s...
  [>] Clicking Next Page...
  [~] Human delay: resting for 5.5s...
  [>] Clicking Next Page...
  [~] Human delay: resting for 9.0s...
  [>] Clicking Next Page...
  [~] Human delay: resting for 5.6s...
  [>] Clicking Next Page...
  [~] Human delay: resting for 10.9s...
  [>] Clicking Next Page...
  [~] Human delay: resting for 10.5s...
  [>] Clicking Next Page...
  [~] Human delay: resting for 10.6s...
  [>] Clicking Next Page...
  [~] Human delay: resting for 6.2s...
  [>] Clicking Next Page...
  [~] Human delay: resting for 7.5s...
  [>] Clicking Next Page...
  [~] Human delay: resting for 6.0s...
  [>] Clicking Next Page...
  [~] Human delay: resting for 9.8s...
  [>] Clicking Next Page...
  [~] Human delay: resting for 11.0s...
  [>] Clicking Next Page...
  [~] Human delay: resting for 8.9s...
  [>] Clicking Next Page...
  [~] Human delay: resting for 9.7s...
  [>] Clicking Next Page...
  [~] Human delay: resting for 5.7s...
  [>] Clicking Next Page...
  [~] Human delay: resting for 5.6s...
  [>] Clicking Next Page...
  [~] Human delay: resting for 5.8s...
  [>] Clicking Next Page...
  [~] Human delay: resting for 9.3s...
  [>] Clicking Next Page...
  [~] Human delay: resting for 11.1s...
  [>] Clicking Next Page...
  [~] Human delay: resting for 9.3s...
  [>] Clicking Next Page...
  [~] Human delay: resting for 7.7s...
  [>] Clicking Next Page...
  [~] Human delay: resting for 10.6s...
  [>] Clicking Next Page...
  [~] Human delay: resting for 8.8s...
  [>] Clicking Next Page...
  [~] Human delay: resting for 6.3s...
  [>] Clicking Next Page...
  [~] Human delay: resting for 9.2s...
  [>] Clicking Next Page...
  [~] Human delay: resting for 6.9s...
  [>] Clicking Next Page...
  [~] Human delay: resting for 6.2s...
  [>] Clicking Next Page...
  [~] Human delay: resting for 6.7s...
  [>] Clicking Next Page...
  [~] Human delay: resting for 5.9s...
  [>] Clicking Next Page...
  [~] Human delay: resting for 7.1s...
  [>] Clicking Next Page...
  [~] Human delay: resting for 8.3s...
  [>] Clicking Next Page...
  [~] Human delay: resting for 5.9s...
  [>] Clicking Next Page...
  [~] Human delay: resting for 9.7s...
  [>] Clicking Next Page...
  [~] Human delay: resting for 8.0s...
  [>] Clicking Next Page...
  [~] Human delay: resting for 8.6s...
  [>] Clicking Next Page...
  [~] Human delay: resting for 5.6s...
  [>] Clicking Next Page...
  [~] Human delay: resting for 7.4s...
  [>] Clicking Next Page...
  [~] Human delay: resting for 8.1s...
  [>] Clicking Next Page...
  [~] Human delay: resting for 6.7s...
  [>] Clicking Next Page...
  [~] Human delay: resting for 6.4s...
  [>] Clicking Next Page...
  [~] Human delay: resting for 10.5s...
  [>] Clicking Next Page...
  [~] Human delay: resting for 9.6s...
  [>] Clicking Next Page...
  [~] Human delay: resting for 6.4s...
  [>] Clicking Next Page...
  [~] Human delay: resting for 6.5s...
  [>] Clicking Next Page...
  [~] Human delay: resting for 10.0s...
  [>] Clicking Next Page...
  [~] Human delay: resting for 8.4s...
  [>] Clicking Next Page...
  [~] Human delay: resting for 6.6s...
  [>] Clicking Next Page...
  [~] Human delay: resting for 10.6s...
  [>] Clicking Next Page...
  [~] Human delay: resting for 9.4s...
  [>] Clicking Next Page...
  [~] Human delay: resting for 9.4s...
  [>] Clicking Next Page...
  [~] Human delay: resting for 9.2s...
  [>] Clicking Next Page...
  [~] Human delay: resting for 9.0s...
  [>] Clicking Next Page...
  [~] Human delay: resting for 10.3s...
  [>] Clicking Next Page...
  [~] Human delay: resting for 9.3s...
  [>] Clicking Next Page...
  [~] Human delay: resting for 9.1s...
  [>] Clicking Next Page...
  [~] Human delay: resting for 11.0s...
  [>] Clicking Next Page...
  [~] Human delay: resting for 10.0s...
  [>] Clicking Next Page...
  [~] Human delay: resting for 6.2s...
  [>] Clicking Next Page...
  [~] Human delay: resting for 7.7s...
  [>] Clicking Next Page...
  [~] Human delay: resting for 9.2s...
  [>] Clicking Next Page...
  [~] Human delay: resting for 10.2s...
  [>] Clicking Next Page...
  [~] Human delay: resting for 9.2s...
  [>] Clicking Next Page...
  [~] Human delay: resting for 8.1s...
  [>] Clicking Next Page...
  [~] Human delay: resting for 9.9s...
  [>] Clicking Next Page...
  [~] Human delay: resting for 7.8s...
  [>] Clicking Next Page...
  [~] Human delay: resting for 5.7s...
  [>] Clicking Next Page...
  [~] Human delay: resting for 6.3s...
  [>] Clicking Next Page...
  [~] Human delay: resting for 8.9s...
  [>] Clicking Next Page...
  [~] Human delay: resting for 9.9s...
  [>] Clicking Next Page...
  [~] Human delay: resting for 10.2s...
  [>] Clicking Next Page...
  [~] Human delay: resting for 7.1s...
  [>] Clicking Next Page...
  [~] Human delay: resting for 10.8s...
  [>] Clicking Next Page...
  [~] Human delay: resting for 9.8s...
  [>] Clicking Next Page...
  [~] Human delay: resting for 10.5s...
  [>] Clicking Next Page...
  [~] Human delay: resting for 9.0s...
  [>] Clicking Next Page...
  [~] Human delay: resting for 6.4s...
  [>] Clicking Next Page...
  [~] Human delay: resting for 6.3s...
  [>] Clicking Next Page...
  [~] Human delay: resting for 10.1s...
  [>] Clicking Next Page...
  [~] Human delay: resting for 10.8s...
  [>] Clicking Next Page...
  [~] Human delay: resting for 7.5s...
  [>] Clicking Next Page...
  [~] Human delay: resting for 6.1s...
  [>] Clicking Next Page...
  [~] Human delay: resting for 6.6s...
  [>] Clicking Next Page...
  [~] Human delay: resting for 10.6s...
  [>] Clicking Next Page...
  [~] Human delay: resting for 6.1s...
  [>] Clicking Next Page...
  [~] Human delay: resting for 9.2s...
  [>] Clicking Next Page...
  [~] Human delay: resting for 5.9s...
  [>] Clicking Next Page...
  [~] Human delay: resting for 8.0s...
  [>] Clicking Next Page...
  [~] Human delay: resting for 7.6s...
  [>] Clicking Next Page...
  [~] Human delay: resting for 10.2s...
  [>] Clicking Next Page...
  [~] Human delay: resting for 6.8s...
  [>] Clicking Next Page...
  [~] Human delay: resting for 5.9s...
  [>] Clicking Next Page...
  [~] Human delay: resting for 6.1s...
  [>] Clicking Next Page...
  [~] Human delay: resting for 7.4s...
  [>] Clicking Next Page...
  [~] Human delay: resting for 6.9s...
  [>] Clicking Next Page...
  [~] Human delay: resting for 9.5s...
  [>] Clicking Next Page...
  [~] Human delay: resting for 9.8s...
  [>] Clicking Next Page...
  [~] Human delay: resting for 7.5s...
  [>] Clicking Next Page...
  [~] Human delay: resting for 10.2s...
  [>] Clicking Next Page...
  [~] Human delay: resting for 7.7s...
  [>] Clicking Next Page...
  [~] Human delay: resting for 7.5s...
  [>] Clicking Next Page...
  [~] Human delay: resting for 8.9s...
  [>] Clicking Next Page...
  [~] Human delay: resting for 5.9s...
  [>] Clicking Next Page...
  [~] Human delay: resting for 7.8s...
  [>] Clicking Next Page...
  [~] Human delay: resting for 8.4s...
  [>] Clicking Next Page...
  [~] Human delay: resting for 10.8s...
  [>] Clicking Next Page...
  [~] Human delay: resting for 6.4s...
  [>] Clicking Next Page...
  [~] Human delay: resting for 6.2s...
  [>] Clicking Next Page...
  [~] Human delay: resting for 8.9s...
  [>] Clicking Next Page...
  [~] Human delay: resting for 9.9s...
  [>] Clicking Next Page...
  [~] Human delay: resting for 9.5s...
  [>] Clicking Next Page...
  [~] Human delay: resting for 9.8s...
  [>] Clicking Next Page...
  [~] Human delay: resting for 9.3s...
  [>] Clicking Next Page...
  [~] Human delay: resting for 9.7s...
  [>] Clicking Next Page...
  [~] Human delay: resting for 10.8s...
  [>] Clicking Next Page...
  [~] Human delay: resting for 10.1s...
  [>] Clicking Next Page...
  [~] Human delay: resting for 10.9s...
  [>] Clicking Next Page...
  [~] Human delay: resting for 9.5s...
  [>] Clicking Next Page...
  [~] Human delay: resting for 7.5s...
  [>] Clicking Next Page...
  [~] Human delay: resting for 8.4s...
  [>] Clicking Next Page...
  [~] Human delay: resting for 9.4s...
  [>] Clicking Next Page...
  [~] Human delay: resting for 7.7s...
  [>] Clicking Next Page...
  [~] Human delay: resting for 7.8s...
  [>] Clicking Next Page...
  [~] Human delay: resting for 8.7s...
  [>] Clicking Next Page...
  [~] Human delay: resting for 8.0s...
  [>] Clicking Next Page...
  [~] Human delay: resting for 6.0s...
  [>] Clicking Next Page...
  [~] Human delay: resting for 8.7s...
  [>] Clicking Next Page...
  [~] Human delay: resting for 9.7s...
  [>] Clicking Next Page...
  [~] Human delay: resting for 8.4s...
  [>] Clicking Next Page...
  [~] Human delay: resting for 7.1s...
  [>] Clicking Next Page...
  [~] Human delay: resting for 7.9s...
  [>] Clicking Next Page...
  [~] Human delay: resting for 7.0s...
  [>] Clicking Next Page...
  [~] Human delay: resting for 9.1s...
  [>] Clicking Next Page...
  [~] Human delay: resting for 6.3s...
  [>] Clicking Next Page...
  [~] Human delay: resting for 5.8s...
  [>] Clicking Next Page...
  [~] Human delay: resting for 7.9s...
  [>] Clicking Next Page...
  [~] Human delay: resting for 6.9s...
  [>] Clicking Next Page...
  [~] Human delay: resting for 10.9s...
  [>] Clicking Next Page...
  [~] Human delay: resting for 9.0s...
  [>] Clicking Next Page...
  [~] Human delay: resting for 8.2s...
  [>] Clicking Next Page...
  [~] Human delay: resting for 8.3s...
  [>] Clicking Next Page...
  [~] Human delay: resting for 5.9s...
  [>] Clicking Next Page...
  [~] Human delay: resting for 6.9s...
  [>] Clicking Next Page...
  [~] Human delay: resting for 5.6s...
  [>] Clicking Next Page...
  [~] Human delay: resting for 6.6s...
  [>] Clicking Next Page...
  [~] Human delay: resting for 8.1s...
  [>] Clicking Next Page...
  [~] Human delay: resting for 8.4s...
  [>] Clicking Next Page...
  [~] Human delay: resting for 10.6s...
  [>] Clicking Next Page...
  [~] Human delay: resting for 5.6s...
  [>] Clicking Next Page...
  [~] Human delay: resting for 10.3s...
  [>] Clicking Next Page...
  [~] Human delay: resting for 6.5s...
  [>] Clicking Next Page...
  [~] Human delay: resting for 10.1s...
  [>] Clicking Next Page...
  [~] Human delay: resting for 10.8s...
  [>] Clicking Next Page...
  [~] Human delay: resting for 7.8s...
  [>] Clicking Next Page...
  [~] Human delay: resting for 9.6s...
  [>] Clicking Next Page...
  [~] Human delay: resting for 10.5s...
  [>] Clicking Next Page...
  [~] Human delay: resting for 10.8s...
  [>] Clicking Next Page...
  [~] Human delay: resting for 7.1s...
  [>] Clicking Next Page...
  [~] Human delay: resting for 6.2s...
  [>] Clicking Next Page...
  [~] Human delay: resting for 8.5s...
  [>] Clicking Next Page...
  [~] Human delay: resting for 8.9s...
  [>] Clicking Next Page...
  [~] Human delay: resting for 8.3s...
  [>] Clicking Next Page...
  [~] Human delay: resting for 10.8s...
  [>] Clicking Next Page...
  [~] Human delay: resting for 7.8s...
  [>] Clicking Next Page...
  [~] Human delay: resting for 10.5s...
  [>] Clicking Next Page...
  [~] Human delay: resting for 8.9s...
  [>] Clicking Next Page...
  [~] Human delay: resting for 5.7s...
  [>] Clicking Next Page...
  [~] Human delay: resting for 9.9s...
  [>] Clicking Next Page...
  [~] Human delay: resting for 6.2s...
  [>] Clicking Next Page...
  [~] Human delay: resting for 8.9s...
  [>] Clicking Next Page...
  [~] Human delay: resting for 6.3s...
  [>] Clicking Next Page...
  [~] Human delay: resting for 6.1s...
  [>] Clicking Next Page...
  [~] Human delay: resting for 6.3s...
  [>] Clicking Next Page...
  [~] Human delay: resting for 7.6s...
  [>] Clicking Next Page...
  [~] Human delay: resting for 10.8s...
  [>] Clicking Next Page...
  [~] Human delay: resting for 6.3s...
  [>] Clicking Next Page...
  [~] Human delay: resting for 10.4s...
  [>] Clicking Next Page...
  [~] Human delay: resting for 7.8s...
  [>] Clicking Next Page...
  [~] Human delay: resting for 6.1s...
  [>] Clicking Next Page...
  [~] Human delay: resting for 6.5s...
  [>] Clicking Next Page...
  [~] Human delay: resting for 9.2s...
  [>] Clicking Next Page...
  [~] Human delay: resting for 7.5s...
  [>] Clicking Next Page...
  [~] Human delay: resting for 9.2s...
  [>] Clicking Next Page...
  [~] Human delay: resting for 7.8s...
  [>] Clicking Next Page...
  [~] Human delay: resting for 9.4s...
  [>] Clicking Next Page...
  [~] Human delay: resting for 8.8s...
  [>] Clicking Next Page...
  [~] Human delay: resting for 6.1s...
  [>] Clicking Next Page...
  [~] Human delay: resting for 8.4s...
  [>] Clicking Next Page...
  [~] Human delay: resting for 7.5s...
  [>] Clicking Next Page...
  [~] Human delay: resting for 9.1s...
  [>] Clicking Next Page...
  [~] Human delay: resting for 10.0s...
  [>] Clicking Next Page...
  [~] Human delay: resting for 8.5s...
  [>] Clicking Next Page...
  [~] Human delay: resting for 6.7s...
  [>] Clicking Next Page...
  [~] Human delay: resting for 9.0s...
  [>] Clicking Next Page...
  [~] Human delay: resting for 9.0s...
  [>] Clicking Next Page...
  [~] Human delay: resting for 7.1s...
  [>] Clicking Next Page...
  [~] Human delay: resting for 7.0s...
  [>] Clicking Next Page...
  [~] Human delay: resting for 8.9s...
  [>] Clicking Next Page...
  [~] Human delay: resting for 9.3s...
  [>] Clicking Next Page...
  [~] Human delay: resting for 6.4s...
  [>] Clicking Next Page...
  [~] Human delay: resting for 6.4s...
  [>] Clicking Next Page...
  [~] Human delay: resting for 9.0s...
  [>] Clicking Next Page...
  [~] Human delay: resting for 10.5s...
  [>] Clicking Next Page...
  [~] Human delay: resting for 10.8s...
  [>] Clicking Next Page...
  [~] Human delay: resting for 9.1s...
  [>] Clicking Next Page...
  [~] Human delay: resting for 5.6s...
  [>] Clicking Next Page...
  [~] Human delay: resting for 5.9s...
  [>] Clicking Next Page...
  [~] Human delay: resting for 9.0s...
  [>] Clicking Next Page...
  [~] Human delay: resting for 8.8s...
  [>] Clicking Next Page...
  [~] Human delay: resting for 9.6s...
  [>] Clicking Next Page...
  [~] Human delay: resting for 7.9s...
  [>] Clicking Next Page...
  [~] Human delay: resting for 9.2s...
  [>] Clicking Next Page...
  [~] Human delay: resting for 6.9s...
  [>] Clicking Next Page...
  [~] Human delay: resting for 10.6s...
  [>] Clicking Next Page...
  [~] Human delay: resting for 7.9s...
  [>] Clicking Next Page...
  [~] Human delay: resting for 10.4s...
  [>] Clicking Next Page...
  [~] Human delay: resting for 7.6s...
  [>] Clicking Next Page...
  [~] Human delay: resting for 6.7s...
  [>] Clicking Next Page...
  [~] Human delay: resting for 9.8s...
  [>] Clicking Next Page...
  [~] Human delay: resting for 7.9s...
  [>] Clicking Next Page...
  [~] Human delay: resting for 7.4s...
  [>] Clicking Next Page...
  [~] Human delay: resting for 9.1s...
  [>] Clicking Next Page...
  [~] Human delay: resting for 10.5s...
  [>] Clicking Next Page...
  [~] Human delay: resting for 7.4s...
  [>] Clicking Next Page...
  [~] Human delay: resting for 9.5s...
  [>] Clicking Next Page...
  [~] Human delay: resting for 8.4s...
  [>] Clicking Next Page...
  [~] Human delay: resting for 6.1s...
  [>] Clicking Next Page...
  [~] Human delay: resting for 7.2s...
  [>] Clicking Next Page...
  [~] Human delay: resting for 10.8s...
  [>] Clicking Next Page...
  [~] Human delay: resting for 6.9s...
  [>] Clicking Next Page...
  [~] Human delay: resting for 7.1s...
  [>] Clicking Next Page...
  [~] Human delay: resting for 7.4s...
  [>] Clicking Next Page...
  [~] Human delay: resting for 10.2s...
  [>] Clicking Next Page...
  [~] Human delay: resting for 8.9s...
  [>] Clicking Next Page...
  [~] Human delay: resting for 10.3s...
  [>] Clicking Next Page...
  [~] Human delay: resting for 8.1s...
  [>] Clicking Next Page...
  [~] Human delay: resting for 7.4s...
  [>] Clicking Next Page...
  [~] Human delay: resting for 9.8s...
  [>] Clicking Next Page...
  [~] Human delay: resting for 9.6s...
  [>] Clicking Next Page...
  [~] Human delay: resting for 7.8s...
  [>] Clicking Next Page...
  [~] Human delay: resting for 8.5s...
  [>] Clicking Next Page...
  [~] Human delay: resting for 10.1s...
  [>] Clicking Next Page...
  [~] Human delay: resting for 6.4s...
  [>] Clicking Next Page...
  [~] Human delay: resting for 10.9s...
  [>] Clicking Next Page...
  [~] Human delay: resting for 10.4s...
  [>] Clicking Next Page...
  [~] Human delay: resting for 6.5s...
  [>] Clicking Next Page...
  [~] Human delay: resting for 10.9s...
  [>] Clicking Next Page...
  [~] Human delay: resting for 7.4s...
  [>] Clicking Next Page...
  [~] Human delay: resting for 10.6s...
  [>] Clicking Next Page...
  [~] Human delay: resting for 7.4s...
  [>] Clicking Next Page...
  [~] Human delay: resting for 9.0s...
  [>] Clicking Next Page...
  [~] Human delay: resting for 6.9s...
  [>] Clicking Next Page...
  [~] Human delay: resting for 7.5s...
  [>] Clicking Next Page...
  [~] Human delay: resting for 10.1s...
  [>] Clicking Next Page...
  [~] Human delay: resting for 8.6s...
  [>] Clicking Next Page...
  [~] Human delay: resting for 7.1s...
  [>] Clicking Next Page...
  [~] Human delay: resting for 10.2s...
  [>] Clicking Next Page...
  [~] Human delay: resting for 5.9s...
  [>] Clicking Next Page...
  [~] Human delay: resting for 5.7s...
  [>] Clicking Next Page...
  [~] Human delay: resting for 11.1s...
  [>] Clicking Next Page...
  [~] Human delay: resting for 9.7s...
  [>] Clicking Next Page...
  [~] Human delay: resting for 8.3s...
  [>] Clicking Next Page...
  [~] Human delay: resting for 9.0s...
  [>] Clicking Next Page...
  [~] Human delay: resting for 10.5s...
  [>] Clicking Next Page...
  [~] Human delay: resting for 8.6s...
  [>] Clicking Next Page...
  [~] Human delay: resting for 11.0s...
  [>] Clicking Next Page...
  [~] Human delay: resting for 5.8s...
  [>] Clicking Next Page...
  [~] Human delay: resting for 11.1s...
  [>] Clicking Next Page...
  [~] Human delay: resting for 8.0s...
  [>] Clicking Next Page...
  [~] Human delay: resting for 6.3s...
  [>] Clicking Next Page...
  [~] Human delay: resting for 10.7s...
  [>] Clicking Next Page...
  [~] Human delay: resting for 8.7s...
  [>] Clicking Next Page...
  [~] Human delay: resting for 8.0s...
  [>] Clicking Next Page...
  [~] Human delay: resting for 7.0s...
  [>] Clicking Next Page...
  [~] Human delay: resting for 6.6s...
  [>] Clicking Next Page...
  [~] Human delay: resting for 8.9s...
  [>] Clicking Next Page...
  [~] Human delay: resting for 10.4s...
  [>] Clicking Next Page...
  [~] Human delay: resting for 8.1s...
  [>] Clicking Next Page...
  [~] Human delay: resting for 6.3s...
  [>] Clicking Next Page...
  [~] Human delay: resting for 7.8s...
  [>] Clicking Next Page...
  [~] Human delay: resting for 11.1s...
  [>] Clicking Next Page...
  [~] Human delay: resting for 6.4s...
  [>] Clicking Next Page...
  [~] Human delay: resting for 5.9s...
  [>] Clicking Next Page...
  [~] Human delay: resting for 8.5s...
  [>] Clicking Next Page...
  [~] Human delay: resting for 10.7s...
  [>] Clicking Next Page...
  [~] Human delay: resting for 10.5s...
  [>] Clicking Next Page...
  [~] Human delay: resting for 10.2s...
  [>] Clicking Next Page...
  [~] Human delay: resting for 6.8s...
  [>] Clicking Next Page...
  [~] Human delay: resting for 7.1s...
  [>] Clicking Next Page...
  [~] Human delay: resting for 10.1s...
  [>] Clicking Next Page...
  [~] Human delay: resting for 7.4s...
  [>] Clicking Next Page...
  [~] Human delay: resting for 6.8s...
  [>] Clicking Next Page...
  [~] Human delay: resting for 8.5s...
  [>] Clicking Next Page...
  [~] Human delay: resting for 10.9s...
  [>] Clicking Next Page...
  [~] Human delay: resting for 8.1s...
  [>] Clicking Next Page...
  [~] Human delay: resting for 9.9s...
  [>] Clicking Next Page...
  [~] Human delay: resting for 9.7s...
  [>] Clicking Next Page...
  [~] Human delay: resting for 8.6s...
  [>] Clicking Next Page...
  [~] Human delay: resting for 9.5s...
  [>] Clicking Next Page...
  [~] Human delay: resting for 8.9s...
  [>] Clicking Next Page...
  [~] Human delay: resting for 7.5s...
  [>] Clicking Next Page...
  [~] Human delay: resting for 5.7s...
  [>] Clicking Next Page...
  [~] Human delay: resting for 8.5s...
  [>] Clicking Next Page...
  [~] Human delay: resting for 6.4s...
  [>] Clicking Next Page...
  [~] Human delay: resting for 10.7s...
  [>] Clicking Next Page...
  [~] Human delay: resting for 9.2s...
  [>] Clicking Next Page...
  [~] Human delay: resting for 5.5s...
  [>] Clicking Next Page...
  [~] Human delay: resting for 6.2s...
  [>] Clicking Next Page...
  [~] Human delay: resting for 8.8s...
  [>] Clicking Next Page...
  [~] Human delay: resting for 8.3s...
  [>] Clicking Next Page...
  [~] Human delay: resting for 5.6s...
  [>] Clicking Next Page...
  [~] Human delay: resting for 11.0s...
  [>] Clicking Next Page...
  [~] Human delay: resting for 9.7s...
  [>] Clicking Next Page...
  [~] Human delay: resting for 9.7s...
  [>] Clicking Next Page...
  [~] Human delay: resting for 10.5s...
  [>] Clicking Next Page...
  [~] Human delay: resting for 6.8s...
  [>] Clicking Next Page...
  [~] Human delay: resting for 9.7s...
  [>] Clicking Next Page...
  [~] Human delay: resting for 6.3s...
  [>] Clicking Next Page...
  [~] Human delay: resting for 7.3s...
  [>] Clicking Next Page...
  [~] Human delay: resting for 9.8s...
  [>] Clicking Next Page...
  [~] Human delay: resting for 10.6s...
  [>] Clicking Next Page...
  [~] Human delay: resting for 6.2s...
  [>] Clicking Next Page...
  [~] Human delay: resting for 9.5s...
  [>] Clicking Next Page...
  [~] Human delay: resting for 6.1s...
  [>] Clicking Next Page...
  [~] Human delay: resting for 11.1s...
  [>] Clicking Next Page...
  [~] Human delay: resting for 10.8s...
  [>] Clicking Next Page...
  [~] Human delay: resting for 9.6s...
  [>] Clicking Next Page...
  [~] Human delay: resting for 8.9s...
  [>] Clicking Next Page...
  [~] Human delay: resting for 8.7s...
  [>] Clicking Next Page...
  [~] Human delay: resting for 5.8s...
  [>] Clicking Next Page...
  [~] Human delay: resting for 7.9s...
  [>] Clicking Next Page...
  [~] Human delay: resting for 8.9s...
  [>] Clicking Next Page...
  [~] Human delay: resting for 10.9s...
  [>] Clicking Next Page...
  [~] Human delay: resting for 7.0s...
  [>] Clicking Next Page...
  [~] Human delay: resting for 8.4s...
  [>] Clicking Next Page...
  [~] Human delay: resting for 10.2s...
  [>] Clicking Next Page...
  [~] Human delay: resting for 8.4s...
  [>] Clicking Next Page...
  [~] Human delay: resting for 6.2s...
  [>] Clicking Next Page...
  [~] Human delay: resting for 6.5s...
  [>] Clicking Next Page...
  [~] Human delay: resting for 8.0s...
  [>] Clicking Next Page...
  [~] Human delay: resting for 11.0s...
  [>] Clicking Next Page...
  [~] Human delay: resting for 6.4s...
  [>] Clicking Next Page...
  [~] Human delay: resting for 6.3s...
  [>] Clicking Next Page...
  [~] Human delay: resting for 7.6s...
  [>] Clicking Next Page...
  [~] Human delay: resting for 7.9s...
  [>] Clicking Next Page...
  [~] Human delay: resting for 6.6s...
  [>] Clicking Next Page...
  [~] Human delay: resting for 8.0s...
  [>] Clicking Next Page...
  [~] Human delay: resting for 9.1s...
  [>] Clicking Next Page...
  [~] Human delay: resting for 9.3s...
  [>] Clicking Next Page...
  [~] Human delay: resting for 10.1s...
  [>] Clicking Next Page...
  [~] Human delay: resting for 7.3s...
  [>] Clicking Next Page...
  [~] Human delay: resting for 6.1s...
  [>] Clicking Next Page...
  [~] Human delay: resting for 8.6s...
  [>] Clicking Next Page...
  [~] Human delay: resting for 5.8s...
  [>] Clicking Next Page...
  [~] Human delay: resting for 8.8s...
  [>] Clicking Next Page...
  [~] Human delay: resting for 9.9s...
  [>] Clicking Next Page...
  [~] Human delay: resting for 10.2s...
  [>] Clicking Next Page...
  [~] Human delay: resting for 7.7s...
  [>] Clicking Next Page...
  [~] Human delay: resting for 11.0s...
  [>] Clicking Next Page...
  [~] Human delay: resting for 6.1s...
  [>] Clicking Next Page...
  [~] Human delay: resting for 6.0s...
  [>] Clicking Next Page...
  [~] Human delay: resting for 6.7s...
  [>] Clicking Next Page...
  [~] Human delay: resting for 7.6s...
  [>] Clicking Next Page...
  [~] Human delay: resting for 8.7s...
  [>] Clicking Next Page...
  [~] Human delay: resting for 9.4s...
  [>] Clicking Next Page...
  [~] Human delay: resting for 10.8s...
  [>] Clicking Next Page...
  [~] Human delay: resting for 7.0s...
  [>] Clicking Next Page...
  [~] Human delay: resting for 7.1s...
  [>] Clicking Next Page...
  [~] Human delay: resting for 8.9s...
  [>] Clicking Next Page...
  [~] Human delay: resting for 7.0s...
  [>] Clicking Next Page...
  [~] Human delay: resting for 5.9s...
  [>] Clicking Next Page...
  [~] Human delay: resting for 9.0s...
  [>] Clicking Next Page...
  [~] Human delay: resting for 6.3s...
  [>] Clicking Next Page...
  [~] Human delay: resting for 9.0s...
  [>] Clicking Next Page...
  [~] Human delay: resting for 11.0s...
  [>] Clicking Next Page...
  [~] Human delay: resting for 10.4s...
  [>] Clicking Next Page...
  [~] Human delay: resting for 6.7s...
  [>] Clicking Next Page...
  [~] Human delay: resting for 5.9s...
  [>] Clicking Next Page...
  [~] Human delay: resting for 7.2s...
  [>] Clicking Next Page...
  [~] Human delay: resting for 10.2s...
  [>] Clicking Next Page...
  [~] Human delay: resting for 10.9s...
  [>] Clicking Next Page...
  [~] Human delay: resting for 8.4s...
  [>] Clicking Next Page...
  [~] Human delay: resting for 6.7s...
  [>] Clicking Next Page...
  [~] Human delay: resting for 10.0s...
  [>] Clicking Next Page...
  [~] Human delay: resting for 7.8s...
  [>] Clicking Next Page...
  [~] Human delay: resting for 9.7s...
  [>] Clicking Next Page...
  [~] Human delay: resting for 7.4s...
  [>] Clicking Next Page...
  [~] Human delay: resting for 8.7s...
  [>] Clicking Next Page...
  [~] Human delay: resting for 8.1s...
  [>] Clicking Next Page...
  [~] Human delay: resting for 7.4s...
  [>] Clicking Next Page...
  [~] Human delay: resting for 8.9s...
  [>] Clicking Next Page...
  [~] Human delay: resting for 7.5s...
  [>] Clicking Next Page...
  [~] Human delay: resting for 9.2s...
  [>] Clicking Next Page...
  [~] Human delay: resting for 10.4s...
  [>] Clicking Next Page...
  [~] Human delay: resting for 6.4s...
  [>] Clicking Next Page...
  [~] Human delay: resting for 8.7s...
  [>] Clicking Next Page...
  [~] Human delay: resting for 8.2s...
  [>] Clicking Next Page...
  [~] Human delay: resting for 8.2s...
  [>] Clicking Next Page...
  [~] Human delay: resting for 8.3s...
  [>] Clicking Next Page...
  [~] Human delay: resting for 8.3s...
  [>] Clicking Next Page...
  [~] Human delay: resting for 6.5s...
  [>] Clicking Next Page...
  [~] Human delay: resting for 10.8s...
  [>] Clicking Next Page...
  [~] Human delay: resting for 6.6s...
  [>] Clicking Next Page...
  [~] Human delay: resting for 11.1s...
  [>] Clicking Next Page...
  [~] Human delay: resting for 6.5s...
  [>] Clicking Next Page...
  [~] Human delay: resting for 6.3s...
  [>] Clicking Next Page...
  [~] Human delay: resting for 10.7s...
  [>] Clicking Next Page...
  [~] Human delay: resting for 9.0s...
  [>] Clicking Next Page...
  [~] Human delay: resting for 9.9s...
  [>] Clicking Next Page...
  [~] Human delay: resting for 10.2s...
  [>] Clicking Next Page...
  [~] Human delay: resting for 11.1s...
  [>] Clicking Next Page...
  [~] Human delay: resting for 5.9s...
  [>] Clicking Next Page...
  [~] Human delay: resting for 8.8s...
  [>] Clicking Next Page...
  [~] Human delay: resting for 9.9s...
  [>] Clicking Next Page...
  [~] Human delay: resting for 8.1s...
  [>] Clicking Next Page...
  [~] Human delay: resting for 7.8s...
  [>] Clicking Next Page...
  [~] Human delay: resting for 6.6s...
  [>] Clicking Next Page...
  [~] Human delay: resting for 11.1s...
  [>] Clicking Next Page...
  [~] Human delay: resting for 7.2s...
  [>] Clicking Next Page...
  [~] Human delay: resting for 10.9s...
  [>] Clicking Next Page...
  [~] Human delay: resting for 10.1s...
  [>] Clicking Next Page...
  [~] Human delay: resting for 9.1s...
  [>] Clicking Next Page...
  [~] Human delay: resting for 6.1s...
  [>] Clicking Next Page...
  [~] Human delay: resting for 9.0s...
  [>] Clicking Next Page...
  [~] Human delay: resting for 9.2s...
  [>] Clicking Next Page...
  [~] Human delay: resting for 6.7s...
  [>] Clicking Next Page...
  [~] Human delay: resting for 9.4s...
  [>] Clicking Next Page...
  [~] Human delay: resting for 6.9s...
  [>] Clicking Next Page...
  [~] Human delay: resting for 7.8s...
  [>] Clicking Next Page...
  [~] Human delay: resting for 7.7s...
  [>] Clicking Next Page...
  [~] Human delay: resting for 9.2s...
  [>] Clicking Next Page...
  [~] Human delay: resting for 9.2s...
  [>] Clicking Next Page...
  [~] Human delay: resting for 8.6s...
  [>] Clicking Next Page...
  [~] Human delay: resting for 7.6s...
  [>] Clicking Next Page...
  [~] Human delay: resting for 6.2s...
  [>] Clicking Next Page...
  [~] Human delay: resting for 11.0s...
  [>] Clicking Next Page...
  [~] Human delay: resting for 11.1s...
  [>] Clicking Next Page...
  [~] Human delay: resting for 6.9s...
  [>] Clicking Next Page...
  [~] Human delay: resting for 10.5s...
  [>] Clicking Next Page...
  [~] Human delay: resting for 9.0s...
  [>] Clicking Next Page...
  [~] Human delay: resting for 8.7s...
  [>] Clicking Next Page...
  [~] Human delay: resting for 6.9s...
  [>] Clicking Next Page...
  [~] Human delay: resting for 7.0s...
  [>] Clicking Next Page...
  [~] Human delay: resting for 6.4s...
  [>] Clicking Next Page...
  [~] Human delay: resting for 10.4s...
  [>] Clicking Next Page...
  [~] Human delay: resting for 7.6s...
  [>] Clicking Next Page...
  [~] Human delay: resting for 10.8s...
  [>] Clicking Next Page...
  [~] Human delay: resting for 8.0s...
  [>] Clicking Next Page...
  [~] Human delay: resting for 7.6s...
  [>] Clicking Next Page...
  [~] Human delay: resting for 6.5s...
  [>] Clicking Next Page...
  [~] Human delay: resting for 6.0s...
  [>] Clicking Next Page...
  [~] Human delay: resting for 7.4s...
  [>] Clicking Next Page...
  [~] Human delay: resting for 5.6s...
  [>] Clicking Next Page...
  [~] Human delay: resting for 7.8s...
  [>] Clicking Next Page...
  [~] Human delay: resting for 7.5s...
  [>] Clicking Next Page...
  [~] Human delay: resting for 10.8s...
  [>] Clicking Next Page...
  [~] Human delay: resting for 8.7s...
  [>] Clicking Next Page...
  [~] Human delay: resting for 6.4s...
  [>] Clicking Next Page...
  [~] Human delay: resting for 8.7s...
  [>] Clicking Next Page...
  [~] Human delay: resting for 9.8s...
  [>] Clicking Next Page...
  [~] Human delay: resting for 7.9s...
  [>] Clicking Next Page...
  [~] Human delay: resting for 8.5s...
  [>] Clicking Next Page...
  [~] Human delay: resting for 7.7s...
  [>] Clicking Next Page...
  [~] Human delay: resting for 9.2s...
  [>] Clicking Next Page...
  [~] Human delay: resting for 9.7s...
  [>] Clicking Next Page...
  [~] Human delay: resting for 6.4s...
  [>] Clicking Next Page...
  [~] Human delay: resting for 6.9s...
  [>] Clicking Next Page...
  [~] Human delay: resting for 8.2s...
  [>] Clicking Next Page...
  [~] Human delay: resting for 5.9s...
  [>] Clicking Next Page...
  [~] Human delay: resting for 8.4s...
  [>] Clicking Next Page...
  [~] Human delay: resting for 8.4s...
  [>] Clicking Next Page...
  [~] Human delay: resting for 5.9s...
  [>] Clicking Next Page...
  [~] Human delay: resting for 7.8s...
  [>] Clicking Next Page...
  [~] Human delay: resting for 9.6s...
  [>] Clicking Next Page...
  [~] Human delay: resting for 8.6s...
  [>] Clicking Next Page...
  [~] Human delay: resting for 10.8s...
  [>] Clicking Next Page...
  [~] Human delay: resting for 6.6s...
  [>] Clicking Next Page...
  [~] Human delay: resting for 7.6s...
  [>] Clicking Next Page...
  [~] Human delay: resting for 8.6s...
  [>] Clicking Next Page...
  [~] Human delay: resting for 7.5s...
  [>] Clicking Next Page...
  [~] Human delay: resting for 6.0s...
  [>] Clicking Next Page...
  [~] Human delay: resting for 5.8s...
  [>] Clicking Next Page...
  [~] Human delay: resting for 9.4s...
  [>] Clicking Next Page...
  [~] Human delay: resting for 7.1s...
  [>] Clicking Next Page...
  [~] Human delay: resting for 9.2s...
  [>] Clicking Next Page...
  [~] Human delay: resting for 7.1s...
  [>] Clicking Next Page...
  [~] Human delay: resting for 6.2s...
  [>] Clicking Next Page...
  [~] Human delay: resting for 8.9s...
  [>] Clicking Next Page...
  [~] Human delay: resting for 6.0s...
  [>] Clicking Next Page...
  [~] Human delay: resting for 9.3s...
  [>] Clicking Next Page...
  [~] Human delay: resting for 10.7s...
  [>] Clicking Next Page...
  [~] Human delay: resting for 6.6s...
  [>] Clicking Next Page...
  [~] Human delay: resting for 8.0s...
  [>] Clicking Next Page...
  [~] Human delay: resting for 8.5s...
  [>] Clicking Next Page...
  [~] Human delay: resting for 6.4s...
  [>] Clicking Next Page...
  [~] Human delay: resting for 10.5s...
  [>] Clicking Next Page...
  [~] Human delay: resting for 8.4s...
  [>] Clicking Next Page...
  [~] Human delay: resting for 10.7s...
  [>] Clicking Next Page...
  [~] Human delay: resting for 9.3s...
  [>] Clicking Next Page...
  [~] Human delay: resting for 6.6s...
  [>] Clicking Next Page...
  [~] Human delay: resting for 9.0s...
  [>] Clicking Next Page...
  [~] Human delay: resting for 8.8s...
  [>] Clicking Next Page...
  [~] Human delay: resting for 9.5s...
  [>] Clicking Next Page...
  [~] Human delay: resting for 10.2s...
  [>] Clicking Next Page...
  [~] Human delay: resting for 5.8s...
  [>] Clicking Next Page...
  [~] Human delay: resting for 8.6s...
  [>] Clicking Next Page...
  [~] Human delay: resting for 5.9s...
  [>] Clicking Next Page...
  [~] Human delay: resting for 10.1s...
  [>] Clicking Next Page...
  [~] Human delay: resting for 8.3s...
  [>] Clicking Next Page...
  [~] Human delay: resting for 6.6s...
  [>] Clicking Next Page...
  [~] Human delay: resting for 6.3s...
  [>] Clicking Next Page...
  [~] Human delay: resting for 5.8s...
  [>] Clicking Next Page...
  [~] Human delay: resting for 8.1s...
  [>] Clicking Next Page...
  [~] Human delay: resting for 8.5s...
  [>] Clicking Next Page...
  [~] Human delay: resting for 6.3s...
  [>] Clicking Next Page...
  [~] Human delay: resting for 10.5s...
  [>] Clicking Next Page...
  [~] Human delay: resting for 8.8s...
  [>] Clicking Next Page...
  [~] Human delay: resting for 11.0s...
  [>] Clicking Next Page...
  [~] Human delay: resting for 8.3s...
  [>] Clicking Next Page...
  [~] Human delay: resting for 10.6s...
  [>] Clicking Next Page...
  [~] Human delay: resting for 6.2s...
  [>] Clicking Next Page...
  [~] Human delay: resting for 7.4s...
  [>] Clicking Next Page...
  [~] Human delay: resting for 8.1s...
  [>] Clicking Next Page...
  [~] Human delay: resting for 6.6s...
  [>] Clicking Next Page...
  [~] Human delay: resting for 7.0s...
  [>] Clicking Next Page...
  [~] Human delay: resting for 8.6s...
  [>] Clicking Next Page...
  [~] Human delay: resting for 7.8s...
  [>] Clicking Next Page...
  [~] Human delay: resting for 9.9s...
  [>] Clicking Next Page...
  [~] Human delay: resting for 8.2s...
  [>] Clicking Next Page...
  [~] Human delay: resting for 6.7s...
  [>] Clicking Next Page...
  [~] Human delay: resting for 6.2s...
  [>] Clicking Next Page...
  [~] Human delay: resting for 6.4s...
  [>] Clicking Next Page...
  [~] Human delay: resting for 6.3s...
  [>] Clicking Next Page...
  [~] Human delay: resting for 6.6s...
  [>] Clicking Next Page...
  [~] Human delay: resting for 10.6s...
  [>] Clicking Next Page...
  [~] Human delay: resting for 8.0s...
  [>] Clicking Next Page...
  [~] Human delay: resting for 8.4s...
  [>] Clicking Next Page...
  [~] Human delay: resting for 9.4s...
  [>] Clicking Next Page...
  [~] Human delay: resting for 11.1s...
  [>] Clicking Next Page...
  [~] Human delay: resting for 7.1s...
  [>] Clicking Next Page...
  [~] Human delay: resting for 9.3s...
  [>] Clicking Next Page...
  [~] Human delay: resting for 7.7s...
  [>] Clicking Next Page...
  [~] Human delay: resting for 6.7s...
  [>] Clicking Next Page...
  [~] Human delay: resting for 9.5s...
  [>] Clicking Next Page...
  [~] Human delay: resting for 8.4s...
  [>] Clicking Next Page...
  [~] Human delay: resting for 8.1s...
  [>] Clicking Next Page...
  [~] Human delay: resting for 10.8s...
  [>] Clicking Next Page...
  [~] Human delay: resting for 5.9s...
  [>] Clicking Next Page...
  [~] Human delay: resting for 5.5s...
  [>] Clicking Next Page...
  [~] Human delay: resting for 5.9s...
  [>] Clicking Next Page...
  [~] Human delay: resting for 7.1s...
  [>] Clicking Next Page...
  [~] Human delay: resting for 8.5s...
  [>] Clicking Next Page...
  [~] Human delay: resting for 8.4s...
  [>] Clicking Next Page...
  [~] Human delay: resting for 6.6s...
  [>] Clicking Next Page...
  [~] Human delay: resting for 8.6s...
  [>] Clicking Next Page...
  [~] Human delay: resting for 5.8s...
  [>] Clicking Next Page...
  [~] Human delay: resting for 7.8s...
  [>] Clicking Next Page...
  [~] Human delay: resting for 5.9s...
  [>] Clicking Next Page...
  [~] Human delay: resting for 9.8s...
  [>] Clicking Next Page...
  [~] Human delay: resting for 10.7s...
  [>] Clicking Next Page...
  [~] Human delay: resting for 10.1s...
  [>] Clicking Next Page...
  [~] Human delay: resting for 5.9s...
  [>] Clicking Next Page...
  [~] Human delay: resting for 6.9s...
  [>] Clicking Next Page...
  [~] Human delay: resting for 5.5s...
  [>] Clicking Next Page...
  [~] Human delay: resting for 7.6s...
  [>] Clicking Next Page...
  [~] Human delay: resting for 7.4s...
  [>] Clicking Next Page...
  [~] Human delay: resting for 8.0s...
  [>] Clicking Next Page...
  [~] Human delay: resting for 9.3s...
  [>] Clicking Next Page...
  [~] Human delay: resting for 9.9s...
  [>] Clicking Next Page...
  [~] Human delay: resting for 6.4s...
  [>] Clicking Next Page...
  [~] Human delay: resting for 11.0s...
  [>] Clicking Next Page...
  [~] Human delay: resting for 6.6s...
  [>] Clicking Next Page...
  [~] Human delay: resting for 8.6s...
  [>] Clicking Next Page...
  [~] Human delay: resting for 9.3s...
  [>] Clicking Next Page...
  [~] Human delay: resting for 6.4s...
  [>] Clicking Next Page...
  [~] Human delay: resting for 9.1s...
  [>] Clicking Next Page...
  [~] Human delay: resting for 8.6s...
  [>] Clicking Next Page...
  [~] Human delay: resting for 9.1s...
  [>] Clicking Next Page...
  [~] Human delay: resting for 9.3s...
  [>] Clicking Next Page...
  [~] Human delay: resting for 6.2s...
  [>] Clicking Next Page...
  [~] Human delay: resting for 10.0s...
  [>] Clicking Next Page...
  [~] Human delay: resting for 9.3s...
  [>] Clicking Next Page...
  [~] Human delay: resting for 8.0s...
  [>] Clicking Next Page...
  [~] Human delay: resting for 6.8s...
  [>] Clicking Next Page...
  [~] Human delay: resting for 10.6s...
  [>] Clicking Next Page...
  [~] Human delay: resting for 5.8s...
  [>] Clicking Next Page...
  [~] Human delay: resting for 8.0s...
  [>] Clicking Next Page...
  [~] Human delay: resting for 8.6s...
  [>] Clicking Next Page...
  [~] Human delay: resting for 10.5s...
  [>] Clicking Next Page...
  [~] Human delay: resting for 5.5s...
  [>] Clicking Next Page...
  [~] Human delay: resting for 10.5s...
  [>] Clicking Next Page...
  [~] Human delay: resting for 10.1s...
  [>] Clicking Next Page...
  [~] Human delay: resting for 7.0s...
  [>] Clicking Next Page...
  [~] Human delay: resting for 10.6s...
  [>] Clicking Next Page...
  [~] Human delay: resting for 11.0s...
  [>] Clicking Next Page...
  [~] Human delay: resting for 5.7s...
  [>] Clicking Next Page...
  [~] Human delay: resting for 5.6s...
  [>] Clicking Next Page...
  [~] Human delay: resting for 7.2s...
  [>] Clicking Next Page...
  [~] Human delay: resting for 7.2s...
  [>] Clicking Next Page...
  [~] Human delay: resting for 9.9s...
  [>] Clicking Next Page...
  [~] Human delay: resting for 8.0s...
  [>] Clicking Next Page...
  [~] Human delay: resting for 5.8s...
  [>] Clicking Next Page...
  [~] Human delay: resting for 9.6s...
  [>] Clicking Next Page...
  [~] Human delay: resting for 8.4s...
  [>] Clicking Next Page...
  [~] Human delay: resting for 9.2s...
  [>] Clicking Next Page...
  [~] Human delay: resting for 7.4s...
  [>] Clicking Next Page...
  [~] Human delay: resting for 10.0s...
  [>] Clicking Next Page...
  [~] Human delay: resting for 10.6s...
  [>] Clicking Next Page...
  [~] Human delay: resting for 7.0s...
  [>] Clicking Next Page...
  [~] Human delay: resting for 7.8s...
  [>] Clicking Next Page...
  [~] Human delay: resting for 6.4s...
  [>] Clicking Next Page...
  [~] Human delay: resting for 9.4s...
  [>] Clicking Next Page...
  [~] Human delay: resting for 9.5s...
  [>] Clicking Next Page...
  [~] Human delay: resting for 6.7s...
  [>] Clicking Next Page...
  [~] Human delay: resting for 10.4s...
  [>] Clicking Next Page...
  [~] Human delay: resting for 10.1s...
  [>] Clicking Next Page...
  [~] Human delay: resting for 9.1s...
  [>] Clicking Next Page...
  [~] Human delay: resting for 6.7s...
  [>] Clicking Next Page...
  [~] Human delay: resting for 6.9s...
  [>] Clicking Next Page...
  [~] Human delay: resting for 7.1s...
  [>] Clicking Next Page...
  [~] Human delay: resting for 5.7s...
  [>] Clicking Next Page...
  [~] Human delay: resting for 9.5s...
  [>] Clicking Next Page...
  [~] Human delay: resting for 11.2s...
  [>] Clicking Next Page...
  [~] Human delay: resting for 7.7s...
  [>] Clicking Next Page...
  [~] Human delay: resting for 7.9s...
  [>] Clicking Next Page...
  [~] Human delay: resting for 9.0s...
  [>] Clicking Next Page...
  [~] Human delay: resting for 7.7s...
  [>] Clicking Next Page...
  [~] Human delay: resting for 9.3s...
  [>] Clicking Next Page...
  [~] Human delay: resting for 7.3s...
  [>] Clicking Next Page...
  [~] Human delay: resting for 7.1s...
  [>] Clicking Next Page...
  [~] Human delay: resting for 10.5s...
  [>] Clicking Next Page...
  [~] Human delay: resting for 6.4s...
  [>] Clicking Next Page...
  [~] Human delay: resting for 6.3s...
  [>] Clicking Next Page...
  [~] Human delay: resting for 9.7s...
  [>] Clicking Next Page...
  [~] Human delay: resting for 10.8s...
  [>] Clicking Next Page...
  [~] Human delay: resting for 9.5s...
  [>] Clicking Next Page...
  [~] Human delay: resting for 6.0s...
  [>] Clicking Next Page...
  [~] Human delay: resting for 11.0s...
  [>] Clicking Next Page...
  [~] Human delay: resting for 6.8s...
  [>] Clicking Next Page...
  [~] Human delay: resting for 7.2s...
  [>] Clicking Next Page...
  [~] Human delay: resting for 10.7s...
  [>] Clicking Next Page...
  [~] Human delay: resting for 10.7s...
  [>] Clicking Next Page...
  [~] Human delay: resting for 8.0s...
  [>] Clicking Next Page...
  [~] Human delay: resting for 9.7s...
  [>] Clicking Next Page...
  [~] Human delay: resting for 10.6s...
  [>] Clicking Next Page...
  [~] Human delay: resting for 8.1s...
  [>] Clicking Next Page...
  [~] Human delay: resting for 6.0s...
  [>] Clicking Next Page...
  [~] Human delay: resting for 5.7s...
  [>] Clicking Next Page...
  [~] Human delay: resting for 6.4s...
  [>] Clicking Next Page...
  [~] Human delay: resting for 5.8s...
  [>] Clicking Next Page...
  [~] Human delay: resting for 9.2s...
  [>] Clicking Next Page...
  [~] Human delay: resting for 9.6s...
  [>] Clicking Next Page...
  [~] Human delay: resting for 8.3s...
  [>] Clicking Next Page...
  [~] Human delay: resting for 5.6s...
  [>] Clicking Next Page...
  [~] Human delay: resting for 6.2s...
  [>] Clicking Next Page...
  [~] Human delay: resting for 6.6s...
  [>] Clicking Next Page...
  [~] Human delay: resting for 8.8s...
  [>] Clicking Next Page...
  [~] Human delay: resting for 10.0s...
  [>] Clicking Next Page...
  [~] Human delay: resting for 10.7s...
  [>] Clicking Next Page...
  [~] Human delay: resting for 10.6s...
  [>] Clicking Next Page...
  [~] Human delay: resting for 7.3s...
  [>] Clicking Next Page...
  [~] Human delay: resting for 10.2s...
  [>] Clicking Next Page...
  [~] Human delay: resting for 8.0s...
  [>] Clicking Next Page...
  [~] Human delay: resting for 6.5s...
  [>] Clicking Next Page...
  [~] Human delay: resting for 9.5s...
  [>] Clicking Next Page...
  [~] Human delay: resting for 6.8s...
  [>] Clicking Next Page...
  [~] Human delay: resting for 9.2s...
  [>] Clicking Next Page...
  [~] Human delay: resting for 6.4s...
  [>] Clicking Next Page...
  [~] Human delay: resting for 7.7s...
  [>] Clicking Next Page...
  [~] Human delay: resting for 6.8s...
  [>] Clicking Next Page...
  [~] Human delay: resting for 7.4s...
  [>] Clicking Next Page...
  [~] Human delay: resting for 6.5s...
  [>] Clicking Next Page...
  [~] Human delay: resting for 8.7s...
  [>] Clicking Next Page...
  [~] Human delay: resting for 5.5s...
  [>] Clicking Next Page...
  [~] Human delay: resting for 6.8s...
  [>] Clicking Next Page...
  [~] Human delay: resting for 7.9s...
  [>] Clicking Next Page...
  [~] Human delay: resting for 10.8s...
  [>] Clicking Next Page...
  [~] Human delay: resting for 10.8s...
  [>] Clicking Next Page...
  [~] Human delay: resting for 9.7s...
  [>] Clicking Next Page...
  [~] Human delay: resting for 7.8s...
  [>] Clicking Next Page...
  [~] Human delay: resting for 9.6s...
  [>] Clicking Next Page...
  [~] Human delay: resting for 7.2s...
  [>] Clicking Next Page...
  [~] Human delay: resting for 8.5s...
  [>] Clicking Next Page...
  [~] Human delay: resting for 8.3s...
  [>] Clicking Next Page...
  [~] Human delay: resting for 9.1s...
  [>] Clicking Next Page...
  [~] Human delay: resting for 10.6s...
  [>] Clicking Next Page...
  [~] Human delay: resting for 9.0s...
  [>] Clicking Next Page...
  [~] Human delay: resting for 6.4s...
  [>] Clicking Next Page...
  [~] Human delay: resting for 8.2s...
  [>] Clicking Next Page...
  [~] Human delay: resting for 9.3s...
  [>] Clicking Next Page...
  [~] Human delay: resting for 8.0s...
  [>] Clicking Next Page...
  [~] Human delay: resting for 7.2s...
  [>] Clicking Next Page...
  [~] Human delay: resting for 6.4s...
  [>] Clicking Next Page...
  [~] Human delay: resting for 7.6s...
  [>] Clicking Next Page...
  [~] Human delay: resting for 5.5s...
  [>] Clicking Next Page...
  [~] Human delay: resting for 8.0s...
  [>] Clicking Next Page...
  [~] Human delay: resting for 9.0s...
  [>] Clicking Next Page...
  [~] Human delay: resting for 8.4s...
  [>] Clicking Next Page...
  [~] Human delay: resting for 6.5s...
  [>] Clicking Next Page...
  [~] Human delay: resting for 8.9s...
  [>] Clicking Next Page...
  [~] Human delay: resting for 7.0s...
  [>] Clicking Next Page...
  [~] Human delay: resting for 10.5s...
  [>] Clicking Next Page...
  [~] Human delay: resting for 6.2s...
  [>] Clicking Next Page...
  [~] Human delay: resting for 7.9s...
  [>] Clicking Next Page...
  [~] Human delay: resting for 8.0s...
  [>] Clicking Next Page...
  [~] Human delay: resting for 11.1s...
  [>] Clicking Next Page...
  [~] Human delay: resting for 6.7s...
  [>] Clicking Next Page...
  [~] Human delay: resting for 11.1s...
  [>] Clicking Next Page...
  [~] Human delay: resting for 9.7s...
  [>] Clicking Next Page...
  [~] Human delay: resting for 9.2s...
  [>] Clicking Next Page...
  [~] Human delay: resting for 10.5s...
  [>] Clicking Next Page...
  [~] Human delay: resting for 7.9s...
  [>] Clicking Next Page...
  [~] Human delay: resting for 10.0s...
  [>] Clicking Next Page...
  [~] Human delay: resting for 9.0s...
  [>] Clicking Next Page...
  [~] Human delay: resting for 10.9s...
  [>] Clicking Next Page...
  [~] Human delay: resting for 11.0s...
  [>] Clicking Next Page...
  [~] Human delay: resting for 7.8s...
  [>] Clicking Next Page...
  [~] Human delay: resting for 9.1s...
  [>] Clicking Next Page...
  [~] Human delay: resting for 11.0s...
  [>] Clicking Next Page...
  [~] Human delay: resting for 10.8s...
  [>] Clicking Next Page...
  [~] Human delay: resting for 8.3s...
  [>] Clicking Next Page...
  [~] Human delay: resting for 8.4s...
  [>] Clicking Next Page...
  [~] Human delay: resting for 7.4s...
  [>] Clicking Next Page...
  [~] Human delay: resting for 6.1s...
  [>] Clicking Next Page...
  [~] Human delay: resting for 8.3s...
  [>] Clicking Next Page...
  [~] Human delay: resting for 6.1s...
  [>] Clicking Next Page...
  [~] Human delay: resting for 8.8s...
  [>] Clicking Next Page...
  [~] Human delay: resting for 7.6s...
  [>] Clicking Next Page...
  [~] Human delay: resting for 10.9s...
  [>] Clicking Next Page...
  [~] Human delay: resting for 8.1s...
  [>] Clicking Next Page...
  [~] Human delay: resting for 10.7s...
  [>] Clicking Next Page...
  [~] Human delay: resting for 8.3s...
  [>] Clicking Next Page...
  [~] Human delay: resting for 7.3s...
  [>] Clicking Next Page...
  [~] Human delay: resting for 7.4s...
  [>] Clicking Next Page...
  [~] Human delay: resting for 10.8s...
  [>] Clicking Next Page...
  [~] Human delay: resting for 11.1s...
  [>] Clicking Next Page...
  [~] Human delay: resting for 5.6s...
  [>] Clicking Next Page...
  [~] Human delay: resting for 10.1s...
  [>] Clicking Next Page...
  [~] Human delay: resting for 11.0s...
  [>] Clicking Next Page...
  [~] Human delay: resting for 9.6s...
  [>] Clicking Next Page...
  [~] Human delay: resting for 10.4s...
  [>] Clicking Next Page...
  [~] Human delay: resting for 6.6s...
  [>] Clicking Next Page...
  [~] Human delay: resting for 10.2s...
  [>] Clicking Next Page...
  [~] Human delay: resting for 9.3s...
  [>] Clicking Next Page...
  [~] Human delay: resting for 8.4s...
  [>] Clicking Next Page...
  [~] Human delay: resting for 6.9s...
  [>] Clicking Next Page...
  [~] Human delay: resting for 6.0s...
  [>] Clicking Next Page...
  [~] Human delay: resting for 10.4s...
  [>] Clicking Next Page...
  [~] Human delay: resting for 9.1s...
  [>] Clicking Next Page...
  [~] Human delay: resting for 11.1s...
  [>] Clicking Next Page...
  [~] Human delay: resting for 9.8s...
  [>] Clicking Next Page...
  [~] Human delay: resting for 10.2s...
  [>] Clicking Next Page...
  [~] Human delay: resting for 10.4s...
  [>] Clicking Next Page...
  [~] Human delay: resting for 7.0s...
  [>] Clicking Next Page...
  [~] Human delay: resting for 10.2s...
  [>] Clicking Next Page...
  [~] Human delay: resting for 8.4s...
  [>] Clicking Next Page...
  [~] Human delay: resting for 6.6s...
  [>] Clicking Next Page...
  [~] Human delay: resting for 9.6s...
  [>] Clicking Next Page...
  [~] Human delay: resting for 8.7s...
  [>] Clicking Next Page...
  [~] Human delay: resting for 6.7s...
  [>] Clicking Next Page...
  [~] Human delay: resting for 10.4s...
  [>] Clicking Next Page...
  [~] Human delay: resting for 6.9s...
  [>] Clicking Next Page...
  [~] Human delay: resting for 8.8s...
  [>] Clicking Next Page...
  [~] Human delay: resting for 6.1s...
  [>] Clicking Next Page...
  [~] Human delay: resting for 10.7s...
  [>] Clicking Next Page...
  [~] Human delay: resting for 8.1s...
  [>] Clicking Next Page...
  [~] Human delay: resting for 8.4s...
  [>] Clicking Next Page...
  [~] Human delay: resting for 8.2s...
  [>] Clicking Next Page...
  [~] Human delay: resting for 8.7s...
  [>] Clicking Next Page...
  [~] Human delay: resting for 9.0s...
  [>] Clicking Next Page...
  [~] Human delay: resting for 5.9s...
  [>] Clicking Next Page...
  [~] Human delay: resting for 6.4s...
  [>] Clicking Next Page...
  [~] Human delay: resting for 5.6s...
  [>] Clicking Next Page...
  [~] Human delay: resting for 11.0s...
  [>] Clicking Next Page...
  [~] Human delay: resting for 9.9s...
  [>] Clicking Next Page...
  [~] Human delay: resting for 5.6s...
  [>] Clicking Next Page...
  [~] Human delay: resting for 8.6s...
  [>] Clicking Next Page...
  [~] Human delay: resting for 11.0s...
  [>] Clicking Next Page...
  [~] Human delay: resting for 10.4s...
  [>] Clicking Next Page...
  [~] Human delay: resting for 9.8s...
  [>] Clicking Next Page...
  [~] Human delay: resting for 11.2s...
  [>] Clicking Next Page...
  [~] Human delay: resting for 5.7s...
  [>] Clicking Next Page...
  [~] Human delay: resting for 8.8s...
  [>] Clicking Next Page...
  [~] Human delay: resting for 8.6s...
  [>] Clicking Next Page...
  [~] Human delay: resting for 6.1s...
  [>] Clicking Next Page...
  [~] Human delay: resting for 8.3s...
  [>] Clicking Next Page...
  [~] Human delay: resting for 8.9s...
  [>] Clicking Next Page...
  [~] Human delay: resting for 9.6s...
  [>] Clicking Next Page...
  [~] Human delay: resting for 9.2s...
  [>] Clicking Next Page...
  [~] Human delay: resting for 11.0s...
  [>] Clicking Next Page...
  [~] Human delay: resting for 6.5s...
  [>] Clicking Next Page...
  [~] Human delay: resting for 10.9s...
  [>] Clicking Next Page...
  [~] Human delay: resting for 10.6s...
  [>] Clicking Next Page...
  [~] Human delay: resting for 7.2s...
  [>] Clicking Next Page...
  [~] Human delay: resting for 7.3s...
  [>] Clicking Next Page...
  [~] Human delay: resting for 8.2s...
  [>] Clicking Next Page...
  [~] Human delay: resting for 9.3s...
  [>] Clicking Next Page...
  [~] Human delay: resting for 6.7s...
  [>] Clicking Next Page...
  [~] Human delay: resting for 6.2s...
  [>] Clicking Next Page...
  [~] Human delay: resting for 7.6s...
  [>] Clicking Next Page...
  [~] Human delay: resting for 6.7s...
  [>] Clicking Next Page...
  [~] Human delay: resting for 7.2s...
  [>] Clicking Next Page...
  [~] Human delay: resting for 10.3s...
  [>] Clicking Next Page...
  [~] Human delay: resting for 5.7s...
  [>] Clicking Next Page...
  [~] Human delay: resting for 8.0s...
  [>] Clicking Next Page...
  [~] Human delay: resting for 7.7s...
  [>] Clicking Next Page...
  [~] Human delay: resting for 9.7s...
  [>] Clicking Next Page...
  [~] Human delay: resting for 10.7s...
  [>] Clicking Next Page...
  [~] Human delay: resting for 10.0s...
  [>] Clicking Next Page...
  [~] Human delay: resting for 6.1s...
  [>] Clicking Next Page...
  [~] Human delay: resting for 6.0s...
  [>] Clicking Next Page...
  [~] Human delay: resting for 7.7s...
  [>] Clicking Next Page...
  [~] Human delay: resting for 6.7s...
  [>] Clicking Next Page...
  [~] Human delay: resting for 6.0s...
  [>] Clicking Next Page...
  [~] Human delay: resting for 6.2s...
  [>] Clicking Next Page...
  [~] Human delay: resting for 8.0s...
  [>] Clicking Next Page...
  [~] Human delay: resting for 8.0s...
  [>] Clicking Next Page...
  [~] Human delay: resting for 9.6s...
  [>] Clicking Next Page...
  [~] Human delay: resting for 7.2s...
  [>] Clicking Next Page...
  [~] Human delay: resting for 6.7s...
  [>] Clicking Next Page...
  [~] Human delay: resting for 6.5s...
  [>] Clicking Next Page...
  [~] Human delay: resting for 8.5s...
  [>] Clicking Next Page...
  [~] Human delay: resting for 9.6s...
  [>] Clicking Next Page...
  [~] Human delay: resting for 6.8s...
  [>] Clicking Next Page...
  [~] Human delay: resting for 7.7s...
  [>] Clicking Next Page...
  [~] Human delay: resting for 9.1s...
  [>] Clicking Next Page...
  [~] Human delay: resting for 6.2s...
  [>] Clicking Next Page...
  [~] Human delay: resting for 10.8s...
  [>] Clicking Next Page...
  [~] Human delay: resting for 6.8s...
  [>] Clicking Next Page...
  [~] Human delay: resting for 10.0s...
  [>] Clicking Next Page...
  [~] Human delay: resting for 7.8s...
  [>] Clicking Next Page...
  [~] Human delay: resting for 8.7s...
  [>] Clicking Next Page...
  [~] Human delay: resting for 6.5s...
  [>] Clicking Next Page...
  [~] Human delay: resting for 9.6s...
  [>] Clicking Next Page...
  [~] Human delay: resting for 9.5s...
  [>] Clicking Next Page...
  [~] Human delay: resting for 7.3s...
  [>] Clicking Next Page...
  [~] Human delay: resting for 7.4s...
  [>] Clicking Next Page...
  [~] Human delay: resting for 7.6s...
  [>] Clicking Next Page...
  [~] Human delay: resting for 7.8s...
  [>] Clicking Next Page...
  [~] Human delay: resting for 5.6s...
  [>] Clicking Next Page...
  [~] Human delay: resting for 6.2s...
  [>] Clicking Next Page...
  [~] Human delay: resting for 5.7s...
  [>] Clicking Next Page...
  [~] Human delay: resting for 10.5s...
  [>] Clicking Next Page...
  [~] Human delay: resting for 8.1s...
  [>] Clicking Next Page...
  [~] Human delay: resting for 10.4s...
  [>] Clicking Next Page...
  [~] Human delay: resting for 8.7s...
  [>] Clicking Next Page...
  [~] Human delay: resting for 10.1s...
  [>] Clicking Next Page...
  [~] Human delay: resting for 8.5s...
  [>] Clicking Next Page...
  [~] Human delay: resting for 11.1s...
  [>] Clicking Next Page...
  [~] Human delay: resting for 7.2s...
  [>] Clicking Next Page...
  [~] Human delay: resting for 10.7s...
  [>] Clicking Next Page...
  [~] Human delay: resting for 8.9s...
  [>] Clicking Next Page...
  [~] Human delay: resting for 7.3s...
  [>] Clicking Next Page...
  [~] Human delay: resting for 9.1s...
  [>] Clicking Next Page...
  [~] Human delay: resting for 5.8s...
  [>] Clicking Next Page...
  [~] Human delay: resting for 9.0s...
  [>] Clicking Next Page...
  [~] Human delay: resting for 9.1s...
  [>] Clicking Next Page...
  [~] Human delay: resting for 7.9s...
  [>] Clicking Next Page...
  [~] Human delay: resting for 8.1s...
  [>] Clicking Next Page...
  [~] Human delay: resting for 11.0s...
  [>] Clicking Next Page...
  [~] Human delay: resting for 10.2s...
  [>] Clicking Next Page...
  [~] Human delay: resting for 8.6s...
  [>] Clicking Next Page...
  [~] Human delay: resting for 7.2s...
  [>] Clicking Next Page...
  [~] Human delay: resting for 7.3s...
  [>] Clicking Next Page...
  [~] Human delay: resting for 8.5s...
  [>] Clicking Next Page...
  [~] Human delay: resting for 10.1s...
  [>] Clicking Next Page...
  [~] Human delay: resting for 8.4s...
  [>] Clicking Next Page...
  [~] Human delay: resting for 9.1s...
  [>] Clicking Next Page...
  [~] Human delay: resting for 8.3s...
  [>] Clicking Next Page...
  [~] Human delay: resting for 10.1s...
  [>] Clicking Next Page...
  [~] Human delay: resting for 5.8s...
  [>] Clicking Next Page...
  [~] Human delay: resting for 10.2s...
  [>] Clicking Next Page...
  [~] Human delay: resting for 6.2s...
  [>] Clicking Next Page...
  [~] Human delay: resting for 8.2s...
  [>] Clicking Next Page...
  [~] Human delay: resting for 6.6s...
  [>] Clicking Next Page...
  [~] Human delay: resting for 9.4s...
  [>] Clicking Next Page...
  [~] Human delay: resting for 9.3s...
  [>] Clicking Next Page...
  [~] Human delay: resting for 10.5s...
  [>] Clicking Next Page...
  [~] Human delay: resting for 5.7s...
  [>] Clicking Next Page...
  [~] Human delay: resting for 5.7s...
  [>] Clicking Next Page...
  [~] Human delay: resting for 6.0s...
  [>] Clicking Next Page...
  [~] Human delay: resting for 7.5s...
  [>] Clicking Next Page...
  [~] Human delay: resting for 7.6s...
  [>] Clicking Next Page...
  [~] Human delay: resting for 5.6s...
  [>] Clicking Next Page...
  [~] Human delay: resting for 6.0s...
  [>] Clicking Next Page...
  [~] Human delay: resting for 8.4s...
  [>] Clicking Next Page...
  [~] Human delay: resting for 8.4s...
  [>] Clicking Next Page...
  [~] Human delay: resting for 9.4s...
  [>] Clicking Next Page...
  [~] Human delay: resting for 5.8s...
  [>] Clicking Next Page...
  [~] Human delay: resting for 11.1s...
  [>] Clicking Next Page...
  [~] Human delay: resting for 5.5s...
  [>] Clicking Next Page...
  [~] Human delay: resting for 10.5s...
  [>] Clicking Next Page...
  [~] Human delay: resting for 8.2s...
  [>] Clicking Next Page...
  [~] Human delay: resting for 6.2s...
  [>] Clicking Next Page...
  [~] Human delay: resting for 9.1s...
  [>] Clicking Next Page...
  [~] Human delay: resting for 8.2s...
  [>] Clicking Next Page...
  [~] Human delay: resting for 8.2s...
  [>] Clicking Next Page...
  [~] Human delay: resting for 10.3s...
  [>] Clicking Next Page...
  [~] Human delay: resting for 11.1s...
  [>] Clicking Next Page...
  [~] Human delay: resting for 10.7s...
  [>] Clicking Next Page...
  [~] Human delay: resting for 9.6s...
  [>] Clicking Next Page...
  [~] Human delay: resting for 9.4s...
  [>] Clicking Next Page...
  [~] Human delay: resting for 6.8s...
  [>] Clicking Next Page...
  [~] Human delay: resting for 10.3s...
  [>] Clicking Next Page...
  [~] Human delay: resting for 9.5s...
  [>] Clicking Next Page...
  [~] Human delay: resting for 8.9s...
  [>] Clicking Next Page...
  [~] Human delay: resting for 7.4s...
  [>] Clicking Next Page...
  [~] Human delay: resting for 6.1s...
  [>] Clicking Next Page...
  [~] Human delay: resting for 7.8s...
  [>] Clicking Next Page...
  [~] Human delay: resting for 7.5s...
  [>] Clicking Next Page...
  [~] Human delay: resting for 9.9s...
  [>] Clicking Next Page...
  [~] Human delay: resting for 7.9s...
  [>] Clicking Next Page...
  [~] Human delay: resting for 8.1s...
  [>] Clicking Next Page...
  [~] Human delay: resting for 8.6s...
  [>] Clicking Next Page...
  [~] Human delay: resting for 10.9s...
  [>] Clicking Next Page...
  [~] Human delay: resting for 10.7s...
  [>] Clicking Next Page...
  [~] Human delay: resting for 11.1s...
  [>] Clicking Next Page...
  [~] Human delay: resting for 8.7s...
  [>] Clicking Next Page...
  [~] Human delay: resting for 10.8s...
  [>] Clicking Next Page...
  [~] Human delay: resting for 6.4s...
  [>] Clicking Next Page...
  [~] Human delay: resting for 7.8s...
  [>] Clicking Next Page...
  [~] Human delay: resting for 9.3s...
  [>] Clicking Next Page...
  [~] Human delay: resting for 7.6s...
  [>] Clicking Next Page...
  [~] Human delay: resting for 9.5s...
  [>] Clicking Next Page...
  [~] Human delay: resting for 9.4s...
  [>] Clicking Next Page...
  [~] Human delay: resting for 11.2s...
  [>] Clicking Next Page...
  [~] Human delay: resting for 10.8s...
  [>] Clicking Next Page...
  [~] Human delay: resting for 11.2s...
  [>] Clicking Next Page...
  [~] Human delay: resting for 5.6s...
  [>] Clicking Next Page...
  [~] Human delay: resting for 7.5s...
  [>] Clicking Next Page...
  [~] Human delay: resting for 6.9s...
  [>] Clicking Next Page...
  [~] Human delay: resting for 6.3s...
  [>] Clicking Next Page...
  [~] Human delay: resting for 5.9s...
  [>] Clicking Next Page...
  [~] Human delay: resting for 10.9s...
  [>] Clicking Next Page...
  [~] Human delay: resting for 9.7s...
  [>] Clicking Next Page...
  [~] Human delay: resting for 10.5s...
  [>] Clicking Next Page...
  [~] Human delay: resting for 7.3s...
  [>] Clicking Next Page...
  [~] Human delay: resting for 9.2s...
  [>] Clicking Next Page...
  [~] Human delay: resting for 10.1s...
  [>] Clicking Next Page...
  [~] Human delay: resting for 10.0s...
  [>] Clicking Next Page...
  [~] Human delay: resting for 9.3s...
  [>] Clicking Next Page...
  [~] Human delay: resting for 7.1s...
  [>] Clicking Next Page...
  [~] Human delay: resting for 6.1s...
  [>] Clicking Next Page...
  [~] Human delay: resting for 10.3s...
  [>] Clicking Next Page...
  [~] Human delay: resting for 9.1s...
  [>] Clicking Next Page...
  [~] Human delay: resting for 7.1s...
  [>] Clicking Next Page...
  [~] Human delay: resting for 7.7s...
  [>] Clicking Next Page...
  [~] Human delay: resting for 11.1s...
  [>] Clicking Next Page...
  [~] Human delay: resting for 7.5s...
  [>] Clicking Next Page...
  [~] Human delay: resting for 10.1s...
  [>] Clicking Next Page...
  [~] Human delay: resting for 5.7s...
  [>] Clicking Next Page...
  [~] Human delay: resting for 6.5s...
  [>] Clicking Next Page...
  [~] Human delay: resting for 8.8s...
  [>] Clicking Next Page...
  [~] Human delay: resting for 6.8s...
  [>] Clicking Next Page...
  [~] Human delay: resting for 10.3s...
  [>] Clicking Next Page...
  [~] Human delay: resting for 9.2s...
  [>] Clicking Next Page...
  [~] Human delay: resting for 10.3s...
  [>] Clicking Next Page...
  [~] Human delay: resting for 9.5s...
  [>] Clicking Next Page...
  [~] Human delay: resting for 10.0s...
  [>] Clicking Next Page...
  [~] Human delay: resting for 8.3s...
  [>] Clicking Next Page...
  [~] Human delay: resting for 6.4s...
  [>] Clicking Next Page...
  [~] Human delay: resting for 6.7s...
  [>] Clicking Next Page...
  [~] Human delay: resting for 7.7s...
  [>] Clicking Next Page...
  [~] Human delay: resting for 8.6s...
  [>] Clicking Next Page...
  [~] Human delay: resting for 9.6s...
  [>] Clicking Next Page...
  [~] Human delay: resting for 8.0s...
  [>] Clicking Next Page...
  [~] Human delay: resting for 7.4s...
  [>] Clicking Next Page...
  [~] Human delay: resting for 5.6s...
  [>] Clicking Next Page...
  [~] Human delay: resting for 7.8s...
  [>] Clicking Next Page...
  [~] Human delay: resting for 5.7s...
  [>] Clicking Next Page...
  [~] Human delay: resting for 9.6s...
  [>] Clicking Next Page...
  [~] Human delay: resting for 8.1s...
  [>] Clicking Next Page...
  [~] Human delay: resting for 9.2s...
  [>] Clicking Next Page...
  [~] Human delay: resting for 8.0s...
  [>] Clicking Next Page...
  [~] Human delay: resting for 6.3s...
  [>] Clicking Next Page...
  [~] Human delay: resting for 9.5s...
  [>] Clicking Next Page...
  [~] Human delay: resting for 7.6s...
  [>] Clicking Next Page...
  [~] Human delay: resting for 8.6s...
  [>] Clicking Next Page...
  [~] Human delay: resting for 9.7s...
  [>] Clicking Next Page...
  [~] Human delay: resting for 6.7s...
  [>] Clicking Next Page...
  [~] Human delay: resting for 7.4s...
  [>] Clicking Next Page...
  [~] Human delay: resting for 8.4s...
  [>] Clicking Next Page...
  [~] Human delay: resting for 9.6s...
  [>] Clicking Next Page...
  [~] Human delay: resting for 7.2s...
  [>] Clicking Next Page...
  [~] Human delay: resting for 8.7s...
  [>] Clicking Next Page...
  [~] Human delay: resting for 9.9s...
  [>] Clicking Next Page...
  [~] Human delay: resting for 6.9s...
  [>] Clicking Next Page...
  [~] Human delay: resting for 8.7s...
  [>] Clicking Next Page...
  [~] Human delay: resting for 7.9s...
  [>] Clicking Next Page...
  [~] Human delay: resting for 10.1s...
  [>] Clicking Next Page...
  [~] Human delay: resting for 10.2s...
  [>] Clicking Next Page...
  [~] Human delay: resting for 6.1s...
  [>] Clicking Next Page...
  [~] Human delay: resting for 6.1s...
  [>] Clicking Next Page...
  [~] Human delay: resting for 10.3s...
  [>] Clicking Next Page...
  [~] Human delay: resting for 11.1s...
  [>] Clicking Next Page...
  [~] Human delay: resting for 10.0s...
  [>] Clicking Next Page...
  [~] Human delay: resting for 9.6s...
  [>] Clicking Next Page...
  [~] Human delay: resting for 5.6s...
  [>] Clicking Next Page...
  [~] Human delay: resting for 6.9s...
  [>] Clicking Next Page...
  [~] Human delay: resting for 5.6s...
  [>] Clicking Next Page...
  [~] Human delay: resting for 9.7s...
  [>] Clicking Next Page...
  [~] Human delay: resting for 10.3s...
  [>] Clicking Next Page...
  [~] Human delay: resting for 7.0s...
  [>] Clicking Next Page...
  [~] Human delay: resting for 8.4s...
  [>] Clicking Next Page...
  [~] Human delay: resting for 7.4s...
  [>] Clicking Next Page...
  [~] Human delay: resting for 10.7s...
  [>] Clicking Next Page...
  [~] Human delay: resting for 7.6s...
  [>] Clicking Next Page...
  [~] Human delay: resting for 7.8s...
  [>] Clicking Next Page...
  [~] Human delay: resting for 5.6s...
  [>] Clicking Next Page...
  [~] Human delay: resting for 6.3s...
  [>] Clicking Next Page...
  [~] Human delay: resting for 10.3s...
  [>] Clicking Next Page...
  [~] Human delay: resting for 7.3s...
  [>] Clicking Next Page...
  [~] Human delay: resting for 10.9s...
  [>] Clicking Next Page...
  [~] Human delay: resting for 7.1s...
  [>] Clicking Next Page...
  [~] Human delay: resting for 10.9s...
  [>] Clicking Next Page...
  [~] Human delay: resting for 10.0s...
  [>] Clicking Next Page...
  [~] Human delay: resting for 6.7s...
  [>] Clicking Next Page...
  [~] Human delay: resting for 8.0s...
  [>] Clicking Next Page...
  [~] Human delay: resting for 7.6s...
  [>] Clicking Next Page...
  [~] Human delay: resting for 10.6s...
  [>] Clicking Next Page...
  [~] Human delay: resting for 6.7s...
  [>] Clicking Next Page...
  [~] Human delay: resting for 5.6s...
  [>] Clicking Next Page...
  [~] Human delay: resting for 9.6s...
  [>] Clicking Next Page...
  [~] Human delay: resting for 9.5s...
  [>] Clicking Next Page...
  [~] Human delay: resting for 11.1s...
  [>] Clicking Next Page...
  [~] Human delay: resting for 8.4s...
  [>] Clicking Next Page...
  [~] Human delay: resting for 7.8s...
  [>] Clicking Next Page...
  [~] Human delay: resting for 7.5s...
  [>] Clicking Next Page...
  [~] Human delay: resting for 6.7s...
  [>] Clicking Next Page...
  [~] Human delay: resting for 10.9s...
  [>] Clicking Next Page...
  [~] Human delay: resting for 8.8s...
  [>] Clicking Next Page...
  [~] Human delay: resting for 10.2s...
  [>] Clicking Next Page...
  [~] Human delay: resting for 8.0s...
  [>] Clicking Next Page...
  [~] Human delay: resting for 10.5s...
  [>] Clicking Next Page...
  [~] Human delay: resting for 9.0s...
  [>] Clicking Next Page...
  [~] Human delay: resting for 6.4s...
  [>] Clicking Next Page...
  [~] Human delay: resting for 11.1s...
  [>] Clicking Next Page...
  [~] Human delay: resting for 10.5s...
  [>] Clicking Next Page...
  [~] Human delay: resting for 10.6s...
  [>] Clicking Next Page...
  [~] Human delay: resting for 6.3s...
  [>] Clicking Next Page...
  [~] Human delay: resting for 8.1s...
  [>] Clicking Next Page...
  [~] Human delay: resting for 9.7s...
  [>] Clicking Next Page...
  [~] Human delay: resting for 7.8s...
  [>] Clicking Next Page...
  [~] Human delay: resting for 7.6s...
  [>] Clicking Next Page...
  [~] Human delay: resting for 5.7s...
  [>] Clicking Next Page...
  [~] Human delay: resting for 8.0s...
  [>] Clicking Next Page...
  [~] Human delay: resting for 9.4s...
  [>] Clicking Next Page...
  [~] Human delay: resting for 5.6s...
  [>] Clicking Next Page...
  [~] Human delay: resting for 10.3s...
  [>] Clicking Next Page...
  [~] Human delay: resting for 10.2s...
  [>] Clicking Next Page...
  [~] Human delay: resting for 6.0s...
  [>] Clicking Next Page...
  [~] Human delay: resting for 5.7s...
  [>] Clicking Next Page...
  [~] Human delay: resting for 9.7s...
  [>] Clicking Next Page...
  [~] Human delay: resting for 5.5s...
  [>] Clicking Next Page...
  [~] Human delay: resting for 9.1s...
  [>] Clicking Next Page...
  [~] Human delay: resting for 9.5s...
  [>] Clicking Next Page...
  [~] Human delay: resting for 8.7s...
  [>] Clicking Next Page...
  [~] Human delay: resting for 11.1s...
  [>] Clicking Next Page...
  [~] Human delay: resting for 8.2s...
  [>] Clicking Next Page...
  [~] Human delay: resting for 8.3s...
  [>] Clicking Next Page...
  [~] Human delay: resting for 6.1s...
  [>] Clicking Next Page...
  [~] Human delay: resting for 8.2s...
  [>] Clicking Next Page...
  [~] Human delay: resting for 6.8s...
  [>] Clicking Next Page...
  [~] Human delay: resting for 6.5s...
  [>] Clicking Next Page...
  [~] Human delay: resting for 10.6s...
  [>] Clicking Next Page...
  [~] Human delay: resting for 8.9s...
  [>] Clicking Next Page...
  [~] Human delay: resting for 11.0s...
  [>] Clicking Next Page...
  [~] Human delay: resting for 6.5s...
  [>] Clicking Next Page...
  [~] Human delay: resting for 7.6s...
  [>] Clicking Next Page...
  [~] Human delay: resting for 6.0s...
  [>] Clicking Next Page...
  [~] Human delay: resting for 7.7s...
  [>] Clicking Next Page...
  [~] Human delay: resting for 6.7s...
  [>] Clicking Next Page...
  [~] Human delay: resting for 5.6s...
  [>] Clicking Next Page...
  [~] Human delay: resting for 9.2s...
  [>] Clicking Next Page...
  [~] Human delay: resting for 10.9s...
  [>] Clicking Next Page...
  [~] Human delay: resting for 6.3s...
  [>] Clicking Next Page...
  [~] Human delay: resting for 8.6s...
  [>] Clicking Next Page...
  [~] Human delay: resting for 9.5s...
  [>] Clicking Next Page...
  [~] Human delay: resting for 7.0s...
  [>] Clicking Next Page...
  [~] Human delay: resting for 6.7s...
  [>] Clicking Next Page...
  [~] Human delay: resting for 9.7s...
  [>] Clicking Next Page...
  [~] Human delay: resting for 10.7s...
  [>] Clicking Next Page...
  [~] Human delay: resting for 10.3s...
  [>] Clicking Next Page...
  [~] Human delay: resting for 9.9s...
  [>] Clicking Next Page...
  [~] Human delay: resting for 5.9s...
  [>] Clicking Next Page...
  [~] Human delay: resting for 10.6s...
  [>] Clicking Next Page...
  [~] Human delay: resting for 9.1s...
  [>] Clicking Next Page...
  [~] Human delay: resting for 8.1s...
  [>] Clicking Next Page...
  [~] Human delay: resting for 9.8s...
  [>] Clicking Next Page...
  [~] Human delay: resting for 6.9s...
  [>] Clicking Next Page...
  [~] Human delay: resting for 7.6s...
  [>] Clicking Next Page...
  [~] Human delay: resting for 10.1s...
  [>] Clicking Next Page...
  [~] Human delay: resting for 6.3s...
  [>] Clicking Next Page...
  [~] Human delay: resting for 7.8s...
  [>] Clicking Next Page...
  [~] Human delay: resting for 6.8s...
  [>] Clicking Next Page...
  [~] Human delay: resting for 9.3s...
  [>] Clicking Next Page...
  [~] Human delay: resting for 5.8s...
  [>] Clicking Next Page...
  [~] Human delay: resting for 8.0s...
  [>] Clicking Next Page...
  [~] Human delay: resting for 9.4s...
  [>] Clicking Next Page...
  [~] Human delay: resting for 10.5s...
  [>] Clicking Next Page...
  [~] Human delay: resting for 6.2s...
  [>] Clicking Next Page...
  [~] Human delay: resting for 11.1s...
  [>] Clicking Next Page...
Error navigating Idaho SOS: Locator.click: Timeout 30000ms exceeded.
Call log:
  - waiting for locator("button:has-text('Next'), .icon-caret-right, a:has-text('Next')").first
    - locator resolved to <span class="icon icon-caret-right">…</span>
  - attempting click action
    - waiting for element to be visible, enabled and stable
    - element is visible, enabled and stable
    - scrolling into view if needed
    - done scrolling
    - performing click action

Idaho Scraper Complete. Inserted 0 new leads into tomcat_capex.db.
