2026-04-28 12:23:55,869 [TechUCC] INFO - 
───────────────────────────────────────────────────────
2026-04-28 12:23:55,869 [TechUCC] INFO - 🔍 Searching for: DELL FINANCIAL (IT_OEM)
2026-04-28 12:23:57,037 [TechUCC] INFO -   OR: Found 175 file numbers for DELL FINANCIAL
2026-04-28 12:24:00,257 [TechUCC] INFO -   OR: Found 1 leads for DELL FINANCIAL
2026-04-28 12:24:00,269 [TechUCC] INFO -   OR: 1 NEW leads saved
2026-04-28 12:24:01,273 [TechUCC] INFO - 
───────────────────────────────────────────────────────
2026-04-28 12:24:01,274 [TechUCC] INFO - 🔍 Searching for: DELL TECHNOLOGIES (IT_OEM)
2026-04-28 12:24:03,631 [TechUCC] INFO -   OR: Found 0 file numbers for DELL TECHNOLOGIES
2026-04-28 12:24:03,632 [TechUCC] INFO -   OR: Found 0 leads for DELL TECHNOLOGIES
2026-04-28 12:24:03,632 [TechUCC] INFO -   OR: 0 NEW leads saved
2026-04-28 12:24:04,634 [TechUCC] INFO - 
───────────────────────────────────────────────────────
2026-04-28 12:24:04,635 [TechUCC] INFO - 🔍 Searching for: HEWLETT-PACKARD (IT_OEM)
2026-04-28 12:24:05,123 [TechUCC] INFO -   OR: Found 42 file numbers for HEWLETT-PACKARD
2026-04-28 12:24:05,933 [TechUCC] INFO -   OR: Found 0 leads for HEWLETT-PACKARD
2026-04-28 12:24:05,933 [TechUCC] INFO -   OR: 0 NEW leads saved
2026-04-28 12:24:06,935 [TechUCC] INFO - 
───────────────────────────────────────────────────────
2026-04-28 12:24:06,935 [TechUCC] INFO - 🔍 Searching for: HP FINANCIAL (IT_OEM)
2026-04-28 12:24:07,466 [TechUCC] INFO -   OR: Found 0 file numbers for HP FINANCIAL
2026-04-28 12:24:07,468 [TechUCC] INFO -   OR: Found 0 leads for HP FINANCIAL
2026-04-28 12:24:07,469 [TechUCC] INFO -   OR: 0 NEW leads saved
2026-04-28 12:24:08,474 [TechUCC] INFO - 
───────────────────────────────────────────────────────
2026-04-28 12:24:08,474 [TechUCC] INFO - 🔍 Searching for: LENOVO (IT_OEM)
2026-04-28 12:24:09,027 [TechUCC] INFO -   OR: Found 7 file numbers for LENOVO
2026-04-28 12:24:09,825 [TechUCC] INFO -   OR: Found 0 leads for LENOVO
2026-04-28 12:24:09,826 [TechUCC] INFO -   OR: 0 NEW leads saved
2026-04-28 12:24:10,833 [TechUCC] INFO - 
───────────────────────────────────────────────────────
2026-04-28 12:24:10,833 [TechUCC] INFO - 🔍 Searching for: IBM CREDIT (IT_OEM)
2026-04-28 12:24:11,325 [TechUCC] INFO -   OR: Found 0 file numbers for IBM CREDIT
2026-04-28 12:24:11,327 [TechUCC] INFO -   OR: Found 0 leads for IBM CREDIT
2026-04-28 12:24:11,327 [TechUCC] INFO -   OR: 0 NEW leads saved
2026-04-28 12:24:12,333 [TechUCC] INFO - 
───────────────────────────────────────────────────────
2026-04-28 12:24:12,333 [TechUCC] INFO - 🔍 Searching for: IBM CORP (IT_OEM)
2026-04-28 12:24:12,870 [TechUCC] INFO -   OR: Found 0 file numbers for IBM CORP
2026-04-28 12:24:12,873 [TechUCC] INFO -   OR: Found 0 leads for IBM CORP
2026-04-28 12:24:12,873 [TechUCC] INFO -   OR: 0 NEW leads saved
2026-04-28 12:24:13,877 [TechUCC] INFO - 
───────────────────────────────────────────────────────
2026-04-28 12:24:13,878 [TechUCC] INFO - 🔍 Searching for: CISCO (IT_OEM)
2026-04-28 12:24:14,341 [TechUCC] INFO -   OR: Found 57 file numbers for CISCO
2026-04-28 12:24:15,912 [TechUCC] INFO -   OR: Found 2 leads for CISCO
2026-04-28 12:24:15,992 [TechUCC] INFO -   OR: 2 NEW leads saved
2026-04-28 12:24:16,997 [TechUCC] INFO - 
───────────────────────────────────────────────────────
2026-04-28 12:24:16,997 [TechUCC] INFO - 🔍 Searching for: ORACLE (IT_OEM)
2026-04-28 12:24:17,529 [TechUCC] INFO -   OR: Found 1 file numbers for ORACLE
2026-04-28 12:24:18,286 [TechUCC] INFO -   OR: Found 0 leads for ORACLE
2026-04-28 12:24:18,286 [TechUCC] INFO -   OR: 0 NEW leads saved
2026-04-28 12:24:19,290 [TechUCC] INFO - 
───────────────────────────────────────────────────────
2026-04-28 12:24:19,290 [TechUCC] INFO - 🔍 Searching for: XEROX (PRINT_IMAGING)
2026-04-28 12:24:19,822 [TechUCC] INFO -   OR: Found 179 file numbers for XEROX
2026-04-28 12:24:22,862 [TechUCC] INFO -   OR: Found 0 leads for XEROX
2026-04-28 12:24:22,862 [TechUCC] INFO -   OR: 0 NEW leads saved
2026-04-28 12:24:23,870 [TechUCC] INFO - 
───────────────────────────────────────────────────────
2026-04-28 12:24:23,871 [TechUCC] INFO - 🔍 Searching for: CANON FINANCIAL (PRINT_IMAGING)
2026-04-28 12:24:24,342 [TechUCC] INFO -   OR: Found 153 file numbers for CANON FINANCIAL
2026-04-28 12:24:27,566 [TechUCC] INFO -   OR: Found 8 leads for CANON FINANCIAL
2026-04-28 12:24:27,582 [TechUCC] INFO -   OR: 8 NEW leads saved
2026-04-28 12:24:28,588 [TechUCC] INFO - 
───────────────────────────────────────────────────────
2026-04-28 12:24:28,588 [TechUCC] INFO - 🔍 Searching for: KONICA MINOLTA (PRINT_IMAGING)
2026-04-28 12:24:29,039 [TechUCC] INFO -   OR: Found 10 file numbers for KONICA MINOLTA
2026-04-28 12:24:29,784 [TechUCC] INFO -   OR: Found 0 leads for KONICA MINOLTA
2026-04-28 12:24:29,784 [TechUCC] INFO -   OR: 0 NEW leads saved
2026-04-28 12:24:30,789 [TechUCC] INFO - 
───────────────────────────────────────────────────────
2026-04-28 12:24:30,789 [TechUCC] INFO - 🔍 Searching for: RICOH (PRINT_IMAGING)
2026-04-28 12:24:31,326 [TechUCC] INFO -   OR: Found 4 file numbers for RICOH
2026-04-28 12:24:32,166 [TechUCC] INFO -   OR: Found 0 leads for RICOH
2026-04-28 12:24:32,166 [TechUCC] INFO -   OR: 0 NEW leads saved
2026-04-28 12:24:33,174 [TechUCC] INFO - 
───────────────────────────────────────────────────────
2026-04-28 12:24:33,174 [TechUCC] INFO - 🔍 Searching for: SHARP ELECTRONICS (PRINT_IMAGING)
2026-04-28 12:24:33,765 [TechUCC] INFO -   OR: Found 0 file numbers for SHARP ELECTRONICS
2026-04-28 12:24:33,767 [TechUCC] INFO -   OR: Found 0 leads for SHARP ELECTRONICS
2026-04-28 12:24:33,767 [TechUCC] INFO -   OR: 0 NEW leads saved
2026-04-28 12:24:34,774 [TechUCC] INFO - 
───────────────────────────────────────────────────────
2026-04-28 12:24:34,774 [TechUCC] INFO - 🔍 Searching for: KYOCERA (PRINT_IMAGING)
2026-04-28 12:24:35,333 [TechUCC] INFO -   OR: Found 9 file numbers for KYOCERA
2026-04-28 12:24:36,080 [TechUCC] INFO -   OR: Found 0 leads for KYOCERA
2026-04-28 12:24:36,080 [TechUCC] INFO -   OR: 0 NEW leads saved
2026-04-28 12:24:37,084 [TechUCC] INFO - 
───────────────────────────────────────────────────────
2026-04-28 12:24:37,084 [TechUCC] INFO - 🔍 Searching for: GREATAMERICA (IT_CHANNEL)
2026-04-28 12:24:37,680 [TechUCC] INFO -   OR: Found 279 file numbers for GREATAMERICA
2026-04-28 12:24:42,453 [TechUCC] INFO -   OR: Found 5 leads for GREATAMERICA
2026-04-28 12:24:42,466 [TechUCC] INFO -   OR: 5 NEW leads saved
2026-04-28 12:24:43,467 [TechUCC] INFO - 
───────────────────────────────────────────────────────
2026-04-28 12:24:43,467 [TechUCC] INFO - 🔍 Searching for: MARLIN BUSINESS (IT_CHANNEL)
2026-04-28 12:24:44,002 [TechUCC] INFO -   OR: Found 9 file numbers for MARLIN BUSINESS
2026-04-28 12:24:44,712 [TechUCC] INFO -   OR: Found 0 leads for MARLIN BUSINESS
2026-04-28 12:24:44,712 [TechUCC] INFO -   OR: 0 NEW leads saved
2026-04-28 12:24:45,713 [TechUCC] INFO - 
───────────────────────────────────────────────────────
2026-04-28 12:24:45,713 [TechUCC] INFO - 🔍 Searching for: LEAF COMMERCIAL (IT_CHANNEL)
2026-04-28 12:24:46,238 [TechUCC] INFO -   OR: Found 0 file numbers for LEAF COMMERCIAL
2026-04-28 12:24:46,239 [TechUCC] INFO -   OR: Found 0 leads for LEAF COMMERCIAL
2026-04-28 12:24:46,239 [TechUCC] INFO -   OR: 0 NEW leads saved
2026-04-28 12:24:47,245 [TechUCC] INFO - 
───────────────────────────────────────────────────────
2026-04-28 12:24:47,245 [TechUCC] INFO - 🔍 Searching for: ECS FINANCIAL (IT_CHANNEL)
2026-04-28 12:24:47,738 [TechUCC] INFO -   OR: Found 0 file numbers for ECS FINANCIAL
2026-04-28 12:24:47,739 [TechUCC] INFO -   OR: Found 0 leads for ECS FINANCIAL
2026-04-28 12:24:47,739 [TechUCC] INFO -   OR: 0 NEW leads saved
2026-04-28 12:24:48,746 [TechUCC] INFO - 
───────────────────────────────────────────────────────
2026-04-28 12:24:48,746 [TechUCC] INFO - 🔍 Searching for: CIT TECHNOLOGY (IT_CHANNEL)
2026-04-28 12:24:49,266 [TechUCC] INFO -   OR: Found 0 file numbers for CIT TECHNOLOGY
2026-04-28 12:24:49,269 [TechUCC] INFO -   OR: Found 0 leads for CIT TECHNOLOGY
2026-04-28 12:24:49,269 [TechUCC] INFO -   OR: 0 NEW leads saved
2026-04-28 12:24:50,274 [TechUCC] INFO - 
───────────────────────────────────────────────────────
2026-04-28 12:24:50,274 [TechUCC] INFO - 🔍 Searching for: AMAZON CAPITAL (CLOUD_SAAS)
2026-04-28 12:24:50,764 [TechUCC] INFO -   OR: Found 0 file numbers for AMAZON CAPITAL
2026-04-28 12:24:50,767 [TechUCC] INFO -   OR: Found 0 leads for AMAZON CAPITAL
2026-04-28 12:24:50,768 [TechUCC] INFO -   OR: 0 NEW leads saved
2026-04-28 12:24:51,771 [TechUCC] INFO - 
───────────────────────────────────────────────────────
2026-04-28 12:24:51,771 [TechUCC] INFO - 🔍 Searching for: MICROSOFT (CLOUD_SAAS)
2026-04-28 12:24:52,432 [TechUCC] INFO -   OR: Found 0 file numbers for MICROSOFT
2026-04-28 12:24:52,434 [TechUCC] INFO -   OR: Found 0 leads for MICROSOFT
2026-04-28 12:24:52,434 [TechUCC] INFO -   OR: 0 NEW leads saved
2026-04-28 12:24:53,435 [TechUCC] INFO - 
───────────────────────────────────────────────────────
2026-04-28 12:24:53,436 [TechUCC] INFO - 🔍 Searching for: SALESFORCE (CLOUD_SAAS)
2026-04-28 12:24:54,002 [TechUCC] INFO -   OR: Found 0 file numbers for SALESFORCE
2026-04-28 12:24:54,004 [TechUCC] INFO -   OR: Found 0 leads for SALESFORCE
2026-04-28 12:24:54,004 [TechUCC] INFO -   OR: 0 NEW leads saved
2026-04-28 12:24:55,006 [TechUCC] INFO - 
=======================================================
2026-04-28 12:24:55,006 [TechUCC] INFO -   Tech UCC Scrape Complete
2026-04-28 12:24:55,006 [TechUCC] INFO -   States:     OR
2026-04-28 12:24:55,006 [TechUCC] INFO -   Lenders:    23
2026-04-28 12:24:55,006 [TechUCC] INFO -   Found:      16
2026-04-28 12:24:55,006 [TechUCC] INFO -   New leads:  16
2026-04-28 12:24:55,007 [TechUCC] INFO - =======================================================
